<?xml version="1.0" encoding="UTF-8"?>
<testsuite name="smpl.ordering.controllers.OrderControllerTest" tests="5" skipped="0" failures="0" errors="0" timestamp="2018-10-14T09:45:36" hostname="localhost.localdomain" time="0.09">
  <properties/>
  <testcase name="testGetQuotesByDealerName" classname="smpl.ordering.controllers.OrderControllerTest" time="0.047"/>
  <testcase name="testCreateOrder" classname="smpl.ordering.controllers.OrderControllerTest" time="0.001"/>
  <testcase name="testAddEvent" classname="smpl.ordering.controllers.OrderControllerTest" time="0.002"/>
  <testcase name="testGetOrderById" classname="smpl.ordering.controllers.OrderControllerTest" time="0.002"/>
  <testcase name="testUpdate" classname="smpl.ordering.controllers.OrderControllerTest" time="0.035"/>
  <system-out><![CDATA[09:45:36.857 [Test worker] DEBUG o.s.b.f.s.DefaultListableBeanFactory - Returning cached instance of singleton bean 'mongoTemplate'
09:45:36.905 [Test worker] DEBUG o.s.b.f.s.DefaultListableBeanFactory - Returning cached instance of singleton bean 'mongoTemplate'
09:45:36.906 [Test worker] DEBUG o.s.b.f.s.DefaultListableBeanFactory - Returning cached instance of singleton bean 'mongoTemplate'
09:45:36.910 [Test worker] DEBUG o.s.b.f.s.DefaultListableBeanFactory - Returning cached instance of singleton bean 'mongoTemplate'
09:45:36.912 [Test worker] DEBUG o.s.b.f.s.DefaultListableBeanFactory - Returning cached instance of singleton bean 'mongoTemplate'
]]></system-out>
  <system-err><![CDATA[]]></system-err>
</testsuite>
