<?xml version="1.0" encoding="UTF-8"?>
<testsuite name="smpl.ordering.controllers.QuoteControllerTest" tests="5" skipped="0" failures="0" errors="0" timestamp="2018-10-17T00:19:47" hostname="ip-172-31-88-123.ec2.internal" time="0.001">
  <properties/>
  <testcase name="testDeleteQuote" classname="smpl.ordering.controllers.QuoteControllerTest" time="0.0"/>
  <testcase name="testUpdateQuote" classname="smpl.ordering.controllers.QuoteControllerTest" time="0.0"/>
  <testcase name="testCreateQuote" classname="smpl.ordering.controllers.QuoteControllerTest" time="0.001"/>
  <testcase name="testGetQuoteById" classname="smpl.ordering.controllers.QuoteControllerTest" time="0.0"/>
  <testcase name="testGetQuotesByCustomerName" classname="smpl.ordering.controllers.QuoteControllerTest" time="0.0"/>
  <system-out><![CDATA[00:19:47.174 [Test worker] DEBUG o.s.b.f.s.DefaultListableBeanFactory - Returning cached instance of singleton bean 'mongoTemplate'
00:19:47.174 [Test worker] DEBUG o.s.b.f.s.DefaultListableBeanFactory - Returning cached instance of singleton bean 'mongoTemplate'
00:19:47.174 [Test worker] DEBUG o.s.b.f.s.DefaultListableBeanFactory - Returning cached instance of singleton bean 'mongoTemplate'
00:19:47.175 [Test worker] DEBUG o.s.b.f.s.DefaultListableBeanFactory - Returning cached instance of singleton bean 'mongoTemplate'
00:19:47.175 [Test worker] DEBUG o.s.b.f.s.DefaultListableBeanFactory - Returning cached instance of singleton bean 'mongoTemplate'
]]></system-out>
  <system-err><![CDATA[]]></system-err>
</testsuite>
