<?xml version="1.0" encoding="UTF-8"?>
<testsuite name="smpl.ordering.repositories.mock.test.MockQuoteRepositoryTest" tests="5" skipped="0" failures="0" errors="0" timestamp="2018-10-17T00:19:47" hostname="ip-172-31-88-123.ec2.internal" time="0.004">
  <properties/>
  <testcase name="testGetQuote" classname="smpl.ordering.repositories.mock.test.MockQuoteRepositoryTest" time="0.0"/>
  <testcase name="testUpdateQuote" classname="smpl.ordering.repositories.mock.test.MockQuoteRepositoryTest" time="0.004"/>
  <testcase name="testCreateQuote" classname="smpl.ordering.repositories.mock.test.MockQuoteRepositoryTest" time="0.0"/>
  <testcase name="testRemoveQuote" classname="smpl.ordering.repositories.mock.test.MockQuoteRepositoryTest" time="0.0"/>
  <testcase name="testGetQuotesByCustomerName" classname="smpl.ordering.repositories.mock.test.MockQuoteRepositoryTest" time="0.0"/>
  <system-out><![CDATA[00:19:47.203 [Test worker] DEBUG o.s.b.f.s.DefaultListableBeanFactory - Returning cached instance of singleton bean 'mongoTemplate'
00:19:47.203 [Test worker] DEBUG o.s.b.f.s.DefaultListableBeanFactory - Returning cached instance of singleton bean 'mongoTemplate'
00:19:47.207 [Test worker] DEBUG o.s.b.f.s.DefaultListableBeanFactory - Returning cached instance of singleton bean 'mongoTemplate'
00:19:47.207 [Test worker] DEBUG o.s.b.f.s.DefaultListableBeanFactory - Returning cached instance of singleton bean 'mongoTemplate'
00:19:47.207 [Test worker] DEBUG o.s.b.f.s.DefaultListableBeanFactory - Returning cached instance of singleton bean 'mongoTemplate'
]]></system-out>
  <system-err><![CDATA[]]></system-err>
</testsuite>
