<?xml version="1.0" encoding="UTF-8"?>
<testsuite name="smpl.ordering.controllers.DealerControllerTest" tests="5" skipped="0" failures="0" errors="0" timestamp="2018-10-17T00:19:47" hostname="ip-172-31-88-123.ec2.internal" time="0.05">
  <properties/>
  <testcase name="testUpdateDealer" classname="smpl.ordering.controllers.DealerControllerTest" time="0.001"/>
  <testcase name="testRemoveDealer" classname="smpl.ordering.controllers.DealerControllerTest" time="0.035"/>
  <testcase name="testAddDealer" classname="smpl.ordering.controllers.DealerControllerTest" time="0.0"/>
  <testcase name="testGetDealer" classname="smpl.ordering.controllers.DealerControllerTest" time="0.0"/>
  <testcase name="testGetDealers" classname="smpl.ordering.controllers.DealerControllerTest" time="0.014"/>
  <system-out><![CDATA[00:19:47.116 [Test worker] DEBUG o.s.b.f.s.DefaultListableBeanFactory - Returning cached instance of singleton bean 'mongoTemplate'
00:19:47.117 [Test worker] DEBUG o.s.b.f.s.DefaultListableBeanFactory - Returning cached instance of singleton bean 'mongoTemplate'
00:19:47.152 [Test worker] DEBUG o.s.b.f.s.DefaultListableBeanFactory - Returning cached instance of singleton bean 'mongoTemplate'
00:19:47.152 [Test worker] DEBUG o.s.b.f.s.DefaultListableBeanFactory - Returning cached instance of singleton bean 'mongoTemplate'
00:19:47.152 [Test worker] DEBUG o.s.b.f.s.DefaultListableBeanFactory - Returning cached instance of singleton bean 'mongoTemplate'
]]></system-out>
  <system-err><![CDATA[]]></system-err>
</testsuite>
