<?xml version="1.0" encoding="UTF-8"?>
<testsuite name="smpl.ordering.controllers.ShipmentControllerTest" tests="5" skipped="0" failures="0" errors="0" timestamp="2018-10-14T09:45:36" hostname="localhost.localdomain" time="0.044">
  <properties/>
  <testcase name="testGetShipmentsByStatus" classname="smpl.ordering.controllers.ShipmentControllerTest" time="0.006"/>
  <testcase name="testUpdateShipment" classname="smpl.ordering.controllers.ShipmentControllerTest" time="0.032"/>
  <testcase name="testCreateShipment" classname="smpl.ordering.controllers.ShipmentControllerTest" time="0.001"/>
  <testcase name="testGetAllShipments" classname="smpl.ordering.controllers.ShipmentControllerTest" time="0.001"/>
  <testcase name="testAddEventToShipment" classname="smpl.ordering.controllers.ShipmentControllerTest" time="0.002"/>
  <system-out><![CDATA[09:45:36.990 [Test worker] DEBUG o.s.b.f.s.DefaultListableBeanFactory - Returning cached instance of singleton bean 'mongoTemplate'
09:45:36.997 [Test worker] DEBUG o.s.b.f.s.DefaultListableBeanFactory - Returning cached instance of singleton bean 'mongoTemplate'
09:45:37.030 [Test worker] DEBUG o.s.b.f.s.DefaultListableBeanFactory - Returning cached instance of singleton bean 'mongoTemplate'
09:45:37.031 [Test worker] DEBUG o.s.b.f.s.DefaultListableBeanFactory - Returning cached instance of singleton bean 'mongoTemplate'
09:45:37.032 [Test worker] DEBUG o.s.b.f.s.DefaultListableBeanFactory - Returning cached instance of singleton bean 'mongoTemplate'
]]></system-out>
  <system-err><![CDATA[]]></system-err>
</testsuite>
