<?xml version="1.0" encoding="UTF-8"?>
<testsuite name="smpl.ordering.repositories.mock.test.MockShipmentRepositoryTest" tests="5" skipped="0" failures="0" errors="0" timestamp="2018-10-17T00:19:47" hostname="ip-172-31-88-123.ec2.internal" time="0.004">
  <properties/>
  <testcase name="testGetShipments" classname="smpl.ordering.repositories.mock.test.MockShipmentRepositoryTest" time="0.001"/>
  <testcase name="testUpdateShipment" classname="smpl.ordering.repositories.mock.test.MockShipmentRepositoryTest" time="0.001"/>
  <testcase name="testCreateShipment" classname="smpl.ordering.repositories.mock.test.MockShipmentRepositoryTest" time="0.001"/>
  <testcase name="testAddEvent" classname="smpl.ordering.repositories.mock.test.MockShipmentRepositoryTest" time="0.001"/>
  <testcase name="testGetShipmentById" classname="smpl.ordering.repositories.mock.test.MockShipmentRepositoryTest" time="0.0"/>
  <system-out><![CDATA[00:19:47.209 [Test worker] DEBUG o.s.b.f.s.DefaultListableBeanFactory - Returning cached instance of singleton bean 'mongoTemplate'
00:19:47.210 [Test worker] DEBUG o.s.b.f.s.DefaultListableBeanFactory - Returning cached instance of singleton bean 'mongoTemplate'
00:19:47.211 [Test worker] DEBUG o.s.b.f.s.DefaultListableBeanFactory - Returning cached instance of singleton bean 'mongoTemplate'
00:19:47.212 [Test worker] DEBUG o.s.b.f.s.DefaultListableBeanFactory - Returning cached instance of singleton bean 'mongoTemplate'
00:19:47.213 [Test worker] DEBUG o.s.b.f.s.DefaultListableBeanFactory - Returning cached instance of singleton bean 'mongoTemplate'
]]></system-out>
  <system-err><![CDATA[]]></system-err>
</testsuite>
