<?xml version="1.0" encoding="UTF-8"?>
<testsuite name="smpl.ordering.repositories.mock.test.MockQuoteRepositoryTest" tests="5" skipped="0" failures="0" errors="0" timestamp="2018-10-14T09:45:37" hostname="localhost.localdomain" time="0.005">
  <properties/>
  <testcase name="testGetQuote" classname="smpl.ordering.repositories.mock.test.MockQuoteRepositoryTest" time="0.001"/>
  <testcase name="testUpdateQuote" classname="smpl.ordering.repositories.mock.test.MockQuoteRepositoryTest" time="0.001"/>
  <testcase name="testCreateQuote" classname="smpl.ordering.repositories.mock.test.MockQuoteRepositoryTest" time="0.001"/>
  <testcase name="testRemoveQuote" classname="smpl.ordering.repositories.mock.test.MockQuoteRepositoryTest" time="0.0"/>
  <testcase name="testGetQuotesByCustomerName" classname="smpl.ordering.repositories.mock.test.MockQuoteRepositoryTest" time="0.0"/>
  <system-out><![CDATA[09:45:37.243 [Test worker] DEBUG o.s.b.f.s.DefaultListableBeanFactory - Returning cached instance of singleton bean 'mongoTemplate'
09:45:37.244 [Test worker] DEBUG o.s.b.f.s.DefaultListableBeanFactory - Returning cached instance of singleton bean 'mongoTemplate'
09:45:37.246 [Test worker] DEBUG o.s.b.f.s.DefaultListableBeanFactory - Returning cached instance of singleton bean 'mongoTemplate'
09:45:37.247 [Test worker] DEBUG o.s.b.f.s.DefaultListableBeanFactory - Returning cached instance of singleton bean 'mongoTemplate'
09:45:37.248 [Test worker] DEBUG o.s.b.f.s.DefaultListableBeanFactory - Returning cached instance of singleton bean 'mongoTemplate'
]]></system-out>
  <system-err><![CDATA[]]></system-err>
</testsuite>
