<?xml version="1.0" encoding="UTF-8"?>
<testsuite name="smpl.ordering.controllers.ShipmentControllerTest" tests="5" skipped="0" failures="0" errors="0" timestamp="2018-10-17T00:19:47" hostname="ip-172-31-88-123.ec2.internal" time="0.003">
  <properties/>
  <testcase name="testGetShipmentsByStatus" classname="smpl.ordering.controllers.ShipmentControllerTest" time="0.001"/>
  <testcase name="testUpdateShipment" classname="smpl.ordering.controllers.ShipmentControllerTest" time="0.001"/>
  <testcase name="testCreateShipment" classname="smpl.ordering.controllers.ShipmentControllerTest" time="0.0"/>
  <testcase name="testGetAllShipments" classname="smpl.ordering.controllers.ShipmentControllerTest" time="0.0"/>
  <testcase name="testAddEventToShipment" classname="smpl.ordering.controllers.ShipmentControllerTest" time="0.001"/>
  <system-out><![CDATA[00:19:47.176 [Test worker] DEBUG o.s.b.f.s.DefaultListableBeanFactory - Returning cached instance of singleton bean 'mongoTemplate'
00:19:47.177 [Test worker] DEBUG o.s.b.f.s.DefaultListableBeanFactory - Returning cached instance of singleton bean 'mongoTemplate'
00:19:47.178 [Test worker] DEBUG o.s.b.f.s.DefaultListableBeanFactory - Returning cached instance of singleton bean 'mongoTemplate'
00:19:47.178 [Test worker] DEBUG o.s.b.f.s.DefaultListableBeanFactory - Returning cached instance of singleton bean 'mongoTemplate'
00:19:47.178 [Test worker] DEBUG o.s.b.f.s.DefaultListableBeanFactory - Returning cached instance of singleton bean 'mongoTemplate'
]]></system-out>
  <system-err><![CDATA[]]></system-err>
</testsuite>
