<?xml version="1.0" encoding="UTF-8"?>
<testsuite name="smpl.ordering.controllers.DealerControllerTest" tests="5" skipped="0" failures="0" errors="0" timestamp="2018-10-14T09:45:36" hostname="localhost.localdomain" time="0.665">
  <properties/>
  <testcase name="testUpdateDealer" classname="smpl.ordering.controllers.DealerControllerTest" time="0.003"/>
  <testcase name="testRemoveDealer" classname="smpl.ordering.controllers.DealerControllerTest" time="0.435"/>
  <testcase name="testAddDealer" classname="smpl.ordering.controllers.DealerControllerTest" time="0.0"/>
  <testcase name="testGetDealer" classname="smpl.ordering.controllers.DealerControllerTest" time="0.0"/>
  <testcase name="testGetDealers" classname="smpl.ordering.controllers.DealerControllerTest" time="0.224"/>
  <system-out><![CDATA[09:45:36.173 [Test worker] DEBUG o.s.b.f.s.DefaultListableBeanFactory - Returning cached instance of singleton bean 'mongoTemplate'
09:45:36.214 [Test worker] DEBUG o.s.b.f.s.DefaultListableBeanFactory - Returning cached instance of singleton bean 'mongoTemplate'
09:45:36.612 [Test worker] DEBUG o.s.b.f.s.DefaultListableBeanFactory - Returning cached instance of singleton bean 'mongoTemplate'
09:45:36.613 [Test worker] DEBUG o.s.b.f.s.DefaultListableBeanFactory - Returning cached instance of singleton bean 'mongoTemplate'
09:45:36.613 [Test worker] DEBUG o.s.b.f.s.DefaultListableBeanFactory - Returning cached instance of singleton bean 'mongoTemplate'
]]></system-out>
  <system-err><![CDATA[]]></system-err>
</testsuite>
