<?xml version="1.0" encoding="UTF-8"?>
<testsuite name="smpl.ordering.repositories.mock.test.MockDealersRepositoryTest" tests="4" skipped="0" failures="0" errors="0" timestamp="2018-10-17T00:19:47" hostname="ip-172-31-88-123.ec2.internal" time="0.0">
  <properties/>
  <testcase name="testUpsertDealer" classname="smpl.ordering.repositories.mock.test.MockDealersRepositoryTest" time="0.0"/>
  <testcase name="testRemoveDealer" classname="smpl.ordering.repositories.mock.test.MockDealersRepositoryTest" time="0.0"/>
  <testcase name="testGetDealer" classname="smpl.ordering.repositories.mock.test.MockDealersRepositoryTest" time="0.0"/>
  <testcase name="testGetDealers" classname="smpl.ordering.repositories.mock.test.MockDealersRepositoryTest" time="0.0"/>
  <system-out><![CDATA[00:19:47.194 [Test worker] DEBUG o.s.b.f.s.DefaultListableBeanFactory - Returning cached instance of singleton bean 'mongoTemplate'
00:19:47.194 [Test worker] DEBUG o.s.b.f.s.DefaultListableBeanFactory - Returning cached instance of singleton bean 'mongoTemplate'
00:19:47.194 [Test worker] DEBUG o.s.b.f.s.DefaultListableBeanFactory - Returning cached instance of singleton bean 'mongoTemplate'
00:19:47.194 [Test worker] DEBUG o.s.b.f.s.DefaultListableBeanFactory - Returning cached instance of singleton bean 'mongoTemplate'
]]></system-out>
  <system-err><![CDATA[]]></system-err>
</testsuite>
