<?xml version="1.0" encoding="UTF-8"?>
<testsuite name="smpl.ordering.UtilityTest" tests="2" skipped="0" failures="0" errors="0" timestamp="2018-10-17T00:19:46" hostname="ip-172-31-88-123.ec2.internal" time="0.702">
  <properties/>
  <testcase name="testGetTelemetryClient" classname="smpl.ordering.UtilityTest" time="0.001"/>
  <testcase name="testIsNullOrEmpty" classname="smpl.ordering.UtilityTest" time="0.0"/>
  <system-out><![CDATA[00:19:42.126 [Test worker] DEBUG o.s.core.env.StandardEnvironment - Adding [systemProperties] PropertySource with lowest search precedence
00:19:42.139 [Test worker] DEBUG o.s.core.env.StandardEnvironment - Adding [systemEnvironment] PropertySource with lowest search precedence
00:19:42.139 [Test worker] DEBUG o.s.core.env.StandardEnvironment - Initialized StandardEnvironment with PropertySources [systemProperties,systemEnvironment]
00:19:42.160 [Test worker] DEBUG o.s.c.a.ClassPathBeanDefinitionScanner - JSR-250 'javax.annotation.ManagedBean' found and supported for component scanning
00:19:42.192 [Test worker] INFO  o.s.c.a.AnnotationConfigApplicationContext - Refreshing org.springframework.context.annotation.AnnotationConfigApplicationContext@6ac47dcc: startup date [Wed Oct 17 00:19:42 UTC 2018]; root of context hierarchy
00:19:42.193 [Test worker] DEBUG o.s.c.a.AnnotationConfigApplicationContext - Bean factory for org.springframework.context.annotation.AnnotationConfigApplicationContext@6ac47dcc: org.springframework.beans.factory.support.DefaultListableBeanFactory@7833d578: defining beans [org.springframework.context.annotation.internalConfigurationAnnotationProcessor,org.springframework.context.annotation.internalAutowiredAnnotationProcessor,org.springframework.context.annotation.internalRequiredAnnotationProcessor,org.springframework.context.annotation.internalCommonAnnotationProcessor,testOrderingConfiguration]; root of factory hierarchy
00:19:42.206 [Test worker] DEBUG o.s.b.f.s.DefaultListableBeanFactory - Creating shared instance of singleton bean 'org.springframework.context.annotation.internalConfigurationAnnotationProcessor'
00:19:42.206 [Test worker] DEBUG o.s.b.f.s.DefaultListableBeanFactory - Creating instance of bean 'org.springframework.context.annotation.internalConfigurationAnnotationProcessor'
00:19:42.219 [Test worker] DEBUG o.s.b.f.s.DefaultListableBeanFactory - Eagerly caching bean 'org.springframework.context.annotation.internalConfigurationAnnotationProcessor' to allow for resolving potential circular references
00:19:42.221 [Test worker] DEBUG o.s.b.f.s.DefaultListableBeanFactory - Finished creating instance of bean 'org.springframework.context.annotation.internalConfigurationAnnotationProcessor'
00:19:42.235 [Test worker] DEBUG o.s.core.env.StandardEnvironment - Adding [systemProperties] PropertySource with lowest search precedence
00:19:42.235 [Test worker] DEBUG o.s.core.env.StandardEnvironment - Adding [systemEnvironment] PropertySource with lowest search precedence
00:19:42.235 [Test worker] DEBUG o.s.core.env.StandardEnvironment - Initialized StandardEnvironment with PropertySources [systemProperties,systemEnvironment]
00:19:42.235 [Test worker] DEBUG o.s.c.a.ClassPathBeanDefinitionScanner - JSR-250 'javax.annotation.ManagedBean' found and supported for component scanning
00:19:42.240 [Test worker] DEBUG o.s.c.i.s.PathMatchingResourcePatternResolver - Looking for matching resources in directory tree [/opt/Projects/PartsUnlimitedMRP/src/Backend/OrderService/build/classes/test/smpl/ordering]
00:19:42.240 [Test worker] DEBUG o.s.c.i.s.PathMatchingResourcePatternResolver - Searching directory [/opt/Projects/PartsUnlimitedMRP/src/Backend/OrderService/build/classes/test/smpl/ordering] for files matching pattern [/opt/Projects/PartsUnlimitedMRP/src/Backend/OrderService/build/classes/test/smpl/ordering/**/*.class]
00:19:42.242 [Test worker] DEBUG o.s.c.i.s.PathMatchingResourcePatternResolver - Searching directory [/opt/Projects/PartsUnlimitedMRP/src/Backend/OrderService/build/classes/test/smpl/ordering/controllers] for files matching pattern [/opt/Projects/PartsUnlimitedMRP/src/Backend/OrderService/build/classes/test/smpl/ordering/**/*.class]
00:19:42.242 [Test worker] DEBUG o.s.c.i.s.PathMatchingResourcePatternResolver - Searching directory [/opt/Projects/PartsUnlimitedMRP/src/Backend/OrderService/build/classes/test/smpl/ordering/repositories] for files matching pattern [/opt/Projects/PartsUnlimitedMRP/src/Backend/OrderService/build/classes/test/smpl/ordering/**/*.class]
00:19:42.243 [Test worker] DEBUG o.s.c.i.s.PathMatchingResourcePatternResolver - Searching directory [/opt/Projects/PartsUnlimitedMRP/src/Backend/OrderService/build/classes/test/smpl/ordering/repositories/mock] for files matching pattern [/opt/Projects/PartsUnlimitedMRP/src/Backend/OrderService/build/classes/test/smpl/ordering/**/*.class]
00:19:42.243 [Test worker] DEBUG o.s.c.i.s.PathMatchingResourcePatternResolver - Searching directory [/opt/Projects/PartsUnlimitedMRP/src/Backend/OrderService/build/classes/test/smpl/ordering/repositories/mock/test] for files matching pattern [/opt/Projects/PartsUnlimitedMRP/src/Backend/OrderService/build/classes/test/smpl/ordering/**/*.class]
00:19:42.243 [Test worker] DEBUG o.s.c.i.s.PathMatchingResourcePatternResolver - Searching directory [/opt/Projects/PartsUnlimitedMRP/src/Backend/OrderService/build/classes/test/smpl/ordering/repositories/mongodb] for files matching pattern [/opt/Projects/PartsUnlimitedMRP/src/Backend/OrderService/build/classes/test/smpl/ordering/**/*.class]
00:19:42.243 [Test worker] DEBUG o.s.c.i.s.PathMatchingResourcePatternResolver - Searching directory [/opt/Projects/PartsUnlimitedMRP/src/Backend/OrderService/build/classes/test/smpl/ordering/repositories/mongodb/test] for files matching pattern [/opt/Projects/PartsUnlimitedMRP/src/Backend/OrderService/build/classes/test/smpl/ordering/**/*.class]
00:19:42.247 [Test worker] DEBUG o.s.c.i.s.PathMatchingResourcePatternResolver - Looking for matching resources in directory tree [/opt/Projects/PartsUnlimitedMRP/src/Backend/OrderService/build/classes/main/smpl/ordering]
00:19:42.247 [Test worker] DEBUG o.s.c.i.s.PathMatchingResourcePatternResolver - Searching directory [/opt/Projects/PartsUnlimitedMRP/src/Backend/OrderService/build/classes/main/smpl/ordering] for files matching pattern [/opt/Projects/PartsUnlimitedMRP/src/Backend/OrderService/build/classes/main/smpl/ordering/**/*.class]
00:19:42.247 [Test worker] DEBUG o.s.c.i.s.PathMatchingResourcePatternResolver - Searching directory [/opt/Projects/PartsUnlimitedMRP/src/Backend/OrderService/build/classes/main/smpl/ordering/repositories] for files matching pattern [/opt/Projects/PartsUnlimitedMRP/src/Backend/OrderService/build/classes/main/smpl/ordering/**/*.class]
00:19:42.248 [Test worker] DEBUG o.s.c.i.s.PathMatchingResourcePatternResolver - Searching directory [/opt/Projects/PartsUnlimitedMRP/src/Backend/OrderService/build/classes/main/smpl/ordering/repositories/mock] for files matching pattern [/opt/Projects/PartsUnlimitedMRP/src/Backend/OrderService/build/classes/main/smpl/ordering/**/*.class]
00:19:42.248 [Test worker] DEBUG o.s.c.i.s.PathMatchingResourcePatternResolver - Searching directory [/opt/Projects/PartsUnlimitedMRP/src/Backend/OrderService/build/classes/main/smpl/ordering/repositories/mongodb] for files matching pattern [/opt/Projects/PartsUnlimitedMRP/src/Backend/OrderService/build/classes/main/smpl/ordering/**/*.class]
00:19:42.248 [Test worker] DEBUG o.s.c.i.s.PathMatchingResourcePatternResolver - Searching directory [/opt/Projects/PartsUnlimitedMRP/src/Backend/OrderService/build/classes/main/smpl/ordering/repositories/mongodb/models] for files matching pattern [/opt/Projects/PartsUnlimitedMRP/src/Backend/OrderService/build/classes/main/smpl/ordering/**/*.class]
00:19:42.249 [Test worker] DEBUG o.s.c.i.s.PathMatchingResourcePatternResolver - Searching directory [/opt/Projects/PartsUnlimitedMRP/src/Backend/OrderService/build/classes/main/smpl/ordering/models] for files matching pattern [/opt/Projects/PartsUnlimitedMRP/src/Backend/OrderService/build/classes/main/smpl/ordering/**/*.class]
00:19:42.250 [Test worker] DEBUG o.s.c.i.s.PathMatchingResourcePatternResolver - Searching directory [/opt/Projects/PartsUnlimitedMRP/src/Backend/OrderService/build/classes/main/smpl/ordering/controllers] for files matching pattern [/opt/Projects/PartsUnlimitedMRP/src/Backend/OrderService/build/classes/main/smpl/ordering/**/*.class]
00:19:42.253 [Test worker] DEBUG o.s.c.i.s.PathMatchingResourcePatternResolver - Resolved location pattern [classpath*:smpl/ordering/**/*.class] to resources [file [/opt/Projects/PartsUnlimitedMRP/src/Backend/OrderService/build/classes/test/smpl/ordering/ConfigurationRule.class], file [/opt/Projects/PartsUnlimitedMRP/src/Backend/OrderService/build/classes/test/smpl/ordering/TestOrderingConfiguration.class], file [/opt/Projects/PartsUnlimitedMRP/src/Backend/OrderService/build/classes/test/smpl/ordering/UtilityTest.class], file [/opt/Projects/PartsUnlimitedMRP/src/Backend/OrderService/build/classes/test/smpl/ordering/controllers/CatalogControllerTest.class], file [/opt/Projects/PartsUnlimitedMRP/src/Backend/OrderService/build/classes/test/smpl/ordering/controllers/DealerControllerTest.class], file [/opt/Projects/PartsUnlimitedMRP/src/Backend/OrderService/build/classes/test/smpl/ordering/controllers/OrderControllerTest.class], file [/opt/Projects/PartsUnlimitedMRP/src/Backend/OrderService/build/classes/test/smpl/ordering/controllers/QuoteControllerTest.class], file [/opt/Projects/PartsUnlimitedMRP/src/Backend/OrderService/build/classes/test/smpl/ordering/controllers/ShipmentControllerTest.class], file [/opt/Projects/PartsUnlimitedMRP/src/Backend/OrderService/build/classes/test/smpl/ordering/repositories/CatalogItemsRepositoryTest.class], file [/opt/Projects/PartsUnlimitedMRP/src/Backend/OrderService/build/classes/test/smpl/ordering/repositories/DealersRepositoryTest.class], file [/opt/Projects/PartsUnlimitedMRP/src/Backend/OrderService/build/classes/test/smpl/ordering/repositories/OrderRepositoryTest.class], file [/opt/Projects/PartsUnlimitedMRP/src/Backend/OrderService/build/classes/test/smpl/ordering/repositories/QuoteRepositoryTest.class], file [/opt/Projects/PartsUnlimitedMRP/src/Backend/OrderService/build/classes/test/smpl/ordering/repositories/ShipmentRepositoryTest.class], file [/opt/Projects/PartsUnlimitedMRP/src/Backend/OrderService/build/classes/test/smpl/ordering/repositories/mock/test/MockCatalogItemsRepositoryTest.class], file [/opt/Projects/PartsUnlimitedMRP/src/Backend/OrderService/build/classes/test/smpl/ordering/repositories/mock/test/MockDealersRepositoryTest.class], file [/opt/Projects/PartsUnlimitedMRP/src/Backend/OrderService/build/classes/test/smpl/ordering/repositories/mock/test/MockOrderRepositoryTest.class], file [/opt/Projects/PartsUnlimitedMRP/src/Backend/OrderService/build/classes/test/smpl/ordering/repositories/mock/test/MockQuoteRepositoryTest.class], file [/opt/Projects/PartsUnlimitedMRP/src/Backend/OrderService/build/classes/test/smpl/ordering/repositories/mock/test/MockShipmentRepositoryTest.class], file [/opt/Projects/PartsUnlimitedMRP/src/Backend/OrderService/build/classes/test/smpl/ordering/repositories/mongodb/test/IntegrationTests.class], file [/opt/Projects/PartsUnlimitedMRP/src/Backend/OrderService/build/classes/test/smpl/ordering/repositories/mongodb/test/MongoCatalogItemsRepositoryTest.class], file [/opt/Projects/PartsUnlimitedMRP/src/Backend/OrderService/build/classes/test/smpl/ordering/repositories/mongodb/test/MongoDealersRepositoryTest.class], file [/opt/Projects/PartsUnlimitedMRP/src/Backend/OrderService/build/classes/test/smpl/ordering/repositories/mongodb/test/MongoOrderRepositoryTest.class], file [/opt/Projects/PartsUnlimitedMRP/src/Backend/OrderService/build/classes/test/smpl/ordering/repositories/mongodb/test/MongoQuoteRepositoryTest.class], file [/opt/Projects/PartsUnlimitedMRP/src/Backend/OrderService/build/classes/test/smpl/ordering/repositories/mongodb/test/MongoShipmentRepositoryTest.class], file [/opt/Projects/PartsUnlimitedMRP/src/Backend/OrderService/build/classes/main/smpl/ordering/AppInsightsFilter.class], file [/opt/Projects/PartsUnlimitedMRP/src/Backend/OrderService/build/classes/main/smpl/ordering/BadRequestException.class], file [/opt/Projects/PartsUnlimitedMRP/src/Backend/OrderService/build/classes/main/smpl/ordering/ConflictingRequestException.class], file [/opt/Projects/PartsUnlimitedMRP/src/Backend/OrderService/build/classes/main/smpl/ordering/MongoDBProperties.class], file [/opt/Projects/PartsUnlimitedMRP/src/Backend/OrderService/build/classes/main/smpl/ordering/OrderingConfiguration.class], file [/opt/Projects/PartsUnlimitedMRP/src/Backend/OrderService/build/classes/main/smpl/ordering/repositories/RepositoryFactory$Repositories.class], file [/opt/Projects/PartsUnlimitedMRP/src/Backend/OrderService/build/classes/main/smpl/ordering/repositories/RepositoryFactory$1.class], file [/opt/Projects/PartsUnlimitedMRP/src/Backend/OrderService/build/classes/main/smpl/ordering/repositories/RepositoryFactory.class], file [/opt/Projects/PartsUnlimitedMRP/src/Backend/OrderService/build/classes/main/smpl/ordering/repositories/CatalogItemsRepository.class], file [/opt/Projects/PartsUnlimitedMRP/src/Backend/OrderService/build/classes/main/smpl/ordering/repositories/DealersRepository.class], file [/opt/Projects/PartsUnlimitedMRP/src/Backend/OrderService/build/classes/main/smpl/ordering/repositories/OrderRepository.class], file [/opt/Projects/PartsUnlimitedMRP/src/Backend/OrderService/build/classes/main/smpl/ordering/repositories/QuoteRepository.class], file [/opt/Projects/PartsUnlimitedMRP/src/Backend/OrderService/build/classes/main/smpl/ordering/repositories/ShipmentRepository.class], file [/opt/Projects/PartsUnlimitedMRP/src/Backend/OrderService/build/classes/main/smpl/ordering/repositories/mock/MockCatalogItemsRepository.class], file [/opt/Projects/PartsUnlimitedMRP/src/Backend/OrderService/build/classes/main/smpl/ordering/repositories/mock/MockDealersRepository.class], file [/opt/Projects/PartsUnlimitedMRP/src/Backend/OrderService/build/classes/main/smpl/ordering/repositories/mock/MockOrderRepository.class], file [/opt/Projects/PartsUnlimitedMRP/src/Backend/OrderService/build/classes/main/smpl/ordering/repositories/mock/MockQuoteRepository.class], file [/opt/Projects/PartsUnlimitedMRP/src/Backend/OrderService/build/classes/main/smpl/ordering/repositories/mock/MockShipmentRepository.class], file [/opt/Projects/PartsUnlimitedMRP/src/Backend/OrderService/build/classes/main/smpl/ordering/repositories/mongodb/MongoCatalogItemsRepository.class], file [/opt/Projects/PartsUnlimitedMRP/src/Backend/OrderService/build/classes/main/smpl/ordering/repositories/mongodb/models/CatalogItem.class], file [/opt/Projects/PartsUnlimitedMRP/src/Backend/OrderService/build/classes/main/smpl/ordering/repositories/mongodb/models/OrderDetails.class], file [/opt/Projects/PartsUnlimitedMRP/src/Backend/OrderService/build/classes/main/smpl/ordering/repositories/mongodb/models/QuoteDetails.class], file [/opt/Projects/PartsUnlimitedMRP/src/Backend/OrderService/build/classes/main/smpl/ordering/repositories/mongodb/models/ShipmentDetails.class], file [/opt/Projects/PartsUnlimitedMRP/src/Backend/OrderService/build/classes/main/smpl/ordering/repositories/mongodb/models/Dealer.class], file [/opt/Projects/PartsUnlimitedMRP/src/Backend/OrderService/build/classes/main/smpl/ordering/repositories/mongodb/MongoDealersRepository.class], file [/opt/Projects/PartsUnlimitedMRP/src/Backend/OrderService/build/classes/main/smpl/ordering/repositories/mongodb/MongoOperationsWithRetry.class], file [/opt/Projects/PartsUnlimitedMRP/src/Backend/OrderService/build/classes/main/smpl/ordering/repositories/mongodb/MongoOrderRepository.class], file [/opt/Projects/PartsUnlimitedMRP/src/Backend/OrderService/build/classes/main/smpl/ordering/repositories/mongodb/MongoQuoteRepository.class], file [/opt/Projects/PartsUnlimitedMRP/src/Backend/OrderService/build/classes/main/smpl/ordering/repositories/mongodb/MongoShipmentRepository.class], file [/opt/Projects/PartsUnlimitedMRP/src/Backend/OrderService/build/classes/main/smpl/ordering/OrderingServiceProperties.class], file [/opt/Projects/PartsUnlimitedMRP/src/Backend/OrderService/build/classes/main/smpl/ordering/models/CatalogItem.class], file [/opt/Projects/PartsUnlimitedMRP/src/Backend/OrderService/build/classes/main/smpl/ordering/models/DealerInfo.class], file [/opt/Projects/PartsUnlimitedMRP/src/Backend/OrderService/build/classes/main/smpl/ordering/models/Order.class], file [/opt/Projects/PartsUnlimitedMRP/src/Backend/OrderService/build/classes/main/smpl/ordering/models/OrderStatus.class], file [/opt/Projects/PartsUnlimitedMRP/src/Backend/OrderService/build/classes/main/smpl/ordering/models/OrderUpdateInfo.class], file [/opt/Projects/PartsUnlimitedMRP/src/Backend/OrderService/build/classes/main/smpl/ordering/models/Quote.class], file [/opt/Projects/PartsUnlimitedMRP/src/Backend/OrderService/build/classes/main/smpl/ordering/models/ShipmentRecord.class], file [/opt/Projects/PartsUnlimitedMRP/src/Backend/OrderService/build/classes/main/smpl/ordering/models/ShipmentEventInfo.class], file [/opt/Projects/PartsUnlimitedMRP/src/Backend/OrderService/build/classes/main/smpl/ordering/models/OrderEventInfo.class], file [/opt/Projects/PartsUnlimitedMRP/src/Backend/OrderService/build/classes/main/smpl/ordering/models/QuoteItemInfo.class], file [/opt/Projects/PartsUnlimitedMRP/src/Backend/OrderService/build/classes/main/smpl/ordering/models/DeliveryAddress.class], file [/opt/Projects/PartsUnlimitedMRP/src/Backend/OrderService/build/classes/main/smpl/ordering/models/PhoneInfo.class], file [/opt/Projects/PartsUnlimitedMRP/src/Backend/OrderService/build/classes/main/smpl/ordering/models/Delivery.class], file [/opt/Projects/PartsUnlimitedMRP/src/Backend/OrderService/build/classes/main/smpl/ordering/OrderingInitializer.class], file [/opt/Projects/PartsUnlimitedMRP/src/Backend/OrderService/build/classes/main/smpl/ordering/PostgresqlProperties.class], file [/opt/Projects/PartsUnlimitedMRP/src/Backend/OrderService/build/classes/main/smpl/ordering/PropertyHelper.class], file [/opt/Projects/PartsUnlimitedMRP/src/Backend/OrderService/build/classes/main/smpl/ordering/SimpleCORSFilter.class], file [/opt/Projects/PartsUnlimitedMRP/src/Backend/OrderService/build/classes/main/smpl/ordering/TestPath.class], file [/opt/Projects/PartsUnlimitedMRP/src/Backend/OrderService/build/classes/main/smpl/ordering/Utility.class], file [/opt/Projects/PartsUnlimitedMRP/src/Backend/OrderService/build/classes/main/smpl/ordering/controllers/CatalogController.class], file [/opt/Projects/PartsUnlimitedMRP/src/Backend/OrderService/build/classes/main/smpl/ordering/controllers/DealerController.class], file [/opt/Projects/PartsUnlimitedMRP/src/Backend/OrderService/build/classes/main/smpl/ordering/controllers/OrderController.class], file [/opt/Projects/PartsUnlimitedMRP/src/Backend/OrderService/build/classes/main/smpl/ordering/controllers/PingController.class], file [/opt/Projects/PartsUnlimitedMRP/src/Backend/OrderService/build/classes/main/smpl/ordering/controllers/QuoteController.class], file [/opt/Projects/PartsUnlimitedMRP/src/Backend/OrderService/build/classes/main/smpl/ordering/controllers/ShipmentController.class]]
00:19:42.280 [Test worker] DEBUG o.s.c.a.ClassPathBeanDefinitionScanner - Identified candidate component class: file [/opt/Projects/PartsUnlimitedMRP/src/Backend/OrderService/build/classes/main/smpl/ordering/AppInsightsFilter.class]
00:19:42.297 [Test worker] DEBUG o.s.c.a.ClassPathBeanDefinitionScanner - Identified candidate component class: file [/opt/Projects/PartsUnlimitedMRP/src/Backend/OrderService/build/classes/main/smpl/ordering/OrderingConfiguration.class]
00:19:42.309 [Test worker] DEBUG o.s.c.a.ClassPathBeanDefinitionScanner - Identified candidate component class: file [/opt/Projects/PartsUnlimitedMRP/src/Backend/OrderService/build/classes/main/smpl/ordering/SimpleCORSFilter.class]
00:19:42.313 [Test worker] DEBUG o.s.c.a.ClassPathBeanDefinitionScanner - Identified candidate component class: file [/opt/Projects/PartsUnlimitedMRP/src/Backend/OrderService/build/classes/main/smpl/ordering/controllers/CatalogController.class]
00:19:42.314 [Test worker] DEBUG o.s.c.a.ClassPathBeanDefinitionScanner - Identified candidate component class: file [/opt/Projects/PartsUnlimitedMRP/src/Backend/OrderService/build/classes/main/smpl/ordering/controllers/DealerController.class]
00:19:42.315 [Test worker] DEBUG o.s.c.a.ClassPathBeanDefinitionScanner - Identified candidate component class: file [/opt/Projects/PartsUnlimitedMRP/src/Backend/OrderService/build/classes/main/smpl/ordering/controllers/OrderController.class]
00:19:42.317 [Test worker] DEBUG o.s.c.a.ClassPathBeanDefinitionScanner - Identified candidate component class: file [/opt/Projects/PartsUnlimitedMRP/src/Backend/OrderService/build/classes/main/smpl/ordering/controllers/PingController.class]
00:19:42.318 [Test worker] DEBUG o.s.c.a.ClassPathBeanDefinitionScanner - Identified candidate component class: file [/opt/Projects/PartsUnlimitedMRP/src/Backend/OrderService/build/classes/main/smpl/ordering/controllers/QuoteController.class]
00:19:42.319 [Test worker] DEBUG o.s.c.a.ClassPathBeanDefinitionScanner - Identified candidate component class: file [/opt/Projects/PartsUnlimitedMRP/src/Backend/OrderService/build/classes/main/smpl/ordering/controllers/ShipmentController.class]
00:19:42.331 [Test worker] DEBUG o.s.b.f.s.DefaultListableBeanFactory - Returning cached instance of singleton bean 'autoConfigurationReport'
00:19:42.331 [Test worker] DEBUG o.s.b.f.s.DefaultListableBeanFactory - Returning cached instance of singleton bean 'autoConfigurationReport'
00:19:42.331 [Test worker] DEBUG o.s.core.env.StandardEnvironment - Adding [systemProperties] PropertySource with lowest search precedence
00:19:42.331 [Test worker] DEBUG o.s.core.env.StandardEnvironment - Adding [systemEnvironment] PropertySource with lowest search precedence
00:19:42.332 [Test worker] DEBUG o.s.core.env.StandardEnvironment - Initialized StandardEnvironment with PropertySources [systemProperties,systemEnvironment]
00:19:42.332 [Test worker] DEBUG o.s.c.a.ClassPathBeanDefinitionScanner - JSR-250 'javax.annotation.ManagedBean' found and supported for component scanning
00:19:42.333 [Test worker] DEBUG o.s.c.i.s.PathMatchingResourcePatternResolver - Looking for matching resources in directory tree [/opt/Projects/PartsUnlimitedMRP/src/Backend/OrderService/build/classes/test/smpl/ordering]
00:19:42.333 [Test worker] DEBUG o.s.c.i.s.PathMatchingResourcePatternResolver - Searching directory [/opt/Projects/PartsUnlimitedMRP/src/Backend/OrderService/build/classes/test/smpl/ordering] for files matching pattern [/opt/Projects/PartsUnlimitedMRP/src/Backend/OrderService/build/classes/test/smpl/ordering/**/*.class]
00:19:42.333 [Test worker] DEBUG o.s.c.i.s.PathMatchingResourcePatternResolver - Searching directory [/opt/Projects/PartsUnlimitedMRP/src/Backend/OrderService/build/classes/test/smpl/ordering/controllers] for files matching pattern [/opt/Projects/PartsUnlimitedMRP/src/Backend/OrderService/build/classes/test/smpl/ordering/**/*.class]
00:19:42.333 [Test worker] DEBUG o.s.c.i.s.PathMatchingResourcePatternResolver - Searching directory [/opt/Projects/PartsUnlimitedMRP/src/Backend/OrderService/build/classes/test/smpl/ordering/repositories] for files matching pattern [/opt/Projects/PartsUnlimitedMRP/src/Backend/OrderService/build/classes/test/smpl/ordering/**/*.class]
00:19:42.334 [Test worker] DEBUG o.s.c.i.s.PathMatchingResourcePatternResolver - Searching directory [/opt/Projects/PartsUnlimitedMRP/src/Backend/OrderService/build/classes/test/smpl/ordering/repositories/mock] for files matching pattern [/opt/Projects/PartsUnlimitedMRP/src/Backend/OrderService/build/classes/test/smpl/ordering/**/*.class]
00:19:42.334 [Test worker] DEBUG o.s.c.i.s.PathMatchingResourcePatternResolver - Searching directory [/opt/Projects/PartsUnlimitedMRP/src/Backend/OrderService/build/classes/test/smpl/ordering/repositories/mock/test] for files matching pattern [/opt/Projects/PartsUnlimitedMRP/src/Backend/OrderService/build/classes/test/smpl/ordering/**/*.class]
00:19:42.334 [Test worker] DEBUG o.s.c.i.s.PathMatchingResourcePatternResolver - Searching directory [/opt/Projects/PartsUnlimitedMRP/src/Backend/OrderService/build/classes/test/smpl/ordering/repositories/mongodb] for files matching pattern [/opt/Projects/PartsUnlimitedMRP/src/Backend/OrderService/build/classes/test/smpl/ordering/**/*.class]
00:19:42.334 [Test worker] DEBUG o.s.c.i.s.PathMatchingResourcePatternResolver - Searching directory [/opt/Projects/PartsUnlimitedMRP/src/Backend/OrderService/build/classes/test/smpl/ordering/repositories/mongodb/test] for files matching pattern [/opt/Projects/PartsUnlimitedMRP/src/Backend/OrderService/build/classes/test/smpl/ordering/**/*.class]
00:19:42.335 [Test worker] DEBUG o.s.c.i.s.PathMatchingResourcePatternResolver - Looking for matching resources in directory tree [/opt/Projects/PartsUnlimitedMRP/src/Backend/OrderService/build/classes/main/smpl/ordering]
00:19:42.335 [Test worker] DEBUG o.s.c.i.s.PathMatchingResourcePatternResolver - Searching directory [/opt/Projects/PartsUnlimitedMRP/src/Backend/OrderService/build/classes/main/smpl/ordering] for files matching pattern [/opt/Projects/PartsUnlimitedMRP/src/Backend/OrderService/build/classes/main/smpl/ordering/**/*.class]
00:19:42.335 [Test worker] DEBUG o.s.c.i.s.PathMatchingResourcePatternResolver - Searching directory [/opt/Projects/PartsUnlimitedMRP/src/Backend/OrderService/build/classes/main/smpl/ordering/repositories] for files matching pattern [/opt/Projects/PartsUnlimitedMRP/src/Backend/OrderService/build/classes/main/smpl/ordering/**/*.class]
00:19:42.336 [Test worker] DEBUG o.s.c.i.s.PathMatchingResourcePatternResolver - Searching directory [/opt/Projects/PartsUnlimitedMRP/src/Backend/OrderService/build/classes/main/smpl/ordering/repositories/mock] for files matching pattern [/opt/Projects/PartsUnlimitedMRP/src/Backend/OrderService/build/classes/main/smpl/ordering/**/*.class]
00:19:42.336 [Test worker] DEBUG o.s.c.i.s.PathMatchingResourcePatternResolver - Searching directory [/opt/Projects/PartsUnlimitedMRP/src/Backend/OrderService/build/classes/main/smpl/ordering/repositories/mongodb] for files matching pattern [/opt/Projects/PartsUnlimitedMRP/src/Backend/OrderService/build/classes/main/smpl/ordering/**/*.class]
00:19:42.336 [Test worker] DEBUG o.s.c.i.s.PathMatchingResourcePatternResolver - Searching directory [/opt/Projects/PartsUnlimitedMRP/src/Backend/OrderService/build/classes/main/smpl/ordering/repositories/mongodb/models] for files matching pattern [/opt/Projects/PartsUnlimitedMRP/src/Backend/OrderService/build/classes/main/smpl/ordering/**/*.class]
00:19:42.337 [Test worker] DEBUG o.s.c.i.s.PathMatchingResourcePatternResolver - Searching directory [/opt/Projects/PartsUnlimitedMRP/src/Backend/OrderService/build/classes/main/smpl/ordering/models] for files matching pattern [/opt/Projects/PartsUnlimitedMRP/src/Backend/OrderService/build/classes/main/smpl/ordering/**/*.class]
00:19:42.337 [Test worker] DEBUG o.s.c.i.s.PathMatchingResourcePatternResolver - Searching directory [/opt/Projects/PartsUnlimitedMRP/src/Backend/OrderService/build/classes/main/smpl/ordering/controllers] for files matching pattern [/opt/Projects/PartsUnlimitedMRP/src/Backend/OrderService/build/classes/main/smpl/ordering/**/*.class]
00:19:42.339 [Test worker] DEBUG o.s.c.i.s.PathMatchingResourcePatternResolver - Resolved location pattern [classpath*:smpl/ordering/**/*.class] to resources [file [/opt/Projects/PartsUnlimitedMRP/src/Backend/OrderService/build/classes/test/smpl/ordering/ConfigurationRule.class], file [/opt/Projects/PartsUnlimitedMRP/src/Backend/OrderService/build/classes/test/smpl/ordering/TestOrderingConfiguration.class], file [/opt/Projects/PartsUnlimitedMRP/src/Backend/OrderService/build/classes/test/smpl/ordering/UtilityTest.class], file [/opt/Projects/PartsUnlimitedMRP/src/Backend/OrderService/build/classes/test/smpl/ordering/controllers/CatalogControllerTest.class], file [/opt/Projects/PartsUnlimitedMRP/src/Backend/OrderService/build/classes/test/smpl/ordering/controllers/DealerControllerTest.class], file [/opt/Projects/PartsUnlimitedMRP/src/Backend/OrderService/build/classes/test/smpl/ordering/controllers/OrderControllerTest.class], file [/opt/Projects/PartsUnlimitedMRP/src/Backend/OrderService/build/classes/test/smpl/ordering/controllers/QuoteControllerTest.class], file [/opt/Projects/PartsUnlimitedMRP/src/Backend/OrderService/build/classes/test/smpl/ordering/controllers/ShipmentControllerTest.class], file [/opt/Projects/PartsUnlimitedMRP/src/Backend/OrderService/build/classes/test/smpl/ordering/repositories/CatalogItemsRepositoryTest.class], file [/opt/Projects/PartsUnlimitedMRP/src/Backend/OrderService/build/classes/test/smpl/ordering/repositories/DealersRepositoryTest.class], file [/opt/Projects/PartsUnlimitedMRP/src/Backend/OrderService/build/classes/test/smpl/ordering/repositories/OrderRepositoryTest.class], file [/opt/Projects/PartsUnlimitedMRP/src/Backend/OrderService/build/classes/test/smpl/ordering/repositories/QuoteRepositoryTest.class], file [/opt/Projects/PartsUnlimitedMRP/src/Backend/OrderService/build/classes/test/smpl/ordering/repositories/ShipmentRepositoryTest.class], file [/opt/Projects/PartsUnlimitedMRP/src/Backend/OrderService/build/classes/test/smpl/ordering/repositories/mock/test/MockCatalogItemsRepositoryTest.class], file [/opt/Projects/PartsUnlimitedMRP/src/Backend/OrderService/build/classes/test/smpl/ordering/repositories/mock/test/MockDealersRepositoryTest.class], file [/opt/Projects/PartsUnlimitedMRP/src/Backend/OrderService/build/classes/test/smpl/ordering/repositories/mock/test/MockOrderRepositoryTest.class], file [/opt/Projects/PartsUnlimitedMRP/src/Backend/OrderService/build/classes/test/smpl/ordering/repositories/mock/test/MockQuoteRepositoryTest.class], file [/opt/Projects/PartsUnlimitedMRP/src/Backend/OrderService/build/classes/test/smpl/ordering/repositories/mock/test/MockShipmentRepositoryTest.class], file [/opt/Projects/PartsUnlimitedMRP/src/Backend/OrderService/build/classes/test/smpl/ordering/repositories/mongodb/test/IntegrationTests.class], file [/opt/Projects/PartsUnlimitedMRP/src/Backend/OrderService/build/classes/test/smpl/ordering/repositories/mongodb/test/MongoCatalogItemsRepositoryTest.class], file [/opt/Projects/PartsUnlimitedMRP/src/Backend/OrderService/build/classes/test/smpl/ordering/repositories/mongodb/test/MongoDealersRepositoryTest.class], file [/opt/Projects/PartsUnlimitedMRP/src/Backend/OrderService/build/classes/test/smpl/ordering/repositories/mongodb/test/MongoOrderRepositoryTest.class], file [/opt/Projects/PartsUnlimitedMRP/src/Backend/OrderService/build/classes/test/smpl/ordering/repositories/mongodb/test/MongoQuoteRepositoryTest.class], file [/opt/Projects/PartsUnlimitedMRP/src/Backend/OrderService/build/classes/test/smpl/ordering/repositories/mongodb/test/MongoShipmentRepositoryTest.class], file [/opt/Projects/PartsUnlimitedMRP/src/Backend/OrderService/build/classes/main/smpl/ordering/AppInsightsFilter.class], file [/opt/Projects/PartsUnlimitedMRP/src/Backend/OrderService/build/classes/main/smpl/ordering/BadRequestException.class], file [/opt/Projects/PartsUnlimitedMRP/src/Backend/OrderService/build/classes/main/smpl/ordering/ConflictingRequestException.class], file [/opt/Projects/PartsUnlimitedMRP/src/Backend/OrderService/build/classes/main/smpl/ordering/MongoDBProperties.class], file [/opt/Projects/PartsUnlimitedMRP/src/Backend/OrderService/build/classes/main/smpl/ordering/OrderingConfiguration.class], file [/opt/Projects/PartsUnlimitedMRP/src/Backend/OrderService/build/classes/main/smpl/ordering/repositories/RepositoryFactory$Repositories.class], file [/opt/Projects/PartsUnlimitedMRP/src/Backend/OrderService/build/classes/main/smpl/ordering/repositories/RepositoryFactory$1.class], file [/opt/Projects/PartsUnlimitedMRP/src/Backend/OrderService/build/classes/main/smpl/ordering/repositories/RepositoryFactory.class], file [/opt/Projects/PartsUnlimitedMRP/src/Backend/OrderService/build/classes/main/smpl/ordering/repositories/CatalogItemsRepository.class], file [/opt/Projects/PartsUnlimitedMRP/src/Backend/OrderService/build/classes/main/smpl/ordering/repositories/DealersRepository.class], file [/opt/Projects/PartsUnlimitedMRP/src/Backend/OrderService/build/classes/main/smpl/ordering/repositories/OrderRepository.class], file [/opt/Projects/PartsUnlimitedMRP/src/Backend/OrderService/build/classes/main/smpl/ordering/repositories/QuoteRepository.class], file [/opt/Projects/PartsUnlimitedMRP/src/Backend/OrderService/build/classes/main/smpl/ordering/repositories/ShipmentRepository.class], file [/opt/Projects/PartsUnlimitedMRP/src/Backend/OrderService/build/classes/main/smpl/ordering/repositories/mock/MockCatalogItemsRepository.class], file [/opt/Projects/PartsUnlimitedMRP/src/Backend/OrderService/build/classes/main/smpl/ordering/repositories/mock/MockDealersRepository.class], file [/opt/Projects/PartsUnlimitedMRP/src/Backend/OrderService/build/classes/main/smpl/ordering/repositories/mock/MockOrderRepository.class], file [/opt/Projects/PartsUnlimitedMRP/src/Backend/OrderService/build/classes/main/smpl/ordering/repositories/mock/MockQuoteRepository.class], file [/opt/Projects/PartsUnlimitedMRP/src/Backend/OrderService/build/classes/main/smpl/ordering/repositories/mock/MockShipmentRepository.class], file [/opt/Projects/PartsUnlimitedMRP/src/Backend/OrderService/build/classes/main/smpl/ordering/repositories/mongodb/MongoCatalogItemsRepository.class], file [/opt/Projects/PartsUnlimitedMRP/src/Backend/OrderService/build/classes/main/smpl/ordering/repositories/mongodb/models/CatalogItem.class], file [/opt/Projects/PartsUnlimitedMRP/src/Backend/OrderService/build/classes/main/smpl/ordering/repositories/mongodb/models/OrderDetails.class], file [/opt/Projects/PartsUnlimitedMRP/src/Backend/OrderService/build/classes/main/smpl/ordering/repositories/mongodb/models/QuoteDetails.class], file [/opt/Projects/PartsUnlimitedMRP/src/Backend/OrderService/build/classes/main/smpl/ordering/repositories/mongodb/models/ShipmentDetails.class], file [/opt/Projects/PartsUnlimitedMRP/src/Backend/OrderService/build/classes/main/smpl/ordering/repositories/mongodb/models/Dealer.class], file [/opt/Projects/PartsUnlimitedMRP/src/Backend/OrderService/build/classes/main/smpl/ordering/repositories/mongodb/MongoDealersRepository.class], file [/opt/Projects/PartsUnlimitedMRP/src/Backend/OrderService/build/classes/main/smpl/ordering/repositories/mongodb/MongoOperationsWithRetry.class], file [/opt/Projects/PartsUnlimitedMRP/src/Backend/OrderService/build/classes/main/smpl/ordering/repositories/mongodb/MongoOrderRepository.class], file [/opt/Projects/PartsUnlimitedMRP/src/Backend/OrderService/build/classes/main/smpl/ordering/repositories/mongodb/MongoQuoteRepository.class], file [/opt/Projects/PartsUnlimitedMRP/src/Backend/OrderService/build/classes/main/smpl/ordering/repositories/mongodb/MongoShipmentRepository.class], file [/opt/Projects/PartsUnlimitedMRP/src/Backend/OrderService/build/classes/main/smpl/ordering/OrderingServiceProperties.class], file [/opt/Projects/PartsUnlimitedMRP/src/Backend/OrderService/build/classes/main/smpl/ordering/models/CatalogItem.class], file [/opt/Projects/PartsUnlimitedMRP/src/Backend/OrderService/build/classes/main/smpl/ordering/models/DealerInfo.class], file [/opt/Projects/PartsUnlimitedMRP/src/Backend/OrderService/build/classes/main/smpl/ordering/models/Order.class], file [/opt/Projects/PartsUnlimitedMRP/src/Backend/OrderService/build/classes/main/smpl/ordering/models/OrderStatus.class], file [/opt/Projects/PartsUnlimitedMRP/src/Backend/OrderService/build/classes/main/smpl/ordering/models/OrderUpdateInfo.class], file [/opt/Projects/PartsUnlimitedMRP/src/Backend/OrderService/build/classes/main/smpl/ordering/models/Quote.class], file [/opt/Projects/PartsUnlimitedMRP/src/Backend/OrderService/build/classes/main/smpl/ordering/models/ShipmentRecord.class], file [/opt/Projects/PartsUnlimitedMRP/src/Backend/OrderService/build/classes/main/smpl/ordering/models/ShipmentEventInfo.class], file [/opt/Projects/PartsUnlimitedMRP/src/Backend/OrderService/build/classes/main/smpl/ordering/models/OrderEventInfo.class], file [/opt/Projects/PartsUnlimitedMRP/src/Backend/OrderService/build/classes/main/smpl/ordering/models/QuoteItemInfo.class], file [/opt/Projects/PartsUnlimitedMRP/src/Backend/OrderService/build/classes/main/smpl/ordering/models/DeliveryAddress.class], file [/opt/Projects/PartsUnlimitedMRP/src/Backend/OrderService/build/classes/main/smpl/ordering/models/PhoneInfo.class], file [/opt/Projects/PartsUnlimitedMRP/src/Backend/OrderService/build/classes/main/smpl/ordering/models/Delivery.class], file [/opt/Projects/PartsUnlimitedMRP/src/Backend/OrderService/build/classes/main/smpl/ordering/OrderingInitializer.class], file [/opt/Projects/PartsUnlimitedMRP/src/Backend/OrderService/build/classes/main/smpl/ordering/PostgresqlProperties.class], file [/opt/Projects/PartsUnlimitedMRP/src/Backend/OrderService/build/classes/main/smpl/ordering/PropertyHelper.class], file [/opt/Projects/PartsUnlimitedMRP/src/Backend/OrderService/build/classes/main/smpl/ordering/SimpleCORSFilter.class], file [/opt/Projects/PartsUnlimitedMRP/src/Backend/OrderService/build/classes/main/smpl/ordering/TestPath.class], file [/opt/Projects/PartsUnlimitedMRP/src/Backend/OrderService/build/classes/main/smpl/ordering/Utility.class], file [/opt/Projects/PartsUnlimitedMRP/src/Backend/OrderService/build/classes/main/smpl/ordering/controllers/CatalogController.class], file [/opt/Projects/PartsUnlimitedMRP/src/Backend/OrderService/build/classes/main/smpl/ordering/controllers/DealerController.class], file [/opt/Projects/PartsUnlimitedMRP/src/Backend/OrderService/build/classes/main/smpl/ordering/controllers/OrderController.class], file [/opt/Projects/PartsUnlimitedMRP/src/Backend/OrderService/build/classes/main/smpl/ordering/controllers/PingController.class], file [/opt/Projects/PartsUnlimitedMRP/src/Backend/OrderService/build/classes/main/smpl/ordering/controllers/QuoteController.class], file [/opt/Projects/PartsUnlimitedMRP/src/Backend/OrderService/build/classes/main/smpl/ordering/controllers/ShipmentController.class]]
00:19:42.346 [Test worker] DEBUG o.s.c.a.ClassPathBeanDefinitionScanner - Identified candidate component class: file [/opt/Projects/PartsUnlimitedMRP/src/Backend/OrderService/build/classes/test/smpl/ordering/TestOrderingConfiguration.class]
00:19:42.352 [Test worker] DEBUG o.s.c.a.ClassPathBeanDefinitionScanner - Identified candidate component class: file [/opt/Projects/PartsUnlimitedMRP/src/Backend/OrderService/build/classes/main/smpl/ordering/AppInsightsFilter.class]
00:19:42.375 [Test worker] DEBUG o.s.c.a.ClassPathBeanDefinitionScanner - Identified candidate component class: file [/opt/Projects/PartsUnlimitedMRP/src/Backend/OrderService/build/classes/main/smpl/ordering/SimpleCORSFilter.class]
00:19:42.376 [Test worker] DEBUG o.s.c.a.ClassPathBeanDefinitionScanner - Identified candidate component class: file [/opt/Projects/PartsUnlimitedMRP/src/Backend/OrderService/build/classes/main/smpl/ordering/controllers/CatalogController.class]
00:19:42.376 [Test worker] DEBUG o.s.c.a.ClassPathBeanDefinitionScanner - Identified candidate component class: file [/opt/Projects/PartsUnlimitedMRP/src/Backend/OrderService/build/classes/main/smpl/ordering/controllers/DealerController.class]
00:19:42.377 [Test worker] DEBUG o.s.c.a.ClassPathBeanDefinitionScanner - Identified candidate component class: file [/opt/Projects/PartsUnlimitedMRP/src/Backend/OrderService/build/classes/main/smpl/ordering/controllers/OrderController.class]
00:19:42.378 [Test worker] DEBUG o.s.c.a.ClassPathBeanDefinitionScanner - Identified candidate component class: file [/opt/Projects/PartsUnlimitedMRP/src/Backend/OrderService/build/classes/main/smpl/ordering/controllers/PingController.class]
00:19:42.388 [Test worker] DEBUG o.s.c.a.ClassPathBeanDefinitionScanner - Identified candidate component class: file [/opt/Projects/PartsUnlimitedMRP/src/Backend/OrderService/build/classes/main/smpl/ordering/controllers/QuoteController.class]
00:19:42.389 [Test worker] DEBUG o.s.c.a.ClassPathBeanDefinitionScanner - Identified candidate component class: file [/opt/Projects/PartsUnlimitedMRP/src/Backend/OrderService/build/classes/main/smpl/ordering/controllers/ShipmentController.class]
00:19:42.632 [Test worker] DEBUG o.s.c.t.c.AnnotationAttributesReadingVisitor - Failed to class-load type while reading annotation metadata. This is a non-fatal error, but certain annotation metadata may be unavailable.
java.lang.ClassNotFoundException: org.springframework.security.config.annotation.web.configuration.EnableWebSecurity
	at java.net.URLClassLoader.findClass(URLClassLoader.java:381) ~[na:1.8.0_181]
	at java.lang.ClassLoader.loadClass(ClassLoader.java:424) ~[na:1.8.0_181]
	at sun.misc.Launcher$AppClassLoader.loadClass(Launcher.java:349) ~[na:1.8.0_181]
	at java.lang.ClassLoader.loadClass(ClassLoader.java:357) ~[na:1.8.0_181]
	at org.springframework.core.type.classreading.RecursiveAnnotationAttributesVisitor.visitEnd(AnnotationAttributesReadingVisitor.java:181) ~[spring-core-4.0.7.RELEASE.jar:4.0.7.RELEASE]
	at org.springframework.asm.ClassReader.readAnnotationValues(ClassReader.java:1788) [spring-core-4.0.7.RELEASE.jar:4.0.7.RELEASE]
	at org.springframework.asm.ClassReader.accept(ClassReader.java:642) [spring-core-4.0.7.RELEASE.jar:4.0.7.RELEASE]
	at org.springframework.asm.ClassReader.accept(ClassReader.java:508) [spring-core-4.0.7.RELEASE.jar:4.0.7.RELEASE]
	at org.springframework.core.type.classreading.SimpleMetadataReader.<init>(SimpleMetadataReader.java:64) [spring-core-4.0.7.RELEASE.jar:4.0.7.RELEASE]
	at org.springframework.core.type.classreading.SimpleMetadataReaderFactory.getMetadataReader(SimpleMetadataReaderFactory.java:82) [spring-core-4.0.7.RELEASE.jar:4.0.7.RELEASE]
	at org.springframework.core.type.classreading.CachingMetadataReaderFactory.getMetadataReader(CachingMetadataReaderFactory.java:102) [spring-core-4.0.7.RELEASE.jar:4.0.7.RELEASE]
	at org.springframework.core.type.classreading.SimpleMetadataReaderFactory.getMetadataReader(SimpleMetadataReaderFactory.java:77) [spring-core-4.0.7.RELEASE.jar:4.0.7.RELEASE]
	at org.springframework.boot.autoconfigure.AutoConfigurationSorter$AutoConfigurationClasses.<init>(AutoConfigurationSorter.java:125) [spring-boot-autoconfigure-1.1.7.RELEASE.jar:1.1.7.RELEASE]
	at org.springframework.boot.autoconfigure.AutoConfigurationSorter.getInPriorityOrder(AutoConfigurationSorter.java:60) [spring-boot-autoconfigure-1.1.7.RELEASE.jar:1.1.7.RELEASE]
	at org.springframework.boot.autoconfigure.EnableAutoConfigurationImportSelector.selectImports(EnableAutoConfigurationImportSelector.java:72) [spring-boot-autoconfigure-1.1.7.RELEASE.jar:1.1.7.RELEASE]
	at org.springframework.context.annotation.ConfigurationClassParser.processDeferredImportSelectors(ConfigurationClassParser.java:388) [spring-context-4.0.7.RELEASE.jar:4.0.7.RELEASE]
	at org.springframework.context.annotation.ConfigurationClassParser.parse(ConfigurationClassParser.java:165) [spring-context-4.0.7.RELEASE.jar:4.0.7.RELEASE]
	at org.springframework.context.annotation.ConfigurationClassPostProcessor.processConfigBeanDefinitions(ConfigurationClassPostProcessor.java:305) [spring-context-4.0.7.RELEASE.jar:4.0.7.RELEASE]
	at org.springframework.context.annotation.ConfigurationClassPostProcessor.postProcessBeanDefinitionRegistry(ConfigurationClassPostProcessor.java:243) [spring-context-4.0.7.RELEASE.jar:4.0.7.RELEASE]
	at org.springframework.context.support.PostProcessorRegistrationDelegate.invokeBeanDefinitionRegistryPostProcessors(PostProcessorRegistrationDelegate.java:254) [spring-context-4.0.7.RELEASE.jar:4.0.7.RELEASE]
	at org.springframework.context.support.PostProcessorRegistrationDelegate.invokeBeanFactoryPostProcessors(PostProcessorRegistrationDelegate.java:94) [spring-context-4.0.7.RELEASE.jar:4.0.7.RELEASE]
	at org.springframework.context.support.AbstractApplicationContext.invokeBeanFactoryPostProcessors(AbstractApplicationContext.java:611) [spring-context-4.0.7.RELEASE.jar:4.0.7.RELEASE]
	at org.springframework.context.support.AbstractApplicationContext.refresh(AbstractApplicationContext.java:464) [spring-context-4.0.7.RELEASE.jar:4.0.7.RELEASE]
	at org.springframework.context.annotation.AnnotationConfigApplicationContext.<init>(AnnotationConfigApplicationContext.java:84) [spring-context-4.0.7.RELEASE.jar:4.0.7.RELEASE]
	at smpl.ordering.ConfigurationRule.apply(ConfigurationRule.java:18) [test/:na]
	at org.junit.rules.RunRules.applyAll(RunRules.java:26) [junit-4.11.jar:na]
	at org.junit.rules.RunRules.<init>(RunRules.java:15) [junit-4.11.jar:na]
	at org.junit.runners.BlockJUnit4ClassRunner.withTestRules(BlockJUnit4ClassRunner.java:379) [junit-4.11.jar:na]
	at org.junit.runners.BlockJUnit4ClassRunner.withRules(BlockJUnit4ClassRunner.java:340) [junit-4.11.jar:na]
	at org.junit.runners.BlockJUnit4ClassRunner.methodBlock(BlockJUnit4ClassRunner.java:256) [junit-4.11.jar:na]
	at org.junit.runners.BlockJUnit4ClassRunner.runChild(BlockJUnit4ClassRunner.java:70) [junit-4.11.jar:na]
	at org.junit.runners.BlockJUnit4ClassRunner.runChild(BlockJUnit4ClassRunner.java:50) [junit-4.11.jar:na]
	at org.junit.runners.ParentRunner$3.run(ParentRunner.java:238) [junit-4.11.jar:na]
	at org.junit.runners.ParentRunner$1.schedule(ParentRunner.java:63) [junit-4.11.jar:na]
	at org.junit.runners.ParentRunner.runChildren(ParentRunner.java:236) [junit-4.11.jar:na]
	at org.junit.runners.ParentRunner.access$000(ParentRunner.java:53) [junit-4.11.jar:na]
	at org.junit.runners.ParentRunner$2.evaluate(ParentRunner.java:229) [junit-4.11.jar:na]
	at org.junit.runners.ParentRunner.run(ParentRunner.java:309) [junit-4.11.jar:na]
	at org.gradle.api.internal.tasks.testing.junit.JUnitTestClassExecuter.runTestClass(JUnitTestClassExecuter.java:86) [gradle-plugins-2.1.jar:2.1]
	at org.gradle.api.internal.tasks.testing.junit.JUnitTestClassExecuter.execute(JUnitTestClassExecuter.java:49) [gradle-plugins-2.1.jar:2.1]
	at org.gradle.api.internal.tasks.testing.junit.JUnitTestClassProcessor.processTestClass(JUnitTestClassProcessor.java:69) [gradle-plugins-2.1.jar:2.1]
	at org.gradle.api.internal.tasks.testing.SuiteTestClassProcessor.processTestClass(SuiteTestClassProcessor.java:48) [gradle-plugins-2.1.jar:2.1]
	at sun.reflect.NativeMethodAccessorImpl.invoke0(Native Method) ~[na:1.8.0_181]
	at sun.reflect.NativeMethodAccessorImpl.invoke(NativeMethodAccessorImpl.java:62) ~[na:1.8.0_181]
	at sun.reflect.DelegatingMethodAccessorImpl.invoke(DelegatingMethodAccessorImpl.java:43) ~[na:1.8.0_181]
	at java.lang.reflect.Method.invoke(Method.java:498) ~[na:1.8.0_181]
	at org.gradle.messaging.dispatch.ReflectionDispatch.dispatch(ReflectionDispatch.java:35) [gradle-messaging-2.1.jar:2.1]
	at org.gradle.messaging.dispatch.ReflectionDispatch.dispatch(ReflectionDispatch.java:24) [gradle-messaging-2.1.jar:2.1]
	at org.gradle.messaging.dispatch.ContextClassLoaderDispatch.dispatch(ContextClassLoaderDispatch.java:32) [gradle-messaging-2.1.jar:2.1]
	at org.gradle.messaging.dispatch.ProxyDispatchAdapter$DispatchingInvocationHandler.invoke(ProxyDispatchAdapter.java:93) [gradle-messaging-2.1.jar:2.1]
	at com.sun.proxy.$Proxy2.processTestClass(Unknown Source) [na:na]
	at org.gradle.api.internal.tasks.testing.worker.TestWorker.processTestClass(TestWorker.java:105) [gradle-plugins-2.1.jar:2.1]
	at sun.reflect.NativeMethodAccessorImpl.invoke0(Native Method) ~[na:1.8.0_181]
	at sun.reflect.NativeMethodAccessorImpl.invoke(NativeMethodAccessorImpl.java:62) ~[na:1.8.0_181]
	at sun.reflect.DelegatingMethodAccessorImpl.invoke(DelegatingMethodAccessorImpl.java:43) ~[na:1.8.0_181]
	at java.lang.reflect.Method.invoke(Method.java:498) ~[na:1.8.0_181]
	at org.gradle.messaging.dispatch.ReflectionDispatch.dispatch(ReflectionDispatch.java:35) [gradle-messaging-2.1.jar:2.1]
	at org.gradle.messaging.dispatch.ReflectionDispatch.dispatch(ReflectionDispatch.java:24) [gradle-messaging-2.1.jar:2.1]
	at org.gradle.messaging.remote.internal.hub.MessageHub$Handler.run(MessageHub.java:355) [gradle-messaging-2.1.jar:2.1]
	at org.gradle.internal.concurrent.DefaultExecutorFactory$StoppableExecutorImpl$1.run(DefaultExecutorFactory.java:64) [gradle-base-services-2.1.jar:2.1]
	at java.util.concurrent.ThreadPoolExecutor.runWorker(ThreadPoolExecutor.java:1149) [na:1.8.0_181]
	at java.util.concurrent.ThreadPoolExecutor$Worker.run(ThreadPoolExecutor.java:624) [na:1.8.0_181]
	at java.lang.Thread.run(Thread.java:748) [na:1.8.0_181]
00:19:42.698 [Test worker] DEBUG o.s.c.t.c.AnnotationAttributesReadingVisitor - Failed to class-load type while reading annotation metadata. This is a non-fatal error, but certain annotation metadata may be unavailable.
java.lang.ClassNotFoundException: org.springframework.security.config.annotation.web.configuration.EnableWebSecurity
	at java.net.URLClassLoader.findClass(URLClassLoader.java:381) ~[na:1.8.0_181]
	at java.lang.ClassLoader.loadClass(ClassLoader.java:424) ~[na:1.8.0_181]
	at sun.misc.Launcher$AppClassLoader.loadClass(Launcher.java:349) ~[na:1.8.0_181]
	at java.lang.ClassLoader.loadClass(ClassLoader.java:357) ~[na:1.8.0_181]
	at org.springframework.core.type.classreading.RecursiveAnnotationAttributesVisitor.visitEnd(AnnotationAttributesReadingVisitor.java:181) ~[spring-core-4.0.7.RELEASE.jar:4.0.7.RELEASE]
	at org.springframework.asm.ClassReader.readAnnotationValues(ClassReader.java:1788) [spring-core-4.0.7.RELEASE.jar:4.0.7.RELEASE]
	at org.springframework.asm.ClassReader.accept(ClassReader.java:642) [spring-core-4.0.7.RELEASE.jar:4.0.7.RELEASE]
	at org.springframework.asm.ClassReader.accept(ClassReader.java:508) [spring-core-4.0.7.RELEASE.jar:4.0.7.RELEASE]
	at org.springframework.core.type.classreading.SimpleMetadataReader.<init>(SimpleMetadataReader.java:64) [spring-core-4.0.7.RELEASE.jar:4.0.7.RELEASE]
	at org.springframework.core.type.classreading.SimpleMetadataReaderFactory.getMetadataReader(SimpleMetadataReaderFactory.java:82) [spring-core-4.0.7.RELEASE.jar:4.0.7.RELEASE]
	at org.springframework.core.type.classreading.CachingMetadataReaderFactory.getMetadataReader(CachingMetadataReaderFactory.java:102) [spring-core-4.0.7.RELEASE.jar:4.0.7.RELEASE]
	at org.springframework.core.type.classreading.SimpleMetadataReaderFactory.getMetadataReader(SimpleMetadataReaderFactory.java:77) [spring-core-4.0.7.RELEASE.jar:4.0.7.RELEASE]
	at org.springframework.context.annotation.ConfigurationClassParser.asSourceClass(ConfigurationClassParser.java:561) [spring-context-4.0.7.RELEASE.jar:4.0.7.RELEASE]
	at org.springframework.context.annotation.ConfigurationClassParser.asSourceClasses(ConfigurationClassParser.java:548) [spring-context-4.0.7.RELEASE.jar:4.0.7.RELEASE]
	at org.springframework.context.annotation.ConfigurationClassParser.processDeferredImportSelectors(ConfigurationClassParser.java:389) [spring-context-4.0.7.RELEASE.jar:4.0.7.RELEASE]
	at org.springframework.context.annotation.ConfigurationClassParser.parse(ConfigurationClassParser.java:165) [spring-context-4.0.7.RELEASE.jar:4.0.7.RELEASE]
	at org.springframework.context.annotation.ConfigurationClassPostProcessor.processConfigBeanDefinitions(ConfigurationClassPostProcessor.java:305) [spring-context-4.0.7.RELEASE.jar:4.0.7.RELEASE]
	at org.springframework.context.annotation.ConfigurationClassPostProcessor.postProcessBeanDefinitionRegistry(ConfigurationClassPostProcessor.java:243) [spring-context-4.0.7.RELEASE.jar:4.0.7.RELEASE]
	at org.springframework.context.support.PostProcessorRegistrationDelegate.invokeBeanDefinitionRegistryPostProcessors(PostProcessorRegistrationDelegate.java:254) [spring-context-4.0.7.RELEASE.jar:4.0.7.RELEASE]
	at org.springframework.context.support.PostProcessorRegistrationDelegate.invokeBeanFactoryPostProcessors(PostProcessorRegistrationDelegate.java:94) [spring-context-4.0.7.RELEASE.jar:4.0.7.RELEASE]
	at org.springframework.context.support.AbstractApplicationContext.invokeBeanFactoryPostProcessors(AbstractApplicationContext.java:611) [spring-context-4.0.7.RELEASE.jar:4.0.7.RELEASE]
	at org.springframework.context.support.AbstractApplicationContext.refresh(AbstractApplicationContext.java:464) [spring-context-4.0.7.RELEASE.jar:4.0.7.RELEASE]
	at org.springframework.context.annotation.AnnotationConfigApplicationContext.<init>(AnnotationConfigApplicationContext.java:84) [spring-context-4.0.7.RELEASE.jar:4.0.7.RELEASE]
	at smpl.ordering.ConfigurationRule.apply(ConfigurationRule.java:18) [test/:na]
	at org.junit.rules.RunRules.applyAll(RunRules.java:26) [junit-4.11.jar:na]
	at org.junit.rules.RunRules.<init>(RunRules.java:15) [junit-4.11.jar:na]
	at org.junit.runners.BlockJUnit4ClassRunner.withTestRules(BlockJUnit4ClassRunner.java:379) [junit-4.11.jar:na]
	at org.junit.runners.BlockJUnit4ClassRunner.withRules(BlockJUnit4ClassRunner.java:340) [junit-4.11.jar:na]
	at org.junit.runners.BlockJUnit4ClassRunner.methodBlock(BlockJUnit4ClassRunner.java:256) [junit-4.11.jar:na]
	at org.junit.runners.BlockJUnit4ClassRunner.runChild(BlockJUnit4ClassRunner.java:70) [junit-4.11.jar:na]
	at org.junit.runners.BlockJUnit4ClassRunner.runChild(BlockJUnit4ClassRunner.java:50) [junit-4.11.jar:na]
	at org.junit.runners.ParentRunner$3.run(ParentRunner.java:238) [junit-4.11.jar:na]
	at org.junit.runners.ParentRunner$1.schedule(ParentRunner.java:63) [junit-4.11.jar:na]
	at org.junit.runners.ParentRunner.runChildren(ParentRunner.java:236) [junit-4.11.jar:na]
	at org.junit.runners.ParentRunner.access$000(ParentRunner.java:53) [junit-4.11.jar:na]
	at org.junit.runners.ParentRunner$2.evaluate(ParentRunner.java:229) [junit-4.11.jar:na]
	at org.junit.runners.ParentRunner.run(ParentRunner.java:309) [junit-4.11.jar:na]
	at org.gradle.api.internal.tasks.testing.junit.JUnitTestClassExecuter.runTestClass(JUnitTestClassExecuter.java:86) [gradle-plugins-2.1.jar:2.1]
	at org.gradle.api.internal.tasks.testing.junit.JUnitTestClassExecuter.execute(JUnitTestClassExecuter.java:49) [gradle-plugins-2.1.jar:2.1]
	at org.gradle.api.internal.tasks.testing.junit.JUnitTestClassProcessor.processTestClass(JUnitTestClassProcessor.java:69) [gradle-plugins-2.1.jar:2.1]
	at org.gradle.api.internal.tasks.testing.SuiteTestClassProcessor.processTestClass(SuiteTestClassProcessor.java:48) [gradle-plugins-2.1.jar:2.1]
	at sun.reflect.NativeMethodAccessorImpl.invoke0(Native Method) ~[na:1.8.0_181]
	at sun.reflect.NativeMethodAccessorImpl.invoke(NativeMethodAccessorImpl.java:62) ~[na:1.8.0_181]
	at sun.reflect.DelegatingMethodAccessorImpl.invoke(DelegatingMethodAccessorImpl.java:43) ~[na:1.8.0_181]
	at java.lang.reflect.Method.invoke(Method.java:498) ~[na:1.8.0_181]
	at org.gradle.messaging.dispatch.ReflectionDispatch.dispatch(ReflectionDispatch.java:35) [gradle-messaging-2.1.jar:2.1]
	at org.gradle.messaging.dispatch.ReflectionDispatch.dispatch(ReflectionDispatch.java:24) [gradle-messaging-2.1.jar:2.1]
	at org.gradle.messaging.dispatch.ContextClassLoaderDispatch.dispatch(ContextClassLoaderDispatch.java:32) [gradle-messaging-2.1.jar:2.1]
	at org.gradle.messaging.dispatch.ProxyDispatchAdapter$DispatchingInvocationHandler.invoke(ProxyDispatchAdapter.java:93) [gradle-messaging-2.1.jar:2.1]
	at com.sun.proxy.$Proxy2.processTestClass(Unknown Source) [na:na]
	at org.gradle.api.internal.tasks.testing.worker.TestWorker.processTestClass(TestWorker.java:105) [gradle-plugins-2.1.jar:2.1]
	at sun.reflect.NativeMethodAccessorImpl.invoke0(Native Method) ~[na:1.8.0_181]
	at sun.reflect.NativeMethodAccessorImpl.invoke(NativeMethodAccessorImpl.java:62) ~[na:1.8.0_181]
	at sun.reflect.DelegatingMethodAccessorImpl.invoke(DelegatingMethodAccessorImpl.java:43) ~[na:1.8.0_181]
	at java.lang.reflect.Method.invoke(Method.java:498) ~[na:1.8.0_181]
	at org.gradle.messaging.dispatch.ReflectionDispatch.dispatch(ReflectionDispatch.java:35) [gradle-messaging-2.1.jar:2.1]
	at org.gradle.messaging.dispatch.ReflectionDispatch.dispatch(ReflectionDispatch.java:24) [gradle-messaging-2.1.jar:2.1]
	at org.gradle.messaging.remote.internal.hub.MessageHub$Handler.run(MessageHub.java:355) [gradle-messaging-2.1.jar:2.1]
	at org.gradle.internal.concurrent.DefaultExecutorFactory$StoppableExecutorImpl$1.run(DefaultExecutorFactory.java:64) [gradle-base-services-2.1.jar:2.1]
	at java.util.concurrent.ThreadPoolExecutor.runWorker(ThreadPoolExecutor.java:1149) [na:1.8.0_181]
	at java.util.concurrent.ThreadPoolExecutor$Worker.run(ThreadPoolExecutor.java:624) [na:1.8.0_181]
	at java.lang.Thread.run(Thread.java:748) [na:1.8.0_181]
00:19:42.701 [Test worker] DEBUG o.s.c.e.PropertySourcesPropertyResolver - Searching for key 'spring.messages.basename' in [systemProperties]
00:19:42.701 [Test worker] DEBUG o.s.c.e.PropertySourcesPropertyResolver - Searching for key 'spring.messages.basename' in [systemEnvironment]
00:19:42.701 [Test worker] DEBUG o.s.c.e.PropertySourcesPropertyResolver - Could not find key 'spring.messages.basename' in any property source. Returning [null]
00:19:42.748 [Test worker] DEBUG o.s.c.i.s.PathMatchingResourcePatternResolver - Looking for matching resources in directory tree [/opt/Projects/PartsUnlimitedMRP/src/Backend/OrderService/build/classes/test]
00:19:42.749 [Test worker] DEBUG o.s.c.i.s.PathMatchingResourcePatternResolver - Searching directory [/opt/Projects/PartsUnlimitedMRP/src/Backend/OrderService/build/classes/test] for files matching pattern [/opt/Projects/PartsUnlimitedMRP/src/Backend/OrderService/build/classes/test/messages*.properties]
00:19:42.749 [Test worker] DEBUG o.s.c.i.s.PathMatchingResourcePatternResolver - Looking for matching resources in directory tree [/opt/Projects/PartsUnlimitedMRP/src/Backend/OrderService/build/resources/test]
00:19:42.749 [Test worker] DEBUG o.s.c.i.s.PathMatchingResourcePatternResolver - Searching directory [/opt/Projects/PartsUnlimitedMRP/src/Backend/OrderService/build/resources/test] for files matching pattern [/opt/Projects/PartsUnlimitedMRP/src/Backend/OrderService/build/resources/test/messages*.properties]
00:19:42.749 [Test worker] DEBUG o.s.c.i.s.PathMatchingResourcePatternResolver - Looking for matching resources in directory tree [/opt/Projects/PartsUnlimitedMRP/src/Backend/OrderService/build/classes/main]
00:19:42.749 [Test worker] DEBUG o.s.c.i.s.PathMatchingResourcePatternResolver - Searching directory [/opt/Projects/PartsUnlimitedMRP/src/Backend/OrderService/build/classes/main] for files matching pattern [/opt/Projects/PartsUnlimitedMRP/src/Backend/OrderService/build/classes/main/messages*.properties]
00:19:42.750 [Test worker] DEBUG o.s.c.i.s.PathMatchingResourcePatternResolver - Looking for matching resources in directory tree [/opt/Projects/PartsUnlimitedMRP/src/Backend/OrderService/build/resources/main]
00:19:42.750 [Test worker] DEBUG o.s.c.i.s.PathMatchingResourcePatternResolver - Searching directory [/opt/Projects/PartsUnlimitedMRP/src/Backend/OrderService/build/resources/main] for files matching pattern [/opt/Projects/PartsUnlimitedMRP/src/Backend/OrderService/build/resources/main/messages*.properties]
00:19:42.750 [Test worker] DEBUG o.s.c.i.s.PathMatchingResourcePatternResolver - Looking for matching resources in jar file [file:/root/.gradle/caches/2.1/workerMain/gradle-worker.jar]
00:19:42.750 [Test worker] DEBUG o.s.c.i.s.PathMatchingResourcePatternResolver - Looking for matching resources in jar file [file:/root/.gradle/caches/modules-2/files-2.1/org.springframework.boot/spring-boot-starter-web/1.1.7.RELEASE/fbd9a68b95d2267742ac1e276ef2781da666b20e/spring-boot-starter-web-1.1.7.RELEASE.jar]
00:19:42.751 [Test worker] DEBUG o.s.c.i.s.PathMatchingResourcePatternResolver - Looking for matching resources in jar file [file:/root/.gradle/caches/modules-2/files-2.1/org.springframework.boot/spring-boot-starter-actuator/1.1.7.RELEASE/f19f58dac234bd2ed78ea477af6db19e59dc9c51/spring-boot-starter-actuator-1.1.7.RELEASE.jar]
00:19:42.751 [Test worker] DEBUG o.s.c.i.s.PathMatchingResourcePatternResolver - Looking for matching resources in jar file [file:/root/.gradle/caches/modules-2/files-2.1/org.springframework.data/spring-data-mongodb/1.5.4.RELEASE/444d98e53ca4150d35542306bbae1b2f49290695/spring-data-mongodb-1.5.4.RELEASE.jar]
00:19:42.754 [Test worker] DEBUG o.s.c.i.s.PathMatchingResourcePatternResolver - Looking for matching resources in jar file [file:/root/.gradle/caches/modules-2/files-2.1/org.mongodb/mongo-java-driver/2.12.3/12b7358a7740af71a4a52349d014d526a7a26a65/mongo-java-driver-2.12.3.jar]
00:19:42.757 [Test worker] DEBUG o.s.c.i.s.PathMatchingResourcePatternResolver - Looking for matching resources in jar file [file:/root/.gradle/caches/modules-2/files-2.1/org.hibernate/hibernate-core/4.2.0.Final/8542d0dbc6a68509efe9033e804bfe36005ba805/hibernate-core-4.2.0.Final.jar]
00:19:42.767 [Test worker] DEBUG o.s.c.i.s.PathMatchingResourcePatternResolver - Looking for matching resources in jar file [file:/root/.m2/repository/org/stagemonitor/stagemonitor-jdbc/0.88.8/stagemonitor-jdbc-0.88.8.jar]
00:19:42.767 [Test worker] DEBUG o.s.c.i.s.PathMatchingResourcePatternResolver - Looking for matching resources in jar file [file:/root/.m2/repository/org/stagemonitor/stagemonitor-web-servlet/0.88.8/stagemonitor-web-servlet-0.88.8.jar]
00:19:42.768 [Test worker] DEBUG o.s.c.i.s.PathMatchingResourcePatternResolver - Looking for matching resources in jar file [file:/root/.m2/repository/org/stagemonitor/stagemonitor-alerting/0.88.8/stagemonitor-alerting-0.88.8.jar]
00:19:42.768 [Test worker] DEBUG o.s.c.i.s.PathMatchingResourcePatternResolver - Looking for matching resources in jar file [file:/root/.m2/repository/org/stagemonitor/stagemonitor-jvm/0.88.8/stagemonitor-jvm-0.88.8.jar]
00:19:42.769 [Test worker] DEBUG o.s.c.i.s.PathMatchingResourcePatternResolver - Looking for matching resources in jar file [file:/root/.gradle/caches/modules-2/files-2.1/org.stagemonitor/stagemonitor-os/0.88.8/5ff107f0c9465ef3a868a27cba83b45af36d28b/stagemonitor-os-0.88.8.jar]
00:19:42.769 [Test worker] DEBUG o.s.c.i.s.PathMatchingResourcePatternResolver - Looking for matching resources in jar file [file:/root/.m2/repository/org/stagemonitor/stagemonitor-configuration/0.88.8/stagemonitor-configuration-0.88.8.jar]
00:19:42.769 [Test worker] DEBUG o.s.c.i.s.PathMatchingResourcePatternResolver - Looking for matching resources in jar file [file:/root/.m2/repository/org/stagemonitor/stagemonitor-tracing-elasticsearch/0.88.8/stagemonitor-tracing-elasticsearch-0.88.8.jar]
00:19:42.769 [Test worker] DEBUG o.s.c.i.s.PathMatchingResourcePatternResolver - Looking for matching resources in jar file [file:/root/.m2/repository/org/stagemonitor/stagemonitor-tracing/0.88.8/stagemonitor-tracing-0.88.8.jar]
00:19:42.770 [Test worker] DEBUG o.s.c.i.s.PathMatchingResourcePatternResolver - Looking for matching resources in jar file [file:/root/.gradle/caches/modules-2/files-2.1/junit/junit/4.11/4e031bb61df09069aeb2bffb4019e7a5034a4ee0/junit-4.11.jar]
00:19:42.770 [Test worker] DEBUG o.s.c.i.s.PathMatchingResourcePatternResolver - Looking for matching resources in jar file [file:/root/.gradle/caches/modules-2/files-2.1/org.springframework.boot/spring-boot-starter/1.1.7.RELEASE/7a68efd7b7abb4f8a4e4dbc450a610ece7cacbea/spring-boot-starter-1.1.7.RELEASE.jar]
00:19:42.771 [Test worker] DEBUG o.s.c.i.s.PathMatchingResourcePatternResolver - Looking for matching resources in jar file [file:/root/.gradle/caches/modules-2/files-2.1/org.springframework.boot/spring-boot-starter-tomcat/1.1.7.RELEASE/6fddd262456789d40c37ec8817abd842f0030fd0/spring-boot-starter-tomcat-1.1.7.RELEASE.jar]
00:19:42.771 [Test worker] DEBUG o.s.c.i.s.PathMatchingResourcePatternResolver - Looking for matching resources in jar file [file:/root/.gradle/caches/modules-2/files-2.1/org.hibernate/hibernate-validator/5.0.3.Final/e0fa071d3ced426a05fc1a59d788cb72a1659c3c/hibernate-validator-5.0.3.Final.jar]
00:19:42.772 [Test worker] DEBUG o.s.c.i.s.PathMatchingResourcePatternResolver - Looking for matching resources in jar file [file:/root/.gradle/caches/modules-2/files-2.1/org.springframework/spring-core/4.0.7.RELEASE/777e9502c4c2de150918a746fa22734d3eff81e0/spring-core-4.0.7.RELEASE.jar]
00:19:42.774 [Test worker] DEBUG o.s.c.i.s.PathMatchingResourcePatternResolver - Looking for matching resources in jar file [file:/root/.gradle/caches/modules-2/files-2.1/org.springframework/spring-web/4.0.7.RELEASE/9c8505b6785bfe6b45bbdc8c8cbcda628feb21b1/spring-web-4.0.7.RELEASE.jar]
00:19:42.775 [Test worker] DEBUG o.s.c.i.s.PathMatchingResourcePatternResolver - Looking for matching resources in jar file [file:/root/.gradle/caches/modules-2/files-2.1/org.springframework/spring-webmvc/4.0.7.RELEASE/5d2de0ccee1d6cc02ec2d29c5440a762fd4345f6/spring-webmvc-4.0.7.RELEASE.jar]
00:19:42.777 [Test worker] DEBUG o.s.c.i.s.PathMatchingResourcePatternResolver - Looking for matching resources in jar file [file:/root/.gradle/caches/modules-2/files-2.1/org.springframework.boot/spring-boot-actuator/1.1.7.RELEASE/583b8f872e67d5fad3323787f1de3c7cb94ba88a/spring-boot-actuator-1.1.7.RELEASE.jar]
00:19:42.785 [Test worker] DEBUG o.s.c.i.s.PathMatchingResourcePatternResolver - Looking for matching resources in jar file [file:/root/.gradle/caches/modules-2/files-2.1/org.springframework/spring-tx/3.2.10.RELEASE/3ce819d1dc339999016ee36e0e88e1fc40efcf32/spring-tx-3.2.10.RELEASE.jar]
00:19:42.785 [Test worker] DEBUG o.s.c.i.s.PathMatchingResourcePatternResolver - Looking for matching resources in jar file [file:/root/.gradle/caches/modules-2/files-2.1/org.springframework.data/spring-data-commons/1.8.4.RELEASE/a3b563d1cbacee9ae4a5d5642fa04f5c1e6aa72d/spring-data-commons-1.8.4.RELEASE.jar]
00:19:42.787 [Test worker] DEBUG o.s.c.i.s.PathMatchingResourcePatternResolver - Looking for matching resources in jar file [file:/root/.gradle/caches/modules-2/files-2.1/org.slf4j/jcl-over-slf4j/1.7.7/56003dcd0a31deea6391b9e2ef2f2dc90b205a92/jcl-over-slf4j-1.7.7.jar]
00:19:42.787 [Test worker] DEBUG o.s.c.i.s.PathMatchingResourcePatternResolver - Looking for matching resources in jar file [file:/root/.gradle/caches/modules-2/files-2.1/antlr/antlr/2.7.7/83cd2cd674a217ade95a4bb83a8a14f351f48bd0/antlr-2.7.7.jar]
00:19:42.787 [Test worker] DEBUG o.s.c.i.s.PathMatchingResourcePatternResolver - Looking for matching resources in jar file [file:/root/.gradle/caches/modules-2/files-2.1/org.jboss.spec.javax.transaction/jboss-transaction-api_1.1_spec/1.0.0.Final/2ab6236535e085d86f37fd97ddfdd35c88c1a419/jboss-transaction-api_1.1_spec-1.0.0.Final.jar]
00:19:42.787 [Test worker] DEBUG o.s.c.i.s.PathMatchingResourcePatternResolver - Looking for matching resources in jar file [file:/root/.gradle/caches/modules-2/files-2.1/dom4j/dom4j/1.6.1/5d3ccc056b6f056dbf0dddfdf43894b9065a8f94/dom4j-1.6.1.jar]
00:19:42.788 [Test worker] DEBUG o.s.c.i.s.PathMatchingResourcePatternResolver - Looking for matching resources in jar file [file:/root/.gradle/caches/modules-2/files-2.1/org.hibernate.javax.persistence/hibernate-jpa-2.0-api/1.0.1.Final/3306a165afa81938fc3d8a0948e891de9f6b192b/hibernate-jpa-2.0-api-1.0.1.Final.jar]
00:19:42.788 [Test worker] DEBUG o.s.c.i.s.PathMatchingResourcePatternResolver - Looking for matching resources in jar file [file:/root/.gradle/caches/modules-2/files-2.1/org.javassist/javassist/3.15.0-GA/79907309ca4bb4e5e51d4086cc4179b2611358d7/javassist-3.15.0-GA.jar]
00:19:42.790 [Test worker] DEBUG o.s.c.i.s.PathMatchingResourcePatternResolver - Looking for matching resources in jar file [file:/root/.gradle/caches/modules-2/files-2.1/org.hibernate.common/hibernate-commons-annotations/4.0.1.Final/78bcf608d997d0529be2f4f781fdc89e801c9e88/hibernate-commons-annotations-4.0.1.Final.jar]
00:19:42.790 [Test worker] DEBUG o.s.c.i.s.PathMatchingResourcePatternResolver - Looking for matching resources in jar file [file:/root/.m2/repository/p6spy/p6spy/3.0.0/p6spy-3.0.0.jar]
00:19:42.790 [Test worker] DEBUG o.s.c.i.s.PathMatchingResourcePatternResolver - Looking for matching resources in jar file [file:/root/.m2/repository/io/dropwizard/metrics/metrics-json/3.2.4/metrics-json-3.2.4.jar]
00:19:42.791 [Test worker] DEBUG o.s.c.i.s.PathMatchingResourcePatternResolver - Looking for matching resources in jar file [file:/root/.m2/repository/javax/mail/mail/1.4.1/mail-1.4.1.jar]
00:19:42.791 [Test worker] DEBUG o.s.c.i.s.PathMatchingResourcePatternResolver - Looking for matching resources in jar file [file:/root/.m2/repository/org/freemarker/freemarker/2.3.23/freemarker-2.3.23.jar]
00:19:42.793 [Test worker] DEBUG o.s.c.i.s.PathMatchingResourcePatternResolver - Looking for matching resources in jar file [file:/root/.m2/repository/org/stagemonitor/stagemonitor-core/0.88.8/stagemonitor-core-0.88.8.jar]
00:19:42.798 [Test worker] DEBUG o.s.c.i.s.PathMatchingResourcePatternResolver - Looking for matching resources in jar file [file:/root/.m2/repository/io/dropwizard/metrics/metrics-jvm/3.2.4/metrics-jvm-3.2.4.jar]
00:19:42.798 [Test worker] DEBUG o.s.c.i.s.PathMatchingResourcePatternResolver - Looking for matching resources in jar file [file:/root/.gradle/caches/modules-2/files-2.1/org.fusesource/sigar/1.6.4/e91a355d337a0b1991f54181627d63c9973624c3/sigar-1.6.4.jar]
00:19:42.799 [Test worker] DEBUG o.s.c.i.s.PathMatchingResourcePatternResolver - Looking for matching resources in jar file [file:/root/.m2/repository/io/jaegertracing/jaeger-core/0.31.0/jaeger-core-0.31.0.jar]
00:19:42.799 [Test worker] DEBUG o.s.c.i.s.PathMatchingResourcePatternResolver - Looking for matching resources in jar file [file:/root/.m2/repository/io/jaegertracing/jaeger-thrift/0.31.0/jaeger-thrift-0.31.0.jar]
00:19:42.800 [Test worker] DEBUG o.s.c.i.s.PathMatchingResourcePatternResolver - Looking for matching resources in jar file [file:/root/.m2/repository/io/jaegertracing/jaeger-zipkin/0.31.0/jaeger-zipkin-0.31.0.jar]
00:19:42.800 [Test worker] DEBUG o.s.c.i.s.PathMatchingResourcePatternResolver - Looking for matching resources in jar file [file:/root/.m2/repository/io/opentracing/opentracing-util/0.31.0/opentracing-util-0.31.0.jar]
00:19:42.801 [Test worker] DEBUG o.s.c.i.s.PathMatchingResourcePatternResolver - Looking for matching resources in jar file [file:/root/.gradle/caches/modules-2/files-2.1/org.hamcrest/hamcrest-core/1.3/42a25dc3219429f0e5d060061f71acb49bf010a0/hamcrest-core-1.3.jar]
00:19:42.801 [Test worker] DEBUG o.s.c.i.s.PathMatchingResourcePatternResolver - Looking for matching resources in jar file [file:/root/.gradle/caches/modules-2/files-2.1/org.springframework.boot/spring-boot/1.1.7.RELEASE/a41a91fb3f33e684efd0e728bb1548a009579ac9/spring-boot-1.1.7.RELEASE.jar]
00:19:42.802 [Test worker] DEBUG o.s.c.i.s.PathMatchingResourcePatternResolver - Looking for matching resources in jar file [file:/root/.gradle/caches/modules-2/files-2.1/org.springframework.boot/spring-boot-autoconfigure/1.1.7.RELEASE/ada61e221cd841c7fd2334fe5f636916a2645220/spring-boot-autoconfigure-1.1.7.RELEASE.jar]
00:19:42.803 [Test worker] DEBUG o.s.c.i.s.PathMatchingResourcePatternResolver - Looking for matching resources in jar file [file:/root/.gradle/caches/modules-2/files-2.1/org.springframework.boot/spring-boot-starter-logging/1.1.7.RELEASE/d51922fb607842acd90c2de736f8c72c98380bd7/spring-boot-starter-logging-1.1.7.RELEASE.jar]
00:19:42.803 [Test worker] DEBUG o.s.c.i.s.PathMatchingResourcePatternResolver - Looking for matching resources in jar file [file:/root/.gradle/caches/modules-2/files-2.1/org.yaml/snakeyaml/1.13/73cbb494a912866c4c831a178c3a2a9169f4eaad/snakeyaml-1.13.jar]
00:19:42.804 [Test worker] DEBUG o.s.c.i.s.PathMatchingResourcePatternResolver - Looking for matching resources in jar file [file:/root/.gradle/caches/modules-2/files-2.1/org.apache.tomcat.embed/tomcat-embed-core/7.0.55/67713e23a79934697f7f89e8a1382586117f7291/tomcat-embed-core-7.0.55.jar]
00:19:42.814 [Test worker] DEBUG o.s.c.i.s.PathMatchingResourcePatternResolver - Looking for matching resources in jar file [file:/root/.gradle/caches/modules-2/files-2.1/org.apache.tomcat.embed/tomcat-embed-el/7.0.55/fe614bb874f8fa1d5a9427d7b4afd2236607be4a/tomcat-embed-el-7.0.55.jar]
00:19:42.815 [Test worker] DEBUG o.s.c.i.s.PathMatchingResourcePatternResolver - Looking for matching resources in jar file [file:/root/.gradle/caches/modules-2/files-2.1/org.apache.tomcat.embed/tomcat-embed-logging-juli/7.0.55/76c2066b1fadcee51f1a2b75238f8916701003d8/tomcat-embed-logging-juli-7.0.55.jar]
00:19:42.815 [Test worker] DEBUG o.s.c.i.s.PathMatchingResourcePatternResolver - Looking for matching resources in jar file [file:/root/.gradle/caches/modules-2/files-2.1/javax.validation/validation-api/1.1.0.Final/8613ae82954779d518631e05daa73a6a954817d5/validation-api-1.1.0.Final.jar]
00:19:42.815 [Test worker] DEBUG o.s.c.i.s.PathMatchingResourcePatternResolver - Looking for matching resources in jar file [file:/root/.gradle/caches/modules-2/files-2.1/com.fasterxml/classmate/1.0.0/434efef28c81162b17c540e634cffa3bd9b09b4c/classmate-1.0.0.jar]
00:19:42.816 [Test worker] DEBUG o.s.c.i.s.PathMatchingResourcePatternResolver - Looking for matching resources in jar file [file:/root/.gradle/caches/modules-2/files-2.1/org.springframework/spring-aop/4.0.7.RELEASE/caadec5dc4ea4899d89004ff46053f8e391e0343/spring-aop-4.0.7.RELEASE.jar]
00:19:42.816 [Test worker] DEBUG o.s.c.i.s.PathMatchingResourcePatternResolver - Looking for matching resources in jar file [file:/root/.m2/repository/io/dropwizard/metrics/metrics-core/3.2.4/metrics-core-3.2.4.jar]
00:19:42.817 [Test worker] DEBUG o.s.c.i.s.PathMatchingResourcePatternResolver - Looking for matching resources in jar file [file:/root/.m2/repository/javax/activation/activation/1.1/activation-1.1.jar]
00:19:42.817 [Test worker] DEBUG o.s.c.i.s.PathMatchingResourcePatternResolver - Looking for matching resources in jar file [file:/root/.m2/repository/io/dropwizard/metrics/metrics-graphite/3.2.4/metrics-graphite-3.2.4.jar]
00:19:42.817 [Test worker] DEBUG o.s.c.i.s.PathMatchingResourcePatternResolver - Looking for matching resources in jar file [file:/root/.m2/repository/io/dropwizard/metrics/metrics-annotation/3.2.4/metrics-annotation-3.2.4.jar]
00:19:42.817 [Test worker] DEBUG o.s.c.i.s.PathMatchingResourcePatternResolver - Looking for matching resources in jar file [file:/root/.m2/repository/io/dropwizard/metrics/metrics-healthchecks/3.2.4/metrics-healthchecks-3.2.4.jar]
00:19:42.818 [Test worker] DEBUG o.s.c.i.s.PathMatchingResourcePatternResolver - Looking for matching resources in jar file [file:/root/.m2/repository/com/fasterxml/jackson/module/jackson-module-afterburner/2.9.6/jackson-module-afterburner-2.9.6.jar]
00:19:42.818 [Test worker] DEBUG o.s.c.i.s.PathMatchingResourcePatternResolver - Looking for matching resources in jar file [file:/root/.m2/repository/net/bytebuddy/byte-buddy/1.8.11/byte-buddy-1.8.11.jar]
00:19:42.823 [Test worker] DEBUG o.s.c.i.s.PathMatchingResourcePatternResolver - Looking for matching resources in jar file [file:/root/.m2/repository/net/bytebuddy/byte-buddy-agent/1.8.11/byte-buddy-agent-1.8.11.jar]
00:19:42.824 [Test worker] DEBUG o.s.c.i.s.PathMatchingResourcePatternResolver - Looking for matching resources in jar file [file:/root/.gradle/caches/modules-2/files-2.1/log4j/log4j/1.2.15/f0a0d2e29ed910808c33135a3a5a51bba6358f7b/log4j-1.2.15.jar]
00:19:42.830 [Test worker] DEBUG o.s.c.i.s.PathMatchingResourcePatternResolver - Looking for matching resources in jar file [file:/root/.m2/repository/io/opentracing/opentracing-api/0.31.0/opentracing-api-0.31.0.jar]
00:19:42.831 [Test worker] DEBUG o.s.c.i.s.PathMatchingResourcePatternResolver - Looking for matching resources in jar file [file:/root/.m2/repository/com/google/code/gson/gson/2.8.2/gson-2.8.2.jar]
00:19:42.831 [Test worker] DEBUG o.s.c.i.s.PathMatchingResourcePatternResolver - Looking for matching resources in jar file [file:/root/.m2/repository/org/apache/thrift/libthrift/0.11.0/libthrift-0.11.0.jar]
00:19:42.832 [Test worker] DEBUG o.s.c.i.s.PathMatchingResourcePatternResolver - Looking for matching resources in jar file [file:/root/.m2/repository/com/squareup/okhttp3/okhttp/3.9.0/okhttp-3.9.0.jar]
00:19:42.832 [Test worker] DEBUG o.s.c.i.s.PathMatchingResourcePatternResolver - Looking for matching resources in jar file [file:/root/.m2/repository/io/jaegertracing/jaeger-client/0.31.0/jaeger-client-0.31.0.jar]
00:19:42.832 [Test worker] DEBUG o.s.c.i.s.PathMatchingResourcePatternResolver - Looking for matching resources in jar file [file:/root/.m2/repository/io/zipkin/reporter2/zipkin-sender-urlconnection/2.7.6/zipkin-sender-urlconnection-2.7.6.jar]
00:19:42.833 [Test worker] DEBUG o.s.c.i.s.PathMatchingResourcePatternResolver - Looking for matching resources in jar file [file:/root/.m2/repository/io/opentracing/opentracing-noop/0.31.0/opentracing-noop-0.31.0.jar]
00:19:42.833 [Test worker] DEBUG o.s.c.i.s.PathMatchingResourcePatternResolver - Looking for matching resources in jar file [file:/root/.gradle/caches/modules-2/files-2.1/org.slf4j/jul-to-slf4j/1.7.7/def21bc1a6e648ee40b41a84f1db443132913105/jul-to-slf4j-1.7.7.jar]
00:19:42.833 [Test worker] DEBUG o.s.c.i.s.PathMatchingResourcePatternResolver - Looking for matching resources in jar file [file:/root/.gradle/caches/modules-2/files-2.1/org.slf4j/log4j-over-slf4j/1.7.7/d521cb26a9c4407caafcec302e7804b048b07cea/log4j-over-slf4j-1.7.7.jar]
00:19:42.833 [Test worker] DEBUG o.s.c.i.s.PathMatchingResourcePatternResolver - Looking for matching resources in jar file [file:/root/.gradle/caches/modules-2/files-2.1/ch.qos.logback/logback-classic/1.1.2/b316e9737eea25e9ddd6d88eaeee76878045c6b2/logback-classic-1.1.2.jar]
00:19:42.834 [Test worker] DEBUG o.s.c.i.s.PathMatchingResourcePatternResolver - Looking for matching resources in jar file [file:/root/.gradle/caches/modules-2/files-2.1/aopalliance/aopalliance/1.0/235ba8b489512805ac13a8f9ea77a1ca5ebe3e8/aopalliance-1.0.jar]
00:19:42.834 [Test worker] DEBUG o.s.c.i.s.PathMatchingResourcePatternResolver - Looking for matching resources in jar file [file:/root/.m2/repository/com/squareup/okio/okio/1.13.0/okio-1.13.0.jar]
00:19:42.834 [Test worker] DEBUG o.s.c.i.s.PathMatchingResourcePatternResolver - Looking for matching resources in jar file [file:/root/.m2/repository/io/jaegertracing/jaeger-tracerresolver/0.31.0/jaeger-tracerresolver-0.31.0.jar]
00:19:42.834 [Test worker] DEBUG o.s.c.i.s.PathMatchingResourcePatternResolver - Looking for matching resources in jar file [file:/root/.m2/repository/io/zipkin/reporter2/zipkin-reporter/2.7.6/zipkin-reporter-2.7.6.jar]
00:19:42.834 [Test worker] DEBUG o.s.c.i.s.PathMatchingResourcePatternResolver - Looking for matching resources in jar file [file:/root/.m2/repository/io/zipkin/zipkin2/zipkin/2.9.4/zipkin-2.9.4.jar]
00:19:42.835 [Test worker] DEBUG o.s.c.i.s.PathMatchingResourcePatternResolver - Looking for matching resources in jar file [file:/root/.gradle/caches/modules-2/files-2.1/ch.qos.logback/logback-core/1.1.2/2d23694879c2c12f125dac5076bdfd5d771cc4cb/logback-core-1.1.2.jar]
00:19:42.838 [Test worker] DEBUG o.s.c.i.s.PathMatchingResourcePatternResolver - Looking for matching resources in jar file [file:/root/.m2/repository/io/opentracing/contrib/opentracing-tracerresolver/0.1.4/opentracing-tracerresolver-0.1.4.jar]
00:19:42.838 [Test worker] DEBUG o.s.c.i.s.PathMatchingResourcePatternResolver - Looking for matching resources in jar file [file:/root/.gradle/caches/modules-2/files-2.1/com.microsoft.azure/applicationinsights-core/1.0.10/c3d9e426516d32bc39706766aa7fdf53fbb992d7/applicationinsights-core-1.0.10.jar]
00:19:42.850 [Test worker] DEBUG o.s.c.i.s.PathMatchingResourcePatternResolver - Looking for matching resources in jar file [file:/root/.gradle/caches/modules-2/files-2.1/eu.infomas/annotation-detector/3.0.4/9dacddd19f848bea5e7ba4dfadce37e0f710cd1b/annotation-detector-3.0.4.jar]
00:19:42.850 [Test worker] DEBUG o.s.c.i.s.PathMatchingResourcePatternResolver - Looking for matching resources in jar file [file:/root/.gradle/caches/modules-2/files-2.1/commons-io/commons-io/2.4/b1b6ea3b7e4aa4f492509a4952029cd8e48019ad/commons-io-2.4.jar]
00:19:42.851 [Test worker] DEBUG o.s.c.i.s.PathMatchingResourcePatternResolver - Looking for matching resources in jar file [file:/root/.m2/repository/org/apache/commons/commons-lang3/3.1/commons-lang3-3.1.jar]
00:19:42.851 [Test worker] DEBUG o.s.c.i.s.PathMatchingResourcePatternResolver - Looking for matching resources in jar file [file:/root/.gradle/caches/modules-2/files-2.1/com.google.guava/guava/12.0.1/b8e78b9af7bf45900e14c6f958486b6ca682195f/guava-12.0.1.jar]
00:19:42.861 [Test worker] DEBUG o.s.c.i.s.PathMatchingResourcePatternResolver - Looking for matching resources in jar file [file:/root/.gradle/caches/modules-2/files-2.1/com.google.code.findbugs/jsr305/1.3.9/40719ea6961c0cb6afaeb6a921eaa1f6afd4cfdf/jsr305-1.3.9.jar]
00:19:42.862 [Test worker] DEBUG o.s.c.i.s.PathMatchingResourcePatternResolver - Looking for matching resources in jar file [file:/root/.m2/repository/org/slf4j/slf4j-api/1.7.25/slf4j-api-1.7.25.jar]
00:19:42.862 [Test worker] DEBUG o.s.c.i.s.PathMatchingResourcePatternResolver - Looking for matching resources in jar file [file:/root/.gradle/caches/modules-2/files-2.1/org.jboss.logging/jboss-logging/3.1.1.GA/7fb1a7eb7ff1d15cac1802510fee65c7ca31a869/jboss-logging-3.1.1.GA.jar]
00:19:42.862 [Test worker] DEBUG o.s.c.i.s.PathMatchingResourcePatternResolver - Looking for matching resources in jar file [file:/root/.gradle/caches/modules-2/files-2.1/org.springframework/spring-beans/4.0.7.RELEASE/fdd041f086972cc16f9b09ee420a98604cd0bc07/spring-beans-4.0.7.RELEASE.jar]
00:19:42.863 [Test worker] DEBUG o.s.c.i.s.PathMatchingResourcePatternResolver - Looking for matching resources in jar file [file:/root/.gradle/caches/modules-2/files-2.1/org.springframework/spring-context/4.0.7.RELEASE/8a4aa735f3691a1985381b3c6c69d32b835f51b4/spring-context-4.0.7.RELEASE.jar]
00:19:42.865 [Test worker] DEBUG o.s.c.i.s.PathMatchingResourcePatternResolver - Looking for matching resources in jar file [file:/root/.gradle/caches/modules-2/files-2.1/org.springframework/spring-expression/4.0.7.RELEASE/46a4cfe181b1f15940b5ea7530fcad1f8b98c561/spring-expression-4.0.7.RELEASE.jar]
00:19:42.865 [Test worker] DEBUG o.s.c.i.s.PathMatchingResourcePatternResolver - Looking for matching resources in jar file [file:/root/.m2/repository/com/fasterxml/jackson/core/jackson-databind/2.9.6/jackson-databind-2.9.6.jar]
00:19:42.866 [Test worker] DEBUG o.s.c.i.s.PathMatchingResourcePatternResolver - Looking for matching resources in jar file [file:/root/.m2/repository/com/fasterxml/jackson/core/jackson-core/2.9.6/jackson-core-2.9.6.jar]
00:19:42.867 [Test worker] DEBUG o.s.c.i.s.PathMatchingResourcePatternResolver - Looking for matching resources in jar file [file:/root/.gradle/caches/modules-2/files-2.1/org.apache.httpcomponents/httpclient/4.5.3/d1577ae15f01ef5438c5afc62162457c00a34713/httpclient-4.5.3.jar]
00:19:42.868 [Test worker] DEBUG o.s.c.i.s.PathMatchingResourcePatternResolver - Looking for matching resources in jar file [file:/root/.gradle/caches/modules-2/files-2.1/org.apache.httpcomponents/httpcore/4.4.6/e3fd8ced1f52c7574af952e2e6da0df8df08eb82/httpcore-4.4.6.jar]
00:19:42.868 [Test worker] DEBUG o.s.c.i.s.PathMatchingResourcePatternResolver - Looking for matching resources in jar file [file:/root/.m2/repository/com/fasterxml/jackson/core/jackson-annotations/2.9.0/jackson-annotations-2.9.0.jar]
00:19:42.868 [Test worker] DEBUG o.s.c.i.s.PathMatchingResourcePatternResolver - Looking for matching resources in jar file [file:/root/.m2/repository/commons-codec/commons-codec/1.9/commons-codec-1.9.jar]
00:19:42.869 [Test worker] DEBUG o.s.c.i.s.PathMatchingResourcePatternResolver - Looking for matching resources in jar file [file:/root/.m2/repository/commons-logging/commons-logging/1.2/commons-logging-1.2.jar]
00:19:42.869 [Test worker] DEBUG o.s.c.i.s.PathMatchingResourcePatternResolver - Looking for matching resources in jar file [file:/usr/lib/jvm/java-1.8.0-openjdk-1.8.0.181-3.b13.el7_5.x86_64/jre/lib/ext/cldrdata.jar]
00:19:42.874 [Test worker] DEBUG o.s.c.i.s.PathMatchingResourcePatternResolver - Looking for matching resources in jar file [file:/usr/lib/jvm/java-1.8.0-openjdk-1.8.0.181-3.b13.el7_5.x86_64/jre/lib/ext/dnsns.jar]
00:19:42.874 [Test worker] DEBUG o.s.c.i.s.PathMatchingResourcePatternResolver - Looking for matching resources in jar file [file:/usr/lib/jvm/java-1.8.0-openjdk-1.8.0.181-3.b13.el7_5.x86_64/jre/lib/ext/jaccess.jar]
00:19:42.874 [Test worker] DEBUG o.s.c.i.s.PathMatchingResourcePatternResolver - Looking for matching resources in jar file [file:/usr/lib/jvm/java-1.8.0-openjdk-1.8.0.181-3.b13.el7_5.x86_64/jre/lib/ext/localedata.jar]
00:19:42.875 [Test worker] DEBUG o.s.c.i.s.PathMatchingResourcePatternResolver - Looking for matching resources in jar file [file:/usr/lib/jvm/java-1.8.0-openjdk-1.8.0.181-3.b13.el7_5.x86_64/jre/lib/ext/nashorn.jar]
00:19:42.877 [Test worker] DEBUG o.s.c.i.s.PathMatchingResourcePatternResolver - Looking for matching resources in jar file [file:/usr/lib/jvm/java-1.8.0-openjdk-1.8.0.181-3.b13.el7_5.x86_64/jre/lib/ext/sunec.jar]
00:19:42.877 [Test worker] DEBUG o.s.c.i.s.PathMatchingResourcePatternResolver - Looking for matching resources in jar file [file:/usr/lib/jvm/java-1.8.0-openjdk-1.8.0.181-3.b13.el7_5.x86_64/jre/lib/ext/sunjce_provider.jar]
00:19:42.878 [Test worker] DEBUG o.s.c.i.s.PathMatchingResourcePatternResolver - Looking for matching resources in jar file [file:/usr/lib/jvm/java-1.8.0-openjdk-1.8.0.181-3.b13.el7_5.x86_64/jre/lib/ext/sunpkcs11.jar]
00:19:42.878 [Test worker] DEBUG o.s.c.i.s.PathMatchingResourcePatternResolver - Looking for matching resources in jar file [file:/usr/lib/jvm/java-1.8.0-openjdk-1.8.0.181-3.b13.el7_5.x86_64/jre/lib/ext/zipfs.jar]
00:19:42.878 [Test worker] DEBUG o.s.c.i.s.PathMatchingResourcePatternResolver - Looking for matching resources in jar file [file:/usr/lib/jvm/java-1.8.0-openjdk-1.8.0.181-3.b13.el7_5.x86_64/jre/lib/ext/java-atk-wrapper.jar]
00:19:42.878 [Test worker] DEBUG o.s.c.i.s.PathMatchingResourcePatternResolver - Resolved location pattern [classpath*:messages*.properties] to resources []
00:19:42.878 [Test worker] DEBUG o.s.b.f.s.DefaultListableBeanFactory - Returning cached instance of singleton bean 'autoConfigurationReport'
00:19:42.883 [Test worker] DEBUG o.s.b.f.s.DefaultListableBeanFactory - Returning cached instance of singleton bean 'autoConfigurationReport'
00:19:42.885 [Test worker] DEBUG o.s.b.f.s.DefaultListableBeanFactory - Returning cached instance of singleton bean 'autoConfigurationReport'
00:19:42.885 [Test worker] DEBUG o.s.b.f.s.DefaultListableBeanFactory - Returning cached instance of singleton bean 'autoConfigurationReport'
00:19:42.888 [Test worker] DEBUG o.s.b.f.s.DefaultListableBeanFactory - Returning cached instance of singleton bean 'autoConfigurationReport'
00:19:42.888 [Test worker] DEBUG o.s.b.f.s.DefaultListableBeanFactory - Returning cached instance of singleton bean 'autoConfigurationReport'
00:19:42.888 [Test worker] DEBUG o.s.b.f.s.DefaultListableBeanFactory - Returning cached instance of singleton bean 'autoConfigurationReport'
00:19:42.890 [Test worker] DEBUG o.s.b.f.s.DefaultListableBeanFactory - Returning cached instance of singleton bean 'autoConfigurationReport'
00:19:42.890 [Test worker] DEBUG o.s.b.f.s.DefaultListableBeanFactory - Returning cached instance of singleton bean 'autoConfigurationReport'
00:19:42.890 [Test worker] DEBUG o.s.b.f.s.DefaultListableBeanFactory - Returning cached instance of singleton bean 'autoConfigurationReport'
00:19:42.891 [Test worker] DEBUG o.s.b.f.s.DefaultListableBeanFactory - Returning cached instance of singleton bean 'autoConfigurationReport'
00:19:42.891 [Test worker] DEBUG o.s.b.f.s.DefaultListableBeanFactory - Returning cached instance of singleton bean 'autoConfigurationReport'
00:19:42.892 [Test worker] DEBUG o.s.b.f.s.DefaultListableBeanFactory - Returning cached instance of singleton bean 'autoConfigurationReport'
00:19:42.892 [Test worker] DEBUG o.s.b.f.s.DefaultListableBeanFactory - Returning cached instance of singleton bean 'autoConfigurationReport'
00:19:42.893 [Test worker] DEBUG o.s.b.f.s.DefaultListableBeanFactory - Returning cached instance of singleton bean 'autoConfigurationReport'
00:19:42.895 [Test worker] DEBUG o.s.b.f.s.DefaultListableBeanFactory - Returning cached instance of singleton bean 'autoConfigurationReport'
00:19:42.895 [Test worker] DEBUG o.s.b.f.s.DefaultListableBeanFactory - Returning cached instance of singleton bean 'autoConfigurationReport'
00:19:42.898 [Test worker] DEBUG o.s.c.e.PropertySourcesPropertyResolver - Searching for key 'health.solr.enabled:true' in [systemProperties]
00:19:42.898 [Test worker] DEBUG o.s.c.e.PropertySourcesPropertyResolver - Searching for key 'health.solr.enabled:true' in [systemEnvironment]
00:19:42.898 [Test worker] DEBUG o.s.c.e.PropertySourcesPropertyResolver - Could not find key 'health.solr.enabled:true' in any property source. Returning [null]
00:19:42.898 [Test worker] DEBUG o.s.c.e.PropertySourcesPropertyResolver - Searching for key 'health.solr.enabled' in [systemProperties]
00:19:42.898 [Test worker] DEBUG o.s.c.e.PropertySourcesPropertyResolver - Searching for key 'health.solr.enabled' in [systemEnvironment]
00:19:42.898 [Test worker] DEBUG o.s.c.e.PropertySourcesPropertyResolver - Could not find key 'health.solr.enabled' in any property source. Returning [null]
00:19:42.924 [Test worker] DEBUG o.s.b.f.s.DefaultListableBeanFactory - Returning cached instance of singleton bean 'autoConfigurationReport'
00:19:42.925 [Test worker] DEBUG o.s.c.e.PropertySourcesPropertyResolver - Searching for key 'health.rabbit.enabled:true' in [systemProperties]
00:19:42.925 [Test worker] DEBUG o.s.c.e.PropertySourcesPropertyResolver - Searching for key 'health.rabbit.enabled:true' in [systemEnvironment]
00:19:42.925 [Test worker] DEBUG o.s.c.e.PropertySourcesPropertyResolver - Could not find key 'health.rabbit.enabled:true' in any property source. Returning [null]
00:19:42.925 [Test worker] DEBUG o.s.c.e.PropertySourcesPropertyResolver - Searching for key 'health.rabbit.enabled' in [systemProperties]
00:19:42.925 [Test worker] DEBUG o.s.c.e.PropertySourcesPropertyResolver - Searching for key 'health.rabbit.enabled' in [systemEnvironment]
00:19:42.925 [Test worker] DEBUG o.s.c.e.PropertySourcesPropertyResolver - Could not find key 'health.rabbit.enabled' in any property source. Returning [null]
00:19:42.926 [Test worker] DEBUG o.s.b.f.s.DefaultListableBeanFactory - Returning cached instance of singleton bean 'autoConfigurationReport'
00:19:42.926 [Test worker] DEBUG o.s.c.e.PropertySourcesPropertyResolver - Searching for key 'health.redis.enabled:true' in [systemProperties]
00:19:42.926 [Test worker] DEBUG o.s.c.e.PropertySourcesPropertyResolver - Searching for key 'health.redis.enabled:true' in [systemEnvironment]
00:19:42.926 [Test worker] DEBUG o.s.c.e.PropertySourcesPropertyResolver - Could not find key 'health.redis.enabled:true' in any property source. Returning [null]
00:19:42.926 [Test worker] DEBUG o.s.c.e.PropertySourcesPropertyResolver - Searching for key 'health.redis.enabled' in [systemProperties]
00:19:42.926 [Test worker] DEBUG o.s.c.e.PropertySourcesPropertyResolver - Searching for key 'health.redis.enabled' in [systemEnvironment]
00:19:42.926 [Test worker] DEBUG o.s.c.e.PropertySourcesPropertyResolver - Could not find key 'health.redis.enabled' in any property source. Returning [null]
00:19:42.926 [Test worker] DEBUG o.s.b.f.s.DefaultListableBeanFactory - Returning cached instance of singleton bean 'autoConfigurationReport'
00:19:42.927 [Test worker] DEBUG o.s.c.e.PropertySourcesPropertyResolver - Searching for key 'health.mongo.enabled:true' in [systemProperties]
00:19:42.927 [Test worker] DEBUG o.s.c.e.PropertySourcesPropertyResolver - Searching for key 'health.mongo.enabled:true' in [systemEnvironment]
00:19:42.927 [Test worker] DEBUG o.s.c.e.PropertySourcesPropertyResolver - Could not find key 'health.mongo.enabled:true' in any property source. Returning [null]
00:19:42.927 [Test worker] DEBUG o.s.c.e.PropertySourcesPropertyResolver - Searching for key 'health.mongo.enabled' in [systemProperties]
00:19:42.927 [Test worker] DEBUG o.s.c.e.PropertySourcesPropertyResolver - Searching for key 'health.mongo.enabled' in [systemEnvironment]
00:19:42.927 [Test worker] DEBUG o.s.c.e.PropertySourcesPropertyResolver - Could not find key 'health.mongo.enabled' in any property source. Returning [null]
00:19:42.927 [Test worker] DEBUG o.s.b.f.s.DefaultListableBeanFactory - Returning cached instance of singleton bean 'autoConfigurationReport'
00:19:42.927 [Test worker] DEBUG o.s.c.e.PropertySourcesPropertyResolver - Searching for key 'health.db.enabled:true' in [systemProperties]
00:19:42.927 [Test worker] DEBUG o.s.c.e.PropertySourcesPropertyResolver - Searching for key 'health.db.enabled:true' in [systemEnvironment]
00:19:42.927 [Test worker] DEBUG o.s.c.e.PropertySourcesPropertyResolver - Could not find key 'health.db.enabled:true' in any property source. Returning [null]
00:19:42.928 [Test worker] DEBUG o.s.c.e.PropertySourcesPropertyResolver - Searching for key 'health.db.enabled' in [systemProperties]
00:19:42.928 [Test worker] DEBUG o.s.c.e.PropertySourcesPropertyResolver - Searching for key 'health.db.enabled' in [systemEnvironment]
00:19:42.928 [Test worker] DEBUG o.s.c.e.PropertySourcesPropertyResolver - Could not find key 'health.db.enabled' in any property source. Returning [null]
00:19:42.928 [Test worker] DEBUG o.s.b.f.s.DefaultListableBeanFactory - Returning cached instance of singleton bean 'autoConfigurationReport'
00:19:42.931 [Test worker] DEBUG o.s.b.f.s.DefaultListableBeanFactory - Returning cached instance of singleton bean 'autoConfigurationReport'
00:19:42.933 [Test worker] DEBUG o.s.b.f.s.DefaultListableBeanFactory - Returning cached instance of singleton bean 'autoConfigurationReport'
00:19:42.933 [Test worker] DEBUG o.s.c.e.PropertySourcesPropertyResolver - Searching for key 'spring.jmx.enabled:true' in [systemProperties]
00:19:42.933 [Test worker] DEBUG o.s.c.e.PropertySourcesPropertyResolver - Searching for key 'spring.jmx.enabled:true' in [systemEnvironment]
00:19:42.933 [Test worker] DEBUG o.s.c.e.PropertySourcesPropertyResolver - Could not find key 'spring.jmx.enabled:true' in any property source. Returning [null]
00:19:42.933 [Test worker] DEBUG o.s.c.e.PropertySourcesPropertyResolver - Searching for key 'spring.jmx.enabled' in [systemProperties]
00:19:42.934 [Test worker] DEBUG o.s.c.e.PropertySourcesPropertyResolver - Searching for key 'spring.jmx.enabled' in [systemEnvironment]
00:19:42.934 [Test worker] DEBUG o.s.c.e.PropertySourcesPropertyResolver - Could not find key 'spring.jmx.enabled' in any property source. Returning [null]
00:19:42.934 [Test worker] DEBUG o.s.b.f.s.DefaultListableBeanFactory - Returning cached instance of singleton bean 'autoConfigurationReport'
00:19:42.938 [Test worker] DEBUG o.s.c.e.PropertySourcesPropertyResolver - Searching for key 'endpoints.jmx.enabled:true' in [systemProperties]
00:19:42.939 [Test worker] DEBUG o.s.c.e.PropertySourcesPropertyResolver - Searching for key 'endpoints.jmx.enabled:true' in [systemEnvironment]
00:19:42.939 [Test worker] DEBUG o.s.c.e.PropertySourcesPropertyResolver - Could not find key 'endpoints.jmx.enabled:true' in any property source. Returning [null]
00:19:42.939 [Test worker] DEBUG o.s.c.e.PropertySourcesPropertyResolver - Searching for key 'endpoints.jmx.enabled' in [systemProperties]
00:19:42.939 [Test worker] DEBUG o.s.c.e.PropertySourcesPropertyResolver - Searching for key 'endpoints.jmx.enabled' in [systemEnvironment]
00:19:42.939 [Test worker] DEBUG o.s.c.e.PropertySourcesPropertyResolver - Could not find key 'endpoints.jmx.enabled' in any property source. Returning [null]
00:19:42.939 [Test worker] DEBUG o.s.c.e.PropertySourcesPropertyResolver - Searching for key 'spring.jmx.enabled:true' in [systemProperties]
00:19:42.939 [Test worker] DEBUG o.s.c.e.PropertySourcesPropertyResolver - Searching for key 'spring.jmx.enabled:true' in [systemEnvironment]
00:19:42.939 [Test worker] DEBUG o.s.c.e.PropertySourcesPropertyResolver - Could not find key 'spring.jmx.enabled:true' in any property source. Returning [null]
00:19:42.939 [Test worker] DEBUG o.s.c.e.PropertySourcesPropertyResolver - Searching for key 'spring.jmx.enabled' in [systemProperties]
00:19:42.939 [Test worker] DEBUG o.s.c.e.PropertySourcesPropertyResolver - Searching for key 'spring.jmx.enabled' in [systemEnvironment]
00:19:42.939 [Test worker] DEBUG o.s.c.e.PropertySourcesPropertyResolver - Could not find key 'spring.jmx.enabled' in any property source. Returning [null]
00:19:42.942 [Test worker] DEBUG o.s.b.f.s.DefaultListableBeanFactory - Returning cached instance of singleton bean 'autoConfigurationReport'
00:19:42.943 [Test worker] DEBUG o.s.b.f.s.DefaultListableBeanFactory - Returning cached instance of singleton bean 'autoConfigurationReport'
00:19:42.944 [Test worker] DEBUG o.s.b.f.s.DefaultListableBeanFactory - Returning cached instance of singleton bean 'autoConfigurationReport'
00:19:42.944 [Test worker] DEBUG o.s.b.f.s.DefaultListableBeanFactory - Returning cached instance of singleton bean 'autoConfigurationReport'
00:19:42.949 [Test worker] DEBUG o.s.b.f.s.DefaultListableBeanFactory - Returning cached instance of singleton bean 'autoConfigurationReport'
00:19:42.950 [Test worker] DEBUG o.s.b.f.s.DefaultListableBeanFactory - Returning cached instance of singleton bean 'autoConfigurationReport'
00:19:42.951 [Test worker] DEBUG o.s.b.f.s.DefaultListableBeanFactory - Returning cached instance of singleton bean 'autoConfigurationReport'
00:19:42.952 [Test worker] DEBUG o.s.b.f.s.DefaultListableBeanFactory - Returning cached instance of singleton bean 'autoConfigurationReport'
00:19:42.953 [Test worker] DEBUG o.s.b.f.s.DefaultListableBeanFactory - Returning cached instance of singleton bean 'autoConfigurationReport'
00:19:42.955 [Test worker] DEBUG o.s.b.f.s.DefaultListableBeanFactory - Returning cached instance of singleton bean 'autoConfigurationReport'
00:19:42.955 [Test worker] DEBUG o.s.b.f.s.DefaultListableBeanFactory - Returning cached instance of singleton bean 'autoConfigurationReport'
00:19:42.956 [Test worker] DEBUG o.s.b.f.s.DefaultListableBeanFactory - Returning cached instance of singleton bean 'autoConfigurationReport'
00:19:42.957 [Test worker] DEBUG o.s.b.f.s.DefaultListableBeanFactory - Returning cached instance of singleton bean 'autoConfigurationReport'
00:19:42.958 [Test worker] DEBUG o.s.b.f.s.DefaultListableBeanFactory - Returning cached instance of singleton bean 'autoConfigurationReport'
00:19:42.958 [Test worker] DEBUG o.s.c.e.PropertySourcesPropertyResolver - Searching for key 'spring.data.mongo.repositories.enabled:true' in [systemProperties]
00:19:42.958 [Test worker] DEBUG o.s.c.e.PropertySourcesPropertyResolver - Searching for key 'spring.data.mongo.repositories.enabled:true' in [systemEnvironment]
00:19:42.959 [Test worker] DEBUG o.s.c.e.PropertySourcesPropertyResolver - Could not find key 'spring.data.mongo.repositories.enabled:true' in any property source. Returning [null]
00:19:42.959 [Test worker] DEBUG o.s.c.e.PropertySourcesPropertyResolver - Searching for key 'spring.data.mongo.repositories.enabled' in [systemProperties]
00:19:42.959 [Test worker] DEBUG o.s.c.e.PropertySourcesPropertyResolver - Searching for key 'spring.data.mongo.repositories.enabled' in [systemEnvironment]
00:19:42.959 [Test worker] DEBUG o.s.c.e.PropertySourcesPropertyResolver - Could not find key 'spring.data.mongo.repositories.enabled' in any property source. Returning [null]
00:19:42.959 [Test worker] DEBUG o.s.b.f.s.DefaultListableBeanFactory - Returning cached instance of singleton bean 'autoConfigurationReport'
00:19:42.964 [Test worker] DEBUG o.s.b.f.s.DefaultListableBeanFactory - Returning cached instance of singleton bean 'autoConfigurationReport'
00:19:42.965 [Test worker] DEBUG o.s.b.f.s.DefaultListableBeanFactory - Returning cached instance of singleton bean 'autoConfigurationReport'
00:19:42.966 [Test worker] DEBUG o.s.b.f.s.DefaultListableBeanFactory - Returning cached instance of singleton bean 'autoConfigurationReport'
00:19:42.967 [Test worker] DEBUG o.s.b.f.s.DefaultListableBeanFactory - Returning cached instance of singleton bean 'autoConfigurationReport'
00:19:42.967 [Test worker] DEBUG o.s.b.f.s.DefaultListableBeanFactory - Returning cached instance of singleton bean 'autoConfigurationReport'
00:19:42.970 [Test worker] DEBUG o.s.b.f.s.DefaultListableBeanFactory - Returning cached instance of singleton bean 'autoConfigurationReport'
00:19:42.971 [Test worker] DEBUG o.s.b.f.s.DefaultListableBeanFactory - Returning cached instance of singleton bean 'autoConfigurationReport'
00:19:42.971 [Test worker] DEBUG o.s.b.f.s.DefaultListableBeanFactory - Returning cached instance of singleton bean 'autoConfigurationReport'
00:19:42.972 [Test worker] DEBUG o.s.b.f.s.DefaultListableBeanFactory - Returning cached instance of singleton bean 'autoConfigurationReport'
00:19:42.973 [Test worker] DEBUG o.s.b.f.s.DefaultListableBeanFactory - Returning cached instance of singleton bean 'autoConfigurationReport'
00:19:42.973 [Test worker] DEBUG o.s.b.f.s.DefaultListableBeanFactory - Returning cached instance of singleton bean 'autoConfigurationReport'
00:19:42.974 [Test worker] DEBUG o.s.b.f.s.DefaultListableBeanFactory - Returning cached instance of singleton bean 'autoConfigurationReport'
00:19:42.974 [Test worker] DEBUG o.s.b.f.s.DefaultListableBeanFactory - Returning cached instance of singleton bean 'autoConfigurationReport'
00:19:42.975 [Test worker] DEBUG o.s.b.f.s.DefaultListableBeanFactory - Returning cached instance of singleton bean 'autoConfigurationReport'
00:19:42.980 [Test worker] DEBUG o.s.b.f.s.DefaultListableBeanFactory - Returning cached instance of singleton bean 'autoConfigurationReport'
00:19:42.980 [Test worker] DEBUG o.s.b.f.s.DefaultListableBeanFactory - Returning cached instance of singleton bean 'autoConfigurationReport'
00:19:42.981 [Test worker] DEBUG o.s.b.f.s.DefaultListableBeanFactory - Returning cached instance of singleton bean 'autoConfigurationReport'
00:19:42.982 [Test worker] DEBUG o.s.b.f.s.DefaultListableBeanFactory - Returning cached instance of singleton bean 'autoConfigurationReport'
00:19:42.982 [Test worker] DEBUG o.s.b.f.s.DefaultListableBeanFactory - Returning cached instance of singleton bean 'autoConfigurationReport'
00:19:42.982 [Test worker] DEBUG o.s.b.f.s.DefaultListableBeanFactory - Returning cached instance of singleton bean 'autoConfigurationReport'
00:19:42.983 [Test worker] DEBUG o.s.b.f.s.DefaultListableBeanFactory - Returning cached instance of singleton bean 'autoConfigurationReport'
00:19:42.983 [Test worker] DEBUG o.s.b.f.s.DefaultListableBeanFactory - Returning cached instance of singleton bean 'autoConfigurationReport'
00:19:42.984 [Test worker] DEBUG o.s.b.f.s.DefaultListableBeanFactory - Returning cached instance of singleton bean 'autoConfigurationReport'
00:19:42.984 [Test worker] DEBUG o.s.c.e.PropertySourcesPropertyResolver - Searching for key 'security.basic.enabled:true' in [systemProperties]
00:19:42.984 [Test worker] DEBUG o.s.c.e.PropertySourcesPropertyResolver - Searching for key 'security.basic.enabled:true' in [systemEnvironment]
00:19:42.984 [Test worker] DEBUG o.s.c.e.PropertySourcesPropertyResolver - Could not find key 'security.basic.enabled:true' in any property source. Returning [null]
00:19:42.984 [Test worker] DEBUG o.s.c.e.PropertySourcesPropertyResolver - Searching for key 'security.basic.enabled' in [systemProperties]
00:19:42.984 [Test worker] DEBUG o.s.c.e.PropertySourcesPropertyResolver - Searching for key 'security.basic.enabled' in [systemEnvironment]
00:19:42.984 [Test worker] DEBUG o.s.c.e.PropertySourcesPropertyResolver - Could not find key 'security.basic.enabled' in any property source. Returning [null]
00:19:42.985 [Test worker] DEBUG o.s.b.f.s.DefaultListableBeanFactory - Returning cached instance of singleton bean 'autoConfigurationReport'
00:19:42.985 [Test worker] DEBUG o.s.b.f.s.DefaultListableBeanFactory - Returning cached instance of singleton bean 'autoConfigurationReport'
00:19:42.986 [Test worker] DEBUG o.s.b.f.s.DefaultListableBeanFactory - Returning cached instance of singleton bean 'autoConfigurationReport'
00:19:42.990 [Test worker] DEBUG o.s.b.f.s.DefaultListableBeanFactory - Returning cached instance of singleton bean 'autoConfigurationReport'
00:19:42.995 [Test worker] DEBUG o.s.b.f.s.DefaultListableBeanFactory - Returning cached instance of singleton bean 'autoConfigurationReport'
00:19:42.998 [Test worker] DEBUG o.s.b.f.s.DefaultListableBeanFactory - Returning cached instance of singleton bean 'autoConfigurationReport'
00:19:42.999 [Test worker] DEBUG o.s.b.f.s.DefaultListableBeanFactory - Returning cached instance of singleton bean 'autoConfigurationReport'
00:19:42.999 [Test worker] DEBUG o.s.b.f.s.DefaultListableBeanFactory - Returning cached instance of singleton bean 'autoConfigurationReport'
00:19:42.999 [Test worker] DEBUG o.s.b.f.s.DefaultListableBeanFactory - Returning cached instance of singleton bean 'autoConfigurationReport'
00:19:43.000 [Test worker] DEBUG o.s.b.f.s.DefaultListableBeanFactory - Returning cached instance of singleton bean 'autoConfigurationReport'
00:19:43.001 [Test worker] DEBUG o.s.c.e.PropertySourcesPropertyResolver - Searching for key 'multipart.enabled:true' in [systemProperties]
00:19:43.001 [Test worker] DEBUG o.s.c.e.PropertySourcesPropertyResolver - Searching for key 'multipart.enabled:true' in [systemEnvironment]
00:19:43.001 [Test worker] DEBUG o.s.c.e.PropertySourcesPropertyResolver - Could not find key 'multipart.enabled:true' in any property source. Returning [null]
00:19:43.001 [Test worker] DEBUG o.s.c.e.PropertySourcesPropertyResolver - Searching for key 'multipart.enabled' in [systemProperties]
00:19:43.001 [Test worker] DEBUG o.s.c.e.PropertySourcesPropertyResolver - Searching for key 'multipart.enabled' in [systemEnvironment]
00:19:43.001 [Test worker] DEBUG o.s.c.e.PropertySourcesPropertyResolver - Could not find key 'multipart.enabled' in any property source. Returning [null]
00:19:43.001 [Test worker] DEBUG o.s.b.f.s.DefaultListableBeanFactory - Returning cached instance of singleton bean 'autoConfigurationReport'
00:19:43.023 [Test worker] DEBUG o.s.c.t.c.AnnotationAttributesReadingVisitor - Failed to class-load type while reading annotation metadata. This is a non-fatal error, but certain annotation metadata may be unavailable.
java.lang.ClassNotFoundException: org.springframework.security.config.annotation.web.configuration.EnableWebSecurity
	at java.net.URLClassLoader.findClass(URLClassLoader.java:381) ~[na:1.8.0_181]
	at java.lang.ClassLoader.loadClass(ClassLoader.java:424) ~[na:1.8.0_181]
	at sun.misc.Launcher$AppClassLoader.loadClass(Launcher.java:349) ~[na:1.8.0_181]
	at java.lang.ClassLoader.loadClass(ClassLoader.java:357) ~[na:1.8.0_181]
	at org.springframework.core.type.classreading.RecursiveAnnotationAttributesVisitor.visitEnd(AnnotationAttributesReadingVisitor.java:181) ~[spring-core-4.0.7.RELEASE.jar:4.0.7.RELEASE]
	at org.springframework.asm.ClassReader.readAnnotationValues(ClassReader.java:1788) [spring-core-4.0.7.RELEASE.jar:4.0.7.RELEASE]
	at org.springframework.asm.ClassReader.accept(ClassReader.java:642) [spring-core-4.0.7.RELEASE.jar:4.0.7.RELEASE]
	at org.springframework.asm.ClassReader.accept(ClassReader.java:508) [spring-core-4.0.7.RELEASE.jar:4.0.7.RELEASE]
	at org.springframework.core.type.classreading.SimpleMetadataReader.<init>(SimpleMetadataReader.java:64) [spring-core-4.0.7.RELEASE.jar:4.0.7.RELEASE]
	at org.springframework.core.type.classreading.SimpleMetadataReaderFactory.getMetadataReader(SimpleMetadataReaderFactory.java:82) [spring-core-4.0.7.RELEASE.jar:4.0.7.RELEASE]
	at org.springframework.core.type.classreading.CachingMetadataReaderFactory.getMetadataReader(CachingMetadataReaderFactory.java:102) [spring-core-4.0.7.RELEASE.jar:4.0.7.RELEASE]
	at org.springframework.core.type.classreading.SimpleMetadataReaderFactory.getMetadataReader(SimpleMetadataReaderFactory.java:77) [spring-core-4.0.7.RELEASE.jar:4.0.7.RELEASE]
	at org.springframework.boot.autoconfigure.AutoConfigurationSorter$AutoConfigurationClasses.<init>(AutoConfigurationSorter.java:125) [spring-boot-autoconfigure-1.1.7.RELEASE.jar:1.1.7.RELEASE]
	at org.springframework.boot.autoconfigure.AutoConfigurationSorter.getInPriorityOrder(AutoConfigurationSorter.java:60) [spring-boot-autoconfigure-1.1.7.RELEASE.jar:1.1.7.RELEASE]
	at org.springframework.boot.autoconfigure.EnableAutoConfigurationImportSelector.selectImports(EnableAutoConfigurationImportSelector.java:72) [spring-boot-autoconfigure-1.1.7.RELEASE.jar:1.1.7.RELEASE]
	at org.springframework.context.annotation.ConfigurationClassParser.processDeferredImportSelectors(ConfigurationClassParser.java:388) [spring-context-4.0.7.RELEASE.jar:4.0.7.RELEASE]
	at org.springframework.context.annotation.ConfigurationClassParser.parse(ConfigurationClassParser.java:165) [spring-context-4.0.7.RELEASE.jar:4.0.7.RELEASE]
	at org.springframework.context.annotation.ConfigurationClassPostProcessor.processConfigBeanDefinitions(ConfigurationClassPostProcessor.java:305) [spring-context-4.0.7.RELEASE.jar:4.0.7.RELEASE]
	at org.springframework.context.annotation.ConfigurationClassPostProcessor.postProcessBeanDefinitionRegistry(ConfigurationClassPostProcessor.java:243) [spring-context-4.0.7.RELEASE.jar:4.0.7.RELEASE]
	at org.springframework.context.support.PostProcessorRegistrationDelegate.invokeBeanDefinitionRegistryPostProcessors(PostProcessorRegistrationDelegate.java:254) [spring-context-4.0.7.RELEASE.jar:4.0.7.RELEASE]
	at org.springframework.context.support.PostProcessorRegistrationDelegate.invokeBeanFactoryPostProcessors(PostProcessorRegistrationDelegate.java:94) [spring-context-4.0.7.RELEASE.jar:4.0.7.RELEASE]
	at org.springframework.context.support.AbstractApplicationContext.invokeBeanFactoryPostProcessors(AbstractApplicationContext.java:611) [spring-context-4.0.7.RELEASE.jar:4.0.7.RELEASE]
	at org.springframework.context.support.AbstractApplicationContext.refresh(AbstractApplicationContext.java:464) [spring-context-4.0.7.RELEASE.jar:4.0.7.RELEASE]
	at org.springframework.context.annotation.AnnotationConfigApplicationContext.<init>(AnnotationConfigApplicationContext.java:84) [spring-context-4.0.7.RELEASE.jar:4.0.7.RELEASE]
	at smpl.ordering.ConfigurationRule.apply(ConfigurationRule.java:18) [test/:na]
	at org.junit.rules.RunRules.applyAll(RunRules.java:26) [junit-4.11.jar:na]
	at org.junit.rules.RunRules.<init>(RunRules.java:15) [junit-4.11.jar:na]
	at org.junit.runners.BlockJUnit4ClassRunner.withTestRules(BlockJUnit4ClassRunner.java:379) [junit-4.11.jar:na]
	at org.junit.runners.BlockJUnit4ClassRunner.withRules(BlockJUnit4ClassRunner.java:340) [junit-4.11.jar:na]
	at org.junit.runners.BlockJUnit4ClassRunner.methodBlock(BlockJUnit4ClassRunner.java:256) [junit-4.11.jar:na]
	at org.junit.runners.BlockJUnit4ClassRunner.runChild(BlockJUnit4ClassRunner.java:70) [junit-4.11.jar:na]
	at org.junit.runners.BlockJUnit4ClassRunner.runChild(BlockJUnit4ClassRunner.java:50) [junit-4.11.jar:na]
	at org.junit.runners.ParentRunner$3.run(ParentRunner.java:238) [junit-4.11.jar:na]
	at org.junit.runners.ParentRunner$1.schedule(ParentRunner.java:63) [junit-4.11.jar:na]
	at org.junit.runners.ParentRunner.runChildren(ParentRunner.java:236) [junit-4.11.jar:na]
	at org.junit.runners.ParentRunner.access$000(ParentRunner.java:53) [junit-4.11.jar:na]
	at org.junit.runners.ParentRunner$2.evaluate(ParentRunner.java:229) [junit-4.11.jar:na]
	at org.junit.runners.ParentRunner.run(ParentRunner.java:309) [junit-4.11.jar:na]
	at org.gradle.api.internal.tasks.testing.junit.JUnitTestClassExecuter.runTestClass(JUnitTestClassExecuter.java:86) [gradle-plugins-2.1.jar:2.1]
	at org.gradle.api.internal.tasks.testing.junit.JUnitTestClassExecuter.execute(JUnitTestClassExecuter.java:49) [gradle-plugins-2.1.jar:2.1]
	at org.gradle.api.internal.tasks.testing.junit.JUnitTestClassProcessor.processTestClass(JUnitTestClassProcessor.java:69) [gradle-plugins-2.1.jar:2.1]
	at org.gradle.api.internal.tasks.testing.SuiteTestClassProcessor.processTestClass(SuiteTestClassProcessor.java:48) [gradle-plugins-2.1.jar:2.1]
	at sun.reflect.NativeMethodAccessorImpl.invoke0(Native Method) ~[na:1.8.0_181]
	at sun.reflect.NativeMethodAccessorImpl.invoke(NativeMethodAccessorImpl.java:62) ~[na:1.8.0_181]
	at sun.reflect.DelegatingMethodAccessorImpl.invoke(DelegatingMethodAccessorImpl.java:43) ~[na:1.8.0_181]
	at java.lang.reflect.Method.invoke(Method.java:498) ~[na:1.8.0_181]
	at org.gradle.messaging.dispatch.ReflectionDispatch.dispatch(ReflectionDispatch.java:35) [gradle-messaging-2.1.jar:2.1]
	at org.gradle.messaging.dispatch.ReflectionDispatch.dispatch(ReflectionDispatch.java:24) [gradle-messaging-2.1.jar:2.1]
	at org.gradle.messaging.dispatch.ContextClassLoaderDispatch.dispatch(ContextClassLoaderDispatch.java:32) [gradle-messaging-2.1.jar:2.1]
	at org.gradle.messaging.dispatch.ProxyDispatchAdapter$DispatchingInvocationHandler.invoke(ProxyDispatchAdapter.java:93) [gradle-messaging-2.1.jar:2.1]
	at com.sun.proxy.$Proxy2.processTestClass(Unknown Source) [na:na]
	at org.gradle.api.internal.tasks.testing.worker.TestWorker.processTestClass(TestWorker.java:105) [gradle-plugins-2.1.jar:2.1]
	at sun.reflect.NativeMethodAccessorImpl.invoke0(Native Method) ~[na:1.8.0_181]
	at sun.reflect.NativeMethodAccessorImpl.invoke(NativeMethodAccessorImpl.java:62) ~[na:1.8.0_181]
	at sun.reflect.DelegatingMethodAccessorImpl.invoke(DelegatingMethodAccessorImpl.java:43) ~[na:1.8.0_181]
	at java.lang.reflect.Method.invoke(Method.java:498) ~[na:1.8.0_181]
	at org.gradle.messaging.dispatch.ReflectionDispatch.dispatch(ReflectionDispatch.java:35) [gradle-messaging-2.1.jar:2.1]
	at org.gradle.messaging.dispatch.ReflectionDispatch.dispatch(ReflectionDispatch.java:24) [gradle-messaging-2.1.jar:2.1]
	at org.gradle.messaging.remote.internal.hub.MessageHub$Handler.run(MessageHub.java:355) [gradle-messaging-2.1.jar:2.1]
	at org.gradle.internal.concurrent.DefaultExecutorFactory$StoppableExecutorImpl$1.run(DefaultExecutorFactory.java:64) [gradle-base-services-2.1.jar:2.1]
	at java.util.concurrent.ThreadPoolExecutor.runWorker(ThreadPoolExecutor.java:1149) [na:1.8.0_181]
	at java.util.concurrent.ThreadPoolExecutor$Worker.run(ThreadPoolExecutor.java:624) [na:1.8.0_181]
	at java.lang.Thread.run(Thread.java:748) [na:1.8.0_181]
00:19:43.052 [Test worker] DEBUG o.s.c.e.PropertySourcesPropertyResolver - Searching for key 'spring.messages.basename' in [systemProperties]
00:19:43.053 [Test worker] DEBUG o.s.c.e.PropertySourcesPropertyResolver - Searching for key 'spring.messages.basename' in [systemEnvironment]
00:19:43.053 [Test worker] DEBUG o.s.c.e.PropertySourcesPropertyResolver - Could not find key 'spring.messages.basename' in any property source. Returning [null]
00:19:43.074 [Test worker] DEBUG o.s.c.i.s.PathMatchingResourcePatternResolver - Looking for matching resources in directory tree [/opt/Projects/PartsUnlimitedMRP/src/Backend/OrderService/build/classes/test]
00:19:43.074 [Test worker] DEBUG o.s.c.i.s.PathMatchingResourcePatternResolver - Searching directory [/opt/Projects/PartsUnlimitedMRP/src/Backend/OrderService/build/classes/test] for files matching pattern [/opt/Projects/PartsUnlimitedMRP/src/Backend/OrderService/build/classes/test/messages*.properties]
00:19:43.075 [Test worker] DEBUG o.s.c.i.s.PathMatchingResourcePatternResolver - Looking for matching resources in directory tree [/opt/Projects/PartsUnlimitedMRP/src/Backend/OrderService/build/resources/test]
00:19:43.075 [Test worker] DEBUG o.s.c.i.s.PathMatchingResourcePatternResolver - Searching directory [/opt/Projects/PartsUnlimitedMRP/src/Backend/OrderService/build/resources/test] for files matching pattern [/opt/Projects/PartsUnlimitedMRP/src/Backend/OrderService/build/resources/test/messages*.properties]
00:19:43.075 [Test worker] DEBUG o.s.c.i.s.PathMatchingResourcePatternResolver - Looking for matching resources in directory tree [/opt/Projects/PartsUnlimitedMRP/src/Backend/OrderService/build/classes/main]
00:19:43.075 [Test worker] DEBUG o.s.c.i.s.PathMatchingResourcePatternResolver - Searching directory [/opt/Projects/PartsUnlimitedMRP/src/Backend/OrderService/build/classes/main] for files matching pattern [/opt/Projects/PartsUnlimitedMRP/src/Backend/OrderService/build/classes/main/messages*.properties]
00:19:43.075 [Test worker] DEBUG o.s.c.i.s.PathMatchingResourcePatternResolver - Looking for matching resources in directory tree [/opt/Projects/PartsUnlimitedMRP/src/Backend/OrderService/build/resources/main]
00:19:43.075 [Test worker] DEBUG o.s.c.i.s.PathMatchingResourcePatternResolver - Searching directory [/opt/Projects/PartsUnlimitedMRP/src/Backend/OrderService/build/resources/main] for files matching pattern [/opt/Projects/PartsUnlimitedMRP/src/Backend/OrderService/build/resources/main/messages*.properties]
00:19:43.075 [Test worker] DEBUG o.s.c.i.s.PathMatchingResourcePatternResolver - Looking for matching resources in jar file [file:/root/.gradle/caches/2.1/workerMain/gradle-worker.jar]
00:19:43.076 [Test worker] DEBUG o.s.c.i.s.PathMatchingResourcePatternResolver - Looking for matching resources in jar file [file:/root/.gradle/caches/modules-2/files-2.1/org.springframework.boot/spring-boot-starter-web/1.1.7.RELEASE/fbd9a68b95d2267742ac1e276ef2781da666b20e/spring-boot-starter-web-1.1.7.RELEASE.jar]
00:19:43.076 [Test worker] DEBUG o.s.c.i.s.PathMatchingResourcePatternResolver - Looking for matching resources in jar file [file:/root/.gradle/caches/modules-2/files-2.1/org.springframework.boot/spring-boot-starter-actuator/1.1.7.RELEASE/f19f58dac234bd2ed78ea477af6db19e59dc9c51/spring-boot-starter-actuator-1.1.7.RELEASE.jar]
00:19:43.076 [Test worker] DEBUG o.s.c.i.s.PathMatchingResourcePatternResolver - Looking for matching resources in jar file [file:/root/.gradle/caches/modules-2/files-2.1/org.springframework.data/spring-data-mongodb/1.5.4.RELEASE/444d98e53ca4150d35542306bbae1b2f49290695/spring-data-mongodb-1.5.4.RELEASE.jar]
00:19:43.077 [Test worker] DEBUG o.s.c.i.s.PathMatchingResourcePatternResolver - Looking for matching resources in jar file [file:/root/.gradle/caches/modules-2/files-2.1/org.mongodb/mongo-java-driver/2.12.3/12b7358a7740af71a4a52349d014d526a7a26a65/mongo-java-driver-2.12.3.jar]
00:19:43.078 [Test worker] DEBUG o.s.c.i.s.PathMatchingResourcePatternResolver - Looking for matching resources in jar file [file:/root/.gradle/caches/modules-2/files-2.1/org.hibernate/hibernate-core/4.2.0.Final/8542d0dbc6a68509efe9033e804bfe36005ba805/hibernate-core-4.2.0.Final.jar]
00:19:43.084 [Test worker] DEBUG o.s.c.i.s.PathMatchingResourcePatternResolver - Looking for matching resources in jar file [file:/root/.m2/repository/org/stagemonitor/stagemonitor-jdbc/0.88.8/stagemonitor-jdbc-0.88.8.jar]
00:19:43.084 [Test worker] DEBUG o.s.c.i.s.PathMatchingResourcePatternResolver - Looking for matching resources in jar file [file:/root/.m2/repository/org/stagemonitor/stagemonitor-web-servlet/0.88.8/stagemonitor-web-servlet-0.88.8.jar]
00:19:43.085 [Test worker] DEBUG o.s.c.i.s.PathMatchingResourcePatternResolver - Looking for matching resources in jar file [file:/root/.m2/repository/org/stagemonitor/stagemonitor-alerting/0.88.8/stagemonitor-alerting-0.88.8.jar]
00:19:43.085 [Test worker] DEBUG o.s.c.i.s.PathMatchingResourcePatternResolver - Looking for matching resources in jar file [file:/root/.m2/repository/org/stagemonitor/stagemonitor-jvm/0.88.8/stagemonitor-jvm-0.88.8.jar]
00:19:43.088 [Test worker] DEBUG o.s.c.i.s.PathMatchingResourcePatternResolver - Looking for matching resources in jar file [file:/root/.gradle/caches/modules-2/files-2.1/org.stagemonitor/stagemonitor-os/0.88.8/5ff107f0c9465ef3a868a27cba83b45af36d28b/stagemonitor-os-0.88.8.jar]
00:19:43.088 [Test worker] DEBUG o.s.c.i.s.PathMatchingResourcePatternResolver - Looking for matching resources in jar file [file:/root/.m2/repository/org/stagemonitor/stagemonitor-configuration/0.88.8/stagemonitor-configuration-0.88.8.jar]
00:19:43.088 [Test worker] DEBUG o.s.c.i.s.PathMatchingResourcePatternResolver - Looking for matching resources in jar file [file:/root/.m2/repository/org/stagemonitor/stagemonitor-tracing-elasticsearch/0.88.8/stagemonitor-tracing-elasticsearch-0.88.8.jar]
00:19:43.088 [Test worker] DEBUG o.s.c.i.s.PathMatchingResourcePatternResolver - Looking for matching resources in jar file [file:/root/.m2/repository/org/stagemonitor/stagemonitor-tracing/0.88.8/stagemonitor-tracing-0.88.8.jar]
00:19:43.089 [Test worker] DEBUG o.s.c.i.s.PathMatchingResourcePatternResolver - Looking for matching resources in jar file [file:/root/.gradle/caches/modules-2/files-2.1/junit/junit/4.11/4e031bb61df09069aeb2bffb4019e7a5034a4ee0/junit-4.11.jar]
00:19:43.089 [Test worker] DEBUG o.s.c.i.s.PathMatchingResourcePatternResolver - Looking for matching resources in jar file [file:/root/.gradle/caches/modules-2/files-2.1/org.springframework.boot/spring-boot-starter/1.1.7.RELEASE/7a68efd7b7abb4f8a4e4dbc450a610ece7cacbea/spring-boot-starter-1.1.7.RELEASE.jar]
00:19:43.089 [Test worker] DEBUG o.s.c.i.s.PathMatchingResourcePatternResolver - Looking for matching resources in jar file [file:/root/.gradle/caches/modules-2/files-2.1/org.springframework.boot/spring-boot-starter-tomcat/1.1.7.RELEASE/6fddd262456789d40c37ec8817abd842f0030fd0/spring-boot-starter-tomcat-1.1.7.RELEASE.jar]
00:19:43.089 [Test worker] DEBUG o.s.c.i.s.PathMatchingResourcePatternResolver - Looking for matching resources in jar file [file:/root/.gradle/caches/modules-2/files-2.1/org.hibernate/hibernate-validator/5.0.3.Final/e0fa071d3ced426a05fc1a59d788cb72a1659c3c/hibernate-validator-5.0.3.Final.jar]
00:19:43.090 [Test worker] DEBUG o.s.c.i.s.PathMatchingResourcePatternResolver - Looking for matching resources in jar file [file:/root/.gradle/caches/modules-2/files-2.1/org.springframework/spring-core/4.0.7.RELEASE/777e9502c4c2de150918a746fa22734d3eff81e0/spring-core-4.0.7.RELEASE.jar]
00:19:43.091 [Test worker] DEBUG o.s.c.i.s.PathMatchingResourcePatternResolver - Looking for matching resources in jar file [file:/root/.gradle/caches/modules-2/files-2.1/org.springframework/spring-web/4.0.7.RELEASE/9c8505b6785bfe6b45bbdc8c8cbcda628feb21b1/spring-web-4.0.7.RELEASE.jar]
00:19:43.092 [Test worker] DEBUG o.s.c.i.s.PathMatchingResourcePatternResolver - Looking for matching resources in jar file [file:/root/.gradle/caches/modules-2/files-2.1/org.springframework/spring-webmvc/4.0.7.RELEASE/5d2de0ccee1d6cc02ec2d29c5440a762fd4345f6/spring-webmvc-4.0.7.RELEASE.jar]
00:19:43.093 [Test worker] DEBUG o.s.c.i.s.PathMatchingResourcePatternResolver - Looking for matching resources in jar file [file:/root/.gradle/caches/modules-2/files-2.1/org.springframework.boot/spring-boot-actuator/1.1.7.RELEASE/583b8f872e67d5fad3323787f1de3c7cb94ba88a/spring-boot-actuator-1.1.7.RELEASE.jar]
00:19:43.094 [Test worker] DEBUG o.s.c.i.s.PathMatchingResourcePatternResolver - Looking for matching resources in jar file [file:/root/.gradle/caches/modules-2/files-2.1/org.springframework/spring-tx/3.2.10.RELEASE/3ce819d1dc339999016ee36e0e88e1fc40efcf32/spring-tx-3.2.10.RELEASE.jar]
00:19:43.095 [Test worker] DEBUG o.s.c.i.s.PathMatchingResourcePatternResolver - Looking for matching resources in jar file [file:/root/.gradle/caches/modules-2/files-2.1/org.springframework.data/spring-data-commons/1.8.4.RELEASE/a3b563d1cbacee9ae4a5d5642fa04f5c1e6aa72d/spring-data-commons-1.8.4.RELEASE.jar]
00:19:43.096 [Test worker] DEBUG o.s.c.i.s.PathMatchingResourcePatternResolver - Looking for matching resources in jar file [file:/root/.gradle/caches/modules-2/files-2.1/org.slf4j/jcl-over-slf4j/1.7.7/56003dcd0a31deea6391b9e2ef2f2dc90b205a92/jcl-over-slf4j-1.7.7.jar]
00:19:43.096 [Test worker] DEBUG o.s.c.i.s.PathMatchingResourcePatternResolver - Looking for matching resources in jar file [file:/root/.gradle/caches/modules-2/files-2.1/antlr/antlr/2.7.7/83cd2cd674a217ade95a4bb83a8a14f351f48bd0/antlr-2.7.7.jar]
00:19:43.097 [Test worker] DEBUG o.s.c.i.s.PathMatchingResourcePatternResolver - Looking for matching resources in jar file [file:/root/.gradle/caches/modules-2/files-2.1/org.jboss.spec.javax.transaction/jboss-transaction-api_1.1_spec/1.0.0.Final/2ab6236535e085d86f37fd97ddfdd35c88c1a419/jboss-transaction-api_1.1_spec-1.0.0.Final.jar]
00:19:43.097 [Test worker] DEBUG o.s.c.i.s.PathMatchingResourcePatternResolver - Looking for matching resources in jar file [file:/root/.gradle/caches/modules-2/files-2.1/dom4j/dom4j/1.6.1/5d3ccc056b6f056dbf0dddfdf43894b9065a8f94/dom4j-1.6.1.jar]
00:19:43.097 [Test worker] DEBUG o.s.c.i.s.PathMatchingResourcePatternResolver - Looking for matching resources in jar file [file:/root/.gradle/caches/modules-2/files-2.1/org.hibernate.javax.persistence/hibernate-jpa-2.0-api/1.0.1.Final/3306a165afa81938fc3d8a0948e891de9f6b192b/hibernate-jpa-2.0-api-1.0.1.Final.jar]
00:19:43.098 [Test worker] DEBUG o.s.c.i.s.PathMatchingResourcePatternResolver - Looking for matching resources in jar file [file:/root/.gradle/caches/modules-2/files-2.1/org.javassist/javassist/3.15.0-GA/79907309ca4bb4e5e51d4086cc4179b2611358d7/javassist-3.15.0-GA.jar]
00:19:43.099 [Test worker] DEBUG o.s.c.i.s.PathMatchingResourcePatternResolver - Looking for matching resources in jar file [file:/root/.gradle/caches/modules-2/files-2.1/org.hibernate.common/hibernate-commons-annotations/4.0.1.Final/78bcf608d997d0529be2f4f781fdc89e801c9e88/hibernate-commons-annotations-4.0.1.Final.jar]
00:19:43.099 [Test worker] DEBUG o.s.c.i.s.PathMatchingResourcePatternResolver - Looking for matching resources in jar file [file:/root/.m2/repository/p6spy/p6spy/3.0.0/p6spy-3.0.0.jar]
00:19:43.099 [Test worker] DEBUG o.s.c.i.s.PathMatchingResourcePatternResolver - Looking for matching resources in jar file [file:/root/.m2/repository/io/dropwizard/metrics/metrics-json/3.2.4/metrics-json-3.2.4.jar]
00:19:43.099 [Test worker] DEBUG o.s.c.i.s.PathMatchingResourcePatternResolver - Looking for matching resources in jar file [file:/root/.m2/repository/javax/mail/mail/1.4.1/mail-1.4.1.jar]
00:19:43.100 [Test worker] DEBUG o.s.c.i.s.PathMatchingResourcePatternResolver - Looking for matching resources in jar file [file:/root/.m2/repository/org/freemarker/freemarker/2.3.23/freemarker-2.3.23.jar]
00:19:43.101 [Test worker] DEBUG o.s.c.i.s.PathMatchingResourcePatternResolver - Looking for matching resources in jar file [file:/root/.m2/repository/org/stagemonitor/stagemonitor-core/0.88.8/stagemonitor-core-0.88.8.jar]
00:19:43.102 [Test worker] DEBUG o.s.c.i.s.PathMatchingResourcePatternResolver - Looking for matching resources in jar file [file:/root/.m2/repository/io/dropwizard/metrics/metrics-jvm/3.2.4/metrics-jvm-3.2.4.jar]
00:19:43.102 [Test worker] DEBUG o.s.c.i.s.PathMatchingResourcePatternResolver - Looking for matching resources in jar file [file:/root/.gradle/caches/modules-2/files-2.1/org.fusesource/sigar/1.6.4/e91a355d337a0b1991f54181627d63c9973624c3/sigar-1.6.4.jar]
00:19:43.103 [Test worker] DEBUG o.s.c.i.s.PathMatchingResourcePatternResolver - Looking for matching resources in jar file [file:/root/.m2/repository/io/jaegertracing/jaeger-core/0.31.0/jaeger-core-0.31.0.jar]
00:19:43.103 [Test worker] DEBUG o.s.c.i.s.PathMatchingResourcePatternResolver - Looking for matching resources in jar file [file:/root/.m2/repository/io/jaegertracing/jaeger-thrift/0.31.0/jaeger-thrift-0.31.0.jar]
00:19:43.104 [Test worker] DEBUG o.s.c.i.s.PathMatchingResourcePatternResolver - Looking for matching resources in jar file [file:/root/.m2/repository/io/jaegertracing/jaeger-zipkin/0.31.0/jaeger-zipkin-0.31.0.jar]
00:19:43.104 [Test worker] DEBUG o.s.c.i.s.PathMatchingResourcePatternResolver - Looking for matching resources in jar file [file:/root/.m2/repository/io/opentracing/opentracing-util/0.31.0/opentracing-util-0.31.0.jar]
00:19:43.104 [Test worker] DEBUG o.s.c.i.s.PathMatchingResourcePatternResolver - Looking for matching resources in jar file [file:/root/.gradle/caches/modules-2/files-2.1/org.hamcrest/hamcrest-core/1.3/42a25dc3219429f0e5d060061f71acb49bf010a0/hamcrest-core-1.3.jar]
00:19:43.104 [Test worker] DEBUG o.s.c.i.s.PathMatchingResourcePatternResolver - Looking for matching resources in jar file [file:/root/.gradle/caches/modules-2/files-2.1/org.springframework.boot/spring-boot/1.1.7.RELEASE/a41a91fb3f33e684efd0e728bb1548a009579ac9/spring-boot-1.1.7.RELEASE.jar]
00:19:43.105 [Test worker] DEBUG o.s.c.i.s.PathMatchingResourcePatternResolver - Looking for matching resources in jar file [file:/root/.gradle/caches/modules-2/files-2.1/org.springframework.boot/spring-boot-autoconfigure/1.1.7.RELEASE/ada61e221cd841c7fd2334fe5f636916a2645220/spring-boot-autoconfigure-1.1.7.RELEASE.jar]
00:19:43.106 [Test worker] DEBUG o.s.c.i.s.PathMatchingResourcePatternResolver - Looking for matching resources in jar file [file:/root/.gradle/caches/modules-2/files-2.1/org.springframework.boot/spring-boot-starter-logging/1.1.7.RELEASE/d51922fb607842acd90c2de736f8c72c98380bd7/spring-boot-starter-logging-1.1.7.RELEASE.jar]
00:19:43.106 [Test worker] DEBUG o.s.c.i.s.PathMatchingResourcePatternResolver - Looking for matching resources in jar file [file:/root/.gradle/caches/modules-2/files-2.1/org.yaml/snakeyaml/1.13/73cbb494a912866c4c831a178c3a2a9169f4eaad/snakeyaml-1.13.jar]
00:19:43.108 [Test worker] DEBUG o.s.c.i.s.PathMatchingResourcePatternResolver - Looking for matching resources in jar file [file:/root/.gradle/caches/modules-2/files-2.1/org.apache.tomcat.embed/tomcat-embed-core/7.0.55/67713e23a79934697f7f89e8a1382586117f7291/tomcat-embed-core-7.0.55.jar]
00:19:43.111 [Test worker] DEBUG o.s.c.i.s.PathMatchingResourcePatternResolver - Looking for matching resources in jar file [file:/root/.gradle/caches/modules-2/files-2.1/org.apache.tomcat.embed/tomcat-embed-el/7.0.55/fe614bb874f8fa1d5a9427d7b4afd2236607be4a/tomcat-embed-el-7.0.55.jar]
00:19:43.121 [Test worker] DEBUG o.s.c.i.s.PathMatchingResourcePatternResolver - Looking for matching resources in jar file [file:/root/.gradle/caches/modules-2/files-2.1/org.apache.tomcat.embed/tomcat-embed-logging-juli/7.0.55/76c2066b1fadcee51f1a2b75238f8916701003d8/tomcat-embed-logging-juli-7.0.55.jar]
00:19:43.121 [Test worker] DEBUG o.s.c.i.s.PathMatchingResourcePatternResolver - Looking for matching resources in jar file [file:/root/.gradle/caches/modules-2/files-2.1/javax.validation/validation-api/1.1.0.Final/8613ae82954779d518631e05daa73a6a954817d5/validation-api-1.1.0.Final.jar]
00:19:43.121 [Test worker] DEBUG o.s.c.i.s.PathMatchingResourcePatternResolver - Looking for matching resources in jar file [file:/root/.gradle/caches/modules-2/files-2.1/com.fasterxml/classmate/1.0.0/434efef28c81162b17c540e634cffa3bd9b09b4c/classmate-1.0.0.jar]
00:19:43.122 [Test worker] DEBUG o.s.c.i.s.PathMatchingResourcePatternResolver - Looking for matching resources in jar file [file:/root/.gradle/caches/modules-2/files-2.1/org.springframework/spring-aop/4.0.7.RELEASE/caadec5dc4ea4899d89004ff46053f8e391e0343/spring-aop-4.0.7.RELEASE.jar]
00:19:43.122 [Test worker] DEBUG o.s.c.i.s.PathMatchingResourcePatternResolver - Looking for matching resources in jar file [file:/root/.m2/repository/io/dropwizard/metrics/metrics-core/3.2.4/metrics-core-3.2.4.jar]
00:19:43.123 [Test worker] DEBUG o.s.c.i.s.PathMatchingResourcePatternResolver - Looking for matching resources in jar file [file:/root/.m2/repository/javax/activation/activation/1.1/activation-1.1.jar]
00:19:43.123 [Test worker] DEBUG o.s.c.i.s.PathMatchingResourcePatternResolver - Looking for matching resources in jar file [file:/root/.m2/repository/io/dropwizard/metrics/metrics-graphite/3.2.4/metrics-graphite-3.2.4.jar]
00:19:43.123 [Test worker] DEBUG o.s.c.i.s.PathMatchingResourcePatternResolver - Looking for matching resources in jar file [file:/root/.m2/repository/io/dropwizard/metrics/metrics-annotation/3.2.4/metrics-annotation-3.2.4.jar]
00:19:43.123 [Test worker] DEBUG o.s.c.i.s.PathMatchingResourcePatternResolver - Looking for matching resources in jar file [file:/root/.m2/repository/io/dropwizard/metrics/metrics-healthchecks/3.2.4/metrics-healthchecks-3.2.4.jar]
00:19:43.123 [Test worker] DEBUG o.s.c.i.s.PathMatchingResourcePatternResolver - Looking for matching resources in jar file [file:/root/.m2/repository/com/fasterxml/jackson/module/jackson-module-afterburner/2.9.6/jackson-module-afterburner-2.9.6.jar]
00:19:43.123 [Test worker] DEBUG o.s.c.i.s.PathMatchingResourcePatternResolver - Looking for matching resources in jar file [file:/root/.m2/repository/net/bytebuddy/byte-buddy/1.8.11/byte-buddy-1.8.11.jar]
00:19:43.127 [Test worker] DEBUG o.s.c.i.s.PathMatchingResourcePatternResolver - Looking for matching resources in jar file [file:/root/.m2/repository/net/bytebuddy/byte-buddy-agent/1.8.11/byte-buddy-agent-1.8.11.jar]
00:19:43.128 [Test worker] DEBUG o.s.c.i.s.PathMatchingResourcePatternResolver - Looking for matching resources in jar file [file:/root/.gradle/caches/modules-2/files-2.1/log4j/log4j/1.2.15/f0a0d2e29ed910808c33135a3a5a51bba6358f7b/log4j-1.2.15.jar]
00:19:43.128 [Test worker] DEBUG o.s.c.i.s.PathMatchingResourcePatternResolver - Looking for matching resources in jar file [file:/root/.m2/repository/io/opentracing/opentracing-api/0.31.0/opentracing-api-0.31.0.jar]
00:19:43.128 [Test worker] DEBUG o.s.c.i.s.PathMatchingResourcePatternResolver - Looking for matching resources in jar file [file:/root/.m2/repository/com/google/code/gson/gson/2.8.2/gson-2.8.2.jar]
00:19:43.129 [Test worker] DEBUG o.s.c.i.s.PathMatchingResourcePatternResolver - Looking for matching resources in jar file [file:/root/.m2/repository/org/apache/thrift/libthrift/0.11.0/libthrift-0.11.0.jar]
00:19:43.129 [Test worker] DEBUG o.s.c.i.s.PathMatchingResourcePatternResolver - Looking for matching resources in jar file [file:/root/.m2/repository/com/squareup/okhttp3/okhttp/3.9.0/okhttp-3.9.0.jar]
00:19:43.129 [Test worker] DEBUG o.s.c.i.s.PathMatchingResourcePatternResolver - Looking for matching resources in jar file [file:/root/.m2/repository/io/jaegertracing/jaeger-client/0.31.0/jaeger-client-0.31.0.jar]
00:19:43.130 [Test worker] DEBUG o.s.c.i.s.PathMatchingResourcePatternResolver - Looking for matching resources in jar file [file:/root/.m2/repository/io/zipkin/reporter2/zipkin-sender-urlconnection/2.7.6/zipkin-sender-urlconnection-2.7.6.jar]
00:19:43.130 [Test worker] DEBUG o.s.c.i.s.PathMatchingResourcePatternResolver - Looking for matching resources in jar file [file:/root/.m2/repository/io/opentracing/opentracing-noop/0.31.0/opentracing-noop-0.31.0.jar]
00:19:43.130 [Test worker] DEBUG o.s.c.i.s.PathMatchingResourcePatternResolver - Looking for matching resources in jar file [file:/root/.gradle/caches/modules-2/files-2.1/org.slf4j/jul-to-slf4j/1.7.7/def21bc1a6e648ee40b41a84f1db443132913105/jul-to-slf4j-1.7.7.jar]
00:19:43.130 [Test worker] DEBUG o.s.c.i.s.PathMatchingResourcePatternResolver - Looking for matching resources in jar file [file:/root/.gradle/caches/modules-2/files-2.1/org.slf4j/log4j-over-slf4j/1.7.7/d521cb26a9c4407caafcec302e7804b048b07cea/log4j-over-slf4j-1.7.7.jar]
00:19:43.130 [Test worker] DEBUG o.s.c.i.s.PathMatchingResourcePatternResolver - Looking for matching resources in jar file [file:/root/.gradle/caches/modules-2/files-2.1/ch.qos.logback/logback-classic/1.1.2/b316e9737eea25e9ddd6d88eaeee76878045c6b2/logback-classic-1.1.2.jar]
00:19:43.130 [Test worker] DEBUG o.s.c.i.s.PathMatchingResourcePatternResolver - Looking for matching resources in jar file [file:/root/.gradle/caches/modules-2/files-2.1/aopalliance/aopalliance/1.0/235ba8b489512805ac13a8f9ea77a1ca5ebe3e8/aopalliance-1.0.jar]
00:19:43.130 [Test worker] DEBUG o.s.c.i.s.PathMatchingResourcePatternResolver - Looking for matching resources in jar file [file:/root/.m2/repository/com/squareup/okio/okio/1.13.0/okio-1.13.0.jar]
00:19:43.131 [Test worker] DEBUG o.s.c.i.s.PathMatchingResourcePatternResolver - Looking for matching resources in jar file [file:/root/.m2/repository/io/jaegertracing/jaeger-tracerresolver/0.31.0/jaeger-tracerresolver-0.31.0.jar]
00:19:43.131 [Test worker] DEBUG o.s.c.i.s.PathMatchingResourcePatternResolver - Looking for matching resources in jar file [file:/root/.m2/repository/io/zipkin/reporter2/zipkin-reporter/2.7.6/zipkin-reporter-2.7.6.jar]
00:19:43.131 [Test worker] DEBUG o.s.c.i.s.PathMatchingResourcePatternResolver - Looking for matching resources in jar file [file:/root/.m2/repository/io/zipkin/zipkin2/zipkin/2.9.4/zipkin-2.9.4.jar]
00:19:43.134 [Test worker] DEBUG o.s.c.i.s.PathMatchingResourcePatternResolver - Looking for matching resources in jar file [file:/root/.gradle/caches/modules-2/files-2.1/ch.qos.logback/logback-core/1.1.2/2d23694879c2c12f125dac5076bdfd5d771cc4cb/logback-core-1.1.2.jar]
00:19:43.135 [Test worker] DEBUG o.s.c.i.s.PathMatchingResourcePatternResolver - Looking for matching resources in jar file [file:/root/.m2/repository/io/opentracing/contrib/opentracing-tracerresolver/0.1.4/opentracing-tracerresolver-0.1.4.jar]
00:19:43.135 [Test worker] DEBUG o.s.c.i.s.PathMatchingResourcePatternResolver - Looking for matching resources in jar file [file:/root/.gradle/caches/modules-2/files-2.1/com.microsoft.azure/applicationinsights-core/1.0.10/c3d9e426516d32bc39706766aa7fdf53fbb992d7/applicationinsights-core-1.0.10.jar]
00:19:43.142 [Test worker] DEBUG o.s.c.i.s.PathMatchingResourcePatternResolver - Looking for matching resources in jar file [file:/root/.gradle/caches/modules-2/files-2.1/eu.infomas/annotation-detector/3.0.4/9dacddd19f848bea5e7ba4dfadce37e0f710cd1b/annotation-detector-3.0.4.jar]
00:19:43.143 [Test worker] DEBUG o.s.c.i.s.PathMatchingResourcePatternResolver - Looking for matching resources in jar file [file:/root/.gradle/caches/modules-2/files-2.1/commons-io/commons-io/2.4/b1b6ea3b7e4aa4f492509a4952029cd8e48019ad/commons-io-2.4.jar]
00:19:43.143 [Test worker] DEBUG o.s.c.i.s.PathMatchingResourcePatternResolver - Looking for matching resources in jar file [file:/root/.m2/repository/org/apache/commons/commons-lang3/3.1/commons-lang3-3.1.jar]
00:19:43.143 [Test worker] DEBUG o.s.c.i.s.PathMatchingResourcePatternResolver - Looking for matching resources in jar file [file:/root/.gradle/caches/modules-2/files-2.1/com.google.guava/guava/12.0.1/b8e78b9af7bf45900e14c6f958486b6ca682195f/guava-12.0.1.jar]
00:19:43.146 [Test worker] DEBUG o.s.c.i.s.PathMatchingResourcePatternResolver - Looking for matching resources in jar file [file:/root/.gradle/caches/modules-2/files-2.1/com.google.code.findbugs/jsr305/1.3.9/40719ea6961c0cb6afaeb6a921eaa1f6afd4cfdf/jsr305-1.3.9.jar]
00:19:43.146 [Test worker] DEBUG o.s.c.i.s.PathMatchingResourcePatternResolver - Looking for matching resources in jar file [file:/root/.m2/repository/org/slf4j/slf4j-api/1.7.25/slf4j-api-1.7.25.jar]
00:19:43.146 [Test worker] DEBUG o.s.c.i.s.PathMatchingResourcePatternResolver - Looking for matching resources in jar file [file:/root/.gradle/caches/modules-2/files-2.1/org.jboss.logging/jboss-logging/3.1.1.GA/7fb1a7eb7ff1d15cac1802510fee65c7ca31a869/jboss-logging-3.1.1.GA.jar]
00:19:43.146 [Test worker] DEBUG o.s.c.i.s.PathMatchingResourcePatternResolver - Looking for matching resources in jar file [file:/root/.gradle/caches/modules-2/files-2.1/org.springframework/spring-beans/4.0.7.RELEASE/fdd041f086972cc16f9b09ee420a98604cd0bc07/spring-beans-4.0.7.RELEASE.jar]
00:19:43.147 [Test worker] DEBUG o.s.c.i.s.PathMatchingResourcePatternResolver - Looking for matching resources in jar file [file:/root/.gradle/caches/modules-2/files-2.1/org.springframework/spring-context/4.0.7.RELEASE/8a4aa735f3691a1985381b3c6c69d32b835f51b4/spring-context-4.0.7.RELEASE.jar]
00:19:43.148 [Test worker] DEBUG o.s.c.i.s.PathMatchingResourcePatternResolver - Looking for matching resources in jar file [file:/root/.gradle/caches/modules-2/files-2.1/org.springframework/spring-expression/4.0.7.RELEASE/46a4cfe181b1f15940b5ea7530fcad1f8b98c561/spring-expression-4.0.7.RELEASE.jar]
00:19:43.149 [Test worker] DEBUG o.s.c.i.s.PathMatchingResourcePatternResolver - Looking for matching resources in jar file [file:/root/.m2/repository/com/fasterxml/jackson/core/jackson-databind/2.9.6/jackson-databind-2.9.6.jar]
00:19:43.150 [Test worker] DEBUG o.s.c.i.s.PathMatchingResourcePatternResolver - Looking for matching resources in jar file [file:/root/.m2/repository/com/fasterxml/jackson/core/jackson-core/2.9.6/jackson-core-2.9.6.jar]
00:19:43.150 [Test worker] DEBUG o.s.c.i.s.PathMatchingResourcePatternResolver - Looking for matching resources in jar file [file:/root/.gradle/caches/modules-2/files-2.1/org.apache.httpcomponents/httpclient/4.5.3/d1577ae15f01ef5438c5afc62162457c00a34713/httpclient-4.5.3.jar]
00:19:43.151 [Test worker] DEBUG o.s.c.i.s.PathMatchingResourcePatternResolver - Looking for matching resources in jar file [file:/root/.gradle/caches/modules-2/files-2.1/org.apache.httpcomponents/httpcore/4.4.6/e3fd8ced1f52c7574af952e2e6da0df8df08eb82/httpcore-4.4.6.jar]
00:19:43.152 [Test worker] DEBUG o.s.c.i.s.PathMatchingResourcePatternResolver - Looking for matching resources in jar file [file:/root/.m2/repository/com/fasterxml/jackson/core/jackson-annotations/2.9.0/jackson-annotations-2.9.0.jar]
00:19:43.152 [Test worker] DEBUG o.s.c.i.s.PathMatchingResourcePatternResolver - Looking for matching resources in jar file [file:/root/.m2/repository/commons-codec/commons-codec/1.9/commons-codec-1.9.jar]
00:19:43.156 [Test worker] DEBUG o.s.c.i.s.PathMatchingResourcePatternResolver - Looking for matching resources in jar file [file:/root/.m2/repository/commons-logging/commons-logging/1.2/commons-logging-1.2.jar]
00:19:43.156 [Test worker] DEBUG o.s.c.i.s.PathMatchingResourcePatternResolver - Looking for matching resources in jar file [file:/usr/lib/jvm/java-1.8.0-openjdk-1.8.0.181-3.b13.el7_5.x86_64/jre/lib/ext/cldrdata.jar]
00:19:43.158 [Test worker] DEBUG o.s.c.i.s.PathMatchingResourcePatternResolver - Looking for matching resources in jar file [file:/usr/lib/jvm/java-1.8.0-openjdk-1.8.0.181-3.b13.el7_5.x86_64/jre/lib/ext/dnsns.jar]
00:19:43.158 [Test worker] DEBUG o.s.c.i.s.PathMatchingResourcePatternResolver - Looking for matching resources in jar file [file:/usr/lib/jvm/java-1.8.0-openjdk-1.8.0.181-3.b13.el7_5.x86_64/jre/lib/ext/jaccess.jar]
00:19:43.159 [Test worker] DEBUG o.s.c.i.s.PathMatchingResourcePatternResolver - Looking for matching resources in jar file [file:/usr/lib/jvm/java-1.8.0-openjdk-1.8.0.181-3.b13.el7_5.x86_64/jre/lib/ext/localedata.jar]
00:19:43.160 [Test worker] DEBUG o.s.c.i.s.PathMatchingResourcePatternResolver - Looking for matching resources in jar file [file:/usr/lib/jvm/java-1.8.0-openjdk-1.8.0.181-3.b13.el7_5.x86_64/jre/lib/ext/nashorn.jar]
00:19:43.161 [Test worker] DEBUG o.s.c.i.s.PathMatchingResourcePatternResolver - Looking for matching resources in jar file [file:/usr/lib/jvm/java-1.8.0-openjdk-1.8.0.181-3.b13.el7_5.x86_64/jre/lib/ext/sunec.jar]
00:19:43.162 [Test worker] DEBUG o.s.c.i.s.PathMatchingResourcePatternResolver - Looking for matching resources in jar file [file:/usr/lib/jvm/java-1.8.0-openjdk-1.8.0.181-3.b13.el7_5.x86_64/jre/lib/ext/sunjce_provider.jar]
00:19:43.162 [Test worker] DEBUG o.s.c.i.s.PathMatchingResourcePatternResolver - Looking for matching resources in jar file [file:/usr/lib/jvm/java-1.8.0-openjdk-1.8.0.181-3.b13.el7_5.x86_64/jre/lib/ext/sunpkcs11.jar]
00:19:43.162 [Test worker] DEBUG o.s.c.i.s.PathMatchingResourcePatternResolver - Looking for matching resources in jar file [file:/usr/lib/jvm/java-1.8.0-openjdk-1.8.0.181-3.b13.el7_5.x86_64/jre/lib/ext/zipfs.jar]
00:19:43.162 [Test worker] DEBUG o.s.c.i.s.PathMatchingResourcePatternResolver - Looking for matching resources in jar file [file:/usr/lib/jvm/java-1.8.0-openjdk-1.8.0.181-3.b13.el7_5.x86_64/jre/lib/ext/java-atk-wrapper.jar]
00:19:43.163 [Test worker] DEBUG o.s.c.i.s.PathMatchingResourcePatternResolver - Resolved location pattern [classpath*:messages*.properties] to resources []
00:19:43.163 [Test worker] DEBUG o.s.b.f.s.DefaultListableBeanFactory - Returning cached instance of singleton bean 'autoConfigurationReport'
00:19:43.164 [Test worker] DEBUG o.s.b.f.s.DefaultListableBeanFactory - Returning cached instance of singleton bean 'autoConfigurationReport'
00:19:43.164 [Test worker] DEBUG o.s.b.f.s.DefaultListableBeanFactory - Returning cached instance of singleton bean 'autoConfigurationReport'
00:19:43.164 [Test worker] DEBUG o.s.b.f.s.DefaultListableBeanFactory - Returning cached instance of singleton bean 'autoConfigurationReport'
00:19:43.164 [Test worker] DEBUG o.s.b.f.s.DefaultListableBeanFactory - Returning cached instance of singleton bean 'autoConfigurationReport'
00:19:43.164 [Test worker] DEBUG o.s.b.f.s.DefaultListableBeanFactory - Returning cached instance of singleton bean 'autoConfigurationReport'
00:19:43.164 [Test worker] DEBUG o.s.b.f.s.DefaultListableBeanFactory - Returning cached instance of singleton bean 'autoConfigurationReport'
00:19:43.164 [Test worker] DEBUG o.s.b.f.s.DefaultListableBeanFactory - Returning cached instance of singleton bean 'autoConfigurationReport'
00:19:43.164 [Test worker] DEBUG o.s.b.f.s.DefaultListableBeanFactory - Returning cached instance of singleton bean 'autoConfigurationReport'
00:19:43.165 [Test worker] DEBUG o.s.b.f.s.DefaultListableBeanFactory - Returning cached instance of singleton bean 'autoConfigurationReport'
00:19:43.165 [Test worker] DEBUG o.s.b.f.s.DefaultListableBeanFactory - Returning cached instance of singleton bean 'autoConfigurationReport'
00:19:43.166 [Test worker] DEBUG o.s.b.f.s.DefaultListableBeanFactory - Returning cached instance of singleton bean 'autoConfigurationReport'
00:19:43.171 [Test worker] DEBUG o.s.b.f.s.DefaultListableBeanFactory - Returning cached instance of singleton bean 'autoConfigurationReport'
00:19:43.171 [Test worker] DEBUG o.s.b.f.s.DefaultListableBeanFactory - Returning cached instance of singleton bean 'autoConfigurationReport'
00:19:43.171 [Test worker] DEBUG o.s.b.f.s.DefaultListableBeanFactory - Returning cached instance of singleton bean 'autoConfigurationReport'
00:19:43.172 [Test worker] DEBUG o.s.b.f.s.DefaultListableBeanFactory - Returning cached instance of singleton bean 'autoConfigurationReport'
00:19:43.173 [Test worker] DEBUG o.s.b.f.s.DefaultListableBeanFactory - Returning cached instance of singleton bean 'autoConfigurationReport'
00:19:43.173 [Test worker] DEBUG o.s.b.f.s.DefaultListableBeanFactory - Returning cached instance of singleton bean 'autoConfigurationReport'
00:19:43.173 [Test worker] DEBUG o.s.c.e.PropertySourcesPropertyResolver - Searching for key 'spring.jmx.enabled:true' in [systemProperties]
00:19:43.173 [Test worker] DEBUG o.s.c.e.PropertySourcesPropertyResolver - Searching for key 'spring.jmx.enabled:true' in [systemEnvironment]
00:19:43.173 [Test worker] DEBUG o.s.c.e.PropertySourcesPropertyResolver - Could not find key 'spring.jmx.enabled:true' in any property source. Returning [null]
00:19:43.173 [Test worker] DEBUG o.s.c.e.PropertySourcesPropertyResolver - Searching for key 'spring.jmx.enabled' in [systemProperties]
00:19:43.173 [Test worker] DEBUG o.s.c.e.PropertySourcesPropertyResolver - Searching for key 'spring.jmx.enabled' in [systemEnvironment]
00:19:43.173 [Test worker] DEBUG o.s.c.e.PropertySourcesPropertyResolver - Could not find key 'spring.jmx.enabled' in any property source. Returning [null]
00:19:43.173 [Test worker] DEBUG o.s.b.f.s.DefaultListableBeanFactory - Returning cached instance of singleton bean 'autoConfigurationReport'
00:19:43.174 [Test worker] DEBUG o.s.c.e.PropertySourcesPropertyResolver - Searching for key 'endpoints.jmx.enabled:true' in [systemProperties]
00:19:43.174 [Test worker] DEBUG o.s.c.e.PropertySourcesPropertyResolver - Searching for key 'endpoints.jmx.enabled:true' in [systemEnvironment]
00:19:43.174 [Test worker] DEBUG o.s.c.e.PropertySourcesPropertyResolver - Could not find key 'endpoints.jmx.enabled:true' in any property source. Returning [null]
00:19:43.174 [Test worker] DEBUG o.s.c.e.PropertySourcesPropertyResolver - Searching for key 'endpoints.jmx.enabled' in [systemProperties]
00:19:43.174 [Test worker] DEBUG o.s.c.e.PropertySourcesPropertyResolver - Searching for key 'endpoints.jmx.enabled' in [systemEnvironment]
00:19:43.174 [Test worker] DEBUG o.s.c.e.PropertySourcesPropertyResolver - Could not find key 'endpoints.jmx.enabled' in any property source. Returning [null]
00:19:43.174 [Test worker] DEBUG o.s.c.e.PropertySourcesPropertyResolver - Searching for key 'spring.jmx.enabled:true' in [systemProperties]
00:19:43.174 [Test worker] DEBUG o.s.c.e.PropertySourcesPropertyResolver - Searching for key 'spring.jmx.enabled:true' in [systemEnvironment]
00:19:43.174 [Test worker] DEBUG o.s.c.e.PropertySourcesPropertyResolver - Could not find key 'spring.jmx.enabled:true' in any property source. Returning [null]
00:19:43.174 [Test worker] DEBUG o.s.c.e.PropertySourcesPropertyResolver - Searching for key 'spring.jmx.enabled' in [systemProperties]
00:19:43.174 [Test worker] DEBUG o.s.c.e.PropertySourcesPropertyResolver - Searching for key 'spring.jmx.enabled' in [systemEnvironment]
00:19:43.174 [Test worker] DEBUG o.s.c.e.PropertySourcesPropertyResolver - Could not find key 'spring.jmx.enabled' in any property source. Returning [null]
00:19:43.174 [Test worker] DEBUG o.s.b.f.s.DefaultListableBeanFactory - Returning cached instance of singleton bean 'autoConfigurationReport'
00:19:43.174 [Test worker] DEBUG o.s.b.f.s.DefaultListableBeanFactory - Returning cached instance of singleton bean 'autoConfigurationReport'
00:19:43.174 [Test worker] DEBUG o.s.b.f.s.DefaultListableBeanFactory - Returning cached instance of singleton bean 'autoConfigurationReport'
00:19:43.175 [Test worker] DEBUG o.s.b.f.s.DefaultListableBeanFactory - Returning cached instance of singleton bean 'autoConfigurationReport'
00:19:43.175 [Test worker] DEBUG o.s.b.f.s.DefaultListableBeanFactory - Returning cached instance of singleton bean 'autoConfigurationReport'
00:19:43.175 [Test worker] DEBUG o.s.b.f.s.DefaultListableBeanFactory - Returning cached instance of singleton bean 'autoConfigurationReport'
00:19:43.176 [Test worker] DEBUG o.s.b.f.s.DefaultListableBeanFactory - Returning cached instance of singleton bean 'autoConfigurationReport'
00:19:43.176 [Test worker] DEBUG o.s.b.f.s.DefaultListableBeanFactory - Returning cached instance of singleton bean 'autoConfigurationReport'
00:19:43.177 [Test worker] DEBUG o.s.b.f.s.DefaultListableBeanFactory - Returning cached instance of singleton bean 'autoConfigurationReport'
00:19:43.178 [Test worker] DEBUG o.s.b.f.s.DefaultListableBeanFactory - Returning cached instance of singleton bean 'autoConfigurationReport'
00:19:43.178 [Test worker] DEBUG o.s.b.f.s.DefaultListableBeanFactory - Returning cached instance of singleton bean 'autoConfigurationReport'
00:19:43.178 [Test worker] DEBUG o.s.b.f.s.DefaultListableBeanFactory - Returning cached instance of singleton bean 'autoConfigurationReport'
00:19:43.178 [Test worker] DEBUG o.s.c.e.PropertySourcesPropertyResolver - Searching for key 'spring.data.mongo.repositories.enabled:true' in [systemProperties]
00:19:43.178 [Test worker] DEBUG o.s.c.e.PropertySourcesPropertyResolver - Searching for key 'spring.data.mongo.repositories.enabled:true' in [systemEnvironment]
00:19:43.178 [Test worker] DEBUG o.s.c.e.PropertySourcesPropertyResolver - Could not find key 'spring.data.mongo.repositories.enabled:true' in any property source. Returning [null]
00:19:43.178 [Test worker] DEBUG o.s.c.e.PropertySourcesPropertyResolver - Searching for key 'spring.data.mongo.repositories.enabled' in [systemProperties]
00:19:43.178 [Test worker] DEBUG o.s.c.e.PropertySourcesPropertyResolver - Searching for key 'spring.data.mongo.repositories.enabled' in [systemEnvironment]
00:19:43.178 [Test worker] DEBUG o.s.c.e.PropertySourcesPropertyResolver - Could not find key 'spring.data.mongo.repositories.enabled' in any property source. Returning [null]
00:19:43.178 [Test worker] DEBUG o.s.b.f.s.DefaultListableBeanFactory - Returning cached instance of singleton bean 'autoConfigurationReport'
00:19:43.178 [Test worker] DEBUG o.s.b.f.s.DefaultListableBeanFactory - Returning cached instance of singleton bean 'autoConfigurationReport'
00:19:43.179 [Test worker] DEBUG o.s.b.f.s.DefaultListableBeanFactory - Returning cached instance of singleton bean 'autoConfigurationReport'
00:19:43.180 [Test worker] DEBUG o.s.b.f.s.DefaultListableBeanFactory - Returning cached instance of singleton bean 'autoConfigurationReport'
00:19:43.180 [Test worker] DEBUG o.s.b.f.s.DefaultListableBeanFactory - Returning cached instance of singleton bean 'autoConfigurationReport'
00:19:43.181 [Test worker] DEBUG o.s.b.f.s.DefaultListableBeanFactory - Returning cached instance of singleton bean 'autoConfigurationReport'
00:19:43.183 [Test worker] DEBUG o.s.b.f.s.DefaultListableBeanFactory - Returning cached instance of singleton bean 'autoConfigurationReport'
00:19:43.183 [Test worker] DEBUG o.s.b.f.s.DefaultListableBeanFactory - Returning cached instance of singleton bean 'autoConfigurationReport'
00:19:43.184 [Test worker] DEBUG o.s.b.f.s.DefaultListableBeanFactory - Returning cached instance of singleton bean 'autoConfigurationReport'
00:19:43.184 [Test worker] DEBUG o.s.b.f.s.DefaultListableBeanFactory - Returning cached instance of singleton bean 'autoConfigurationReport'
00:19:43.184 [Test worker] DEBUG o.s.b.f.s.DefaultListableBeanFactory - Returning cached instance of singleton bean 'autoConfigurationReport'
00:19:43.185 [Test worker] DEBUG o.s.b.f.s.DefaultListableBeanFactory - Returning cached instance of singleton bean 'autoConfigurationReport'
00:19:43.185 [Test worker] DEBUG o.s.b.f.s.DefaultListableBeanFactory - Returning cached instance of singleton bean 'autoConfigurationReport'
00:19:43.186 [Test worker] DEBUG o.s.b.f.s.DefaultListableBeanFactory - Returning cached instance of singleton bean 'autoConfigurationReport'
00:19:43.186 [Test worker] DEBUG o.s.b.f.s.DefaultListableBeanFactory - Returning cached instance of singleton bean 'autoConfigurationReport'
00:19:43.187 [Test worker] DEBUG o.s.b.f.s.DefaultListableBeanFactory - Returning cached instance of singleton bean 'autoConfigurationReport'
00:19:43.187 [Test worker] DEBUG o.s.b.f.s.DefaultListableBeanFactory - Returning cached instance of singleton bean 'autoConfigurationReport'
00:19:43.188 [Test worker] DEBUG o.s.b.f.s.DefaultListableBeanFactory - Returning cached instance of singleton bean 'autoConfigurationReport'
00:19:43.189 [Test worker] DEBUG o.s.b.f.s.DefaultListableBeanFactory - Returning cached instance of singleton bean 'autoConfigurationReport'
00:19:43.189 [Test worker] DEBUG o.s.b.f.s.DefaultListableBeanFactory - Returning cached instance of singleton bean 'autoConfigurationReport'
00:19:43.189 [Test worker] DEBUG o.s.b.f.s.DefaultListableBeanFactory - Returning cached instance of singleton bean 'autoConfigurationReport'
00:19:43.191 [Test worker] DEBUG o.s.b.f.s.DefaultListableBeanFactory - Returning cached instance of singleton bean 'autoConfigurationReport'
00:19:43.191 [Test worker] DEBUG o.s.b.f.s.DefaultListableBeanFactory - Returning cached instance of singleton bean 'autoConfigurationReport'
00:19:43.192 [Test worker] DEBUG o.s.b.f.s.DefaultListableBeanFactory - Returning cached instance of singleton bean 'autoConfigurationReport'
00:19:43.192 [Test worker] DEBUG o.s.c.e.PropertySourcesPropertyResolver - Searching for key 'security.basic.enabled:true' in [systemProperties]
00:19:43.192 [Test worker] DEBUG o.s.c.e.PropertySourcesPropertyResolver - Searching for key 'security.basic.enabled:true' in [systemEnvironment]
00:19:43.192 [Test worker] DEBUG o.s.c.e.PropertySourcesPropertyResolver - Could not find key 'security.basic.enabled:true' in any property source. Returning [null]
00:19:43.192 [Test worker] DEBUG o.s.c.e.PropertySourcesPropertyResolver - Searching for key 'security.basic.enabled' in [systemProperties]
00:19:43.192 [Test worker] DEBUG o.s.c.e.PropertySourcesPropertyResolver - Searching for key 'security.basic.enabled' in [systemEnvironment]
00:19:43.192 [Test worker] DEBUG o.s.c.e.PropertySourcesPropertyResolver - Could not find key 'security.basic.enabled' in any property source. Returning [null]
00:19:43.192 [Test worker] DEBUG o.s.b.f.s.DefaultListableBeanFactory - Returning cached instance of singleton bean 'autoConfigurationReport'
00:19:43.193 [Test worker] DEBUG o.s.b.f.s.DefaultListableBeanFactory - Returning cached instance of singleton bean 'autoConfigurationReport'
00:19:43.193 [Test worker] DEBUG o.s.b.f.s.DefaultListableBeanFactory - Returning cached instance of singleton bean 'autoConfigurationReport'
00:19:43.193 [Test worker] DEBUG o.s.b.f.s.DefaultListableBeanFactory - Returning cached instance of singleton bean 'autoConfigurationReport'
00:19:43.193 [Test worker] DEBUG o.s.c.e.PropertySourcesPropertyResolver - Searching for key 'multipart.enabled:true' in [systemProperties]
00:19:43.193 [Test worker] DEBUG o.s.c.e.PropertySourcesPropertyResolver - Searching for key 'multipart.enabled:true' in [systemEnvironment]
00:19:43.193 [Test worker] DEBUG o.s.c.e.PropertySourcesPropertyResolver - Could not find key 'multipart.enabled:true' in any property source. Returning [null]
00:19:43.193 [Test worker] DEBUG o.s.c.e.PropertySourcesPropertyResolver - Searching for key 'multipart.enabled' in [systemProperties]
00:19:43.193 [Test worker] DEBUG o.s.c.e.PropertySourcesPropertyResolver - Searching for key 'multipart.enabled' in [systemEnvironment]
00:19:43.193 [Test worker] DEBUG o.s.c.e.PropertySourcesPropertyResolver - Could not find key 'multipart.enabled' in any property source. Returning [null]
00:19:43.193 [Test worker] DEBUG o.s.b.f.s.DefaultListableBeanFactory - Returning cached instance of singleton bean 'autoConfigurationReport'
00:19:43.195 [Test worker] DEBUG o.s.b.f.s.DefaultListableBeanFactory - Returning cached instance of singleton bean 'autoConfigurationReport'
00:19:43.196 [Test worker] DEBUG o.s.c.a.ConfigurationClassBeanDefinitionReader - Registering bean definition for @Bean method smpl.ordering.OrderingConfiguration.mongoTemplate()
00:19:43.196 [Test worker] DEBUG o.s.c.a.ConfigurationClassBeanDefinitionReader - Registering bean definition for @Bean method smpl.ordering.OrderingConfiguration.repositoryFactory()
00:19:43.196 [Test worker] DEBUG o.s.c.a.ConfigurationClassBeanDefinitionReader - Registering bean definition for @Bean method smpl.ordering.OrderingConfiguration.orderingServiceProperties()
00:19:43.196 [Test worker] DEBUG o.s.c.a.ConfigurationClassBeanDefinitionReader - Registering bean definition for @Bean method smpl.ordering.OrderingConfiguration.getTelemetryClient()
00:19:43.202 [Test worker] DEBUG o.s.c.a.ConfigurationClassBeanDefinitionReader - Registering bean definition for @Bean method smpl.ordering.TestOrderingConfiguration.getTelemetryClient()
00:19:43.202 [Test worker] INFO  o.s.b.f.s.DefaultListableBeanFactory - Overriding bean definition for bean 'getTelemetryClient': replacing [Root bean: class [null]; scope=; abstract=false; lazyInit=false; autowireMode=3; dependencyCheck=0; autowireCandidate=true; primary=false; factoryBeanName=orderingConfiguration; factoryMethodName=getTelemetryClient; initMethodName=null; destroyMethodName=(inferred); defined in class path resource [smpl/ordering/OrderingConfiguration.class]] with [Root bean: class [null]; scope=; abstract=false; lazyInit=false; autowireMode=3; dependencyCheck=0; autowireCandidate=true; primary=false; factoryBeanName=testOrderingConfiguration; factoryMethodName=getTelemetryClient; initMethodName=null; destroyMethodName=(inferred); defined in class smpl.ordering.TestOrderingConfiguration]
00:19:43.203 [Test worker] DEBUG o.s.c.a.ConfigurationClassBeanDefinitionReader - Registering bean definition for @Bean method smpl.ordering.TestOrderingConfiguration.mongoTemplate()
00:19:43.203 [Test worker] INFO  o.s.b.f.s.DefaultListableBeanFactory - Overriding bean definition for bean 'mongoTemplate': replacing [Root bean: class [null]; scope=; abstract=false; lazyInit=false; autowireMode=3; dependencyCheck=0; autowireCandidate=true; primary=false; factoryBeanName=orderingConfiguration; factoryMethodName=mongoTemplate; initMethodName=null; destroyMethodName=(inferred); defined in class path resource [smpl/ordering/OrderingConfiguration.class]] with [Root bean: class [null]; scope=; abstract=false; lazyInit=false; autowireMode=3; dependencyCheck=0; autowireCandidate=true; primary=false; factoryBeanName=testOrderingConfiguration; factoryMethodName=mongoTemplate; initMethodName=null; destroyMethodName=(inferred); defined in class smpl.ordering.TestOrderingConfiguration]
00:19:43.203 [Test worker] DEBUG o.s.c.a.ConfigurationClassBeanDefinitionReader - Registering bean definition for @Bean method smpl.ordering.TestOrderingConfiguration.repositoryFactory()
00:19:43.203 [Test worker] INFO  o.s.b.f.s.DefaultListableBeanFactory - Overriding bean definition for bean 'repositoryFactory': replacing [Root bean: class [null]; scope=; abstract=false; lazyInit=false; autowireMode=3; dependencyCheck=0; autowireCandidate=true; primary=false; factoryBeanName=orderingConfiguration; factoryMethodName=repositoryFactory; initMethodName=null; destroyMethodName=(inferred); defined in class path resource [smpl/ordering/OrderingConfiguration.class]] with [Root bean: class [null]; scope=; abstract=false; lazyInit=false; autowireMode=3; dependencyCheck=0; autowireCandidate=true; primary=false; factoryBeanName=testOrderingConfiguration; factoryMethodName=repositoryFactory; initMethodName=null; destroyMethodName=(inferred); defined in class smpl.ordering.TestOrderingConfiguration]
00:19:43.203 [Test worker] INFO  o.s.b.f.s.DefaultListableBeanFactory - Overriding bean definition for bean 'org.springframework.boot.autoconfigure.AutoConfigurationPackages': replacing [Generic bean: class [org.springframework.boot.autoconfigure.AutoConfigurationPackages$BasePackages]; scope=; abstract=false; lazyInit=false; autowireMode=0; dependencyCheck=0; autowireCandidate=true; primary=false; factoryBeanName=null; factoryMethodName=null; initMethodName=null; destroyMethodName=null] with [Generic bean: class [org.springframework.boot.autoconfigure.AutoConfigurationPackages$BasePackages]; scope=; abstract=false; lazyInit=false; autowireMode=0; dependencyCheck=0; autowireCandidate=true; primary=false; factoryBeanName=null; factoryMethodName=null; initMethodName=null; destroyMethodName=null]
00:19:43.204 [Test worker] DEBUG o.s.c.a.ConfigurationClassBeanDefinitionReader - Registered bean definition for imported @Configuration class org.springframework.boot.autoconfigure.PropertyPlaceholderAutoConfiguration
00:19:43.214 [Test worker] DEBUG o.s.b.f.s.DefaultListableBeanFactory - Returning cached instance of singleton bean 'autoConfigurationReport'
00:19:43.214 [Test worker] DEBUG o.s.c.a.ConfigurationClassBeanDefinitionReader - Registering bean definition for @Bean method org.springframework.boot.autoconfigure.PropertyPlaceholderAutoConfiguration.propertySourcesPlaceholderConfigurer()
00:19:43.218 [Test worker] DEBUG o.s.b.f.s.DefaultListableBeanFactory - Returning cached instance of singleton bean 'autoConfigurationReport'
00:19:43.218 [Test worker] DEBUG o.s.c.a.ConfigurationClassBeanDefinitionReader - Registered bean definition for imported @Configuration class org.springframework.boot.actuate.autoconfigure.AuditAutoConfiguration$AuditEventRepositoryConfiguration
00:19:43.218 [Test worker] DEBUG o.s.c.a.ConfigurationClassBeanDefinitionReader - Registering bean definition for @Bean method org.springframework.boot.actuate.autoconfigure.AuditAutoConfiguration$AuditEventRepositoryConfiguration.auditEventRepository()
00:19:43.218 [Test worker] DEBUG o.s.c.a.ConfigurationClassBeanDefinitionReader - Registered bean definition for imported @Configuration class org.springframework.boot.actuate.autoconfigure.AuditAutoConfiguration
00:19:43.218 [Test worker] DEBUG o.s.c.a.ConfigurationClassBeanDefinitionReader - Registering bean definition for @Bean method org.springframework.boot.actuate.autoconfigure.AuditAutoConfiguration.auditListener()
00:19:43.219 [Test worker] DEBUG o.s.b.f.s.DefaultListableBeanFactory - Returning cached instance of singleton bean 'autoConfigurationReport'
00:19:43.219 [Test worker] DEBUG o.s.b.f.s.DefaultListableBeanFactory - Returning cached instance of singleton bean 'autoConfigurationReport'
00:19:43.219 [Test worker] DEBUG o.s.b.f.s.DefaultListableBeanFactory - Returning cached instance of singleton bean 'autoConfigurationReport'
00:19:43.219 [Test worker] DEBUG o.s.c.a.ConfigurationClassBeanDefinitionReader - Registered bean definition for imported @Configuration class org.springframework.boot.autoconfigure.mongo.MongoAutoConfiguration
00:19:43.225 [Test worker] DEBUG o.s.b.f.s.DefaultListableBeanFactory - Returning cached instance of singleton bean 'autoConfigurationReport'
00:19:43.225 [Test worker] DEBUG o.s.c.a.ConfigurationClassBeanDefinitionReader - Registering bean definition for @Bean method org.springframework.boot.autoconfigure.mongo.MongoAutoConfiguration.mongo()
00:19:43.226 [Test worker] DEBUG o.s.b.f.s.DefaultListableBeanFactory - Returning cached instance of singleton bean 'autoConfigurationReport'
00:19:43.229 [Test worker] DEBUG o.s.b.f.s.DefaultListableBeanFactory - Returning cached instance of singleton bean 'autoConfigurationReport'
00:19:43.229 [Test worker] DEBUG o.s.c.a.ConfigurationClassBeanDefinitionReader - Registered bean definition for imported @Configuration class org.springframework.boot.autoconfigure.mongo.MongoDataAutoConfiguration
00:19:43.236 [Test worker] DEBUG o.s.b.f.s.DefaultListableBeanFactory - Returning cached instance of singleton bean 'autoConfigurationReport'
00:19:43.236 [Test worker] DEBUG o.s.c.a.ConfigurationClassBeanDefinitionReader - Registering bean definition for @Bean method org.springframework.boot.autoconfigure.mongo.MongoDataAutoConfiguration.mongoDbFactory()
00:19:43.240 [Test worker] DEBUG o.s.b.f.s.DefaultListableBeanFactory - Returning cached instance of singleton bean 'autoConfigurationReport'
00:19:43.243 [Test worker] DEBUG o.s.b.f.s.DefaultListableBeanFactory - Returning cached instance of singleton bean 'autoConfigurationReport'
00:19:43.243 [Test worker] DEBUG o.s.c.a.ConfigurationClassBeanDefinitionReader - Registering bean definition for @Bean method org.springframework.boot.autoconfigure.mongo.MongoDataAutoConfiguration.gridFsTemplate()
00:19:43.243 [Test worker] DEBUG o.s.b.f.s.DefaultListableBeanFactory - Returning cached instance of singleton bean 'autoConfigurationReport'
00:19:43.244 [Test worker] DEBUG o.s.b.f.s.DefaultListableBeanFactory - Returning cached instance of singleton bean 'autoConfigurationReport'
00:19:43.244 [Test worker] DEBUG o.s.b.f.s.DefaultListableBeanFactory - Returning cached instance of singleton bean 'autoConfigurationReport'
00:19:43.246 [Test worker] DEBUG o.s.b.f.s.DefaultListableBeanFactory - Returning cached instance of singleton bean 'autoConfigurationReport'
00:19:43.247 [Test worker] DEBUG o.s.c.e.PropertySourcesPropertyResolver - Searching for key 'health.mongo.enabled:true' in [systemProperties]
00:19:43.247 [Test worker] DEBUG o.s.c.e.PropertySourcesPropertyResolver - Searching for key 'health.mongo.enabled:true' in [systemEnvironment]
00:19:43.247 [Test worker] DEBUG o.s.c.e.PropertySourcesPropertyResolver - Could not find key 'health.mongo.enabled:true' in any property source. Returning [null]
00:19:43.247 [Test worker] DEBUG o.s.c.e.PropertySourcesPropertyResolver - Searching for key 'health.mongo.enabled' in [systemProperties]
00:19:43.247 [Test worker] DEBUG o.s.c.e.PropertySourcesPropertyResolver - Searching for key 'health.mongo.enabled' in [systemEnvironment]
00:19:43.247 [Test worker] DEBUG o.s.c.e.PropertySourcesPropertyResolver - Could not find key 'health.mongo.enabled' in any property source. Returning [null]
00:19:43.247 [Test worker] DEBUG o.s.b.f.s.DefaultListableBeanFactory - Returning cached instance of singleton bean 'autoConfigurationReport'
00:19:43.247 [Test worker] DEBUG o.s.c.a.ConfigurationClassBeanDefinitionReader - Registered bean definition for imported @Configuration class org.springframework.boot.actuate.autoconfigure.HealthIndicatorAutoConfiguration$MongoHealthIndicatorConfiguration
00:19:43.247 [Test worker] DEBUG o.s.b.f.s.DefaultListableBeanFactory - Returning cached instance of singleton bean 'autoConfigurationReport'
00:19:43.247 [Test worker] DEBUG o.s.c.a.ConfigurationClassBeanDefinitionReader - Registering bean definition for @Bean method org.springframework.boot.actuate.autoconfigure.HealthIndicatorAutoConfiguration$MongoHealthIndicatorConfiguration.mongoHealthIndicator()
00:19:43.250 [Test worker] DEBUG o.s.b.f.s.DefaultListableBeanFactory - Returning cached instance of singleton bean 'autoConfigurationReport'
00:19:43.252 [Test worker] DEBUG o.s.c.a.ConfigurationClassBeanDefinitionReader - Registered bean definition for imported @Configuration class org.springframework.boot.actuate.autoconfigure.HealthIndicatorAutoConfiguration
00:19:43.254 [Test worker] DEBUG o.s.b.f.s.DefaultListableBeanFactory - Returning cached instance of singleton bean 'autoConfigurationReport'
00:19:43.254 [Test worker] DEBUG o.s.c.a.ConfigurationClassBeanDefinitionReader - Registering bean definition for @Bean method org.springframework.boot.actuate.autoconfigure.HealthIndicatorAutoConfiguration.healthAggregator()
00:19:43.255 [Test worker] DEBUG o.s.b.f.s.DefaultListableBeanFactory - Returning cached instance of singleton bean 'autoConfigurationReport'
00:19:43.255 [Test worker] DEBUG o.s.c.a.ConfigurationClassBeanDefinitionReader - Registered bean definition for imported @Configuration class org.springframework.boot.actuate.autoconfigure.EndpointAutoConfiguration$InfoPropertiesConfiguration
00:19:43.256 [Test worker] DEBUG o.s.b.f.s.DefaultListableBeanFactory - Returning cached instance of singleton bean 'autoConfigurationReport'
00:19:43.256 [Test worker] DEBUG o.s.c.a.ConfigurationClassBeanDefinitionReader - Registered bean definition for imported @Configuration class org.springframework.boot.actuate.autoconfigure.EndpointAutoConfiguration$RequestMappingEndpointConfiguration
00:19:43.258 [Test worker] DEBUG o.s.b.f.s.DefaultListableBeanFactory - Returning cached instance of singleton bean 'autoConfigurationReport'
00:19:43.258 [Test worker] DEBUG o.s.c.a.ConfigurationClassBeanDefinitionReader - Registering bean definition for @Bean method org.springframework.boot.actuate.autoconfigure.EndpointAutoConfiguration$RequestMappingEndpointConfiguration.requestMappingEndpoint()
00:19:43.259 [Test worker] DEBUG o.s.c.a.ConfigurationClassBeanDefinitionReader - Registered bean definition for imported @Configuration class org.springframework.boot.actuate.autoconfigure.EndpointAutoConfiguration
00:19:43.264 [Test worker] DEBUG o.s.b.f.s.DefaultListableBeanFactory - Returning cached instance of singleton bean 'autoConfigurationReport'
00:19:43.264 [Test worker] DEBUG o.s.c.a.ConfigurationClassBeanDefinitionReader - Registering bean definition for @Bean method org.springframework.boot.actuate.autoconfigure.EndpointAutoConfiguration.environmentEndpoint()
00:19:43.265 [Test worker] DEBUG o.s.b.f.s.DefaultListableBeanFactory - Returning cached instance of singleton bean 'autoConfigurationReport'
00:19:43.265 [Test worker] DEBUG o.s.c.a.ConfigurationClassBeanDefinitionReader - Registering bean definition for @Bean method org.springframework.boot.actuate.autoconfigure.EndpointAutoConfiguration.healthEndpoint()
00:19:43.267 [Test worker] DEBUG o.s.b.f.s.DefaultListableBeanFactory - Returning cached instance of singleton bean 'autoConfigurationReport'
00:19:43.267 [Test worker] DEBUG o.s.c.a.ConfigurationClassBeanDefinitionReader - Registering bean definition for @Bean method org.springframework.boot.actuate.autoconfigure.EndpointAutoConfiguration.beansEndpoint()
00:19:43.269 [Test worker] DEBUG o.s.b.f.s.DefaultListableBeanFactory - Returning cached instance of singleton bean 'autoConfigurationReport'
00:19:43.269 [Test worker] DEBUG o.s.c.a.ConfigurationClassBeanDefinitionReader - Registering bean definition for @Bean method org.springframework.boot.actuate.autoconfigure.EndpointAutoConfiguration.infoEndpoint()
00:19:43.270 [Test worker] DEBUG o.s.b.f.s.DefaultListableBeanFactory - Returning cached instance of singleton bean 'autoConfigurationReport'
00:19:43.270 [Test worker] DEBUG o.s.c.a.ConfigurationClassBeanDefinitionReader - Registering bean definition for @Bean method org.springframework.boot.actuate.autoconfigure.EndpointAutoConfiguration.metricsEndpoint()
00:19:43.272 [Test worker] DEBUG o.s.b.f.s.DefaultListableBeanFactory - Returning cached instance of singleton bean 'autoConfigurationReport'
00:19:43.272 [Test worker] DEBUG o.s.c.a.ConfigurationClassBeanDefinitionReader - Registering bean definition for @Bean method org.springframework.boot.actuate.autoconfigure.EndpointAutoConfiguration.traceEndpoint()
00:19:43.274 [Test worker] DEBUG o.s.b.f.s.DefaultListableBeanFactory - Returning cached instance of singleton bean 'autoConfigurationReport'
00:19:43.275 [Test worker] DEBUG o.s.c.a.ConfigurationClassBeanDefinitionReader - Registering bean definition for @Bean method org.springframework.boot.actuate.autoconfigure.EndpointAutoConfiguration.dumpEndpoint()
00:19:43.278 [Test worker] DEBUG o.s.b.f.s.DefaultListableBeanFactory - Returning cached instance of singleton bean 'autoConfigurationReport'
00:19:43.281 [Test worker] DEBUG o.s.b.f.s.DefaultListableBeanFactory - Returning cached instance of singleton bean 'autoConfigurationReport'
00:19:43.281 [Test worker] DEBUG o.s.c.a.ConfigurationClassBeanDefinitionReader - Registering bean definition for @Bean method org.springframework.boot.actuate.autoconfigure.EndpointAutoConfiguration.autoConfigurationAuditEndpoint()
00:19:43.283 [Test worker] DEBUG o.s.b.f.s.DefaultListableBeanFactory - Returning cached instance of singleton bean 'autoConfigurationReport'
00:19:43.283 [Test worker] DEBUG o.s.c.a.ConfigurationClassBeanDefinitionReader - Registering bean definition for @Bean method org.springframework.boot.actuate.autoconfigure.EndpointAutoConfiguration.shutdownEndpoint()
00:19:43.285 [Test worker] DEBUG o.s.b.f.s.DefaultListableBeanFactory - Returning cached instance of singleton bean 'autoConfigurationReport'
00:19:43.285 [Test worker] DEBUG o.s.c.a.ConfigurationClassBeanDefinitionReader - Registering bean definition for @Bean method org.springframework.boot.actuate.autoconfigure.EndpointAutoConfiguration.configurationPropertiesReportEndpoint()
00:19:43.285 [Test worker] DEBUG o.s.b.f.s.DefaultListableBeanFactory - Returning cached instance of singleton bean 'autoConfigurationReport'
00:19:43.285 [Test worker] DEBUG o.s.c.e.PropertySourcesPropertyResolver - Searching for key 'spring.jmx.enabled:true' in [systemProperties]
00:19:43.285 [Test worker] DEBUG o.s.c.e.PropertySourcesPropertyResolver - Searching for key 'spring.jmx.enabled:true' in [systemEnvironment]
00:19:43.285 [Test worker] DEBUG o.s.c.e.PropertySourcesPropertyResolver - Could not find key 'spring.jmx.enabled:true' in any property source. Returning [null]
00:19:43.285 [Test worker] DEBUG o.s.c.e.PropertySourcesPropertyResolver - Searching for key 'spring.jmx.enabled' in [systemProperties]
00:19:43.285 [Test worker] DEBUG o.s.c.e.PropertySourcesPropertyResolver - Searching for key 'spring.jmx.enabled' in [systemEnvironment]
00:19:43.286 [Test worker] DEBUG o.s.c.e.PropertySourcesPropertyResolver - Could not find key 'spring.jmx.enabled' in any property source. Returning [null]
00:19:43.286 [Test worker] DEBUG o.s.b.f.s.DefaultListableBeanFactory - Returning cached instance of singleton bean 'autoConfigurationReport'
00:19:43.286 [Test worker] DEBUG o.s.c.a.ConfigurationClassBeanDefinitionReader - Registered bean definition for imported @Configuration class org.springframework.context.annotation.MBeanExportConfiguration
00:19:43.286 [Test worker] DEBUG o.s.c.a.ConfigurationClassBeanDefinitionReader - Registering bean definition for @Bean method org.springframework.context.annotation.MBeanExportConfiguration.mbeanExporter()
00:19:43.286 [Test worker] DEBUG o.s.c.a.ConfigurationClassBeanDefinitionReader - Registered bean definition for imported @Configuration class org.springframework.boot.autoconfigure.jmx.JmxAutoConfiguration$Empty
00:19:43.286 [Test worker] DEBUG o.s.c.a.ConfigurationClassBeanDefinitionReader - Registered bean definition for imported @Configuration class org.springframework.boot.autoconfigure.jmx.JmxAutoConfiguration
00:19:43.289 [Test worker] DEBUG o.s.b.f.s.DefaultListableBeanFactory - Returning cached instance of singleton bean 'autoConfigurationReport'
00:19:43.291 [Test worker] DEBUG o.s.b.f.s.DefaultListableBeanFactory - Returning cached instance of singleton bean 'autoConfigurationReport'
00:19:43.291 [Test worker] DEBUG o.s.c.a.ConfigurationClassBeanDefinitionReader - Registering bean definition for @Bean method org.springframework.boot.autoconfigure.jmx.JmxAutoConfiguration.objectNamingStrategy()
00:19:43.295 [Test worker] DEBUG o.s.b.f.s.DefaultListableBeanFactory - Returning cached instance of singleton bean 'autoConfigurationReport'
00:19:43.295 [Test worker] DEBUG o.s.c.a.ConfigurationClassBeanDefinitionReader - Registering bean definition for @Bean method org.springframework.boot.autoconfigure.jmx.JmxAutoConfiguration.mbeanServer()
00:19:43.295 [Test worker] DEBUG o.s.c.e.PropertySourcesPropertyResolver - Searching for key 'endpoints.jmx.enabled:true' in [systemProperties]
00:19:43.295 [Test worker] DEBUG o.s.c.e.PropertySourcesPropertyResolver - Searching for key 'endpoints.jmx.enabled:true' in [systemEnvironment]
00:19:43.295 [Test worker] DEBUG o.s.c.e.PropertySourcesPropertyResolver - Could not find key 'endpoints.jmx.enabled:true' in any property source. Returning [null]
00:19:43.295 [Test worker] DEBUG o.s.c.e.PropertySourcesPropertyResolver - Searching for key 'endpoints.jmx.enabled' in [systemProperties]
00:19:43.295 [Test worker] DEBUG o.s.c.e.PropertySourcesPropertyResolver - Searching for key 'endpoints.jmx.enabled' in [systemEnvironment]
00:19:43.295 [Test worker] DEBUG o.s.c.e.PropertySourcesPropertyResolver - Could not find key 'endpoints.jmx.enabled' in any property source. Returning [null]
00:19:43.295 [Test worker] DEBUG o.s.c.e.PropertySourcesPropertyResolver - Searching for key 'spring.jmx.enabled:true' in [systemProperties]
00:19:43.295 [Test worker] DEBUG o.s.c.e.PropertySourcesPropertyResolver - Searching for key 'spring.jmx.enabled:true' in [systemEnvironment]
00:19:43.295 [Test worker] DEBUG o.s.c.e.PropertySourcesPropertyResolver - Could not find key 'spring.jmx.enabled:true' in any property source. Returning [null]
00:19:43.295 [Test worker] DEBUG o.s.c.e.PropertySourcesPropertyResolver - Searching for key 'spring.jmx.enabled' in [systemProperties]
00:19:43.295 [Test worker] DEBUG o.s.c.e.PropertySourcesPropertyResolver - Searching for key 'spring.jmx.enabled' in [systemEnvironment]
00:19:43.296 [Test worker] DEBUG o.s.c.e.PropertySourcesPropertyResolver - Could not find key 'spring.jmx.enabled' in any property source. Returning [null]
00:19:43.296 [Test worker] DEBUG o.s.b.f.s.DefaultListableBeanFactory - Returning cached instance of singleton bean 'autoConfigurationReport'
00:19:43.296 [Test worker] DEBUG o.s.c.a.ConfigurationClassBeanDefinitionReader - Registered bean definition for imported @Configuration class org.springframework.boot.actuate.autoconfigure.EndpointMBeanExportAutoConfiguration
00:19:43.296 [Test worker] DEBUG o.s.c.a.ConfigurationClassBeanDefinitionReader - Registering bean definition for @Bean method org.springframework.boot.actuate.autoconfigure.EndpointMBeanExportAutoConfiguration.endpointMBeanExporter()
00:19:43.299 [Test worker] DEBUG o.s.b.f.s.DefaultListableBeanFactory - Returning cached instance of singleton bean 'autoConfigurationReport'
00:19:43.300 [Test worker] DEBUG o.s.c.a.ConfigurationClassBeanDefinitionReader - Registered bean definition for imported @Configuration class org.springframework.boot.actuate.autoconfigure.ManagementServerPropertiesAutoConfiguration
00:19:43.303 [Test worker] DEBUG o.s.b.f.s.DefaultListableBeanFactory - Returning cached instance of singleton bean 'autoConfigurationReport'
00:19:43.303 [Test worker] DEBUG o.s.c.a.ConfigurationClassBeanDefinitionReader - Registering bean definition for @Bean method org.springframework.boot.actuate.autoconfigure.ManagementServerPropertiesAutoConfiguration.managementServerProperties()
00:19:43.306 [Test worker] DEBUG o.s.b.f.s.DefaultListableBeanFactory - Returning cached instance of singleton bean 'autoConfigurationReport'
00:19:43.306 [Test worker] DEBUG o.s.b.f.s.DefaultListableBeanFactory - Returning cached instance of singleton bean 'autoConfigurationReport'
00:19:43.308 [Test worker] DEBUG o.s.b.f.s.DefaultListableBeanFactory - Returning cached instance of singleton bean 'autoConfigurationReport'
00:19:43.309 [Test worker] DEBUG o.s.c.a.ConfigurationClassBeanDefinitionReader - Registering bean definition for @Bean method org.springframework.boot.actuate.autoconfigure.ManagementServerPropertiesAutoConfiguration.serverProperties()
00:19:43.309 [Test worker] DEBUG o.s.b.f.s.DefaultListableBeanFactory - Returning cached instance of singleton bean 'autoConfigurationReport'
00:19:43.309 [Test worker] DEBUG o.s.c.a.ConfigurationClassBeanDefinitionReader - Registered bean definition for imported @Configuration class org.springframework.boot.actuate.autoconfigure.MetricRepositoryAutoConfiguration$CodahaleMetricRegistryConfiguration
00:19:43.312 [Test worker] DEBUG o.s.b.f.s.DefaultListableBeanFactory - Returning cached instance of singleton bean 'autoConfigurationReport'
00:19:43.312 [Test worker] DEBUG o.s.c.a.ConfigurationClassBeanDefinitionReader - Registering bean definition for @Bean method org.springframework.boot.actuate.autoconfigure.MetricRepositoryAutoConfiguration$CodahaleMetricRegistryConfiguration.metricRegistry()
00:19:43.312 [Test worker] DEBUG o.s.c.a.ConfigurationClassBeanDefinitionReader - Registering bean definition for @Bean method org.springframework.boot.actuate.autoconfigure.MetricRepositoryAutoConfiguration$CodahaleMetricRegistryConfiguration.codahaleMetricWriter()
00:19:43.313 [Test worker] DEBUG o.s.b.f.s.DefaultListableBeanFactory - Returning cached instance of singleton bean 'autoConfigurationReport'
00:19:43.313 [Test worker] DEBUG o.s.b.f.s.DefaultListableBeanFactory - Returning cached instance of singleton bean 'autoConfigurationReport'
00:19:43.313 [Test worker] DEBUG o.s.c.a.ConfigurationClassBeanDefinitionReader - Registering bean definition for @Bean method org.springframework.boot.actuate.autoconfigure.MetricRepositoryAutoConfiguration$CodahaleMetricRegistryConfiguration.primaryMetricWriter()
00:19:43.316 [Test worker] DEBUG o.s.b.f.s.DefaultListableBeanFactory - Returning cached instance of singleton bean 'autoConfigurationReport'
00:19:43.316 [Test worker] DEBUG o.s.c.a.ConfigurationClassBeanDefinitionReader - Registered bean definition for imported @Configuration class org.springframework.boot.actuate.autoconfigure.MetricRepositoryAutoConfiguration$MetricRepositoryConfiguration
00:19:43.316 [Test worker] DEBUG o.s.c.a.ConfigurationClassBeanDefinitionReader - Registering bean definition for @Bean method org.springframework.boot.actuate.autoconfigure.MetricRepositoryAutoConfiguration$MetricRepositoryConfiguration.metricRepository()
00:19:43.316 [Test worker] DEBUG o.s.c.a.ConfigurationClassBeanDefinitionReader - Registered bean definition for imported @Configuration class org.springframework.boot.actuate.autoconfigure.MetricRepositoryAutoConfiguration
00:19:43.320 [Test worker] DEBUG o.s.b.f.s.DefaultListableBeanFactory - Returning cached instance of singleton bean 'autoConfigurationReport'
00:19:43.320 [Test worker] DEBUG o.s.c.a.ConfigurationClassBeanDefinitionReader - Registering bean definition for @Bean method org.springframework.boot.actuate.autoconfigure.MetricRepositoryAutoConfiguration.counterService()
00:19:43.323 [Test worker] DEBUG o.s.b.f.s.DefaultListableBeanFactory - Returning cached instance of singleton bean 'autoConfigurationReport'
00:19:43.323 [Test worker] DEBUG o.s.c.a.ConfigurationClassBeanDefinitionReader - Registering bean definition for @Bean method org.springframework.boot.actuate.autoconfigure.MetricRepositoryAutoConfiguration.gaugeService()
00:19:43.328 [Test worker] DEBUG o.s.b.f.s.DefaultListableBeanFactory - Returning cached instance of singleton bean 'autoConfigurationReport'
00:19:43.328 [Test worker] DEBUG o.s.b.f.s.DefaultListableBeanFactory - Returning cached instance of singleton bean 'autoConfigurationReport'
00:19:43.328 [Test worker] DEBUG o.s.c.a.ConfigurationClassBeanDefinitionReader - Registered bean definition for imported @Configuration class org.springframework.boot.actuate.autoconfigure.MetricFilterAutoConfiguration
00:19:43.328 [Test worker] DEBUG o.s.c.a.ConfigurationClassBeanDefinitionReader - Registering bean definition for @Bean method org.springframework.boot.actuate.autoconfigure.MetricFilterAutoConfiguration.metricFilter()
00:19:43.328 [Test worker] DEBUG o.s.c.a.ConfigurationClassBeanDefinitionReader - Registered bean definition for imported @Configuration class org.springframework.boot.actuate.autoconfigure.TraceRepositoryAutoConfiguration
00:19:43.332 [Test worker] DEBUG o.s.b.f.s.DefaultListableBeanFactory - Returning cached instance of singleton bean 'autoConfigurationReport'
00:19:43.332 [Test worker] DEBUG o.s.c.a.ConfigurationClassBeanDefinitionReader - Registering bean definition for @Bean method org.springframework.boot.actuate.autoconfigure.TraceRepositoryAutoConfiguration.traceRepository()
00:19:43.332 [Test worker] DEBUG o.s.b.f.s.DefaultListableBeanFactory - Returning cached instance of singleton bean 'autoConfigurationReport'
00:19:43.332 [Test worker] DEBUG o.s.c.a.ConfigurationClassBeanDefinitionReader - Registered bean definition for imported @Configuration class org.springframework.boot.actuate.autoconfigure.TraceWebFilterAutoConfiguration
00:19:43.332 [Test worker] DEBUG o.s.c.a.ConfigurationClassBeanDefinitionReader - Registering bean definition for @Bean method org.springframework.boot.actuate.autoconfigure.TraceWebFilterAutoConfiguration.webRequestLoggingFilter()
00:19:43.332 [Test worker] DEBUG o.s.b.f.s.DefaultListableBeanFactory - Returning cached instance of singleton bean 'autoConfigurationReport'
00:19:43.336 [Test worker] DEBUG o.s.b.f.s.DefaultListableBeanFactory - Returning cached instance of singleton bean 'autoConfigurationReport'
00:19:43.336 [Test worker] DEBUG o.s.c.e.PropertySourcesPropertyResolver - Searching for key 'spring.data.mongo.repositories.enabled:true' in [systemProperties]
00:19:43.336 [Test worker] DEBUG o.s.c.e.PropertySourcesPropertyResolver - Searching for key 'spring.data.mongo.repositories.enabled:true' in [systemEnvironment]
00:19:43.337 [Test worker] DEBUG o.s.c.e.PropertySourcesPropertyResolver - Could not find key 'spring.data.mongo.repositories.enabled:true' in any property source. Returning [null]
00:19:43.337 [Test worker] DEBUG o.s.c.e.PropertySourcesPropertyResolver - Searching for key 'spring.data.mongo.repositories.enabled' in [systemProperties]
00:19:43.337 [Test worker] DEBUG o.s.c.e.PropertySourcesPropertyResolver - Searching for key 'spring.data.mongo.repositories.enabled' in [systemEnvironment]
00:19:43.337 [Test worker] DEBUG o.s.c.e.PropertySourcesPropertyResolver - Could not find key 'spring.data.mongo.repositories.enabled' in any property source. Returning [null]
00:19:43.337 [Test worker] DEBUG o.s.b.f.s.DefaultListableBeanFactory - Returning cached instance of singleton bean 'autoConfigurationReport'
00:19:43.337 [Test worker] DEBUG o.s.c.a.ConfigurationClassBeanDefinitionReader - Registered bean definition for imported @Configuration class org.springframework.boot.autoconfigure.data.mongo.MongoRepositoriesAutoConfiguration
00:19:43.350 [Test worker] DEBUG o.s.core.env.StandardEnvironment - Adding [systemProperties] PropertySource with lowest search precedence
00:19:43.350 [Test worker] DEBUG o.s.core.env.StandardEnvironment - Adding [systemEnvironment] PropertySource with lowest search precedence
00:19:43.350 [Test worker] DEBUG o.s.core.env.StandardEnvironment - Initialized StandardEnvironment with PropertySources [systemProperties,systemEnvironment]
00:19:43.351 [Test worker] DEBUG o.s.b.f.s.DefaultListableBeanFactory - Creating shared instance of singleton bean 'org.springframework.boot.autoconfigure.AutoConfigurationPackages'
00:19:43.352 [Test worker] DEBUG o.s.b.f.s.DefaultListableBeanFactory - Creating instance of bean 'org.springframework.boot.autoconfigure.AutoConfigurationPackages'
00:19:43.368 [Test worker] DEBUG o.s.b.f.s.DefaultListableBeanFactory - Eagerly caching bean 'org.springframework.boot.autoconfigure.AutoConfigurationPackages' to allow for resolving potential circular references
00:19:43.368 [Test worker] DEBUG o.s.b.f.s.DefaultListableBeanFactory - Finished creating instance of bean 'org.springframework.boot.autoconfigure.AutoConfigurationPackages'
00:19:43.368 [Test worker] DEBUG o.s.b.a.AutoConfigurationPackages - @EnableAutoConfiguration was declared on a class in the package 'smpl.ordering'. Automatic @Repository and @Entity scanning is enabled.
00:19:43.368 [Test worker] DEBUG o.s.c.i.s.PathMatchingResourcePatternResolver - Looking for matching resources in directory tree [/opt/Projects/PartsUnlimitedMRP/src/Backend/OrderService/build/classes/test/smpl/ordering]
00:19:43.368 [Test worker] DEBUG o.s.c.i.s.PathMatchingResourcePatternResolver - Searching directory [/opt/Projects/PartsUnlimitedMRP/src/Backend/OrderService/build/classes/test/smpl/ordering] for files matching pattern [/opt/Projects/PartsUnlimitedMRP/src/Backend/OrderService/build/classes/test/smpl/ordering/**/*.class]
00:19:43.368 [Test worker] DEBUG o.s.c.i.s.PathMatchingResourcePatternResolver - Searching directory [/opt/Projects/PartsUnlimitedMRP/src/Backend/OrderService/build/classes/test/smpl/ordering/controllers] for files matching pattern [/opt/Projects/PartsUnlimitedMRP/src/Backend/OrderService/build/classes/test/smpl/ordering/**/*.class]
00:19:43.369 [Test worker] DEBUG o.s.c.i.s.PathMatchingResourcePatternResolver - Searching directory [/opt/Projects/PartsUnlimitedMRP/src/Backend/OrderService/build/classes/test/smpl/ordering/repositories] for files matching pattern [/opt/Projects/PartsUnlimitedMRP/src/Backend/OrderService/build/classes/test/smpl/ordering/**/*.class]
00:19:43.369 [Test worker] DEBUG o.s.c.i.s.PathMatchingResourcePatternResolver - Searching directory [/opt/Projects/PartsUnlimitedMRP/src/Backend/OrderService/build/classes/test/smpl/ordering/repositories/mock] for files matching pattern [/opt/Projects/PartsUnlimitedMRP/src/Backend/OrderService/build/classes/test/smpl/ordering/**/*.class]
00:19:43.369 [Test worker] DEBUG o.s.c.i.s.PathMatchingResourcePatternResolver - Searching directory [/opt/Projects/PartsUnlimitedMRP/src/Backend/OrderService/build/classes/test/smpl/ordering/repositories/mock/test] for files matching pattern [/opt/Projects/PartsUnlimitedMRP/src/Backend/OrderService/build/classes/test/smpl/ordering/**/*.class]
00:19:43.369 [Test worker] DEBUG o.s.c.i.s.PathMatchingResourcePatternResolver - Searching directory [/opt/Projects/PartsUnlimitedMRP/src/Backend/OrderService/build/classes/test/smpl/ordering/repositories/mongodb] for files matching pattern [/opt/Projects/PartsUnlimitedMRP/src/Backend/OrderService/build/classes/test/smpl/ordering/**/*.class]
00:19:43.369 [Test worker] DEBUG o.s.c.i.s.PathMatchingResourcePatternResolver - Searching directory [/opt/Projects/PartsUnlimitedMRP/src/Backend/OrderService/build/classes/test/smpl/ordering/repositories/mongodb/test] for files matching pattern [/opt/Projects/PartsUnlimitedMRP/src/Backend/OrderService/build/classes/test/smpl/ordering/**/*.class]
00:19:43.369 [Test worker] DEBUG o.s.c.i.s.PathMatchingResourcePatternResolver - Looking for matching resources in directory tree [/opt/Projects/PartsUnlimitedMRP/src/Backend/OrderService/build/classes/main/smpl/ordering]
00:19:43.369 [Test worker] DEBUG o.s.c.i.s.PathMatchingResourcePatternResolver - Searching directory [/opt/Projects/PartsUnlimitedMRP/src/Backend/OrderService/build/classes/main/smpl/ordering] for files matching pattern [/opt/Projects/PartsUnlimitedMRP/src/Backend/OrderService/build/classes/main/smpl/ordering/**/*.class]
00:19:43.369 [Test worker] DEBUG o.s.c.i.s.PathMatchingResourcePatternResolver - Searching directory [/opt/Projects/PartsUnlimitedMRP/src/Backend/OrderService/build/classes/main/smpl/ordering/repositories] for files matching pattern [/opt/Projects/PartsUnlimitedMRP/src/Backend/OrderService/build/classes/main/smpl/ordering/**/*.class]
00:19:43.370 [Test worker] DEBUG o.s.c.i.s.PathMatchingResourcePatternResolver - Searching directory [/opt/Projects/PartsUnlimitedMRP/src/Backend/OrderService/build/classes/main/smpl/ordering/repositories/mock] for files matching pattern [/opt/Projects/PartsUnlimitedMRP/src/Backend/OrderService/build/classes/main/smpl/ordering/**/*.class]
00:19:43.370 [Test worker] DEBUG o.s.c.i.s.PathMatchingResourcePatternResolver - Searching directory [/opt/Projects/PartsUnlimitedMRP/src/Backend/OrderService/build/classes/main/smpl/ordering/repositories/mongodb] for files matching pattern [/opt/Projects/PartsUnlimitedMRP/src/Backend/OrderService/build/classes/main/smpl/ordering/**/*.class]
00:19:43.370 [Test worker] DEBUG o.s.c.i.s.PathMatchingResourcePatternResolver - Searching directory [/opt/Projects/PartsUnlimitedMRP/src/Backend/OrderService/build/classes/main/smpl/ordering/repositories/mongodb/models] for files matching pattern [/opt/Projects/PartsUnlimitedMRP/src/Backend/OrderService/build/classes/main/smpl/ordering/**/*.class]
00:19:43.370 [Test worker] DEBUG o.s.c.i.s.PathMatchingResourcePatternResolver - Searching directory [/opt/Projects/PartsUnlimitedMRP/src/Backend/OrderService/build/classes/main/smpl/ordering/models] for files matching pattern [/opt/Projects/PartsUnlimitedMRP/src/Backend/OrderService/build/classes/main/smpl/ordering/**/*.class]
00:19:43.370 [Test worker] DEBUG o.s.c.i.s.PathMatchingResourcePatternResolver - Searching directory [/opt/Projects/PartsUnlimitedMRP/src/Backend/OrderService/build/classes/main/smpl/ordering/controllers] for files matching pattern [/opt/Projects/PartsUnlimitedMRP/src/Backend/OrderService/build/classes/main/smpl/ordering/**/*.class]
00:19:43.371 [Test worker] DEBUG o.s.c.i.s.PathMatchingResourcePatternResolver - Resolved location pattern [classpath*:smpl/ordering/**/*.class] to resources [file [/opt/Projects/PartsUnlimitedMRP/src/Backend/OrderService/build/classes/test/smpl/ordering/ConfigurationRule.class], file [/opt/Projects/PartsUnlimitedMRP/src/Backend/OrderService/build/classes/test/smpl/ordering/TestOrderingConfiguration.class], file [/opt/Projects/PartsUnlimitedMRP/src/Backend/OrderService/build/classes/test/smpl/ordering/UtilityTest.class], file [/opt/Projects/PartsUnlimitedMRP/src/Backend/OrderService/build/classes/test/smpl/ordering/controllers/CatalogControllerTest.class], file [/opt/Projects/PartsUnlimitedMRP/src/Backend/OrderService/build/classes/test/smpl/ordering/controllers/DealerControllerTest.class], file [/opt/Projects/PartsUnlimitedMRP/src/Backend/OrderService/build/classes/test/smpl/ordering/controllers/OrderControllerTest.class], file [/opt/Projects/PartsUnlimitedMRP/src/Backend/OrderService/build/classes/test/smpl/ordering/controllers/QuoteControllerTest.class], file [/opt/Projects/PartsUnlimitedMRP/src/Backend/OrderService/build/classes/test/smpl/ordering/controllers/ShipmentControllerTest.class], file [/opt/Projects/PartsUnlimitedMRP/src/Backend/OrderService/build/classes/test/smpl/ordering/repositories/CatalogItemsRepositoryTest.class], file [/opt/Projects/PartsUnlimitedMRP/src/Backend/OrderService/build/classes/test/smpl/ordering/repositories/DealersRepositoryTest.class], file [/opt/Projects/PartsUnlimitedMRP/src/Backend/OrderService/build/classes/test/smpl/ordering/repositories/OrderRepositoryTest.class], file [/opt/Projects/PartsUnlimitedMRP/src/Backend/OrderService/build/classes/test/smpl/ordering/repositories/QuoteRepositoryTest.class], file [/opt/Projects/PartsUnlimitedMRP/src/Backend/OrderService/build/classes/test/smpl/ordering/repositories/ShipmentRepositoryTest.class], file [/opt/Projects/PartsUnlimitedMRP/src/Backend/OrderService/build/classes/test/smpl/ordering/repositories/mock/test/MockCatalogItemsRepositoryTest.class], file [/opt/Projects/PartsUnlimitedMRP/src/Backend/OrderService/build/classes/test/smpl/ordering/repositories/mock/test/MockDealersRepositoryTest.class], file [/opt/Projects/PartsUnlimitedMRP/src/Backend/OrderService/build/classes/test/smpl/ordering/repositories/mock/test/MockOrderRepositoryTest.class], file [/opt/Projects/PartsUnlimitedMRP/src/Backend/OrderService/build/classes/test/smpl/ordering/repositories/mock/test/MockQuoteRepositoryTest.class], file [/opt/Projects/PartsUnlimitedMRP/src/Backend/OrderService/build/classes/test/smpl/ordering/repositories/mock/test/MockShipmentRepositoryTest.class], file [/opt/Projects/PartsUnlimitedMRP/src/Backend/OrderService/build/classes/test/smpl/ordering/repositories/mongodb/test/IntegrationTests.class], file [/opt/Projects/PartsUnlimitedMRP/src/Backend/OrderService/build/classes/test/smpl/ordering/repositories/mongodb/test/MongoCatalogItemsRepositoryTest.class], file [/opt/Projects/PartsUnlimitedMRP/src/Backend/OrderService/build/classes/test/smpl/ordering/repositories/mongodb/test/MongoDealersRepositoryTest.class], file [/opt/Projects/PartsUnlimitedMRP/src/Backend/OrderService/build/classes/test/smpl/ordering/repositories/mongodb/test/MongoOrderRepositoryTest.class], file [/opt/Projects/PartsUnlimitedMRP/src/Backend/OrderService/build/classes/test/smpl/ordering/repositories/mongodb/test/MongoQuoteRepositoryTest.class], file [/opt/Projects/PartsUnlimitedMRP/src/Backend/OrderService/build/classes/test/smpl/ordering/repositories/mongodb/test/MongoShipmentRepositoryTest.class], file [/opt/Projects/PartsUnlimitedMRP/src/Backend/OrderService/build/classes/main/smpl/ordering/AppInsightsFilter.class], file [/opt/Projects/PartsUnlimitedMRP/src/Backend/OrderService/build/classes/main/smpl/ordering/BadRequestException.class], file [/opt/Projects/PartsUnlimitedMRP/src/Backend/OrderService/build/classes/main/smpl/ordering/ConflictingRequestException.class], file [/opt/Projects/PartsUnlimitedMRP/src/Backend/OrderService/build/classes/main/smpl/ordering/MongoDBProperties.class], file [/opt/Projects/PartsUnlimitedMRP/src/Backend/OrderService/build/classes/main/smpl/ordering/OrderingConfiguration.class], file [/opt/Projects/PartsUnlimitedMRP/src/Backend/OrderService/build/classes/main/smpl/ordering/repositories/RepositoryFactory$Repositories.class], file [/opt/Projects/PartsUnlimitedMRP/src/Backend/OrderService/build/classes/main/smpl/ordering/repositories/RepositoryFactory$1.class], file [/opt/Projects/PartsUnlimitedMRP/src/Backend/OrderService/build/classes/main/smpl/ordering/repositories/RepositoryFactory.class], file [/opt/Projects/PartsUnlimitedMRP/src/Backend/OrderService/build/classes/main/smpl/ordering/repositories/CatalogItemsRepository.class], file [/opt/Projects/PartsUnlimitedMRP/src/Backend/OrderService/build/classes/main/smpl/ordering/repositories/DealersRepository.class], file [/opt/Projects/PartsUnlimitedMRP/src/Backend/OrderService/build/classes/main/smpl/ordering/repositories/OrderRepository.class], file [/opt/Projects/PartsUnlimitedMRP/src/Backend/OrderService/build/classes/main/smpl/ordering/repositories/QuoteRepository.class], file [/opt/Projects/PartsUnlimitedMRP/src/Backend/OrderService/build/classes/main/smpl/ordering/repositories/ShipmentRepository.class], file [/opt/Projects/PartsUnlimitedMRP/src/Backend/OrderService/build/classes/main/smpl/ordering/repositories/mock/MockCatalogItemsRepository.class], file [/opt/Projects/PartsUnlimitedMRP/src/Backend/OrderService/build/classes/main/smpl/ordering/repositories/mock/MockDealersRepository.class], file [/opt/Projects/PartsUnlimitedMRP/src/Backend/OrderService/build/classes/main/smpl/ordering/repositories/mock/MockOrderRepository.class], file [/opt/Projects/PartsUnlimitedMRP/src/Backend/OrderService/build/classes/main/smpl/ordering/repositories/mock/MockQuoteRepository.class], file [/opt/Projects/PartsUnlimitedMRP/src/Backend/OrderService/build/classes/main/smpl/ordering/repositories/mock/MockShipmentRepository.class], file [/opt/Projects/PartsUnlimitedMRP/src/Backend/OrderService/build/classes/main/smpl/ordering/repositories/mongodb/MongoCatalogItemsRepository.class], file [/opt/Projects/PartsUnlimitedMRP/src/Backend/OrderService/build/classes/main/smpl/ordering/repositories/mongodb/models/CatalogItem.class], file [/opt/Projects/PartsUnlimitedMRP/src/Backend/OrderService/build/classes/main/smpl/ordering/repositories/mongodb/models/OrderDetails.class], file [/opt/Projects/PartsUnlimitedMRP/src/Backend/OrderService/build/classes/main/smpl/ordering/repositories/mongodb/models/QuoteDetails.class], file [/opt/Projects/PartsUnlimitedMRP/src/Backend/OrderService/build/classes/main/smpl/ordering/repositories/mongodb/models/ShipmentDetails.class], file [/opt/Projects/PartsUnlimitedMRP/src/Backend/OrderService/build/classes/main/smpl/ordering/repositories/mongodb/models/Dealer.class], file [/opt/Projects/PartsUnlimitedMRP/src/Backend/OrderService/build/classes/main/smpl/ordering/repositories/mongodb/MongoDealersRepository.class], file [/opt/Projects/PartsUnlimitedMRP/src/Backend/OrderService/build/classes/main/smpl/ordering/repositories/mongodb/MongoOperationsWithRetry.class], file [/opt/Projects/PartsUnlimitedMRP/src/Backend/OrderService/build/classes/main/smpl/ordering/repositories/mongodb/MongoOrderRepository.class], file [/opt/Projects/PartsUnlimitedMRP/src/Backend/OrderService/build/classes/main/smpl/ordering/repositories/mongodb/MongoQuoteRepository.class], file [/opt/Projects/PartsUnlimitedMRP/src/Backend/OrderService/build/classes/main/smpl/ordering/repositories/mongodb/MongoShipmentRepository.class], file [/opt/Projects/PartsUnlimitedMRP/src/Backend/OrderService/build/classes/main/smpl/ordering/OrderingServiceProperties.class], file [/opt/Projects/PartsUnlimitedMRP/src/Backend/OrderService/build/classes/main/smpl/ordering/models/CatalogItem.class], file [/opt/Projects/PartsUnlimitedMRP/src/Backend/OrderService/build/classes/main/smpl/ordering/models/DealerInfo.class], file [/opt/Projects/PartsUnlimitedMRP/src/Backend/OrderService/build/classes/main/smpl/ordering/models/Order.class], file [/opt/Projects/PartsUnlimitedMRP/src/Backend/OrderService/build/classes/main/smpl/ordering/models/OrderStatus.class], file [/opt/Projects/PartsUnlimitedMRP/src/Backend/OrderService/build/classes/main/smpl/ordering/models/OrderUpdateInfo.class], file [/opt/Projects/PartsUnlimitedMRP/src/Backend/OrderService/build/classes/main/smpl/ordering/models/Quote.class], file [/opt/Projects/PartsUnlimitedMRP/src/Backend/OrderService/build/classes/main/smpl/ordering/models/ShipmentRecord.class], file [/opt/Projects/PartsUnlimitedMRP/src/Backend/OrderService/build/classes/main/smpl/ordering/models/ShipmentEventInfo.class], file [/opt/Projects/PartsUnlimitedMRP/src/Backend/OrderService/build/classes/main/smpl/ordering/models/OrderEventInfo.class], file [/opt/Projects/PartsUnlimitedMRP/src/Backend/OrderService/build/classes/main/smpl/ordering/models/QuoteItemInfo.class], file [/opt/Projects/PartsUnlimitedMRP/src/Backend/OrderService/build/classes/main/smpl/ordering/models/DeliveryAddress.class], file [/opt/Projects/PartsUnlimitedMRP/src/Backend/OrderService/build/classes/main/smpl/ordering/models/PhoneInfo.class], file [/opt/Projects/PartsUnlimitedMRP/src/Backend/OrderService/build/classes/main/smpl/ordering/models/Delivery.class], file [/opt/Projects/PartsUnlimitedMRP/src/Backend/OrderService/build/classes/main/smpl/ordering/OrderingInitializer.class], file [/opt/Projects/PartsUnlimitedMRP/src/Backend/OrderService/build/classes/main/smpl/ordering/PostgresqlProperties.class], file [/opt/Projects/PartsUnlimitedMRP/src/Backend/OrderService/build/classes/main/smpl/ordering/PropertyHelper.class], file [/opt/Projects/PartsUnlimitedMRP/src/Backend/OrderService/build/classes/main/smpl/ordering/SimpleCORSFilter.class], file [/opt/Projects/PartsUnlimitedMRP/src/Backend/OrderService/build/classes/main/smpl/ordering/TestPath.class], file [/opt/Projects/PartsUnlimitedMRP/src/Backend/OrderService/build/classes/main/smpl/ordering/Utility.class], file [/opt/Projects/PartsUnlimitedMRP/src/Backend/OrderService/build/classes/main/smpl/ordering/controllers/CatalogController.class], file [/opt/Projects/PartsUnlimitedMRP/src/Backend/OrderService/build/classes/main/smpl/ordering/controllers/DealerController.class], file [/opt/Projects/PartsUnlimitedMRP/src/Backend/OrderService/build/classes/main/smpl/ordering/controllers/OrderController.class], file [/opt/Projects/PartsUnlimitedMRP/src/Backend/OrderService/build/classes/main/smpl/ordering/controllers/PingController.class], file [/opt/Projects/PartsUnlimitedMRP/src/Backend/OrderService/build/classes/main/smpl/ordering/controllers/QuoteController.class], file [/opt/Projects/PartsUnlimitedMRP/src/Backend/OrderService/build/classes/main/smpl/ordering/controllers/ShipmentController.class]]
00:19:43.401 [Test worker] DEBUG o.s.b.f.s.DefaultListableBeanFactory - Returning cached instance of singleton bean 'autoConfigurationReport'
00:19:43.401 [Test worker] DEBUG o.s.b.f.s.DefaultListableBeanFactory - Returning cached instance of singleton bean 'autoConfigurationReport'
00:19:43.401 [Test worker] DEBUG o.s.c.a.ConfigurationClassBeanDefinitionReader - Registered bean definition for imported @Configuration class org.springframework.boot.autoconfigure.web.HttpMessageConvertersAutoConfiguration$ObjectMappers
00:19:43.411 [Test worker] DEBUG o.s.b.f.s.DefaultListableBeanFactory - Returning cached instance of singleton bean 'autoConfigurationReport'
00:19:43.411 [Test worker] DEBUG o.s.c.a.ConfigurationClassBeanDefinitionReader - Registering bean definition for @Bean method org.springframework.boot.autoconfigure.web.HttpMessageConvertersAutoConfiguration$ObjectMappers.mappingJackson2HttpMessageConverter()
00:19:43.411 [Test worker] DEBUG o.s.b.f.s.DefaultListableBeanFactory - Returning cached instance of singleton bean 'autoConfigurationReport'
00:19:43.411 [Test worker] DEBUG o.s.b.f.s.DefaultListableBeanFactory - Returning cached instance of singleton bean 'autoConfigurationReport'
00:19:43.411 [Test worker] DEBUG o.s.c.a.ConfigurationClassBeanDefinitionReader - Registered bean definition for imported @Configuration class org.springframework.boot.autoconfigure.jackson.JacksonAutoConfiguration$JacksonObjectMapperAutoConfiguration
00:19:43.414 [Test worker] DEBUG o.s.b.f.s.DefaultListableBeanFactory - Returning cached instance of singleton bean 'autoConfigurationReport'
00:19:43.414 [Test worker] DEBUG o.s.c.a.ConfigurationClassBeanDefinitionReader - Registering bean definition for @Bean method org.springframework.boot.autoconfigure.jackson.JacksonAutoConfiguration$JacksonObjectMapperAutoConfiguration.jacksonObjectMapper()
00:19:43.414 [Test worker] DEBUG o.s.c.a.ConfigurationClassBeanDefinitionReader - Registered bean definition for imported @Configuration class org.springframework.boot.autoconfigure.jackson.JacksonAutoConfiguration
00:19:43.415 [Test worker] DEBUG o.s.c.a.ConfigurationClassBeanDefinitionReader - Registered bean definition for imported @Configuration class org.springframework.boot.autoconfigure.web.HttpMessageConvertersAutoConfiguration
00:19:43.417 [Test worker] DEBUG o.s.b.f.s.DefaultListableBeanFactory - Returning cached instance of singleton bean 'autoConfigurationReport'
00:19:43.417 [Test worker] DEBUG o.s.c.a.ConfigurationClassBeanDefinitionReader - Registering bean definition for @Bean method org.springframework.boot.autoconfigure.web.HttpMessageConvertersAutoConfiguration.messageConverters()
00:19:43.418 [Test worker] DEBUG o.s.b.f.s.DefaultListableBeanFactory - Returning cached instance of singleton bean 'autoConfigurationReport'
00:19:43.418 [Test worker] DEBUG o.s.c.e.PropertySourcesPropertyResolver - Searching for key 'multipart.enabled:true' in [systemProperties]
00:19:43.418 [Test worker] DEBUG o.s.c.e.PropertySourcesPropertyResolver - Searching for key 'multipart.enabled:true' in [systemEnvironment]
00:19:43.418 [Test worker] DEBUG o.s.c.e.PropertySourcesPropertyResolver - Could not find key 'multipart.enabled:true' in any property source. Returning [null]
00:19:43.418 [Test worker] DEBUG o.s.c.e.PropertySourcesPropertyResolver - Searching for key 'multipart.enabled' in [systemProperties]
00:19:43.418 [Test worker] DEBUG o.s.c.e.PropertySourcesPropertyResolver - Searching for key 'multipart.enabled' in [systemEnvironment]
00:19:43.418 [Test worker] DEBUG o.s.c.e.PropertySourcesPropertyResolver - Could not find key 'multipart.enabled' in any property source. Returning [null]
00:19:43.418 [Test worker] DEBUG o.s.b.f.s.DefaultListableBeanFactory - Returning cached instance of singleton bean 'autoConfigurationReport'
00:19:43.418 [Test worker] DEBUG o.s.c.a.ConfigurationClassBeanDefinitionReader - Registered bean definition for imported @Configuration class org.springframework.boot.autoconfigure.web.MultipartAutoConfiguration
00:19:43.422 [Test worker] DEBUG o.s.b.f.s.DefaultListableBeanFactory - Returning cached instance of singleton bean 'autoConfigurationReport'
00:19:43.423 [Test worker] DEBUG o.s.c.a.ConfigurationClassBeanDefinitionReader - Registering bean definition for @Bean method org.springframework.boot.autoconfigure.web.MultipartAutoConfiguration.multipartConfigElement()
00:19:43.425 [Test worker] DEBUG o.s.b.f.s.DefaultListableBeanFactory - Returning cached instance of singleton bean 'autoConfigurationReport'
00:19:43.425 [Test worker] DEBUG o.s.c.a.ConfigurationClassBeanDefinitionReader - Registering bean definition for @Bean method org.springframework.boot.autoconfigure.web.MultipartAutoConfiguration.multipartResolver()
00:19:43.480 [Test worker] DEBUG o.s.c.a.ConfigurationClassEnhancer - Successfully enhanced smpl.ordering.TestOrderingConfiguration; enhanced class name is: smpl.ordering.TestOrderingConfiguration$$EnhancerBySpringCGLIB$$6ba5f3ad
00:19:43.480 [Test worker] DEBUG o.s.c.a.ConfigurationClassPostProcessor - Replacing bean definition 'testOrderingConfiguration' existing class name 'smpl.ordering.TestOrderingConfiguration' with enhanced class name 'smpl.ordering.TestOrderingConfiguration$$EnhancerBySpringCGLIB$$6ba5f3ad'
00:19:43.484 [Test worker] DEBUG o.s.c.a.ConfigurationClassEnhancer - Successfully enhanced smpl.ordering.OrderingConfiguration; enhanced class name is: smpl.ordering.OrderingConfiguration$$EnhancerBySpringCGLIB$$1d9bb0df
00:19:43.484 [Test worker] DEBUG o.s.c.a.ConfigurationClassPostProcessor - Replacing bean definition 'orderingConfiguration' existing class name 'smpl.ordering.OrderingConfiguration' with enhanced class name 'smpl.ordering.OrderingConfiguration$$EnhancerBySpringCGLIB$$1d9bb0df'
00:19:43.486 [Test worker] DEBUG o.s.c.a.ConfigurationClassEnhancer - Successfully enhanced org.springframework.boot.autoconfigure.PropertyPlaceholderAutoConfiguration; enhanced class name is: org.springframework.boot.autoconfigure.PropertyPlaceholderAutoConfiguration$$EnhancerBySpringCGLIB$$51e09d54
00:19:43.486 [Test worker] DEBUG o.s.c.a.ConfigurationClassPostProcessor - Replacing bean definition 'org.springframework.boot.autoconfigure.PropertyPlaceholderAutoConfiguration' existing class name 'org.springframework.boot.autoconfigure.PropertyPlaceholderAutoConfiguration' with enhanced class name 'org.springframework.boot.autoconfigure.PropertyPlaceholderAutoConfiguration$$EnhancerBySpringCGLIB$$51e09d54'
00:19:43.490 [Test worker] DEBUG o.s.c.a.ConfigurationClassEnhancer - Successfully enhanced org.springframework.boot.actuate.autoconfigure.AuditAutoConfiguration; enhanced class name is: org.springframework.boot.actuate.autoconfigure.AuditAutoConfiguration$$EnhancerBySpringCGLIB$$4e430b36
00:19:43.490 [Test worker] DEBUG o.s.c.a.ConfigurationClassPostProcessor - Replacing bean definition 'org.springframework.boot.actuate.autoconfigure.AuditAutoConfiguration' existing class name 'org.springframework.boot.actuate.autoconfigure.AuditAutoConfiguration' with enhanced class name 'org.springframework.boot.actuate.autoconfigure.AuditAutoConfiguration$$EnhancerBySpringCGLIB$$4e430b36'
00:19:43.498 [Test worker] DEBUG o.s.c.a.ConfigurationClassEnhancer - Successfully enhanced org.springframework.boot.autoconfigure.mongo.MongoAutoConfiguration; enhanced class name is: org.springframework.boot.autoconfigure.mongo.MongoAutoConfiguration$$EnhancerBySpringCGLIB$$ffbd5f38
00:19:43.498 [Test worker] DEBUG o.s.c.a.ConfigurationClassPostProcessor - Replacing bean definition 'org.springframework.boot.autoconfigure.mongo.MongoAutoConfiguration' existing class name 'org.springframework.boot.autoconfigure.mongo.MongoAutoConfiguration' with enhanced class name 'org.springframework.boot.autoconfigure.mongo.MongoAutoConfiguration$$EnhancerBySpringCGLIB$$ffbd5f38'
00:19:43.501 [Test worker] DEBUG o.s.c.a.ConfigurationClassEnhancer - Successfully enhanced org.springframework.boot.autoconfigure.mongo.MongoDataAutoConfiguration; enhanced class name is: org.springframework.boot.autoconfigure.mongo.MongoDataAutoConfiguration$$EnhancerBySpringCGLIB$$48d255ee
00:19:43.501 [Test worker] DEBUG o.s.c.a.ConfigurationClassPostProcessor - Replacing bean definition 'org.springframework.boot.autoconfigure.mongo.MongoDataAutoConfiguration' existing class name 'org.springframework.boot.autoconfigure.mongo.MongoDataAutoConfiguration' with enhanced class name 'org.springframework.boot.autoconfigure.mongo.MongoDataAutoConfiguration$$EnhancerBySpringCGLIB$$48d255ee'
00:19:43.503 [Test worker] DEBUG o.s.c.a.ConfigurationClassEnhancer - Successfully enhanced org.springframework.boot.actuate.autoconfigure.HealthIndicatorAutoConfiguration$MongoHealthIndicatorConfiguration; enhanced class name is: org.springframework.boot.actuate.autoconfigure.HealthIndicatorAutoConfiguration$MongoHealthIndicatorConfiguration$$EnhancerBySpringCGLIB$$a2231091
00:19:43.503 [Test worker] DEBUG o.s.c.a.ConfigurationClassPostProcessor - Replacing bean definition 'org.springframework.boot.actuate.autoconfigure.HealthIndicatorAutoConfiguration$MongoHealthIndicatorConfiguration' existing class name 'org.springframework.boot.actuate.autoconfigure.HealthIndicatorAutoConfiguration$MongoHealthIndicatorConfiguration' with enhanced class name 'org.springframework.boot.actuate.autoconfigure.HealthIndicatorAutoConfiguration$MongoHealthIndicatorConfiguration$$EnhancerBySpringCGLIB$$a2231091'
00:19:43.505 [Test worker] DEBUG o.s.c.a.ConfigurationClassEnhancer - Successfully enhanced org.springframework.boot.actuate.autoconfigure.HealthIndicatorAutoConfiguration; enhanced class name is: org.springframework.boot.actuate.autoconfigure.HealthIndicatorAutoConfiguration$$EnhancerBySpringCGLIB$$aa5b1c3e
00:19:43.505 [Test worker] DEBUG o.s.c.a.ConfigurationClassPostProcessor - Replacing bean definition 'org.springframework.boot.actuate.autoconfigure.HealthIndicatorAutoConfiguration' existing class name 'org.springframework.boot.actuate.autoconfigure.HealthIndicatorAutoConfiguration' with enhanced class name 'org.springframework.boot.actuate.autoconfigure.HealthIndicatorAutoConfiguration$$EnhancerBySpringCGLIB$$aa5b1c3e'
00:19:43.514 [Test worker] DEBUG o.s.c.a.ConfigurationClassEnhancer - Successfully enhanced org.springframework.boot.actuate.autoconfigure.EndpointAutoConfiguration$InfoPropertiesConfiguration; enhanced class name is: org.springframework.boot.actuate.autoconfigure.EndpointAutoConfiguration$InfoPropertiesConfiguration$$EnhancerBySpringCGLIB$$53121797
00:19:43.514 [Test worker] DEBUG o.s.c.a.ConfigurationClassPostProcessor - Replacing bean definition 'org.springframework.boot.actuate.autoconfigure.EndpointAutoConfiguration$InfoPropertiesConfiguration' existing class name 'org.springframework.boot.actuate.autoconfigure.EndpointAutoConfiguration$InfoPropertiesConfiguration' with enhanced class name 'org.springframework.boot.actuate.autoconfigure.EndpointAutoConfiguration$InfoPropertiesConfiguration$$EnhancerBySpringCGLIB$$53121797'
00:19:43.516 [Test worker] DEBUG o.s.c.a.ConfigurationClassEnhancer - Successfully enhanced org.springframework.boot.actuate.autoconfigure.EndpointAutoConfiguration$RequestMappingEndpointConfiguration; enhanced class name is: org.springframework.boot.actuate.autoconfigure.EndpointAutoConfiguration$RequestMappingEndpointConfiguration$$EnhancerBySpringCGLIB$$968f2de4
00:19:43.516 [Test worker] DEBUG o.s.c.a.ConfigurationClassPostProcessor - Replacing bean definition 'org.springframework.boot.actuate.autoconfigure.EndpointAutoConfiguration$RequestMappingEndpointConfiguration' existing class name 'org.springframework.boot.actuate.autoconfigure.EndpointAutoConfiguration$RequestMappingEndpointConfiguration' with enhanced class name 'org.springframework.boot.actuate.autoconfigure.EndpointAutoConfiguration$RequestMappingEndpointConfiguration$$EnhancerBySpringCGLIB$$968f2de4'
00:19:43.521 [Test worker] DEBUG o.s.c.a.ConfigurationClassEnhancer - Successfully enhanced org.springframework.boot.actuate.autoconfigure.EndpointAutoConfiguration; enhanced class name is: org.springframework.boot.actuate.autoconfigure.EndpointAutoConfiguration$$EnhancerBySpringCGLIB$$2f85a386
00:19:43.521 [Test worker] DEBUG o.s.c.a.ConfigurationClassPostProcessor - Replacing bean definition 'org.springframework.boot.actuate.autoconfigure.EndpointAutoConfiguration' existing class name 'org.springframework.boot.actuate.autoconfigure.EndpointAutoConfiguration' with enhanced class name 'org.springframework.boot.actuate.autoconfigure.EndpointAutoConfiguration$$EnhancerBySpringCGLIB$$2f85a386'
00:19:43.527 [Test worker] DEBUG o.s.c.a.ConfigurationClassEnhancer - Successfully enhanced org.springframework.context.annotation.MBeanExportConfiguration; enhanced class name is: org.springframework.context.annotation.MBeanExportConfiguration$$EnhancerBySpringCGLIB$$218c563d
00:19:43.527 [Test worker] DEBUG o.s.c.a.ConfigurationClassPostProcessor - Replacing bean definition 'org.springframework.context.annotation.MBeanExportConfiguration' existing class name 'org.springframework.context.annotation.MBeanExportConfiguration' with enhanced class name 'org.springframework.context.annotation.MBeanExportConfiguration$$EnhancerBySpringCGLIB$$218c563d'
00:19:43.529 [Test worker] DEBUG o.s.c.a.ConfigurationClassEnhancer - Successfully enhanced org.springframework.boot.autoconfigure.jmx.JmxAutoConfiguration; enhanced class name is: org.springframework.boot.autoconfigure.jmx.JmxAutoConfiguration$$EnhancerBySpringCGLIB$$e4eed476
00:19:43.529 [Test worker] DEBUG o.s.c.a.ConfigurationClassPostProcessor - Replacing bean definition 'org.springframework.boot.autoconfigure.jmx.JmxAutoConfiguration' existing class name 'org.springframework.boot.autoconfigure.jmx.JmxAutoConfiguration' with enhanced class name 'org.springframework.boot.autoconfigure.jmx.JmxAutoConfiguration$$EnhancerBySpringCGLIB$$e4eed476'
00:19:43.531 [Test worker] DEBUG o.s.c.a.ConfigurationClassEnhancer - Successfully enhanced org.springframework.boot.actuate.autoconfigure.EndpointMBeanExportAutoConfiguration; enhanced class name is: org.springframework.boot.actuate.autoconfigure.EndpointMBeanExportAutoConfiguration$$EnhancerBySpringCGLIB$$95904b95
00:19:43.531 [Test worker] DEBUG o.s.c.a.ConfigurationClassPostProcessor - Replacing bean definition 'org.springframework.boot.actuate.autoconfigure.EndpointMBeanExportAutoConfiguration' existing class name 'org.springframework.boot.actuate.autoconfigure.EndpointMBeanExportAutoConfiguration' with enhanced class name 'org.springframework.boot.actuate.autoconfigure.EndpointMBeanExportAutoConfiguration$$EnhancerBySpringCGLIB$$95904b95'
00:19:43.534 [Test worker] DEBUG o.s.c.a.ConfigurationClassEnhancer - Successfully enhanced org.springframework.boot.actuate.autoconfigure.ManagementServerPropertiesAutoConfiguration; enhanced class name is: org.springframework.boot.actuate.autoconfigure.ManagementServerPropertiesAutoConfiguration$$EnhancerBySpringCGLIB$$8cce71a2
00:19:43.534 [Test worker] DEBUG o.s.c.a.ConfigurationClassPostProcessor - Replacing bean definition 'org.springframework.boot.actuate.autoconfigure.ManagementServerPropertiesAutoConfiguration' existing class name 'org.springframework.boot.actuate.autoconfigure.ManagementServerPropertiesAutoConfiguration' with enhanced class name 'org.springframework.boot.actuate.autoconfigure.ManagementServerPropertiesAutoConfiguration$$EnhancerBySpringCGLIB$$8cce71a2'
00:19:43.543 [Test worker] DEBUG o.s.c.a.ConfigurationClassEnhancer - Successfully enhanced org.springframework.boot.actuate.autoconfigure.MetricRepositoryAutoConfiguration$CodahaleMetricRegistryConfiguration; enhanced class name is: org.springframework.boot.actuate.autoconfigure.MetricRepositoryAutoConfiguration$CodahaleMetricRegistryConfiguration$$EnhancerBySpringCGLIB$$ccf9600b
00:19:43.543 [Test worker] DEBUG o.s.c.a.ConfigurationClassPostProcessor - Replacing bean definition 'org.springframework.boot.actuate.autoconfigure.MetricRepositoryAutoConfiguration$CodahaleMetricRegistryConfiguration' existing class name 'org.springframework.boot.actuate.autoconfigure.MetricRepositoryAutoConfiguration$CodahaleMetricRegistryConfiguration' with enhanced class name 'org.springframework.boot.actuate.autoconfigure.MetricRepositoryAutoConfiguration$CodahaleMetricRegistryConfiguration$$EnhancerBySpringCGLIB$$ccf9600b'
00:19:43.544 [Test worker] DEBUG o.s.c.a.ConfigurationClassEnhancer - Successfully enhanced org.springframework.boot.actuate.autoconfigure.MetricRepositoryAutoConfiguration$MetricRepositoryConfiguration; enhanced class name is: org.springframework.boot.actuate.autoconfigure.MetricRepositoryAutoConfiguration$MetricRepositoryConfiguration$$EnhancerBySpringCGLIB$$eb464279
00:19:43.544 [Test worker] DEBUG o.s.c.a.ConfigurationClassPostProcessor - Replacing bean definition 'org.springframework.boot.actuate.autoconfigure.MetricRepositoryAutoConfiguration$MetricRepositoryConfiguration' existing class name 'org.springframework.boot.actuate.autoconfigure.MetricRepositoryAutoConfiguration$MetricRepositoryConfiguration' with enhanced class name 'org.springframework.boot.actuate.autoconfigure.MetricRepositoryAutoConfiguration$MetricRepositoryConfiguration$$EnhancerBySpringCGLIB$$eb464279'
00:19:43.546 [Test worker] DEBUG o.s.c.a.ConfigurationClassEnhancer - Successfully enhanced org.springframework.boot.actuate.autoconfigure.MetricRepositoryAutoConfiguration; enhanced class name is: org.springframework.boot.actuate.autoconfigure.MetricRepositoryAutoConfiguration$$EnhancerBySpringCGLIB$$1123e4c1
00:19:43.546 [Test worker] DEBUG o.s.c.a.ConfigurationClassPostProcessor - Replacing bean definition 'org.springframework.boot.actuate.autoconfigure.MetricRepositoryAutoConfiguration' existing class name 'org.springframework.boot.actuate.autoconfigure.MetricRepositoryAutoConfiguration' with enhanced class name 'org.springframework.boot.actuate.autoconfigure.MetricRepositoryAutoConfiguration$$EnhancerBySpringCGLIB$$1123e4c1'
00:19:43.552 [Test worker] DEBUG o.s.c.a.ConfigurationClassEnhancer - Successfully enhanced org.springframework.boot.actuate.autoconfigure.MetricFilterAutoConfiguration; enhanced class name is: org.springframework.boot.actuate.autoconfigure.MetricFilterAutoConfiguration$$EnhancerBySpringCGLIB$$e129c593
00:19:43.552 [Test worker] DEBUG o.s.c.a.ConfigurationClassPostProcessor - Replacing bean definition 'org.springframework.boot.actuate.autoconfigure.MetricFilterAutoConfiguration' existing class name 'org.springframework.boot.actuate.autoconfigure.MetricFilterAutoConfiguration' with enhanced class name 'org.springframework.boot.actuate.autoconfigure.MetricFilterAutoConfiguration$$EnhancerBySpringCGLIB$$e129c593'
00:19:43.554 [Test worker] DEBUG o.s.c.a.ConfigurationClassEnhancer - Successfully enhanced org.springframework.boot.actuate.autoconfigure.TraceRepositoryAutoConfiguration; enhanced class name is: org.springframework.boot.actuate.autoconfigure.TraceRepositoryAutoConfiguration$$EnhancerBySpringCGLIB$$56bf15e2
00:19:43.554 [Test worker] DEBUG o.s.c.a.ConfigurationClassPostProcessor - Replacing bean definition 'org.springframework.boot.actuate.autoconfigure.TraceRepositoryAutoConfiguration' existing class name 'org.springframework.boot.actuate.autoconfigure.TraceRepositoryAutoConfiguration' with enhanced class name 'org.springframework.boot.actuate.autoconfigure.TraceRepositoryAutoConfiguration$$EnhancerBySpringCGLIB$$56bf15e2'
00:19:43.555 [Test worker] DEBUG o.s.c.a.ConfigurationClassEnhancer - Successfully enhanced org.springframework.boot.autoconfigure.data.mongo.MongoRepositoriesAutoConfiguration; enhanced class name is: org.springframework.boot.autoconfigure.data.mongo.MongoRepositoriesAutoConfiguration$$EnhancerBySpringCGLIB$$733855c
00:19:43.555 [Test worker] DEBUG o.s.c.a.ConfigurationClassPostProcessor - Replacing bean definition 'org.springframework.boot.autoconfigure.data.mongo.MongoRepositoriesAutoConfiguration' existing class name 'org.springframework.boot.autoconfigure.data.mongo.MongoRepositoriesAutoConfiguration' with enhanced class name 'org.springframework.boot.autoconfigure.data.mongo.MongoRepositoriesAutoConfiguration$$EnhancerBySpringCGLIB$$733855c'
00:19:43.557 [Test worker] DEBUG o.s.c.a.ConfigurationClassEnhancer - Successfully enhanced org.springframework.boot.autoconfigure.web.HttpMessageConvertersAutoConfiguration$ObjectMappers; enhanced class name is: org.springframework.boot.autoconfigure.web.HttpMessageConvertersAutoConfiguration$ObjectMappers$$EnhancerBySpringCGLIB$$fefab469
00:19:43.557 [Test worker] DEBUG o.s.c.a.ConfigurationClassPostProcessor - Replacing bean definition 'org.springframework.boot.autoconfigure.web.HttpMessageConvertersAutoConfiguration$ObjectMappers' existing class name 'org.springframework.boot.autoconfigure.web.HttpMessageConvertersAutoConfiguration$ObjectMappers' with enhanced class name 'org.springframework.boot.autoconfigure.web.HttpMessageConvertersAutoConfiguration$ObjectMappers$$EnhancerBySpringCGLIB$$fefab469'
00:19:43.558 [Test worker] DEBUG o.s.c.a.ConfigurationClassEnhancer - Successfully enhanced org.springframework.boot.autoconfigure.jackson.JacksonAutoConfiguration$JacksonObjectMapperAutoConfiguration; enhanced class name is: org.springframework.boot.autoconfigure.jackson.JacksonAutoConfiguration$JacksonObjectMapperAutoConfiguration$$EnhancerBySpringCGLIB$$c179c71c
00:19:43.563 [Test worker] DEBUG o.s.c.a.ConfigurationClassPostProcessor - Replacing bean definition 'org.springframework.boot.autoconfigure.jackson.JacksonAutoConfiguration$JacksonObjectMapperAutoConfiguration' existing class name 'org.springframework.boot.autoconfigure.jackson.JacksonAutoConfiguration$JacksonObjectMapperAutoConfiguration' with enhanced class name 'org.springframework.boot.autoconfigure.jackson.JacksonAutoConfiguration$JacksonObjectMapperAutoConfiguration$$EnhancerBySpringCGLIB$$c179c71c'
00:19:43.564 [Test worker] DEBUG o.s.c.a.ConfigurationClassEnhancer - Successfully enhanced org.springframework.boot.autoconfigure.jackson.JacksonAutoConfiguration; enhanced class name is: org.springframework.boot.autoconfigure.jackson.JacksonAutoConfiguration$$EnhancerBySpringCGLIB$$1de4937a
00:19:43.565 [Test worker] DEBUG o.s.c.a.ConfigurationClassPostProcessor - Replacing bean definition 'org.springframework.boot.autoconfigure.jackson.JacksonAutoConfiguration' existing class name 'org.springframework.boot.autoconfigure.jackson.JacksonAutoConfiguration' with enhanced class name 'org.springframework.boot.autoconfigure.jackson.JacksonAutoConfiguration$$EnhancerBySpringCGLIB$$1de4937a'
00:19:43.568 [Test worker] DEBUG o.s.c.a.ConfigurationClassEnhancer - Successfully enhanced org.springframework.boot.autoconfigure.web.HttpMessageConvertersAutoConfiguration; enhanced class name is: org.springframework.boot.autoconfigure.web.HttpMessageConvertersAutoConfiguration$$EnhancerBySpringCGLIB$$58cae4ba
00:19:43.568 [Test worker] DEBUG o.s.c.a.ConfigurationClassPostProcessor - Replacing bean definition 'org.springframework.boot.autoconfigure.web.HttpMessageConvertersAutoConfiguration' existing class name 'org.springframework.boot.autoconfigure.web.HttpMessageConvertersAutoConfiguration' with enhanced class name 'org.springframework.boot.autoconfigure.web.HttpMessageConvertersAutoConfiguration$$EnhancerBySpringCGLIB$$58cae4ba'
00:19:43.570 [Test worker] DEBUG o.s.c.a.ConfigurationClassEnhancer - Successfully enhanced org.springframework.boot.autoconfigure.web.MultipartAutoConfiguration; enhanced class name is: org.springframework.boot.autoconfigure.web.MultipartAutoConfiguration$$EnhancerBySpringCGLIB$$7c330b20
00:19:43.570 [Test worker] DEBUG o.s.c.a.ConfigurationClassPostProcessor - Replacing bean definition 'org.springframework.boot.autoconfigure.web.MultipartAutoConfiguration' existing class name 'org.springframework.boot.autoconfigure.web.MultipartAutoConfiguration' with enhanced class name 'org.springframework.boot.autoconfigure.web.MultipartAutoConfiguration$$EnhancerBySpringCGLIB$$7c330b20'
00:19:43.581 [Test worker] DEBUG o.s.b.f.s.DefaultListableBeanFactory - Creating shared instance of singleton bean 'propertySourcesPlaceholderConfigurer'
00:19:43.581 [Test worker] DEBUG o.s.b.f.s.DefaultListableBeanFactory - Creating instance of bean 'propertySourcesPlaceholderConfigurer'
00:19:43.583 [Test worker] DEBUG o.s.b.f.s.DefaultListableBeanFactory - Eagerly caching bean 'propertySourcesPlaceholderConfigurer' to allow for resolving potential circular references
00:19:43.583 [Test worker] DEBUG o.s.b.f.s.DefaultListableBeanFactory - Finished creating instance of bean 'propertySourcesPlaceholderConfigurer'
00:19:43.584 [Test worker] DEBUG o.s.core.env.MutablePropertySources - Adding [environmentProperties] PropertySource with lowest search precedence
00:19:43.584 [Test worker] DEBUG o.s.core.env.MutablePropertySources - Adding [localProperties] PropertySource with lowest search precedence
00:19:43.586 [Test worker] DEBUG o.s.b.f.s.DefaultListableBeanFactory - Creating shared instance of singleton bean 'org.springframework.boot.context.properties.ConfigurationPropertiesBindingPostProcessor.store'
00:19:43.586 [Test worker] DEBUG o.s.b.f.s.DefaultListableBeanFactory - Creating instance of bean 'org.springframework.boot.context.properties.ConfigurationPropertiesBindingPostProcessor.store'
00:19:43.586 [Test worker] DEBUG o.s.b.f.s.DefaultListableBeanFactory - Eagerly caching bean 'org.springframework.boot.context.properties.ConfigurationPropertiesBindingPostProcessor.store' to allow for resolving potential circular references
00:19:43.586 [Test worker] DEBUG o.s.b.f.s.DefaultListableBeanFactory - Finished creating instance of bean 'org.springframework.boot.context.properties.ConfigurationPropertiesBindingPostProcessor.store'
00:19:43.590 [Test worker] DEBUG o.s.b.f.s.DefaultListableBeanFactory - Creating shared instance of singleton bean 'org.springframework.context.annotation.internalAutowiredAnnotationProcessor'
00:19:43.590 [Test worker] DEBUG o.s.b.f.s.DefaultListableBeanFactory - Creating instance of bean 'org.springframework.context.annotation.internalAutowiredAnnotationProcessor'
00:19:43.591 [Test worker] DEBUG o.s.b.f.s.DefaultListableBeanFactory - Eagerly caching bean 'org.springframework.context.annotation.internalAutowiredAnnotationProcessor' to allow for resolving potential circular references
00:19:43.591 [Test worker] DEBUG o.s.b.f.s.DefaultListableBeanFactory - Finished creating instance of bean 'org.springframework.context.annotation.internalAutowiredAnnotationProcessor'
00:19:43.591 [Test worker] DEBUG o.s.b.f.s.DefaultListableBeanFactory - Creating shared instance of singleton bean 'org.springframework.context.annotation.internalRequiredAnnotationProcessor'
00:19:43.591 [Test worker] DEBUG o.s.b.f.s.DefaultListableBeanFactory - Creating instance of bean 'org.springframework.context.annotation.internalRequiredAnnotationProcessor'
00:19:43.591 [Test worker] DEBUG o.s.b.f.s.DefaultListableBeanFactory - Eagerly caching bean 'org.springframework.context.annotation.internalRequiredAnnotationProcessor' to allow for resolving potential circular references
00:19:43.591 [Test worker] DEBUG o.s.b.f.s.DefaultListableBeanFactory - Finished creating instance of bean 'org.springframework.context.annotation.internalRequiredAnnotationProcessor'
00:19:43.591 [Test worker] DEBUG o.s.b.f.s.DefaultListableBeanFactory - Creating shared instance of singleton bean 'org.springframework.context.annotation.internalCommonAnnotationProcessor'
00:19:43.591 [Test worker] DEBUG o.s.b.f.s.DefaultListableBeanFactory - Creating instance of bean 'org.springframework.context.annotation.internalCommonAnnotationProcessor'
00:19:43.596 [Test worker] DEBUG o.s.b.f.s.DefaultListableBeanFactory - Eagerly caching bean 'org.springframework.context.annotation.internalCommonAnnotationProcessor' to allow for resolving potential circular references
00:19:43.596 [Test worker] DEBUG o.s.b.f.s.DefaultListableBeanFactory - Finished creating instance of bean 'org.springframework.context.annotation.internalCommonAnnotationProcessor'
00:19:43.596 [Test worker] DEBUG o.s.b.f.s.DefaultListableBeanFactory - Creating shared instance of singleton bean 'org.springframework.context.annotation.ConfigurationClassPostProcessor.importAwareProcessor'
00:19:43.596 [Test worker] DEBUG o.s.b.f.s.DefaultListableBeanFactory - Creating instance of bean 'org.springframework.context.annotation.ConfigurationClassPostProcessor.importAwareProcessor'
00:19:43.596 [Test worker] DEBUG o.s.b.f.s.DefaultListableBeanFactory - Eagerly caching bean 'org.springframework.context.annotation.ConfigurationClassPostProcessor.importAwareProcessor' to allow for resolving potential circular references
00:19:43.596 [Test worker] DEBUG o.s.b.f.s.DefaultListableBeanFactory - Finished creating instance of bean 'org.springframework.context.annotation.ConfigurationClassPostProcessor.importAwareProcessor'
00:19:43.596 [Test worker] DEBUG o.s.b.f.s.DefaultListableBeanFactory - Creating shared instance of singleton bean 'org.springframework.context.annotation.ConfigurationClassPostProcessor.enhancedConfigurationProcessor'
00:19:43.596 [Test worker] DEBUG o.s.b.f.s.DefaultListableBeanFactory - Creating instance of bean 'org.springframework.context.annotation.ConfigurationClassPostProcessor.enhancedConfigurationProcessor'
00:19:43.596 [Test worker] DEBUG o.s.b.f.s.DefaultListableBeanFactory - Eagerly caching bean 'org.springframework.context.annotation.ConfigurationClassPostProcessor.enhancedConfigurationProcessor' to allow for resolving potential circular references
00:19:43.596 [Test worker] DEBUG o.s.b.f.s.DefaultListableBeanFactory - Finished creating instance of bean 'org.springframework.context.annotation.ConfigurationClassPostProcessor.enhancedConfigurationProcessor'
00:19:43.596 [Test worker] DEBUG o.s.b.f.s.DefaultListableBeanFactory - Creating shared instance of singleton bean 'org.springframework.boot.context.properties.ConfigurationPropertiesBindingPostProcessor'
00:19:43.596 [Test worker] DEBUG o.s.b.f.s.DefaultListableBeanFactory - Creating instance of bean 'org.springframework.boot.context.properties.ConfigurationPropertiesBindingPostProcessor'
00:19:43.597 [Test worker] DEBUG o.s.core.env.StandardEnvironment - Adding [systemProperties] PropertySource with lowest search precedence
00:19:43.597 [Test worker] DEBUG o.s.core.env.StandardEnvironment - Adding [systemEnvironment] PropertySource with lowest search precedence
00:19:43.597 [Test worker] DEBUG o.s.core.env.StandardEnvironment - Initialized StandardEnvironment with PropertySources [systemProperties,systemEnvironment]
00:19:43.597 [Test worker] DEBUG o.s.b.f.s.DefaultListableBeanFactory - Eagerly caching bean 'org.springframework.boot.context.properties.ConfigurationPropertiesBindingPostProcessor' to allow for resolving potential circular references
00:19:43.598 [Test worker] DEBUG o.s.b.f.s.DefaultListableBeanFactory - Returning cached instance of singleton bean 'org.springframework.boot.context.properties.ConfigurationPropertiesBindingPostProcessor.store'
00:19:43.614 [Test worker] DEBUG o.s.b.f.s.DefaultListableBeanFactory - Invoking afterPropertiesSet() on bean with name 'org.springframework.boot.context.properties.ConfigurationPropertiesBindingPostProcessor'
00:19:43.617 [Test worker] DEBUG o.s.b.f.s.DefaultListableBeanFactory - Returning cached instance of singleton bean 'propertySourcesPlaceholderConfigurer'
00:19:43.713 [Test worker] DEBUG o.s.b.f.s.DefaultListableBeanFactory - Finished creating instance of bean 'org.springframework.boot.context.properties.ConfigurationPropertiesBindingPostProcessor'
00:19:43.713 [Test worker] DEBUG o.s.b.f.s.DefaultListableBeanFactory - Creating shared instance of singleton bean 'org.springframework.data.repository.core.support.RepositoryInterfaceAwareBeanPostProcessor#0'
00:19:43.713 [Test worker] DEBUG o.s.b.f.s.DefaultListableBeanFactory - Creating instance of bean 'org.springframework.data.repository.core.support.RepositoryInterfaceAwareBeanPostProcessor#0'
00:19:43.713 [Test worker] DEBUG o.s.b.f.s.DefaultListableBeanFactory - Eagerly caching bean 'org.springframework.data.repository.core.support.RepositoryInterfaceAwareBeanPostProcessor#0' to allow for resolving potential circular references
00:19:43.713 [Test worker] DEBUG o.s.b.f.s.DefaultListableBeanFactory - Finished creating instance of bean 'org.springframework.data.repository.core.support.RepositoryInterfaceAwareBeanPostProcessor#0'
00:19:43.716 [Test worker] DEBUG o.s.c.a.AnnotationConfigApplicationContext - Unable to locate MessageSource with name 'messageSource': using default [org.springframework.context.support.DelegatingMessageSource@2999500a]
00:19:43.717 [Test worker] DEBUG o.s.c.a.AnnotationConfigApplicationContext - Unable to locate ApplicationEventMulticaster with name 'applicationEventMulticaster': using default [org.springframework.context.event.SimpleApplicationEventMulticaster@3d0ba9b2]
00:19:43.723 [Test worker] DEBUG o.s.b.f.s.DefaultListableBeanFactory - Pre-instantiating singletons in org.springframework.beans.factory.support.DefaultListableBeanFactory@7833d578: defining beans [org.springframework.context.annotation.internalConfigurationAnnotationProcessor,org.springframework.context.annotation.internalAutowiredAnnotationProcessor,org.springframework.context.annotation.internalRequiredAnnotationProcessor,org.springframework.context.annotation.internalCommonAnnotationProcessor,testOrderingConfiguration,org.springframework.context.annotation.ConfigurationClassPostProcessor.importAwareProcessor,org.springframework.context.annotation.ConfigurationClassPostProcessor.enhancedConfigurationProcessor,appInsightsFilter,orderingConfiguration,simpleCORSFilter,catalogController,dealerController,orderController,pingController,quoteController,shipmentController,mongoTemplate,repositoryFactory,orderingServiceProperties,getTelemetryClient,org.springframework.boot.autoconfigure.AutoConfigurationPackages,mongodb.CONFIGURATION_PROPERTIES,ordering.CONFIGURATION_PROPERTIES,org.springframework.boot.context.properties.ConfigurationPropertiesBindingPostProcessor,org.springframework.boot.context.properties.ConfigurationPropertiesBindingPostProcessor.store,org.springframework.boot.autoconfigure.PropertyPlaceholderAutoConfiguration,propertySourcesPlaceholderConfigurer,org.springframework.boot.actuate.autoconfigure.AuditAutoConfiguration$AuditEventRepositoryConfiguration,auditEventRepository,org.springframework.boot.actuate.autoconfigure.AuditAutoConfiguration,auditListener,org.springframework.boot.autoconfigure.mongo.MongoAutoConfiguration,mongo,spring.data.mongodb.CONFIGURATION_PROPERTIES,org.springframework.boot.autoconfigure.mongo.MongoDataAutoConfiguration,mongoDbFactory,gridFsTemplate,org.springframework.boot.actuate.autoconfigure.HealthIndicatorAutoConfiguration$MongoHealthIndicatorConfiguration,mongoHealthIndicator,org.springframework.boot.actuate.autoconfigure.HealthIndicatorAutoConfiguration,healthAggregator,org.springframework.boot.actuate.autoconfigure.EndpointAutoConfiguration$InfoPropertiesConfiguration,org.springframework.boot.actuate.autoconfigure.EndpointAutoConfiguration$RequestMappingEndpointConfiguration,requestMappingEndpoint,org.springframework.boot.actuate.autoconfigure.EndpointAutoConfiguration,environmentEndpoint,healthEndpoint,beansEndpoint,infoEndpoint,metricsEndpoint,traceEndpoint,dumpEndpoint,autoConfigurationAuditEndpoint,shutdownEndpoint,configurationPropertiesReportEndpoint,org.springframework.context.annotation.MBeanExportConfiguration,mbeanExporter,org.springframework.boot.autoconfigure.jmx.JmxAutoConfiguration$Empty,org.springframework.boot.autoconfigure.jmx.JmxAutoConfiguration,objectNamingStrategy,mbeanServer,org.springframework.boot.actuate.autoconfigure.EndpointMBeanExportAutoConfiguration,endpointMBeanExporter,endpoints.jmx.CONFIGURATION_PROPERTIES,org.springframework.boot.actuate.autoconfigure.ManagementServerPropertiesAutoConfiguration,managementServerProperties,serverProperties,org.springframework.boot.actuate.autoconfigure.MetricRepositoryAutoConfiguration$CodahaleMetricRegistryConfiguration,metricRegistry,codahaleMetricWriter,primaryMetricWriter,org.springframework.boot.actuate.autoconfigure.MetricRepositoryAutoConfiguration$MetricRepositoryConfiguration,metricRepository,org.springframework.boot.actuate.autoconfigure.MetricRepositoryAutoConfiguration,counterService,gaugeService,org.springframework.boot.actuate.autoconfigure.MetricFilterAutoConfiguration,metricFilter,org.springframework.boot.actuate.autoconfigure.TraceRepositoryAutoConfiguration,traceRepository,org.springframework.boot.actuate.autoconfigure.TraceWebFilterAutoConfiguration,webRequestLoggingFilter,org.springframework.boot.autoconfigure.data.mongo.MongoRepositoriesAutoConfiguration,org.springframework.data.mongodb.repository.config.MongoRepositoryConfigurationExtension#0,org.springframework.data.repository.core.support.RepositoryInterfaceAwareBeanPostProcessor#0,mongoMappingContext,org.springframework.boot.autoconfigure.web.HttpMessageConvertersAutoConfiguration$ObjectMappers,mappingJackson2HttpMessageConverter,http.mappers.CONFIGURATION_PROPERTIES,org.springframework.boot.autoconfigure.jackson.JacksonAutoConfiguration$JacksonObjectMapperAutoConfiguration,jacksonObjectMapper,org.springframework.boot.autoconfigure.jackson.JacksonAutoConfiguration,org.springframework.boot.autoconfigure.web.HttpMessageConvertersAutoConfiguration,messageConverters,org.springframework.boot.autoconfigure.web.MultipartAutoConfiguration,multipartConfigElement,multipartResolver,multipart.CONFIGURATION_PROPERTIES]; root of factory hierarchy
00:19:43.724 [Test worker] DEBUG o.s.b.f.s.DefaultListableBeanFactory - Returning cached instance of singleton bean 'org.springframework.context.annotation.internalConfigurationAnnotationProcessor'
00:19:43.724 [Test worker] DEBUG o.s.b.f.s.DefaultListableBeanFactory - Returning cached instance of singleton bean 'org.springframework.context.annotation.internalAutowiredAnnotationProcessor'
00:19:43.724 [Test worker] DEBUG o.s.b.f.s.DefaultListableBeanFactory - Returning cached instance of singleton bean 'org.springframework.context.annotation.internalRequiredAnnotationProcessor'
00:19:43.724 [Test worker] DEBUG o.s.b.f.s.DefaultListableBeanFactory - Returning cached instance of singleton bean 'org.springframework.context.annotation.internalCommonAnnotationProcessor'
00:19:43.724 [Test worker] DEBUG o.s.b.f.s.DefaultListableBeanFactory - Creating shared instance of singleton bean 'testOrderingConfiguration'
00:19:43.724 [Test worker] DEBUG o.s.b.f.s.DefaultListableBeanFactory - Creating instance of bean 'testOrderingConfiguration'
00:19:43.725 [Test worker] DEBUG o.s.b.f.s.DefaultListableBeanFactory - Eagerly caching bean 'testOrderingConfiguration' to allow for resolving potential circular references
00:19:43.729 [Test worker] DEBUG o.s.b.f.s.DefaultListableBeanFactory - Finished creating instance of bean 'testOrderingConfiguration'
00:19:43.729 [Test worker] DEBUG o.s.b.f.s.DefaultListableBeanFactory - Returning cached instance of singleton bean 'org.springframework.context.annotation.ConfigurationClassPostProcessor.importAwareProcessor'
00:19:43.729 [Test worker] DEBUG o.s.b.f.s.DefaultListableBeanFactory - Returning cached instance of singleton bean 'org.springframework.context.annotation.ConfigurationClassPostProcessor.enhancedConfigurationProcessor'
00:19:43.729 [Test worker] DEBUG o.s.b.f.s.DefaultListableBeanFactory - Creating shared instance of singleton bean 'appInsightsFilter'
00:19:43.729 [Test worker] DEBUG o.s.b.f.s.DefaultListableBeanFactory - Creating instance of bean 'appInsightsFilter'
00:19:43.731 [Test worker] DEBUG o.s.b.f.s.DefaultListableBeanFactory - Eagerly caching bean 'appInsightsFilter' to allow for resolving potential circular references
00:19:43.733 [Test worker] DEBUG o.s.b.f.s.DefaultListableBeanFactory - Finished creating instance of bean 'appInsightsFilter'
00:19:43.733 [Test worker] DEBUG o.s.b.f.s.DefaultListableBeanFactory - Creating shared instance of singleton bean 'orderingConfiguration'
00:19:43.733 [Test worker] DEBUG o.s.b.f.s.DefaultListableBeanFactory - Creating instance of bean 'orderingConfiguration'
00:19:43.735 [Test worker] DEBUG o.s.b.f.annotation.InjectionMetadata - Registered injected element on class [smpl.ordering.OrderingConfiguration$$EnhancerBySpringCGLIB$$1d9bb0df]: AutowiredFieldElement for private smpl.ordering.OrderingServiceProperties smpl.ordering.OrderingConfiguration.orderingServiceProperties
00:19:43.736 [Test worker] DEBUG o.s.b.f.annotation.InjectionMetadata - Registered injected element on class [smpl.ordering.OrderingConfiguration$$EnhancerBySpringCGLIB$$1d9bb0df]: AutowiredFieldElement for private smpl.ordering.MongoDBProperties smpl.ordering.OrderingConfiguration.mongoDBProperties
00:19:43.736 [Test worker] DEBUG o.s.b.f.s.DefaultListableBeanFactory - Eagerly caching bean 'orderingConfiguration' to allow for resolving potential circular references
00:19:43.738 [Test worker] DEBUG o.s.b.f.annotation.InjectionMetadata - Processing injected method of bean 'orderingConfiguration': AutowiredFieldElement for private smpl.ordering.OrderingServiceProperties smpl.ordering.OrderingConfiguration.orderingServiceProperties
00:19:43.741 [Test worker] DEBUG o.s.b.f.s.DefaultListableBeanFactory - Creating shared instance of singleton bean 'ordering.CONFIGURATION_PROPERTIES'
00:19:43.741 [Test worker] DEBUG o.s.b.f.s.DefaultListableBeanFactory - Creating instance of bean 'ordering.CONFIGURATION_PROPERTIES'
00:19:43.742 [Test worker] DEBUG o.s.b.f.s.DefaultListableBeanFactory - Eagerly caching bean 'ordering.CONFIGURATION_PROPERTIES' to allow for resolving potential circular references
00:19:43.757 [Test worker] DEBUG o.s.core.env.MutablePropertySources - Adding [systemProperties] PropertySource with lowest search precedence
00:19:43.757 [Test worker] DEBUG o.s.core.env.MutablePropertySources - Adding [systemEnvironment] PropertySource with lowest search precedence
00:19:43.757 [Test worker] DEBUG o.s.core.env.MutablePropertySources - Adding [localProperties] PropertySource with lowest search precedence
00:19:43.810 [Test worker] DEBUG o.s.b.f.s.DefaultListableBeanFactory - Finished creating instance of bean 'ordering.CONFIGURATION_PROPERTIES'
00:19:43.810 [Test worker] DEBUG o.s.b.f.a.AutowiredAnnotationBeanPostProcessor - Autowiring by type from bean name 'orderingConfiguration' to bean named 'ordering.CONFIGURATION_PROPERTIES'
00:19:43.810 [Test worker] DEBUG o.s.b.f.annotation.InjectionMetadata - Processing injected method of bean 'orderingConfiguration': AutowiredFieldElement for private smpl.ordering.MongoDBProperties smpl.ordering.OrderingConfiguration.mongoDBProperties
00:19:43.810 [Test worker] DEBUG o.s.b.f.s.DefaultListableBeanFactory - Creating shared instance of singleton bean 'mongodb.CONFIGURATION_PROPERTIES'
00:19:43.811 [Test worker] DEBUG o.s.b.f.s.DefaultListableBeanFactory - Creating instance of bean 'mongodb.CONFIGURATION_PROPERTIES'
00:19:43.811 [Test worker] DEBUG o.s.b.f.s.DefaultListableBeanFactory - Eagerly caching bean 'mongodb.CONFIGURATION_PROPERTIES' to allow for resolving potential circular references
00:19:43.815 [Test worker] DEBUG o.s.core.env.MutablePropertySources - Adding [systemProperties] PropertySource with lowest search precedence
00:19:43.815 [Test worker] DEBUG o.s.core.env.MutablePropertySources - Adding [systemEnvironment] PropertySource with lowest search precedence
00:19:43.815 [Test worker] DEBUG o.s.core.env.MutablePropertySources - Adding [localProperties] PropertySource with lowest search precedence
00:19:43.817 [Test worker] DEBUG o.s.b.f.s.DefaultListableBeanFactory - Finished creating instance of bean 'mongodb.CONFIGURATION_PROPERTIES'
00:19:43.817 [Test worker] DEBUG o.s.b.f.a.AutowiredAnnotationBeanPostProcessor - Autowiring by type from bean name 'orderingConfiguration' to bean named 'mongodb.CONFIGURATION_PROPERTIES'
00:19:43.818 [Test worker] DEBUG o.s.b.f.s.DefaultListableBeanFactory - Finished creating instance of bean 'orderingConfiguration'
00:19:43.818 [Test worker] DEBUG o.s.b.f.s.DefaultListableBeanFactory - Creating shared instance of singleton bean 'simpleCORSFilter'
00:19:43.818 [Test worker] DEBUG o.s.b.f.s.DefaultListableBeanFactory - Creating instance of bean 'simpleCORSFilter'
00:19:43.819 [Test worker] DEBUG o.s.b.f.s.DefaultListableBeanFactory - Eagerly caching bean 'simpleCORSFilter' to allow for resolving potential circular references
00:19:43.820 [Test worker] DEBUG o.s.b.f.s.DefaultListableBeanFactory - Finished creating instance of bean 'simpleCORSFilter'
00:19:43.820 [Test worker] DEBUG o.s.b.f.s.DefaultListableBeanFactory - Creating shared instance of singleton bean 'catalogController'
00:19:43.820 [Test worker] DEBUG o.s.b.f.s.DefaultListableBeanFactory - Creating instance of bean 'catalogController'
00:19:43.822 [Test worker] DEBUG o.s.b.f.s.DefaultListableBeanFactory - Eagerly caching bean 'catalogController' to allow for resolving potential circular references
00:19:43.829 [Test worker] DEBUG o.s.b.f.s.DefaultListableBeanFactory - Finished creating instance of bean 'catalogController'
00:19:43.829 [Test worker] DEBUG o.s.b.f.s.DefaultListableBeanFactory - Creating shared instance of singleton bean 'dealerController'
00:19:43.829 [Test worker] DEBUG o.s.b.f.s.DefaultListableBeanFactory - Creating instance of bean 'dealerController'
00:19:43.830 [Test worker] DEBUG o.s.b.f.s.DefaultListableBeanFactory - Eagerly caching bean 'dealerController' to allow for resolving potential circular references
00:19:43.831 [Test worker] DEBUG o.s.b.f.s.DefaultListableBeanFactory - Finished creating instance of bean 'dealerController'
00:19:43.831 [Test worker] DEBUG o.s.b.f.s.DefaultListableBeanFactory - Creating shared instance of singleton bean 'orderController'
00:19:43.831 [Test worker] DEBUG o.s.b.f.s.DefaultListableBeanFactory - Creating instance of bean 'orderController'
00:19:43.833 [Test worker] DEBUG o.s.b.f.s.DefaultListableBeanFactory - Eagerly caching bean 'orderController' to allow for resolving potential circular references
00:19:43.835 [Test worker] DEBUG o.s.b.f.s.DefaultListableBeanFactory - Finished creating instance of bean 'orderController'
00:19:43.835 [Test worker] DEBUG o.s.b.f.s.DefaultListableBeanFactory - Creating shared instance of singleton bean 'pingController'
00:19:43.835 [Test worker] DEBUG o.s.b.f.s.DefaultListableBeanFactory - Creating instance of bean 'pingController'
00:19:43.835 [Test worker] DEBUG o.s.b.f.annotation.InjectionMetadata - Registered injected element on class [smpl.ordering.controllers.PingController]: AutowiredFieldElement for private smpl.ordering.OrderingServiceProperties smpl.ordering.controllers.PingController.orderingServiceProperties
00:19:43.835 [Test worker] DEBUG o.s.b.f.s.DefaultListableBeanFactory - Eagerly caching bean 'pingController' to allow for resolving potential circular references
00:19:43.836 [Test worker] DEBUG o.s.b.f.annotation.InjectionMetadata - Processing injected method of bean 'pingController': AutowiredFieldElement for private smpl.ordering.OrderingServiceProperties smpl.ordering.controllers.PingController.orderingServiceProperties
00:19:43.836 [Test worker] DEBUG o.s.b.f.s.DefaultListableBeanFactory - Creating shared instance of singleton bean 'orderingServiceProperties'
00:19:43.836 [Test worker] DEBUG o.s.b.f.s.DefaultListableBeanFactory - Creating instance of bean 'orderingServiceProperties'
00:19:43.836 [Test worker] DEBUG o.s.b.f.s.DefaultListableBeanFactory - Returning cached instance of singleton bean 'orderingConfiguration'
00:19:43.848 [Test worker] DEBUG o.s.b.f.s.DefaultListableBeanFactory - Eagerly caching bean 'orderingServiceProperties' to allow for resolving potential circular references
00:19:43.850 [Test worker] DEBUG o.s.core.env.MutablePropertySources - Adding [systemProperties] PropertySource with lowest search precedence
00:19:43.850 [Test worker] DEBUG o.s.core.env.MutablePropertySources - Adding [systemEnvironment] PropertySource with lowest search precedence
00:19:43.850 [Test worker] DEBUG o.s.core.env.MutablePropertySources - Adding [localProperties] PropertySource with lowest search precedence
00:19:43.854 [Test worker] DEBUG o.s.b.f.s.DefaultListableBeanFactory - Finished creating instance of bean 'orderingServiceProperties'
00:19:43.855 [Test worker] DEBUG o.s.b.f.s.DefaultListableBeanFactory - Returning cached instance of singleton bean 'ordering.CONFIGURATION_PROPERTIES'
00:19:43.855 [Test worker] DEBUG o.s.b.f.a.AutowiredAnnotationBeanPostProcessor - Autowiring by type from bean name 'pingController' to bean named 'orderingServiceProperties'
00:19:43.855 [Test worker] DEBUG o.s.b.f.s.DefaultListableBeanFactory - Finished creating instance of bean 'pingController'
00:19:43.855 [Test worker] DEBUG o.s.b.f.s.DefaultListableBeanFactory - Creating shared instance of singleton bean 'quoteController'
00:19:43.855 [Test worker] DEBUG o.s.b.f.s.DefaultListableBeanFactory - Creating instance of bean 'quoteController'
00:19:43.856 [Test worker] DEBUG o.s.b.f.s.DefaultListableBeanFactory - Eagerly caching bean 'quoteController' to allow for resolving potential circular references
00:19:43.857 [Test worker] DEBUG o.s.b.f.s.DefaultListableBeanFactory - Finished creating instance of bean 'quoteController'
00:19:43.857 [Test worker] DEBUG o.s.b.f.s.DefaultListableBeanFactory - Creating shared instance of singleton bean 'shipmentController'
00:19:43.857 [Test worker] DEBUG o.s.b.f.s.DefaultListableBeanFactory - Creating instance of bean 'shipmentController'
00:19:43.858 [Test worker] DEBUG o.s.b.f.s.DefaultListableBeanFactory - Eagerly caching bean 'shipmentController' to allow for resolving potential circular references
00:19:43.860 [Test worker] DEBUG o.s.b.f.s.DefaultListableBeanFactory - Finished creating instance of bean 'shipmentController'
00:19:43.860 [Test worker] DEBUG o.s.b.f.s.DefaultListableBeanFactory - Creating shared instance of singleton bean 'mongoTemplate'
00:19:43.860 [Test worker] DEBUG o.s.b.f.s.DefaultListableBeanFactory - Creating instance of bean 'mongoTemplate'
00:19:43.860 [Test worker] DEBUG o.s.b.f.s.DefaultListableBeanFactory - Returning cached instance of singleton bean 'testOrderingConfiguration'
00:19:44.157 [Test worker] DEBUG o.s.b.f.s.DefaultListableBeanFactory - Eagerly caching bean 'mongoTemplate' to allow for resolving potential circular references
00:19:44.164 [Test worker] DEBUG o.s.b.f.s.DefaultListableBeanFactory - Finished creating instance of bean 'mongoTemplate'
00:19:44.164 [Test worker] DEBUG o.s.b.f.s.DefaultListableBeanFactory - Creating shared instance of singleton bean 'repositoryFactory'
00:19:44.164 [Test worker] DEBUG o.s.b.f.s.DefaultListableBeanFactory - Creating instance of bean 'repositoryFactory'
00:19:44.164 [Test worker] DEBUG o.s.b.f.s.DefaultListableBeanFactory - Returning cached instance of singleton bean 'testOrderingConfiguration'
00:19:44.165 [Test worker] DEBUG o.s.b.f.s.DefaultListableBeanFactory - Returning cached instance of singleton bean 'mongoTemplate'
00:19:44.170 [Test worker] DEBUG o.s.b.f.annotation.InjectionMetadata - Registered injected element on class [smpl.ordering.repositories.RepositoryFactory]: AutowiredFieldElement for private org.springframework.data.mongodb.core.MongoTemplate smpl.ordering.repositories.RepositoryFactory.mongoTemplate
00:19:44.170 [Test worker] DEBUG o.s.b.f.s.DefaultListableBeanFactory - Eagerly caching bean 'repositoryFactory' to allow for resolving potential circular references
00:19:44.172 [Test worker] DEBUG o.s.b.f.annotation.InjectionMetadata - Processing injected method of bean 'repositoryFactory': AutowiredFieldElement for private org.springframework.data.mongodb.core.MongoTemplate smpl.ordering.repositories.RepositoryFactory.mongoTemplate
00:19:44.172 [Test worker] DEBUG o.s.b.f.s.DefaultListableBeanFactory - Returning cached instance of singleton bean 'mongoTemplate'
00:19:44.172 [Test worker] DEBUG o.s.b.f.a.AutowiredAnnotationBeanPostProcessor - Autowiring by type from bean name 'repositoryFactory' to bean named 'mongoTemplate'
00:19:44.172 [Test worker] DEBUG o.s.b.f.s.DefaultListableBeanFactory - Finished creating instance of bean 'repositoryFactory'
00:19:44.172 [Test worker] DEBUG o.s.b.f.s.DefaultListableBeanFactory - Returning cached instance of singleton bean 'orderingServiceProperties'
00:19:44.172 [Test worker] DEBUG o.s.b.f.s.DefaultListableBeanFactory - Creating shared instance of singleton bean 'getTelemetryClient'
00:19:44.172 [Test worker] DEBUG o.s.b.f.s.DefaultListableBeanFactory - Creating instance of bean 'getTelemetryClient'
00:19:44.172 [Test worker] DEBUG o.s.b.f.s.DefaultListableBeanFactory - Returning cached instance of singleton bean 'testOrderingConfiguration'
00:19:45.272 [Test worker] DEBUG o.s.b.f.s.DefaultListableBeanFactory - Eagerly caching bean 'getTelemetryClient' to allow for resolving potential circular references
00:19:45.291 [Test worker] DEBUG o.s.b.f.s.DefaultListableBeanFactory - Finished creating instance of bean 'getTelemetryClient'
00:19:45.291 [Test worker] DEBUG o.s.b.f.s.DefaultListableBeanFactory - Returning cached instance of singleton bean 'org.springframework.boot.autoconfigure.AutoConfigurationPackages'
00:19:45.291 [Test worker] DEBUG o.s.b.f.s.DefaultListableBeanFactory - Returning cached instance of singleton bean 'mongodb.CONFIGURATION_PROPERTIES'
00:19:45.291 [Test worker] DEBUG o.s.b.f.s.DefaultListableBeanFactory - Returning cached instance of singleton bean 'ordering.CONFIGURATION_PROPERTIES'
00:19:45.291 [Test worker] DEBUG o.s.b.f.s.DefaultListableBeanFactory - Returning cached instance of singleton bean 'org.springframework.boot.context.properties.ConfigurationPropertiesBindingPostProcessor'
00:19:45.291 [Test worker] DEBUG o.s.b.f.s.DefaultListableBeanFactory - Returning cached instance of singleton bean 'org.springframework.boot.context.properties.ConfigurationPropertiesBindingPostProcessor.store'
00:19:45.291 [Test worker] DEBUG o.s.b.f.s.DefaultListableBeanFactory - Creating shared instance of singleton bean 'org.springframework.boot.autoconfigure.PropertyPlaceholderAutoConfiguration'
00:19:45.291 [Test worker] DEBUG o.s.b.f.s.DefaultListableBeanFactory - Creating instance of bean 'org.springframework.boot.autoconfigure.PropertyPlaceholderAutoConfiguration'
00:19:45.291 [Test worker] DEBUG o.s.b.f.s.DefaultListableBeanFactory - Eagerly caching bean 'org.springframework.boot.autoconfigure.PropertyPlaceholderAutoConfiguration' to allow for resolving potential circular references
00:19:45.294 [Test worker] DEBUG o.s.b.f.s.DefaultListableBeanFactory - Finished creating instance of bean 'org.springframework.boot.autoconfigure.PropertyPlaceholderAutoConfiguration'
00:19:45.294 [Test worker] DEBUG o.s.b.f.s.DefaultListableBeanFactory - Returning cached instance of singleton bean 'propertySourcesPlaceholderConfigurer'
00:19:45.294 [Test worker] DEBUG o.s.b.f.s.DefaultListableBeanFactory - Creating shared instance of singleton bean 'org.springframework.boot.actuate.autoconfigure.AuditAutoConfiguration$AuditEventRepositoryConfiguration'
00:19:45.294 [Test worker] DEBUG o.s.b.f.s.DefaultListableBeanFactory - Creating instance of bean 'org.springframework.boot.actuate.autoconfigure.AuditAutoConfiguration$AuditEventRepositoryConfiguration'
00:19:45.294 [Test worker] DEBUG o.s.b.f.s.DefaultListableBeanFactory - Eagerly caching bean 'org.springframework.boot.actuate.autoconfigure.AuditAutoConfiguration$AuditEventRepositoryConfiguration' to allow for resolving potential circular references
00:19:45.295 [Test worker] DEBUG o.s.b.f.s.DefaultListableBeanFactory - Finished creating instance of bean 'org.springframework.boot.actuate.autoconfigure.AuditAutoConfiguration$AuditEventRepositoryConfiguration'
00:19:45.295 [Test worker] DEBUG o.s.b.f.s.DefaultListableBeanFactory - Creating shared instance of singleton bean 'auditEventRepository'
00:19:45.295 [Test worker] DEBUG o.s.b.f.s.DefaultListableBeanFactory - Creating instance of bean 'auditEventRepository'
00:19:45.295 [Test worker] DEBUG o.s.b.f.s.DefaultListableBeanFactory - Returning cached instance of singleton bean 'org.springframework.boot.actuate.autoconfigure.AuditAutoConfiguration$AuditEventRepositoryConfiguration'
00:19:45.296 [Test worker] DEBUG o.s.b.f.s.DefaultListableBeanFactory - Eagerly caching bean 'auditEventRepository' to allow for resolving potential circular references
00:19:45.297 [Test worker] DEBUG o.s.b.f.s.DefaultListableBeanFactory - Finished creating instance of bean 'auditEventRepository'
00:19:45.297 [Test worker] DEBUG o.s.b.f.s.DefaultListableBeanFactory - Creating shared instance of singleton bean 'org.springframework.boot.actuate.autoconfigure.AuditAutoConfiguration'
00:19:45.297 [Test worker] DEBUG o.s.b.f.s.DefaultListableBeanFactory - Creating instance of bean 'org.springframework.boot.actuate.autoconfigure.AuditAutoConfiguration'
00:19:45.298 [Test worker] DEBUG o.s.b.f.annotation.InjectionMetadata - Registered injected element on class [org.springframework.boot.actuate.autoconfigure.AuditAutoConfiguration$$EnhancerBySpringCGLIB$$4e430b36]: AutowiredFieldElement for private final org.springframework.boot.actuate.audit.AuditEventRepository org.springframework.boot.actuate.autoconfigure.AuditAutoConfiguration.auditEventRepository
00:19:45.298 [Test worker] DEBUG o.s.b.f.s.DefaultListableBeanFactory - Eagerly caching bean 'org.springframework.boot.actuate.autoconfigure.AuditAutoConfiguration' to allow for resolving potential circular references
00:19:45.302 [Test worker] DEBUG o.s.b.f.annotation.InjectionMetadata - Processing injected method of bean 'org.springframework.boot.actuate.autoconfigure.AuditAutoConfiguration': AutowiredFieldElement for private final org.springframework.boot.actuate.audit.AuditEventRepository org.springframework.boot.actuate.autoconfigure.AuditAutoConfiguration.auditEventRepository
00:19:45.303 [Test worker] DEBUG o.s.b.f.s.DefaultListableBeanFactory - Returning cached instance of singleton bean 'auditEventRepository'
00:19:45.303 [Test worker] DEBUG o.s.b.f.a.AutowiredAnnotationBeanPostProcessor - Autowiring by type from bean name 'org.springframework.boot.actuate.autoconfigure.AuditAutoConfiguration' to bean named 'auditEventRepository'
00:19:45.304 [Test worker] DEBUG o.s.b.f.s.DefaultListableBeanFactory - Finished creating instance of bean 'org.springframework.boot.actuate.autoconfigure.AuditAutoConfiguration'
00:19:45.304 [Test worker] DEBUG o.s.b.f.s.DefaultListableBeanFactory - Creating shared instance of singleton bean 'auditListener'
00:19:45.304 [Test worker] DEBUG o.s.b.f.s.DefaultListableBeanFactory - Creating instance of bean 'auditListener'
00:19:45.304 [Test worker] DEBUG o.s.b.f.s.DefaultListableBeanFactory - Returning cached instance of singleton bean 'org.springframework.boot.actuate.autoconfigure.AuditAutoConfiguration'
00:19:45.314 [Test worker] DEBUG o.s.b.f.s.DefaultListableBeanFactory - Eagerly caching bean 'auditListener' to allow for resolving potential circular references
00:19:45.473 [Test worker] DEBUG o.s.b.f.s.DefaultListableBeanFactory - Finished creating instance of bean 'auditListener'
00:19:45.473 [Test worker] DEBUG o.s.b.f.s.DefaultListableBeanFactory - Creating shared instance of singleton bean 'org.springframework.boot.autoconfigure.mongo.MongoAutoConfiguration'
00:19:45.473 [Test worker] DEBUG o.s.b.f.s.DefaultListableBeanFactory - Creating instance of bean 'org.springframework.boot.autoconfigure.mongo.MongoAutoConfiguration'
00:19:45.474 [Test worker] DEBUG o.s.c.a.CommonAnnotationBeanPostProcessor - Found destroy method on class [org.springframework.boot.autoconfigure.mongo.MongoAutoConfiguration$$EnhancerBySpringCGLIB$$ffbd5f38]: public void org.springframework.boot.autoconfigure.mongo.MongoAutoConfiguration.close()
00:19:45.474 [Test worker] DEBUG o.s.c.a.CommonAnnotationBeanPostProcessor - Registered destroy method on class [org.springframework.boot.autoconfigure.mongo.MongoAutoConfiguration$$EnhancerBySpringCGLIB$$ffbd5f38]: org.springframework.beans.factory.annotation.InitDestroyAnnotationBeanPostProcessor$LifecycleElement@5a5ddf8
00:19:45.474 [Test worker] DEBUG o.s.b.f.annotation.InjectionMetadata - Registered injected element on class [org.springframework.boot.autoconfigure.mongo.MongoAutoConfiguration$$EnhancerBySpringCGLIB$$ffbd5f38]: AutowiredFieldElement for private org.springframework.boot.autoconfigure.mongo.MongoProperties org.springframework.boot.autoconfigure.mongo.MongoAutoConfiguration.properties
00:19:45.474 [Test worker] DEBUG o.s.b.f.annotation.InjectionMetadata - Registered injected element on class [org.springframework.boot.autoconfigure.mongo.MongoAutoConfiguration$$EnhancerBySpringCGLIB$$ffbd5f38]: AutowiredFieldElement for private com.mongodb.MongoClientOptions org.springframework.boot.autoconfigure.mongo.MongoAutoConfiguration.options
00:19:45.474 [Test worker] DEBUG o.s.b.f.s.DefaultListableBeanFactory - Eagerly caching bean 'org.springframework.boot.autoconfigure.mongo.MongoAutoConfiguration' to allow for resolving potential circular references
00:19:45.476 [Test worker] DEBUG o.s.b.f.annotation.InjectionMetadata - Processing injected method of bean 'org.springframework.boot.autoconfigure.mongo.MongoAutoConfiguration': AutowiredFieldElement for private org.springframework.boot.autoconfigure.mongo.MongoProperties org.springframework.boot.autoconfigure.mongo.MongoAutoConfiguration.properties
00:19:45.477 [Test worker] DEBUG o.s.b.f.s.DefaultListableBeanFactory - Creating shared instance of singleton bean 'spring.data.mongodb.CONFIGURATION_PROPERTIES'
00:19:45.477 [Test worker] DEBUG o.s.b.f.s.DefaultListableBeanFactory - Creating instance of bean 'spring.data.mongodb.CONFIGURATION_PROPERTIES'
00:19:45.477 [Test worker] DEBUG o.s.b.f.s.DefaultListableBeanFactory - Eagerly caching bean 'spring.data.mongodb.CONFIGURATION_PROPERTIES' to allow for resolving potential circular references
00:19:45.481 [Test worker] DEBUG o.s.core.env.MutablePropertySources - Adding [systemProperties] PropertySource with lowest search precedence
00:19:45.481 [Test worker] DEBUG o.s.core.env.MutablePropertySources - Adding [systemEnvironment] PropertySource with lowest search precedence
00:19:45.481 [Test worker] DEBUG o.s.core.env.MutablePropertySources - Adding [localProperties] PropertySource with lowest search precedence
00:19:45.486 [Test worker] DEBUG o.s.b.f.s.DefaultListableBeanFactory - Finished creating instance of bean 'spring.data.mongodb.CONFIGURATION_PROPERTIES'
00:19:45.486 [Test worker] DEBUG o.s.b.f.a.AutowiredAnnotationBeanPostProcessor - Autowiring by type from bean name 'org.springframework.boot.autoconfigure.mongo.MongoAutoConfiguration' to bean named 'spring.data.mongodb.CONFIGURATION_PROPERTIES'
00:19:45.486 [Test worker] DEBUG o.s.b.f.annotation.InjectionMetadata - Processing injected method of bean 'org.springframework.boot.autoconfigure.mongo.MongoAutoConfiguration': AutowiredFieldElement for private com.mongodb.MongoClientOptions org.springframework.boot.autoconfigure.mongo.MongoAutoConfiguration.options
00:19:45.486 [Test worker] DEBUG o.s.b.f.s.DefaultListableBeanFactory - Finished creating instance of bean 'org.springframework.boot.autoconfigure.mongo.MongoAutoConfiguration'
00:19:45.486 [Test worker] DEBUG o.s.b.f.s.DefaultListableBeanFactory - Creating shared instance of singleton bean 'mongo'
00:19:45.486 [Test worker] DEBUG o.s.b.f.s.DefaultListableBeanFactory - Creating instance of bean 'mongo'
00:19:45.486 [Test worker] DEBUG o.s.b.f.s.DefaultListableBeanFactory - Returning cached instance of singleton bean 'org.springframework.boot.autoconfigure.mongo.MongoAutoConfiguration'
00:19:45.495 [Test worker] DEBUG o.s.b.f.s.DefaultListableBeanFactory - Eagerly caching bean 'mongo' to allow for resolving potential circular references
00:19:45.498 [Test worker] DEBUG o.s.b.f.s.DefaultListableBeanFactory - Finished creating instance of bean 'mongo'
00:19:45.498 [Test worker] DEBUG o.s.b.f.s.DefaultListableBeanFactory - Returning cached instance of singleton bean 'spring.data.mongodb.CONFIGURATION_PROPERTIES'
00:19:45.498 [Test worker] DEBUG o.s.b.f.s.DefaultListableBeanFactory - Creating shared instance of singleton bean 'org.springframework.boot.autoconfigure.mongo.MongoDataAutoConfiguration'
00:19:45.498 [Test worker] DEBUG o.s.b.f.s.DefaultListableBeanFactory - Creating instance of bean 'org.springframework.boot.autoconfigure.mongo.MongoDataAutoConfiguration'
00:19:45.499 [Test worker] DEBUG o.s.b.f.annotation.InjectionMetadata - Registered injected element on class [org.springframework.boot.autoconfigure.mongo.MongoDataAutoConfiguration$$EnhancerBySpringCGLIB$$48d255ee]: AutowiredFieldElement for private org.springframework.boot.autoconfigure.mongo.MongoProperties org.springframework.boot.autoconfigure.mongo.MongoDataAutoConfiguration.properties
00:19:45.499 [Test worker] DEBUG o.s.b.f.s.DefaultListableBeanFactory - Eagerly caching bean 'org.springframework.boot.autoconfigure.mongo.MongoDataAutoConfiguration' to allow for resolving potential circular references
00:19:45.500 [Test worker] DEBUG o.s.b.f.annotation.InjectionMetadata - Processing injected method of bean 'org.springframework.boot.autoconfigure.mongo.MongoDataAutoConfiguration': AutowiredFieldElement for private org.springframework.boot.autoconfigure.mongo.MongoProperties org.springframework.boot.autoconfigure.mongo.MongoDataAutoConfiguration.properties
00:19:45.501 [Test worker] DEBUG o.s.b.f.s.DefaultListableBeanFactory - Returning cached instance of singleton bean 'spring.data.mongodb.CONFIGURATION_PROPERTIES'
00:19:45.501 [Test worker] DEBUG o.s.b.f.a.AutowiredAnnotationBeanPostProcessor - Autowiring by type from bean name 'org.springframework.boot.autoconfigure.mongo.MongoDataAutoConfiguration' to bean named 'spring.data.mongodb.CONFIGURATION_PROPERTIES'
00:19:45.502 [Test worker] DEBUG o.s.b.f.s.DefaultListableBeanFactory - Finished creating instance of bean 'org.springframework.boot.autoconfigure.mongo.MongoDataAutoConfiguration'
00:19:45.502 [Test worker] DEBUG o.s.b.f.s.DefaultListableBeanFactory - Creating shared instance of singleton bean 'mongoDbFactory'
00:19:45.502 [Test worker] DEBUG o.s.b.f.s.DefaultListableBeanFactory - Creating instance of bean 'mongoDbFactory'
00:19:45.502 [Test worker] DEBUG o.s.b.f.s.DefaultListableBeanFactory - Returning cached instance of singleton bean 'org.springframework.boot.autoconfigure.mongo.MongoDataAutoConfiguration'
00:19:45.502 [Test worker] DEBUG o.s.b.f.s.DefaultListableBeanFactory - Returning cached instance of singleton bean 'mongo'
00:19:45.503 [Test worker] DEBUG o.s.b.f.s.DefaultListableBeanFactory - Autowiring by type from bean name 'mongoDbFactory' via factory method to bean named 'mongo'
00:19:45.507 [Test worker] DEBUG o.s.b.f.s.DefaultListableBeanFactory - Eagerly caching bean 'mongoDbFactory' to allow for resolving potential circular references
00:19:45.508 [Test worker] DEBUG o.s.b.f.s.DefaultListableBeanFactory - Finished creating instance of bean 'mongoDbFactory'
00:19:45.508 [Test worker] DEBUG o.s.b.f.s.DefaultListableBeanFactory - Creating shared instance of singleton bean 'gridFsTemplate'
00:19:45.508 [Test worker] DEBUG o.s.b.f.s.DefaultListableBeanFactory - Creating instance of bean 'gridFsTemplate'
00:19:45.508 [Test worker] DEBUG o.s.b.f.s.DefaultListableBeanFactory - Returning cached instance of singleton bean 'org.springframework.boot.autoconfigure.mongo.MongoDataAutoConfiguration'
00:19:45.508 [Test worker] DEBUG o.s.b.f.s.DefaultListableBeanFactory - Returning cached instance of singleton bean 'mongoDbFactory'
00:19:45.509 [Test worker] DEBUG o.s.b.f.s.DefaultListableBeanFactory - Returning cached instance of singleton bean 'mongoTemplate'
00:19:45.509 [Test worker] DEBUG o.s.b.f.s.DefaultListableBeanFactory - Autowiring by type from bean name 'gridFsTemplate' via factory method to bean named 'mongoDbFactory'
00:19:45.509 [Test worker] DEBUG o.s.b.f.s.DefaultListableBeanFactory - Autowiring by type from bean name 'gridFsTemplate' via factory method to bean named 'mongoTemplate'
00:19:45.512 [Test worker] DEBUG o.s.b.f.s.DefaultListableBeanFactory - Eagerly caching bean 'gridFsTemplate' to allow for resolving potential circular references
00:19:45.514 [Test worker] DEBUG o.s.b.f.s.DefaultListableBeanFactory - Finished creating instance of bean 'gridFsTemplate'
00:19:45.514 [Test worker] DEBUG o.s.b.f.s.DefaultListableBeanFactory - Creating shared instance of singleton bean 'org.springframework.boot.actuate.autoconfigure.HealthIndicatorAutoConfiguration$MongoHealthIndicatorConfiguration'
00:19:45.514 [Test worker] DEBUG o.s.b.f.s.DefaultListableBeanFactory - Creating instance of bean 'org.springframework.boot.actuate.autoconfigure.HealthIndicatorAutoConfiguration$MongoHealthIndicatorConfiguration'
00:19:45.514 [Test worker] DEBUG o.s.b.f.annotation.InjectionMetadata - Registered injected element on class [org.springframework.boot.actuate.autoconfigure.HealthIndicatorAutoConfiguration$MongoHealthIndicatorConfiguration$$EnhancerBySpringCGLIB$$a2231091]: AutowiredFieldElement for private org.springframework.boot.actuate.health.HealthAggregator org.springframework.boot.actuate.autoconfigure.HealthIndicatorAutoConfiguration$MongoHealthIndicatorConfiguration.healthAggregator
00:19:45.514 [Test worker] DEBUG o.s.b.f.annotation.InjectionMetadata - Registered injected element on class [org.springframework.boot.actuate.autoconfigure.HealthIndicatorAutoConfiguration$MongoHealthIndicatorConfiguration$$EnhancerBySpringCGLIB$$a2231091]: AutowiredFieldElement for private java.util.Map org.springframework.boot.actuate.autoconfigure.HealthIndicatorAutoConfiguration$MongoHealthIndicatorConfiguration.mongoTemplates
00:19:45.514 [Test worker] DEBUG o.s.b.f.s.DefaultListableBeanFactory - Eagerly caching bean 'org.springframework.boot.actuate.autoconfigure.HealthIndicatorAutoConfiguration$MongoHealthIndicatorConfiguration' to allow for resolving potential circular references
00:19:45.516 [Test worker] DEBUG o.s.b.f.annotation.InjectionMetadata - Processing injected method of bean 'org.springframework.boot.actuate.autoconfigure.HealthIndicatorAutoConfiguration$MongoHealthIndicatorConfiguration': AutowiredFieldElement for private org.springframework.boot.actuate.health.HealthAggregator org.springframework.boot.actuate.autoconfigure.HealthIndicatorAutoConfiguration$MongoHealthIndicatorConfiguration.healthAggregator
00:19:45.517 [Test worker] DEBUG o.s.b.f.s.DefaultListableBeanFactory - Creating shared instance of singleton bean 'healthAggregator'
00:19:45.517 [Test worker] DEBUG o.s.b.f.s.DefaultListableBeanFactory - Creating instance of bean 'healthAggregator'
00:19:45.517 [Test worker] DEBUG o.s.b.f.s.DefaultListableBeanFactory - Creating shared instance of singleton bean 'org.springframework.boot.actuate.autoconfigure.HealthIndicatorAutoConfiguration'
00:19:45.517 [Test worker] DEBUG o.s.b.f.s.DefaultListableBeanFactory - Creating instance of bean 'org.springframework.boot.actuate.autoconfigure.HealthIndicatorAutoConfiguration'
00:19:45.518 [Test worker] DEBUG o.s.b.f.annotation.InjectionMetadata - Registered injected element on class [org.springframework.boot.actuate.autoconfigure.HealthIndicatorAutoConfiguration$$EnhancerBySpringCGLIB$$aa5b1c3e]: AutowiredFieldElement for private java.util.List org.springframework.boot.actuate.autoconfigure.HealthIndicatorAutoConfiguration.statusOrder
00:19:45.518 [Test worker] DEBUG o.s.b.f.s.DefaultListableBeanFactory - Eagerly caching bean 'org.springframework.boot.actuate.autoconfigure.HealthIndicatorAutoConfiguration' to allow for resolving potential circular references
00:19:45.520 [Test worker] DEBUG o.s.b.f.annotation.InjectionMetadata - Processing injected method of bean 'org.springframework.boot.actuate.autoconfigure.HealthIndicatorAutoConfiguration': AutowiredFieldElement for private java.util.List org.springframework.boot.actuate.autoconfigure.HealthIndicatorAutoConfiguration.statusOrder
00:19:45.520 [Test worker] DEBUG o.s.c.e.PropertySourcesPropertyResolver - Searching for key 'health.status.order:' in [environmentProperties]
00:19:45.520 [Test worker] DEBUG o.s.c.e.PropertySourcesPropertyResolver - Searching for key 'health.status.order:' in [systemProperties]
00:19:45.520 [Test worker] DEBUG o.s.c.e.PropertySourcesPropertyResolver - Searching for key 'health.status.order:' in [systemEnvironment]
00:19:45.520 [Test worker] DEBUG o.s.c.e.PropertySourcesPropertyResolver - Could not find key 'health.status.order:' in any property source. Returning [null]
00:19:45.520 [Test worker] DEBUG o.s.c.e.PropertySourcesPropertyResolver - Searching for key 'health.status.order:' in [localProperties]
00:19:45.520 [Test worker] DEBUG o.s.c.e.PropertySourcesPropertyResolver - Could not find key 'health.status.order:' in any property source. Returning [null]
00:19:45.520 [Test worker] DEBUG o.s.c.e.PropertySourcesPropertyResolver - Searching for key 'health.status.order' in [environmentProperties]
00:19:45.520 [Test worker] DEBUG o.s.c.e.PropertySourcesPropertyResolver - Searching for key 'health.status.order' in [systemProperties]
00:19:45.520 [Test worker] DEBUG o.s.c.e.PropertySourcesPropertyResolver - Searching for key 'health.status.order' in [systemEnvironment]
00:19:45.520 [Test worker] DEBUG o.s.c.e.PropertySourcesPropertyResolver - Could not find key 'health.status.order' in any property source. Returning [null]
00:19:45.520 [Test worker] DEBUG o.s.c.e.PropertySourcesPropertyResolver - Searching for key 'health.status.order' in [localProperties]
00:19:45.520 [Test worker] DEBUG o.s.c.e.PropertySourcesPropertyResolver - Could not find key 'health.status.order' in any property source. Returning [null]
00:19:45.536 [Test worker] DEBUG o.s.b.f.s.DefaultListableBeanFactory - Finished creating instance of bean 'org.springframework.boot.actuate.autoconfigure.HealthIndicatorAutoConfiguration'
00:19:45.540 [Test worker] DEBUG o.s.b.f.s.DefaultListableBeanFactory - Eagerly caching bean 'healthAggregator' to allow for resolving potential circular references
00:19:45.542 [Test worker] DEBUG o.s.b.f.s.DefaultListableBeanFactory - Finished creating instance of bean 'healthAggregator'
00:19:45.542 [Test worker] DEBUG o.s.b.f.a.AutowiredAnnotationBeanPostProcessor - Autowiring by type from bean name 'org.springframework.boot.actuate.autoconfigure.HealthIndicatorAutoConfiguration$MongoHealthIndicatorConfiguration' to bean named 'healthAggregator'
00:19:45.542 [Test worker] DEBUG o.s.b.f.annotation.InjectionMetadata - Processing injected method of bean 'org.springframework.boot.actuate.autoconfigure.HealthIndicatorAutoConfiguration$MongoHealthIndicatorConfiguration': AutowiredFieldElement for private java.util.Map org.springframework.boot.actuate.autoconfigure.HealthIndicatorAutoConfiguration$MongoHealthIndicatorConfiguration.mongoTemplates
00:19:45.543 [Test worker] DEBUG o.s.b.f.s.DefaultListableBeanFactory - Returning cached instance of singleton bean 'mongoTemplate'
00:19:45.543 [Test worker] DEBUG o.s.b.f.a.AutowiredAnnotationBeanPostProcessor - Autowiring by type from bean name 'org.springframework.boot.actuate.autoconfigure.HealthIndicatorAutoConfiguration$MongoHealthIndicatorConfiguration' to bean named 'mongoTemplate'
00:19:45.562 [Test worker] DEBUG o.s.b.f.s.DefaultListableBeanFactory - Finished creating instance of bean 'org.springframework.boot.actuate.autoconfigure.HealthIndicatorAutoConfiguration$MongoHealthIndicatorConfiguration'
00:19:45.562 [Test worker] DEBUG o.s.b.f.s.DefaultListableBeanFactory - Creating shared instance of singleton bean 'mongoHealthIndicator'
00:19:45.562 [Test worker] DEBUG o.s.b.f.s.DefaultListableBeanFactory - Creating instance of bean 'mongoHealthIndicator'
00:19:45.562 [Test worker] DEBUG o.s.b.f.s.DefaultListableBeanFactory - Returning cached instance of singleton bean 'org.springframework.boot.actuate.autoconfigure.HealthIndicatorAutoConfiguration$MongoHealthIndicatorConfiguration'
00:19:45.565 [Test worker] DEBUG o.s.b.f.s.DefaultListableBeanFactory - Eagerly caching bean 'mongoHealthIndicator' to allow for resolving potential circular references
00:19:45.567 [Test worker] DEBUG o.s.b.f.s.DefaultListableBeanFactory - Finished creating instance of bean 'mongoHealthIndicator'
00:19:45.567 [Test worker] DEBUG o.s.b.f.s.DefaultListableBeanFactory - Returning cached instance of singleton bean 'org.springframework.boot.actuate.autoconfigure.HealthIndicatorAutoConfiguration'
00:19:45.567 [Test worker] DEBUG o.s.b.f.s.DefaultListableBeanFactory - Returning cached instance of singleton bean 'healthAggregator'
00:19:45.567 [Test worker] DEBUG o.s.b.f.s.DefaultListableBeanFactory - Creating shared instance of singleton bean 'org.springframework.boot.actuate.autoconfigure.EndpointAutoConfiguration$InfoPropertiesConfiguration'
00:19:45.567 [Test worker] DEBUG o.s.b.f.s.DefaultListableBeanFactory - Creating instance of bean 'org.springframework.boot.actuate.autoconfigure.EndpointAutoConfiguration$InfoPropertiesConfiguration'
00:19:45.568 [Test worker] DEBUG o.s.core.env.StandardEnvironment - Adding [systemProperties] PropertySource with lowest search precedence
00:19:45.568 [Test worker] DEBUG o.s.core.env.StandardEnvironment - Adding [systemEnvironment] PropertySource with lowest search precedence
00:19:45.568 [Test worker] DEBUG o.s.core.env.StandardEnvironment - Initialized StandardEnvironment with PropertySources [systemProperties,systemEnvironment]
00:19:45.568 [Test worker] DEBUG o.s.b.f.annotation.InjectionMetadata - Registered injected element on class [org.springframework.boot.actuate.autoconfigure.EndpointAutoConfiguration$InfoPropertiesConfiguration$$EnhancerBySpringCGLIB$$53121797]: AutowiredFieldElement for private final org.springframework.core.env.ConfigurableEnvironment org.springframework.boot.actuate.autoconfigure.EndpointAutoConfiguration$InfoPropertiesConfiguration.environment
00:19:45.568 [Test worker] DEBUG o.s.b.f.annotation.InjectionMetadata - Registered injected element on class [org.springframework.boot.actuate.autoconfigure.EndpointAutoConfiguration$InfoPropertiesConfiguration$$EnhancerBySpringCGLIB$$53121797]: AutowiredFieldElement for private org.springframework.core.io.Resource org.springframework.boot.actuate.autoconfigure.EndpointAutoConfiguration$InfoPropertiesConfiguration.gitProperties
00:19:45.568 [Test worker] DEBUG o.s.b.f.s.DefaultListableBeanFactory - Eagerly caching bean 'org.springframework.boot.actuate.autoconfigure.EndpointAutoConfiguration$InfoPropertiesConfiguration' to allow for resolving potential circular references
00:19:45.570 [Test worker] DEBUG o.s.b.f.annotation.InjectionMetadata - Processing injected method of bean 'org.springframework.boot.actuate.autoconfigure.EndpointAutoConfiguration$InfoPropertiesConfiguration': AutowiredFieldElement for private final org.springframework.core.env.ConfigurableEnvironment org.springframework.boot.actuate.autoconfigure.EndpointAutoConfiguration$InfoPropertiesConfiguration.environment
00:19:45.571 [Test worker] DEBUG o.s.b.f.s.DefaultListableBeanFactory - Returning cached instance of singleton bean 'environment'
00:19:45.571 [Test worker] DEBUG o.s.b.f.a.AutowiredAnnotationBeanPostProcessor - Autowiring by type from bean name 'org.springframework.boot.actuate.autoconfigure.EndpointAutoConfiguration$InfoPropertiesConfiguration' to bean named 'environment'
00:19:45.571 [Test worker] DEBUG o.s.b.f.annotation.InjectionMetadata - Processing injected method of bean 'org.springframework.boot.actuate.autoconfigure.EndpointAutoConfiguration$InfoPropertiesConfiguration': AutowiredFieldElement for private org.springframework.core.io.Resource org.springframework.boot.actuate.autoconfigure.EndpointAutoConfiguration$InfoPropertiesConfiguration.gitProperties
00:19:45.571 [Test worker] DEBUG o.s.c.e.PropertySourcesPropertyResolver - Searching for key 'spring.git.properties:classpath:git.properties' in [environmentProperties]
00:19:45.571 [Test worker] DEBUG o.s.c.e.PropertySourcesPropertyResolver - Searching for key 'spring.git.properties:classpath:git.properties' in [systemProperties]
00:19:45.571 [Test worker] DEBUG o.s.c.e.PropertySourcesPropertyResolver - Searching for key 'spring.git.properties:classpath:git.properties' in [systemEnvironment]
00:19:45.571 [Test worker] DEBUG o.s.c.e.PropertySourcesPropertyResolver - Could not find key 'spring.git.properties:classpath:git.properties' in any property source. Returning [null]
00:19:45.571 [Test worker] DEBUG o.s.c.e.PropertySourcesPropertyResolver - Searching for key 'spring.git.properties:classpath:git.properties' in [localProperties]
00:19:45.571 [Test worker] DEBUG o.s.c.e.PropertySourcesPropertyResolver - Could not find key 'spring.git.properties:classpath:git.properties' in any property source. Returning [null]
00:19:45.571 [Test worker] DEBUG o.s.c.e.PropertySourcesPropertyResolver - Searching for key 'spring.git.properties' in [environmentProperties]
00:19:45.571 [Test worker] DEBUG o.s.c.e.PropertySourcesPropertyResolver - Searching for key 'spring.git.properties' in [systemProperties]
00:19:45.571 [Test worker] DEBUG o.s.c.e.PropertySourcesPropertyResolver - Searching for key 'spring.git.properties' in [systemEnvironment]
00:19:45.571 [Test worker] DEBUG o.s.c.e.PropertySourcesPropertyResolver - Could not find key 'spring.git.properties' in any property source. Returning [null]
00:19:45.571 [Test worker] DEBUG o.s.c.e.PropertySourcesPropertyResolver - Searching for key 'spring.git.properties' in [localProperties]
00:19:45.571 [Test worker] DEBUG o.s.c.e.PropertySourcesPropertyResolver - Could not find key 'spring.git.properties' in any property source. Returning [null]
00:19:45.571 [Test worker] DEBUG o.s.b.f.s.DefaultListableBeanFactory - Finished creating instance of bean 'org.springframework.boot.actuate.autoconfigure.EndpointAutoConfiguration$InfoPropertiesConfiguration'
00:19:45.571 [Test worker] DEBUG o.s.b.f.s.DefaultListableBeanFactory - Creating shared instance of singleton bean 'org.springframework.boot.actuate.autoconfigure.EndpointAutoConfiguration$RequestMappingEndpointConfiguration'
00:19:45.571 [Test worker] DEBUG o.s.b.f.s.DefaultListableBeanFactory - Creating instance of bean 'org.springframework.boot.actuate.autoconfigure.EndpointAutoConfiguration$RequestMappingEndpointConfiguration'
00:19:45.571 [Test worker] DEBUG o.s.b.f.s.DefaultListableBeanFactory - Eagerly caching bean 'org.springframework.boot.actuate.autoconfigure.EndpointAutoConfiguration$RequestMappingEndpointConfiguration' to allow for resolving potential circular references
00:19:45.581 [Test worker] DEBUG o.s.b.f.s.DefaultListableBeanFactory - Finished creating instance of bean 'org.springframework.boot.actuate.autoconfigure.EndpointAutoConfiguration$RequestMappingEndpointConfiguration'
00:19:45.581 [Test worker] DEBUG o.s.b.f.s.DefaultListableBeanFactory - Creating shared instance of singleton bean 'requestMappingEndpoint'
00:19:45.581 [Test worker] DEBUG o.s.b.f.s.DefaultListableBeanFactory - Creating instance of bean 'requestMappingEndpoint'
00:19:45.581 [Test worker] DEBUG o.s.b.f.s.DefaultListableBeanFactory - Returning cached instance of singleton bean 'org.springframework.boot.actuate.autoconfigure.EndpointAutoConfiguration$RequestMappingEndpointConfiguration'
00:19:45.587 [Test worker] DEBUG o.s.b.f.s.DefaultListableBeanFactory - Eagerly caching bean 'requestMappingEndpoint' to allow for resolving potential circular references
00:19:45.594 [Test worker] DEBUG o.s.core.env.MutablePropertySources - Adding [systemProperties] PropertySource with lowest search precedence
00:19:45.594 [Test worker] DEBUG o.s.core.env.MutablePropertySources - Adding [systemEnvironment] PropertySource with lowest search precedence
00:19:45.594 [Test worker] DEBUG o.s.core.env.MutablePropertySources - Adding [localProperties] PropertySource with lowest search precedence
00:19:45.626 [Test worker] DEBUG o.s.b.f.s.DefaultListableBeanFactory - Creating instance of bean 'org.hibernate.validator.internal.constraintvalidators.NotNullValidator'
00:19:45.627 [Test worker] DEBUG o.s.b.f.s.DefaultListableBeanFactory - Finished creating instance of bean 'org.hibernate.validator.internal.constraintvalidators.NotNullValidator'
00:19:45.629 [Test worker] DEBUG o.s.b.f.s.DefaultListableBeanFactory - Creating instance of bean 'org.hibernate.validator.internal.constraintvalidators.PatternValidator'
00:19:45.630 [Test worker] DEBUG o.s.b.f.s.DefaultListableBeanFactory - Finished creating instance of bean 'org.hibernate.validator.internal.constraintvalidators.PatternValidator'
00:19:45.631 [Test worker] DEBUG o.s.b.f.s.DefaultListableBeanFactory - Finished creating instance of bean 'requestMappingEndpoint'
00:19:45.631 [Test worker] DEBUG o.s.b.f.s.DefaultListableBeanFactory - Creating shared instance of singleton bean 'org.springframework.boot.actuate.autoconfigure.EndpointAutoConfiguration'
00:19:45.631 [Test worker] DEBUG o.s.b.f.s.DefaultListableBeanFactory - Creating instance of bean 'org.springframework.boot.actuate.autoconfigure.EndpointAutoConfiguration'
00:19:45.639 [Test worker] DEBUG o.s.b.f.annotation.InjectionMetadata - Registered injected element on class [org.springframework.boot.actuate.autoconfigure.EndpointAutoConfiguration$$EnhancerBySpringCGLIB$$2f85a386]: AutowiredFieldElement for private org.springframework.boot.actuate.autoconfigure.EndpointAutoConfiguration$InfoPropertiesConfiguration org.springframework.boot.actuate.autoconfigure.EndpointAutoConfiguration.properties
00:19:45.639 [Test worker] DEBUG o.s.b.f.annotation.InjectionMetadata - Registered injected element on class [org.springframework.boot.actuate.autoconfigure.EndpointAutoConfiguration$$EnhancerBySpringCGLIB$$2f85a386]: AutowiredFieldElement for private org.springframework.boot.actuate.health.HealthAggregator org.springframework.boot.actuate.autoconfigure.EndpointAutoConfiguration.healthAggregator
00:19:45.639 [Test worker] DEBUG o.s.b.f.annotation.InjectionMetadata - Registered injected element on class [org.springframework.boot.actuate.autoconfigure.EndpointAutoConfiguration$$EnhancerBySpringCGLIB$$2f85a386]: AutowiredFieldElement for java.util.Map org.springframework.boot.actuate.autoconfigure.EndpointAutoConfiguration.healthIndicators
00:19:45.639 [Test worker] DEBUG o.s.b.f.annotation.InjectionMetadata - Registered injected element on class [org.springframework.boot.actuate.autoconfigure.EndpointAutoConfiguration$$EnhancerBySpringCGLIB$$2f85a386]: AutowiredFieldElement for private org.springframework.boot.actuate.metrics.reader.MetricReader org.springframework.boot.actuate.autoconfigure.EndpointAutoConfiguration.metricRepository
00:19:45.639 [Test worker] DEBUG o.s.b.f.annotation.InjectionMetadata - Registered injected element on class [org.springframework.boot.actuate.autoconfigure.EndpointAutoConfiguration$$EnhancerBySpringCGLIB$$2f85a386]: AutowiredFieldElement for private org.springframework.boot.actuate.endpoint.PublicMetrics org.springframework.boot.actuate.autoconfigure.EndpointAutoConfiguration.metrics
00:19:45.639 [Test worker] DEBUG o.s.b.f.annotation.InjectionMetadata - Registered injected element on class [org.springframework.boot.actuate.autoconfigure.EndpointAutoConfiguration$$EnhancerBySpringCGLIB$$2f85a386]: AutowiredFieldElement for private org.springframework.boot.actuate.trace.TraceRepository org.springframework.boot.actuate.autoconfigure.EndpointAutoConfiguration.traceRepository
00:19:45.639 [Test worker] DEBUG o.s.b.f.annotation.InjectionMetadata - Registered injected element on class [org.springframework.boot.actuate.autoconfigure.EndpointAutoConfiguration$$EnhancerBySpringCGLIB$$2f85a386]: AutowiredFieldElement for private org.springframework.boot.context.properties.ConfigurationBeanFactoryMetaData org.springframework.boot.actuate.autoconfigure.EndpointAutoConfiguration.beanFactoryMetaData
00:19:45.639 [Test worker] DEBUG o.s.b.f.s.DefaultListableBeanFactory - Eagerly caching bean 'org.springframework.boot.actuate.autoconfigure.EndpointAutoConfiguration' to allow for resolving potential circular references
00:19:45.641 [Test worker] DEBUG o.s.b.f.annotation.InjectionMetadata - Processing injected method of bean 'org.springframework.boot.actuate.autoconfigure.EndpointAutoConfiguration': AutowiredFieldElement for private org.springframework.boot.actuate.autoconfigure.EndpointAutoConfiguration$InfoPropertiesConfiguration org.springframework.boot.actuate.autoconfigure.EndpointAutoConfiguration.properties
00:19:45.642 [Test worker] DEBUG o.s.b.f.s.DefaultListableBeanFactory - Returning cached instance of singleton bean 'org.springframework.boot.actuate.autoconfigure.EndpointAutoConfiguration$InfoPropertiesConfiguration'
00:19:45.642 [Test worker] DEBUG o.s.b.f.a.AutowiredAnnotationBeanPostProcessor - Autowiring by type from bean name 'org.springframework.boot.actuate.autoconfigure.EndpointAutoConfiguration' to bean named 'org.springframework.boot.actuate.autoconfigure.EndpointAutoConfiguration$InfoPropertiesConfiguration'
00:19:45.642 [Test worker] DEBUG o.s.b.f.annotation.InjectionMetadata - Processing injected method of bean 'org.springframework.boot.actuate.autoconfigure.EndpointAutoConfiguration': AutowiredFieldElement for private org.springframework.boot.actuate.health.HealthAggregator org.springframework.boot.actuate.autoconfigure.EndpointAutoConfiguration.healthAggregator
00:19:45.642 [Test worker] DEBUG o.s.b.f.s.DefaultListableBeanFactory - Returning cached instance of singleton bean 'healthAggregator'
00:19:45.642 [Test worker] DEBUG o.s.b.f.a.AutowiredAnnotationBeanPostProcessor - Autowiring by type from bean name 'org.springframework.boot.actuate.autoconfigure.EndpointAutoConfiguration' to bean named 'healthAggregator'
00:19:45.642 [Test worker] DEBUG o.s.b.f.annotation.InjectionMetadata - Processing injected method of bean 'org.springframework.boot.actuate.autoconfigure.EndpointAutoConfiguration': AutowiredFieldElement for java.util.Map org.springframework.boot.actuate.autoconfigure.EndpointAutoConfiguration.healthIndicators
00:19:45.642 [Test worker] DEBUG o.s.b.f.s.DefaultListableBeanFactory - Returning cached instance of singleton bean 'mongoHealthIndicator'
00:19:45.642 [Test worker] DEBUG o.s.b.f.a.AutowiredAnnotationBeanPostProcessor - Autowiring by type from bean name 'org.springframework.boot.actuate.autoconfigure.EndpointAutoConfiguration' to bean named 'mongoHealthIndicator'
00:19:45.642 [Test worker] DEBUG o.s.b.f.annotation.InjectionMetadata - Processing injected method of bean 'org.springframework.boot.actuate.autoconfigure.EndpointAutoConfiguration': AutowiredFieldElement for private org.springframework.boot.actuate.metrics.reader.MetricReader org.springframework.boot.actuate.autoconfigure.EndpointAutoConfiguration.metricRepository
00:19:45.643 [Test worker] DEBUG o.s.b.f.s.DefaultListableBeanFactory - Creating shared instance of singleton bean 'metricRepository'
00:19:45.643 [Test worker] DEBUG o.s.b.f.s.DefaultListableBeanFactory - Creating instance of bean 'metricRepository'
00:19:45.643 [Test worker] DEBUG o.s.b.f.s.DefaultListableBeanFactory - Creating shared instance of singleton bean 'org.springframework.boot.actuate.autoconfigure.MetricRepositoryAutoConfiguration$MetricRepositoryConfiguration'
00:19:45.643 [Test worker] DEBUG o.s.b.f.s.DefaultListableBeanFactory - Creating instance of bean 'org.springframework.boot.actuate.autoconfigure.MetricRepositoryAutoConfiguration$MetricRepositoryConfiguration'
00:19:45.643 [Test worker] DEBUG o.s.b.f.s.DefaultListableBeanFactory - Eagerly caching bean 'org.springframework.boot.actuate.autoconfigure.MetricRepositoryAutoConfiguration$MetricRepositoryConfiguration' to allow for resolving potential circular references
00:19:45.645 [Test worker] DEBUG o.s.b.f.s.DefaultListableBeanFactory - Finished creating instance of bean 'org.springframework.boot.actuate.autoconfigure.MetricRepositoryAutoConfiguration$MetricRepositoryConfiguration'
00:19:45.648 [Test worker] DEBUG o.s.b.f.s.DefaultListableBeanFactory - Eagerly caching bean 'metricRepository' to allow for resolving potential circular references
00:19:45.651 [Test worker] DEBUG o.s.b.f.s.DefaultListableBeanFactory - Finished creating instance of bean 'metricRepository'
00:19:45.651 [Test worker] DEBUG o.s.b.f.a.AutowiredAnnotationBeanPostProcessor - Autowiring by type from bean name 'org.springframework.boot.actuate.autoconfigure.EndpointAutoConfiguration' to bean named 'metricRepository'
00:19:45.651 [Test worker] DEBUG o.s.b.f.annotation.InjectionMetadata - Processing injected method of bean 'org.springframework.boot.actuate.autoconfigure.EndpointAutoConfiguration': AutowiredFieldElement for private org.springframework.boot.actuate.endpoint.PublicMetrics org.springframework.boot.actuate.autoconfigure.EndpointAutoConfiguration.metrics
00:19:45.651 [Test worker] DEBUG o.s.b.f.annotation.InjectionMetadata - Processing injected method of bean 'org.springframework.boot.actuate.autoconfigure.EndpointAutoConfiguration': AutowiredFieldElement for private org.springframework.boot.actuate.trace.TraceRepository org.springframework.boot.actuate.autoconfigure.EndpointAutoConfiguration.traceRepository
00:19:45.652 [Test worker] DEBUG o.s.b.f.s.DefaultListableBeanFactory - Creating shared instance of singleton bean 'traceRepository'
00:19:45.652 [Test worker] DEBUG o.s.b.f.s.DefaultListableBeanFactory - Creating instance of bean 'traceRepository'
00:19:45.652 [Test worker] DEBUG o.s.b.f.s.DefaultListableBeanFactory - Creating shared instance of singleton bean 'org.springframework.boot.actuate.autoconfigure.TraceRepositoryAutoConfiguration'
00:19:45.652 [Test worker] DEBUG o.s.b.f.s.DefaultListableBeanFactory - Creating instance of bean 'org.springframework.boot.actuate.autoconfigure.TraceRepositoryAutoConfiguration'
00:19:45.652 [Test worker] DEBUG o.s.b.f.s.DefaultListableBeanFactory - Eagerly caching bean 'org.springframework.boot.actuate.autoconfigure.TraceRepositoryAutoConfiguration' to allow for resolving potential circular references
00:19:45.654 [Test worker] DEBUG o.s.b.f.s.DefaultListableBeanFactory - Finished creating instance of bean 'org.springframework.boot.actuate.autoconfigure.TraceRepositoryAutoConfiguration'
00:19:45.656 [Test worker] DEBUG o.s.b.f.s.DefaultListableBeanFactory - Eagerly caching bean 'traceRepository' to allow for resolving potential circular references
00:19:45.657 [Test worker] DEBUG o.s.b.f.s.DefaultListableBeanFactory - Finished creating instance of bean 'traceRepository'
00:19:45.657 [Test worker] DEBUG o.s.b.f.a.AutowiredAnnotationBeanPostProcessor - Autowiring by type from bean name 'org.springframework.boot.actuate.autoconfigure.EndpointAutoConfiguration' to bean named 'traceRepository'
00:19:45.657 [Test worker] DEBUG o.s.b.f.annotation.InjectionMetadata - Processing injected method of bean 'org.springframework.boot.actuate.autoconfigure.EndpointAutoConfiguration': AutowiredFieldElement for private org.springframework.boot.context.properties.ConfigurationBeanFactoryMetaData org.springframework.boot.actuate.autoconfigure.EndpointAutoConfiguration.beanFactoryMetaData
00:19:45.658 [Test worker] DEBUG o.s.b.f.s.DefaultListableBeanFactory - Returning cached instance of singleton bean 'org.springframework.boot.context.properties.ConfigurationPropertiesBindingPostProcessor.store'
00:19:45.658 [Test worker] DEBUG o.s.b.f.a.AutowiredAnnotationBeanPostProcessor - Autowiring by type from bean name 'org.springframework.boot.actuate.autoconfigure.EndpointAutoConfiguration' to bean named 'org.springframework.boot.context.properties.ConfigurationPropertiesBindingPostProcessor.store'
00:19:45.658 [Test worker] DEBUG o.s.b.f.s.DefaultListableBeanFactory - Finished creating instance of bean 'org.springframework.boot.actuate.autoconfigure.EndpointAutoConfiguration'
00:19:45.658 [Test worker] DEBUG o.s.b.f.s.DefaultListableBeanFactory - Creating shared instance of singleton bean 'environmentEndpoint'
00:19:45.658 [Test worker] DEBUG o.s.b.f.s.DefaultListableBeanFactory - Creating instance of bean 'environmentEndpoint'
00:19:45.658 [Test worker] DEBUG o.s.b.f.s.DefaultListableBeanFactory - Returning cached instance of singleton bean 'org.springframework.boot.actuate.autoconfigure.EndpointAutoConfiguration'
00:19:45.661 [Test worker] DEBUG o.s.b.f.s.DefaultListableBeanFactory - Eagerly caching bean 'environmentEndpoint' to allow for resolving potential circular references
00:19:45.668 [Test worker] DEBUG o.s.core.env.MutablePropertySources - Adding [systemProperties] PropertySource with lowest search precedence
00:19:45.668 [Test worker] DEBUG o.s.core.env.MutablePropertySources - Adding [systemEnvironment] PropertySource with lowest search precedence
00:19:45.668 [Test worker] DEBUG o.s.core.env.MutablePropertySources - Adding [localProperties] PropertySource with lowest search precedence
00:19:45.678 [Test worker] DEBUG o.s.b.f.s.DefaultListableBeanFactory - Finished creating instance of bean 'environmentEndpoint'
00:19:45.678 [Test worker] DEBUG o.s.b.f.s.DefaultListableBeanFactory - Creating shared instance of singleton bean 'healthEndpoint'
00:19:45.678 [Test worker] DEBUG o.s.b.f.s.DefaultListableBeanFactory - Creating instance of bean 'healthEndpoint'
00:19:45.678 [Test worker] DEBUG o.s.b.f.s.DefaultListableBeanFactory - Returning cached instance of singleton bean 'org.springframework.boot.actuate.autoconfigure.EndpointAutoConfiguration'
00:19:45.678 [Test worker] DEBUG o.s.b.f.s.DefaultListableBeanFactory - Eagerly caching bean 'healthEndpoint' to allow for resolving potential circular references
00:19:45.681 [Test worker] DEBUG o.s.core.env.MutablePropertySources - Adding [systemProperties] PropertySource with lowest search precedence
00:19:45.681 [Test worker] DEBUG o.s.core.env.MutablePropertySources - Adding [systemEnvironment] PropertySource with lowest search precedence
00:19:45.681 [Test worker] DEBUG o.s.core.env.MutablePropertySources - Adding [localProperties] PropertySource with lowest search precedence
00:19:45.688 [Test worker] DEBUG o.s.b.f.s.DefaultListableBeanFactory - Finished creating instance of bean 'healthEndpoint'
00:19:45.688 [Test worker] DEBUG o.s.b.f.s.DefaultListableBeanFactory - Creating shared instance of singleton bean 'beansEndpoint'
00:19:45.688 [Test worker] DEBUG o.s.b.f.s.DefaultListableBeanFactory - Creating instance of bean 'beansEndpoint'
00:19:45.688 [Test worker] DEBUG o.s.b.f.s.DefaultListableBeanFactory - Returning cached instance of singleton bean 'org.springframework.boot.actuate.autoconfigure.EndpointAutoConfiguration'
00:19:45.690 [Test worker] DEBUG o.s.b.f.s.DefaultListableBeanFactory - Eagerly caching bean 'beansEndpoint' to allow for resolving potential circular references
00:19:45.692 [Test worker] DEBUG o.s.c.e.PropertySourcesPropertyResolver - Searching for key 'spring.liveBeansView.mbeanDomain' in [systemProperties]
00:19:45.692 [Test worker] DEBUG o.s.c.e.PropertySourcesPropertyResolver - Searching for key 'spring.liveBeansView.mbeanDomain' in [systemEnvironment]
00:19:45.692 [Test worker] DEBUG o.s.c.e.PropertySourcesPropertyResolver - Could not find key 'spring.liveBeansView.mbeanDomain' in any property source. Returning [null]
00:19:45.694 [Test worker] DEBUG o.s.core.env.MutablePropertySources - Adding [systemProperties] PropertySource with lowest search precedence
00:19:45.694 [Test worker] DEBUG o.s.core.env.MutablePropertySources - Adding [systemEnvironment] PropertySource with lowest search precedence
00:19:45.694 [Test worker] DEBUG o.s.core.env.MutablePropertySources - Adding [localProperties] PropertySource with lowest search precedence
00:19:45.701 [Test worker] DEBUG o.s.b.f.s.DefaultListableBeanFactory - Finished creating instance of bean 'beansEndpoint'
00:19:45.701 [Test worker] DEBUG o.s.b.f.s.DefaultListableBeanFactory - Creating shared instance of singleton bean 'infoEndpoint'
00:19:45.701 [Test worker] DEBUG o.s.b.f.s.DefaultListableBeanFactory - Creating instance of bean 'infoEndpoint'
00:19:45.701 [Test worker] DEBUG o.s.b.f.s.DefaultListableBeanFactory - Returning cached instance of singleton bean 'org.springframework.boot.actuate.autoconfigure.EndpointAutoConfiguration'
00:19:45.708 [Test worker] DEBUG o.s.b.f.s.DefaultListableBeanFactory - Eagerly caching bean 'infoEndpoint' to allow for resolving potential circular references
00:19:45.715 [Test worker] DEBUG o.s.core.env.MutablePropertySources - Adding [systemProperties] PropertySource with lowest search precedence
00:19:45.715 [Test worker] DEBUG o.s.core.env.MutablePropertySources - Adding [systemEnvironment] PropertySource with lowest search precedence
00:19:45.715 [Test worker] DEBUG o.s.core.env.MutablePropertySources - Adding [localProperties] PropertySource with lowest search precedence
00:19:45.717 [Test worker] DEBUG o.s.b.f.s.DefaultListableBeanFactory - Finished creating instance of bean 'infoEndpoint'
00:19:45.717 [Test worker] DEBUG o.s.b.f.s.DefaultListableBeanFactory - Creating shared instance of singleton bean 'metricsEndpoint'
00:19:45.717 [Test worker] DEBUG o.s.b.f.s.DefaultListableBeanFactory - Creating instance of bean 'metricsEndpoint'
00:19:45.717 [Test worker] DEBUG o.s.b.f.s.DefaultListableBeanFactory - Returning cached instance of singleton bean 'org.springframework.boot.actuate.autoconfigure.EndpointAutoConfiguration'
00:19:45.718 [Test worker] DEBUG o.s.b.f.s.DefaultListableBeanFactory - Eagerly caching bean 'metricsEndpoint' to allow for resolving potential circular references
00:19:45.720 [Test worker] DEBUG o.s.core.env.MutablePropertySources - Adding [systemProperties] PropertySource with lowest search precedence
00:19:45.720 [Test worker] DEBUG o.s.core.env.MutablePropertySources - Adding [systemEnvironment] PropertySource with lowest search precedence
00:19:45.720 [Test worker] DEBUG o.s.core.env.MutablePropertySources - Adding [localProperties] PropertySource with lowest search precedence
00:19:45.722 [Test worker] DEBUG o.s.b.f.s.DefaultListableBeanFactory - Finished creating instance of bean 'metricsEndpoint'
00:19:45.722 [Test worker] DEBUG o.s.b.f.s.DefaultListableBeanFactory - Creating shared instance of singleton bean 'traceEndpoint'
00:19:45.722 [Test worker] DEBUG o.s.b.f.s.DefaultListableBeanFactory - Creating instance of bean 'traceEndpoint'
00:19:45.722 [Test worker] DEBUG o.s.b.f.s.DefaultListableBeanFactory - Returning cached instance of singleton bean 'org.springframework.boot.actuate.autoconfigure.EndpointAutoConfiguration'
00:19:45.723 [Test worker] DEBUG o.s.b.f.s.DefaultListableBeanFactory - Eagerly caching bean 'traceEndpoint' to allow for resolving potential circular references
00:19:45.725 [Test worker] DEBUG o.s.core.env.MutablePropertySources - Adding [systemProperties] PropertySource with lowest search precedence
00:19:45.725 [Test worker] DEBUG o.s.core.env.MutablePropertySources - Adding [systemEnvironment] PropertySource with lowest search precedence
00:19:45.725 [Test worker] DEBUG o.s.core.env.MutablePropertySources - Adding [localProperties] PropertySource with lowest search precedence
00:19:45.730 [Test worker] DEBUG o.s.b.f.s.DefaultListableBeanFactory - Finished creating instance of bean 'traceEndpoint'
00:19:45.730 [Test worker] DEBUG o.s.b.f.s.DefaultListableBeanFactory - Creating shared instance of singleton bean 'dumpEndpoint'
00:19:45.730 [Test worker] DEBUG o.s.b.f.s.DefaultListableBeanFactory - Creating instance of bean 'dumpEndpoint'
00:19:45.731 [Test worker] DEBUG o.s.b.f.s.DefaultListableBeanFactory - Returning cached instance of singleton bean 'org.springframework.boot.actuate.autoconfigure.EndpointAutoConfiguration'
00:19:45.731 [Test worker] DEBUG o.s.b.f.s.DefaultListableBeanFactory - Eagerly caching bean 'dumpEndpoint' to allow for resolving potential circular references
00:19:45.733 [Test worker] DEBUG o.s.core.env.MutablePropertySources - Adding [systemProperties] PropertySource with lowest search precedence
00:19:45.733 [Test worker] DEBUG o.s.core.env.MutablePropertySources - Adding [systemEnvironment] PropertySource with lowest search precedence
00:19:45.733 [Test worker] DEBUG o.s.core.env.MutablePropertySources - Adding [localProperties] PropertySource with lowest search precedence
00:19:45.735 [Test worker] DEBUG o.s.b.f.s.DefaultListableBeanFactory - Finished creating instance of bean 'dumpEndpoint'
00:19:45.735 [Test worker] DEBUG o.s.b.f.s.DefaultListableBeanFactory - Creating shared instance of singleton bean 'autoConfigurationAuditEndpoint'
00:19:45.735 [Test worker] DEBUG o.s.b.f.s.DefaultListableBeanFactory - Creating instance of bean 'autoConfigurationAuditEndpoint'
00:19:45.735 [Test worker] DEBUG o.s.b.f.s.DefaultListableBeanFactory - Returning cached instance of singleton bean 'org.springframework.boot.actuate.autoconfigure.EndpointAutoConfiguration'
00:19:45.735 [Test worker] DEBUG o.s.b.f.annotation.InjectionMetadata - Registered injected element on class [org.springframework.boot.actuate.endpoint.AutoConfigurationReportEndpoint]: AutowiredFieldElement for private org.springframework.boot.autoconfigure.condition.ConditionEvaluationReport org.springframework.boot.actuate.endpoint.AutoConfigurationReportEndpoint.autoConfigurationReport
00:19:45.735 [Test worker] DEBUG o.s.b.f.s.DefaultListableBeanFactory - Eagerly caching bean 'autoConfigurationAuditEndpoint' to allow for resolving potential circular references
00:19:45.736 [Test worker] DEBUG o.s.b.f.annotation.InjectionMetadata - Processing injected method of bean 'autoConfigurationAuditEndpoint': AutowiredFieldElement for private org.springframework.boot.autoconfigure.condition.ConditionEvaluationReport org.springframework.boot.actuate.endpoint.AutoConfigurationReportEndpoint.autoConfigurationReport
00:19:45.737 [Test worker] DEBUG o.s.b.f.s.DefaultListableBeanFactory - Returning cached instance of singleton bean 'autoConfigurationReport'
00:19:45.737 [Test worker] DEBUG o.s.b.f.a.AutowiredAnnotationBeanPostProcessor - Autowiring by type from bean name 'autoConfigurationAuditEndpoint' to bean named 'autoConfigurationReport'
00:19:45.738 [Test worker] DEBUG o.s.core.env.MutablePropertySources - Adding [systemProperties] PropertySource with lowest search precedence
00:19:45.738 [Test worker] DEBUG o.s.core.env.MutablePropertySources - Adding [systemEnvironment] PropertySource with lowest search precedence
00:19:45.738 [Test worker] DEBUG o.s.core.env.MutablePropertySources - Adding [localProperties] PropertySource with lowest search precedence
00:19:45.740 [Test worker] DEBUG o.s.b.f.s.DefaultListableBeanFactory - Finished creating instance of bean 'autoConfigurationAuditEndpoint'
00:19:45.740 [Test worker] DEBUG o.s.b.f.s.DefaultListableBeanFactory - Creating shared instance of singleton bean 'shutdownEndpoint'
00:19:45.740 [Test worker] DEBUG o.s.b.f.s.DefaultListableBeanFactory - Creating instance of bean 'shutdownEndpoint'
00:19:45.740 [Test worker] DEBUG o.s.b.f.s.DefaultListableBeanFactory - Returning cached instance of singleton bean 'org.springframework.boot.actuate.autoconfigure.EndpointAutoConfiguration'
00:19:45.740 [Test worker] DEBUG o.s.b.f.s.DefaultListableBeanFactory - Eagerly caching bean 'shutdownEndpoint' to allow for resolving potential circular references
00:19:45.743 [Test worker] DEBUG o.s.core.env.MutablePropertySources - Adding [systemProperties] PropertySource with lowest search precedence
00:19:45.743 [Test worker] DEBUG o.s.core.env.MutablePropertySources - Adding [systemEnvironment] PropertySource with lowest search precedence
00:19:45.743 [Test worker] DEBUG o.s.core.env.MutablePropertySources - Adding [localProperties] PropertySource with lowest search precedence
00:19:45.745 [Test worker] DEBUG o.s.b.f.s.DefaultListableBeanFactory - Finished creating instance of bean 'shutdownEndpoint'
00:19:45.745 [Test worker] DEBUG o.s.b.f.s.DefaultListableBeanFactory - Creating shared instance of singleton bean 'configurationPropertiesReportEndpoint'
00:19:45.745 [Test worker] DEBUG o.s.b.f.s.DefaultListableBeanFactory - Creating instance of bean 'configurationPropertiesReportEndpoint'
00:19:45.745 [Test worker] DEBUG o.s.b.f.s.DefaultListableBeanFactory - Returning cached instance of singleton bean 'org.springframework.boot.actuate.autoconfigure.EndpointAutoConfiguration'
00:19:45.750 [Test worker] DEBUG o.s.b.f.s.DefaultListableBeanFactory - Eagerly caching bean 'configurationPropertiesReportEndpoint' to allow for resolving potential circular references
00:19:45.759 [Test worker] DEBUG o.s.core.env.MutablePropertySources - Adding [systemProperties] PropertySource with lowest search precedence
00:19:45.759 [Test worker] DEBUG o.s.core.env.MutablePropertySources - Adding [systemEnvironment] PropertySource with lowest search precedence
00:19:45.759 [Test worker] DEBUG o.s.core.env.MutablePropertySources - Adding [localProperties] PropertySource with lowest search precedence
00:19:45.763 [Test worker] DEBUG o.s.b.f.s.DefaultListableBeanFactory - Finished creating instance of bean 'configurationPropertiesReportEndpoint'
00:19:45.763 [Test worker] DEBUG o.s.b.f.s.DefaultListableBeanFactory - Creating shared instance of singleton bean 'org.springframework.context.annotation.MBeanExportConfiguration'
00:19:45.763 [Test worker] DEBUG o.s.b.f.s.DefaultListableBeanFactory - Creating instance of bean 'org.springframework.context.annotation.MBeanExportConfiguration'
00:19:45.763 [Test worker] DEBUG o.s.b.f.s.DefaultListableBeanFactory - Eagerly caching bean 'org.springframework.context.annotation.MBeanExportConfiguration' to allow for resolving potential circular references
00:19:45.777 [Test worker] DEBUG o.s.b.f.s.DefaultListableBeanFactory - Returning cached instance of singleton bean 'org.springframework.context.annotation.ConfigurationClassPostProcessor.importRegistry'
00:19:45.777 [Test worker] DEBUG o.s.b.f.s.DefaultListableBeanFactory - Finished creating instance of bean 'org.springframework.context.annotation.MBeanExportConfiguration'
00:19:45.777 [Test worker] DEBUG o.s.b.f.s.DefaultListableBeanFactory - Creating shared instance of singleton bean 'mbeanExporter'
00:19:45.777 [Test worker] DEBUG o.s.b.f.s.DefaultListableBeanFactory - Creating instance of bean 'mbeanExporter'
00:19:45.777 [Test worker] DEBUG o.s.b.f.s.DefaultListableBeanFactory - Returning cached instance of singleton bean 'org.springframework.context.annotation.MBeanExportConfiguration'
00:19:45.787 [Test worker] DEBUG o.s.c.e.PropertySourcesPropertyResolver - Searching for key 'spring.jmx.default_domain:' in [systemProperties]
00:19:45.787 [Test worker] DEBUG o.s.c.e.PropertySourcesPropertyResolver - Searching for key 'spring.jmx.default_domain:' in [systemEnvironment]
00:19:45.787 [Test worker] DEBUG o.s.c.e.PropertySourcesPropertyResolver - Could not find key 'spring.jmx.default_domain:' in any property source. Returning [null]
00:19:45.787 [Test worker] DEBUG o.s.c.e.PropertySourcesPropertyResolver - Searching for key 'spring.jmx.default_domain' in [systemProperties]
00:19:45.787 [Test worker] DEBUG o.s.c.e.PropertySourcesPropertyResolver - Searching for key 'spring.jmx.default_domain' in [systemEnvironment]
00:19:45.787 [Test worker] DEBUG o.s.c.e.PropertySourcesPropertyResolver - Could not find key 'spring.jmx.default_domain' in any property source. Returning [null]
00:19:45.787 [Test worker] DEBUG o.s.c.e.PropertySourcesPropertyResolver - Searching for key 'spring.jmx.server:mbeanServer' in [systemProperties]
00:19:45.787 [Test worker] DEBUG o.s.c.e.PropertySourcesPropertyResolver - Searching for key 'spring.jmx.server:mbeanServer' in [systemEnvironment]
00:19:45.787 [Test worker] DEBUG o.s.c.e.PropertySourcesPropertyResolver - Could not find key 'spring.jmx.server:mbeanServer' in any property source. Returning [null]
00:19:45.787 [Test worker] DEBUG o.s.c.e.PropertySourcesPropertyResolver - Searching for key 'spring.jmx.server' in [systemProperties]
00:19:45.787 [Test worker] DEBUG o.s.c.e.PropertySourcesPropertyResolver - Searching for key 'spring.jmx.server' in [systemEnvironment]
00:19:45.787 [Test worker] DEBUG o.s.c.e.PropertySourcesPropertyResolver - Could not find key 'spring.jmx.server' in any property source. Returning [null]
00:19:45.787 [Test worker] DEBUG o.s.b.f.s.DefaultListableBeanFactory - Creating shared instance of singleton bean 'mbeanServer'
00:19:45.787 [Test worker] DEBUG o.s.b.f.s.DefaultListableBeanFactory - Creating instance of bean 'mbeanServer'
00:19:45.787 [Test worker] DEBUG o.s.b.f.s.DefaultListableBeanFactory - Creating shared instance of singleton bean 'org.springframework.boot.autoconfigure.jmx.JmxAutoConfiguration'
00:19:45.787 [Test worker] DEBUG o.s.b.f.s.DefaultListableBeanFactory - Creating instance of bean 'org.springframework.boot.autoconfigure.jmx.JmxAutoConfiguration'
00:19:45.788 [Test worker] DEBUG o.s.b.f.annotation.InjectionMetadata - Registered injected element on class [org.springframework.boot.autoconfigure.jmx.JmxAutoConfiguration$$EnhancerBySpringCGLIB$$e4eed476]: AutowiredFieldElement for private org.springframework.core.env.Environment org.springframework.boot.autoconfigure.jmx.JmxAutoConfiguration.environment
00:19:45.788 [Test worker] DEBUG o.s.b.f.annotation.InjectionMetadata - Registered injected element on class [org.springframework.boot.autoconfigure.jmx.JmxAutoConfiguration$$EnhancerBySpringCGLIB$$e4eed476]: AutowiredFieldElement for private org.springframework.beans.factory.BeanFactory org.springframework.boot.autoconfigure.jmx.JmxAutoConfiguration.beanFactory
00:19:45.788 [Test worker] DEBUG o.s.b.f.annotation.InjectionMetadata - Registered injected element on class [org.springframework.boot.autoconfigure.jmx.JmxAutoConfiguration$$EnhancerBySpringCGLIB$$e4eed476]: AutowiredFieldElement for private org.springframework.jmx.export.naming.ObjectNamingStrategy org.springframework.boot.autoconfigure.jmx.JmxAutoConfiguration.namingStrategy
00:19:45.788 [Test worker] DEBUG o.s.b.f.s.DefaultListableBeanFactory - Eagerly caching bean 'org.springframework.boot.autoconfigure.jmx.JmxAutoConfiguration' to allow for resolving potential circular references
00:19:45.790 [Test worker] DEBUG o.s.b.f.annotation.InjectionMetadata - Processing injected method of bean 'org.springframework.boot.autoconfigure.jmx.JmxAutoConfiguration': AutowiredFieldElement for private org.springframework.core.env.Environment org.springframework.boot.autoconfigure.jmx.JmxAutoConfiguration.environment
00:19:45.790 [Test worker] DEBUG o.s.b.f.s.DefaultListableBeanFactory - Returning cached instance of singleton bean 'environment'
00:19:45.790 [Test worker] DEBUG o.s.b.f.a.AutowiredAnnotationBeanPostProcessor - Autowiring by type from bean name 'org.springframework.boot.autoconfigure.jmx.JmxAutoConfiguration' to bean named 'environment'
00:19:45.790 [Test worker] DEBUG o.s.b.f.annotation.InjectionMetadata - Processing injected method of bean 'org.springframework.boot.autoconfigure.jmx.JmxAutoConfiguration': AutowiredFieldElement for private org.springframework.beans.factory.BeanFactory org.springframework.boot.autoconfigure.jmx.JmxAutoConfiguration.beanFactory
00:19:45.790 [Test worker] DEBUG o.s.b.f.a.AutowiredAnnotationBeanPostProcessor - Autowiring by type from bean name 'org.springframework.boot.autoconfigure.jmx.JmxAutoConfiguration' to bean named 'org.springframework.beans.factory.support.DefaultListableBeanFactory@7833d578'
00:19:45.790 [Test worker] DEBUG o.s.b.f.annotation.InjectionMetadata - Processing injected method of bean 'org.springframework.boot.autoconfigure.jmx.JmxAutoConfiguration': AutowiredFieldElement for private org.springframework.jmx.export.naming.ObjectNamingStrategy org.springframework.boot.autoconfigure.jmx.JmxAutoConfiguration.namingStrategy
00:19:45.791 [Test worker] DEBUG o.s.b.f.s.DefaultListableBeanFactory - Creating shared instance of singleton bean 'objectNamingStrategy'
00:19:45.791 [Test worker] DEBUG o.s.b.f.s.DefaultListableBeanFactory - Creating instance of bean 'objectNamingStrategy'
00:19:45.791 [Test worker] DEBUG o.s.b.f.s.DefaultListableBeanFactory - Returning eagerly cached instance of singleton bean 'org.springframework.boot.autoconfigure.jmx.JmxAutoConfiguration' that is not fully initialized yet - a consequence of a circular reference
00:19:45.802 [Test worker] DEBUG o.s.b.f.s.DefaultListableBeanFactory - Eagerly caching bean 'objectNamingStrategy' to allow for resolving potential circular references
00:19:45.804 [Test worker] DEBUG o.s.b.f.s.DefaultListableBeanFactory - Invoking afterPropertiesSet() on bean with name 'objectNamingStrategy'
00:19:45.805 [Test worker] DEBUG o.s.b.f.s.DefaultListableBeanFactory - Finished creating instance of bean 'objectNamingStrategy'
00:19:45.805 [Test worker] DEBUG o.s.b.f.a.AutowiredAnnotationBeanPostProcessor - Autowiring by type from bean name 'org.springframework.boot.autoconfigure.jmx.JmxAutoConfiguration' to bean named 'objectNamingStrategy'
00:19:45.805 [Test worker] DEBUG o.s.b.f.s.DefaultListableBeanFactory - Finished creating instance of bean 'org.springframework.boot.autoconfigure.jmx.JmxAutoConfiguration'
00:19:45.809 [Test worker] DEBUG o.s.jmx.support.JmxUtils - Found MBeanServer: com.sun.jmx.mbeanserver.JmxMBeanServer@5b937a2b
00:19:45.811 [Test worker] DEBUG o.s.b.f.s.DefaultListableBeanFactory - Eagerly caching bean 'mbeanServer' to allow for resolving potential circular references
00:19:45.813 [Test worker] DEBUG o.s.b.f.s.DefaultListableBeanFactory - Finished creating instance of bean 'mbeanServer'
00:19:45.815 [Test worker] DEBUG o.s.b.f.s.DefaultListableBeanFactory - Eagerly caching bean 'mbeanExporter' to allow for resolving potential circular references
00:19:45.820 [Test worker] DEBUG o.s.b.f.s.DefaultListableBeanFactory - Invoking afterPropertiesSet() on bean with name 'mbeanExporter'
00:19:45.820 [Test worker] INFO  o.s.j.e.a.AnnotationMBeanExporter - Registering beans for JMX exposure on startup
00:19:45.820 [Test worker] DEBUG o.s.j.e.a.AnnotationMBeanExporter - Autodetecting user-defined JMX MBeans
00:19:45.824 [Test worker] DEBUG o.s.b.f.s.DefaultListableBeanFactory - Finished creating instance of bean 'mbeanExporter'
00:19:45.825 [Test worker] DEBUG o.s.b.f.s.DefaultListableBeanFactory - Creating shared instance of singleton bean 'org.springframework.boot.autoconfigure.jmx.JmxAutoConfiguration$Empty'
00:19:45.825 [Test worker] DEBUG o.s.b.f.s.DefaultListableBeanFactory - Creating instance of bean 'org.springframework.boot.autoconfigure.jmx.JmxAutoConfiguration$Empty'
00:19:45.825 [Test worker] DEBUG o.s.b.f.s.DefaultListableBeanFactory - Eagerly caching bean 'org.springframework.boot.autoconfigure.jmx.JmxAutoConfiguration$Empty' to allow for resolving potential circular references
00:19:45.826 [Test worker] DEBUG o.s.b.f.s.DefaultListableBeanFactory - Finished creating instance of bean 'org.springframework.boot.autoconfigure.jmx.JmxAutoConfiguration$Empty'
00:19:45.826 [Test worker] DEBUG o.s.b.f.s.DefaultListableBeanFactory - Returning cached instance of singleton bean 'org.springframework.boot.autoconfigure.jmx.JmxAutoConfiguration'
00:19:45.826 [Test worker] DEBUG o.s.b.f.s.DefaultListableBeanFactory - Returning cached instance of singleton bean 'objectNamingStrategy'
00:19:45.826 [Test worker] DEBUG o.s.b.f.s.DefaultListableBeanFactory - Returning cached instance of singleton bean 'mbeanServer'
00:19:45.826 [Test worker] DEBUG o.s.b.f.s.DefaultListableBeanFactory - Creating shared instance of singleton bean 'org.springframework.boot.actuate.autoconfigure.EndpointMBeanExportAutoConfiguration'
00:19:45.826 [Test worker] DEBUG o.s.b.f.s.DefaultListableBeanFactory - Creating instance of bean 'org.springframework.boot.actuate.autoconfigure.EndpointMBeanExportAutoConfiguration'
00:19:45.826 [Test worker] DEBUG o.s.b.f.annotation.InjectionMetadata - Registered injected element on class [org.springframework.boot.actuate.autoconfigure.EndpointMBeanExportAutoConfiguration$$EnhancerBySpringCGLIB$$95904b95]: AutowiredFieldElement for org.springframework.boot.actuate.autoconfigure.EndpointMBeanExportProperties org.springframework.boot.actuate.autoconfigure.EndpointMBeanExportAutoConfiguration.properties
00:19:45.826 [Test worker] DEBUG o.s.b.f.s.DefaultListableBeanFactory - Eagerly caching bean 'org.springframework.boot.actuate.autoconfigure.EndpointMBeanExportAutoConfiguration' to allow for resolving potential circular references
00:19:45.828 [Test worker] DEBUG o.s.b.f.annotation.InjectionMetadata - Processing injected method of bean 'org.springframework.boot.actuate.autoconfigure.EndpointMBeanExportAutoConfiguration': AutowiredFieldElement for org.springframework.boot.actuate.autoconfigure.EndpointMBeanExportProperties org.springframework.boot.actuate.autoconfigure.EndpointMBeanExportAutoConfiguration.properties
00:19:45.828 [Test worker] DEBUG o.s.b.f.s.DefaultListableBeanFactory - Creating shared instance of singleton bean 'endpoints.jmx.CONFIGURATION_PROPERTIES'
00:19:45.828 [Test worker] DEBUG o.s.b.f.s.DefaultListableBeanFactory - Creating instance of bean 'endpoints.jmx.CONFIGURATION_PROPERTIES'
00:19:45.828 [Test worker] DEBUG o.s.b.f.annotation.InjectionMetadata - Registered injected element on class [org.springframework.boot.actuate.autoconfigure.EndpointMBeanExportProperties]: AutowiredFieldElement for private java.lang.String org.springframework.boot.actuate.autoconfigure.EndpointMBeanExportProperties.domain
00:19:45.828 [Test worker] DEBUG o.s.b.f.s.DefaultListableBeanFactory - Eagerly caching bean 'endpoints.jmx.CONFIGURATION_PROPERTIES' to allow for resolving potential circular references
00:19:45.829 [Test worker] DEBUG o.s.b.f.annotation.InjectionMetadata - Processing injected method of bean 'endpoints.jmx.CONFIGURATION_PROPERTIES': AutowiredFieldElement for private java.lang.String org.springframework.boot.actuate.autoconfigure.EndpointMBeanExportProperties.domain
00:19:45.830 [Test worker] DEBUG o.s.c.e.PropertySourcesPropertyResolver - Searching for key 'spring.jmx.default_domain:' in [environmentProperties]
00:19:45.830 [Test worker] DEBUG o.s.c.e.PropertySourcesPropertyResolver - Searching for key 'spring.jmx.default_domain:' in [systemProperties]
00:19:45.830 [Test worker] DEBUG o.s.c.e.PropertySourcesPropertyResolver - Searching for key 'spring.jmx.default_domain:' in [systemEnvironment]
00:19:45.830 [Test worker] DEBUG o.s.c.e.PropertySourcesPropertyResolver - Could not find key 'spring.jmx.default_domain:' in any property source. Returning [null]
00:19:45.830 [Test worker] DEBUG o.s.c.e.PropertySourcesPropertyResolver - Searching for key 'spring.jmx.default_domain:' in [localProperties]
00:19:45.830 [Test worker] DEBUG o.s.c.e.PropertySourcesPropertyResolver - Could not find key 'spring.jmx.default_domain:' in any property source. Returning [null]
00:19:45.830 [Test worker] DEBUG o.s.c.e.PropertySourcesPropertyResolver - Searching for key 'spring.jmx.default_domain' in [environmentProperties]
00:19:45.830 [Test worker] DEBUG o.s.c.e.PropertySourcesPropertyResolver - Searching for key 'spring.jmx.default_domain' in [systemProperties]
00:19:45.830 [Test worker] DEBUG o.s.c.e.PropertySourcesPropertyResolver - Searching for key 'spring.jmx.default_domain' in [systemEnvironment]
00:19:45.830 [Test worker] DEBUG o.s.c.e.PropertySourcesPropertyResolver - Could not find key 'spring.jmx.default_domain' in any property source. Returning [null]
00:19:45.830 [Test worker] DEBUG o.s.c.e.PropertySourcesPropertyResolver - Searching for key 'spring.jmx.default_domain' in [localProperties]
00:19:45.830 [Test worker] DEBUG o.s.c.e.PropertySourcesPropertyResolver - Could not find key 'spring.jmx.default_domain' in any property source. Returning [null]
00:19:45.831 [Test worker] DEBUG o.s.core.env.MutablePropertySources - Adding [systemProperties] PropertySource with lowest search precedence
00:19:45.831 [Test worker] DEBUG o.s.core.env.MutablePropertySources - Adding [systemEnvironment] PropertySource with lowest search precedence
00:19:45.831 [Test worker] DEBUG o.s.core.env.MutablePropertySources - Adding [localProperties] PropertySource with lowest search precedence
00:19:45.833 [Test worker] DEBUG o.s.b.f.s.DefaultListableBeanFactory - Finished creating instance of bean 'endpoints.jmx.CONFIGURATION_PROPERTIES'
00:19:45.833 [Test worker] DEBUG o.s.b.f.a.AutowiredAnnotationBeanPostProcessor - Autowiring by type from bean name 'org.springframework.boot.actuate.autoconfigure.EndpointMBeanExportAutoConfiguration' to bean named 'endpoints.jmx.CONFIGURATION_PROPERTIES'
00:19:45.833 [Test worker] DEBUG o.s.b.f.s.DefaultListableBeanFactory - Finished creating instance of bean 'org.springframework.boot.actuate.autoconfigure.EndpointMBeanExportAutoConfiguration'
00:19:45.833 [Test worker] DEBUG o.s.b.f.s.DefaultListableBeanFactory - Creating shared instance of singleton bean 'endpointMBeanExporter'
00:19:45.833 [Test worker] DEBUG o.s.b.f.s.DefaultListableBeanFactory - Creating instance of bean 'endpointMBeanExporter'
00:19:45.833 [Test worker] DEBUG o.s.b.f.s.DefaultListableBeanFactory - Returning cached instance of singleton bean 'org.springframework.boot.actuate.autoconfigure.EndpointMBeanExportAutoConfiguration'
00:19:45.833 [Test worker] DEBUG o.s.b.f.s.DefaultListableBeanFactory - Returning cached instance of singleton bean 'mbeanServer'
00:19:45.833 [Test worker] DEBUG o.s.b.f.s.DefaultListableBeanFactory - Autowiring by type from bean name 'endpointMBeanExporter' via factory method to bean named 'mbeanServer'
00:19:45.838 [Test worker] DEBUG o.s.b.f.s.DefaultListableBeanFactory - Eagerly caching bean 'endpointMBeanExporter' to allow for resolving potential circular references
00:19:45.840 [Test worker] DEBUG o.s.b.f.s.DefaultListableBeanFactory - Invoking afterPropertiesSet() on bean with name 'endpointMBeanExporter'
00:19:45.840 [Test worker] INFO  o.s.b.a.e.jmx.EndpointMBeanExporter - Registering beans for JMX exposure on startup
00:19:45.840 [Test worker] DEBUG o.s.b.f.s.DefaultListableBeanFactory - Finished creating instance of bean 'endpointMBeanExporter'
00:19:45.840 [Test worker] DEBUG o.s.b.f.s.DefaultListableBeanFactory - Returning cached instance of singleton bean 'endpoints.jmx.CONFIGURATION_PROPERTIES'
00:19:45.840 [Test worker] DEBUG o.s.b.f.s.DefaultListableBeanFactory - Creating shared instance of singleton bean 'org.springframework.boot.actuate.autoconfigure.ManagementServerPropertiesAutoConfiguration'
00:19:45.840 [Test worker] DEBUG o.s.b.f.s.DefaultListableBeanFactory - Creating instance of bean 'org.springframework.boot.actuate.autoconfigure.ManagementServerPropertiesAutoConfiguration'
00:19:45.840 [Test worker] DEBUG o.s.b.f.s.DefaultListableBeanFactory - Eagerly caching bean 'org.springframework.boot.actuate.autoconfigure.ManagementServerPropertiesAutoConfiguration' to allow for resolving potential circular references
00:19:45.842 [Test worker] DEBUG o.s.b.f.s.DefaultListableBeanFactory - Finished creating instance of bean 'org.springframework.boot.actuate.autoconfigure.ManagementServerPropertiesAutoConfiguration'
00:19:45.842 [Test worker] DEBUG o.s.b.f.s.DefaultListableBeanFactory - Creating shared instance of singleton bean 'managementServerProperties'
00:19:45.842 [Test worker] DEBUG o.s.b.f.s.DefaultListableBeanFactory - Creating instance of bean 'managementServerProperties'
00:19:45.843 [Test worker] DEBUG o.s.b.f.s.DefaultListableBeanFactory - Returning cached instance of singleton bean 'org.springframework.boot.actuate.autoconfigure.ManagementServerPropertiesAutoConfiguration'
00:19:45.846 [Test worker] DEBUG o.s.b.f.s.DefaultListableBeanFactory - Eagerly caching bean 'managementServerProperties' to allow for resolving potential circular references
00:19:45.848 [Test worker] DEBUG o.s.core.env.MutablePropertySources - Adding [systemProperties] PropertySource with lowest search precedence
00:19:45.848 [Test worker] DEBUG o.s.core.env.MutablePropertySources - Adding [systemEnvironment] PropertySource with lowest search precedence
00:19:45.848 [Test worker] DEBUG o.s.core.env.MutablePropertySources - Adding [localProperties] PropertySource with lowest search precedence
00:19:45.850 [Test worker] DEBUG o.s.b.f.s.DefaultListableBeanFactory - Finished creating instance of bean 'managementServerProperties'
00:19:45.850 [Test worker] DEBUG o.s.b.f.s.DefaultListableBeanFactory - Creating shared instance of singleton bean 'serverProperties'
00:19:45.850 [Test worker] DEBUG o.s.b.f.s.DefaultListableBeanFactory - Creating instance of bean 'serverProperties'
00:19:45.850 [Test worker] DEBUG o.s.b.f.s.DefaultListableBeanFactory - Returning cached instance of singleton bean 'org.springframework.boot.actuate.autoconfigure.ManagementServerPropertiesAutoConfiguration'
00:19:45.859 [Test worker] DEBUG o.s.b.f.s.DefaultListableBeanFactory - Eagerly caching bean 'serverProperties' to allow for resolving potential circular references
00:19:45.862 [Test worker] DEBUG o.s.core.env.MutablePropertySources - Adding [systemProperties] PropertySource with lowest search precedence
00:19:45.862 [Test worker] DEBUG o.s.core.env.MutablePropertySources - Adding [systemEnvironment] PropertySource with lowest search precedence
00:19:45.862 [Test worker] DEBUG o.s.core.env.MutablePropertySources - Adding [localProperties] PropertySource with lowest search precedence
00:19:45.866 [Test worker] DEBUG o.s.b.f.s.DefaultListableBeanFactory - Finished creating instance of bean 'serverProperties'
00:19:45.866 [Test worker] DEBUG o.s.b.f.s.DefaultListableBeanFactory - Creating shared instance of singleton bean 'org.springframework.boot.actuate.autoconfigure.MetricRepositoryAutoConfiguration$CodahaleMetricRegistryConfiguration'
00:19:45.866 [Test worker] DEBUG o.s.b.f.s.DefaultListableBeanFactory - Creating instance of bean 'org.springframework.boot.actuate.autoconfigure.MetricRepositoryAutoConfiguration$CodahaleMetricRegistryConfiguration'
00:19:45.867 [Test worker] DEBUG o.s.b.f.s.DefaultListableBeanFactory - Eagerly caching bean 'org.springframework.boot.actuate.autoconfigure.MetricRepositoryAutoConfiguration$CodahaleMetricRegistryConfiguration' to allow for resolving potential circular references
00:19:45.869 [Test worker] DEBUG o.s.b.f.s.DefaultListableBeanFactory - Finished creating instance of bean 'org.springframework.boot.actuate.autoconfigure.MetricRepositoryAutoConfiguration$CodahaleMetricRegistryConfiguration'
00:19:45.869 [Test worker] DEBUG o.s.b.f.s.DefaultListableBeanFactory - Creating shared instance of singleton bean 'metricRegistry'
00:19:45.869 [Test worker] DEBUG o.s.b.f.s.DefaultListableBeanFactory - Creating instance of bean 'metricRegistry'
00:19:45.869 [Test worker] DEBUG o.s.b.f.s.DefaultListableBeanFactory - Returning cached instance of singleton bean 'org.springframework.boot.actuate.autoconfigure.MetricRepositoryAutoConfiguration$CodahaleMetricRegistryConfiguration'
00:19:45.892 [Test worker] DEBUG o.s.b.f.s.DefaultListableBeanFactory - Eagerly caching bean 'metricRegistry' to allow for resolving potential circular references
00:19:45.895 [Test worker] DEBUG o.s.b.f.s.DefaultListableBeanFactory - Finished creating instance of bean 'metricRegistry'
00:19:45.895 [Test worker] DEBUG o.s.b.f.s.DefaultListableBeanFactory - Creating shared instance of singleton bean 'codahaleMetricWriter'
00:19:45.895 [Test worker] DEBUG o.s.b.f.s.DefaultListableBeanFactory - Creating instance of bean 'codahaleMetricWriter'
00:19:45.895 [Test worker] DEBUG o.s.b.f.s.DefaultListableBeanFactory - Returning cached instance of singleton bean 'org.springframework.boot.actuate.autoconfigure.MetricRepositoryAutoConfiguration$CodahaleMetricRegistryConfiguration'
00:19:45.896 [Test worker] DEBUG o.s.b.f.s.DefaultListableBeanFactory - Returning cached instance of singleton bean 'metricRegistry'
00:19:45.896 [Test worker] DEBUG o.s.b.f.s.DefaultListableBeanFactory - Autowiring by type from bean name 'codahaleMetricWriter' via factory method to bean named 'metricRegistry'
00:19:45.896 [Test worker] DEBUG o.s.b.f.s.DefaultListableBeanFactory - Eagerly caching bean 'codahaleMetricWriter' to allow for resolving potential circular references
00:19:45.897 [Test worker] DEBUG o.s.b.f.s.DefaultListableBeanFactory - Finished creating instance of bean 'codahaleMetricWriter'
00:19:45.897 [Test worker] DEBUG o.s.b.f.s.DefaultListableBeanFactory - Creating shared instance of singleton bean 'primaryMetricWriter'
00:19:45.897 [Test worker] DEBUG o.s.b.f.s.DefaultListableBeanFactory - Creating instance of bean 'primaryMetricWriter'
00:19:45.897 [Test worker] DEBUG o.s.b.f.s.DefaultListableBeanFactory - Returning cached instance of singleton bean 'org.springframework.boot.actuate.autoconfigure.MetricRepositoryAutoConfiguration$CodahaleMetricRegistryConfiguration'
00:19:45.898 [Test worker] DEBUG o.s.b.f.s.DefaultListableBeanFactory - Returning cached instance of singleton bean 'codahaleMetricWriter'
00:19:45.898 [Test worker] DEBUG o.s.b.f.s.DefaultListableBeanFactory - Returning cached instance of singleton bean 'metricRepository'
00:19:45.898 [Test worker] DEBUG o.s.b.f.s.DefaultListableBeanFactory - Autowiring by type from bean name 'primaryMetricWriter' via factory method to bean named 'codahaleMetricWriter'
00:19:45.898 [Test worker] DEBUG o.s.b.f.s.DefaultListableBeanFactory - Autowiring by type from bean name 'primaryMetricWriter' via factory method to bean named 'metricRepository'
00:19:45.899 [Test worker] DEBUG o.s.b.f.s.DefaultListableBeanFactory - Eagerly caching bean 'primaryMetricWriter' to allow for resolving potential circular references
00:19:45.900 [Test worker] DEBUG o.s.b.f.s.DefaultListableBeanFactory - Finished creating instance of bean 'primaryMetricWriter'
00:19:45.900 [Test worker] DEBUG o.s.b.f.s.DefaultListableBeanFactory - Returning cached instance of singleton bean 'org.springframework.boot.actuate.autoconfigure.MetricRepositoryAutoConfiguration$MetricRepositoryConfiguration'
00:19:45.900 [Test worker] DEBUG o.s.b.f.s.DefaultListableBeanFactory - Returning cached instance of singleton bean 'metricRepository'
00:19:45.900 [Test worker] DEBUG o.s.b.f.s.DefaultListableBeanFactory - Creating shared instance of singleton bean 'org.springframework.boot.actuate.autoconfigure.MetricRepositoryAutoConfiguration'
00:19:45.900 [Test worker] DEBUG o.s.b.f.s.DefaultListableBeanFactory - Creating instance of bean 'org.springframework.boot.actuate.autoconfigure.MetricRepositoryAutoConfiguration'
00:19:45.900 [Test worker] DEBUG o.s.b.f.annotation.InjectionMetadata - Registered injected element on class [org.springframework.boot.actuate.autoconfigure.MetricRepositoryAutoConfiguration$$EnhancerBySpringCGLIB$$1123e4c1]: AutowiredFieldElement for private org.springframework.boot.actuate.metrics.writer.MetricWriter org.springframework.boot.actuate.autoconfigure.MetricRepositoryAutoConfiguration.writer
00:19:45.900 [Test worker] DEBUG o.s.b.f.s.DefaultListableBeanFactory - Eagerly caching bean 'org.springframework.boot.actuate.autoconfigure.MetricRepositoryAutoConfiguration' to allow for resolving potential circular references
00:19:45.902 [Test worker] DEBUG o.s.b.f.annotation.InjectionMetadata - Processing injected method of bean 'org.springframework.boot.actuate.autoconfigure.MetricRepositoryAutoConfiguration': AutowiredFieldElement for private org.springframework.boot.actuate.metrics.writer.MetricWriter org.springframework.boot.actuate.autoconfigure.MetricRepositoryAutoConfiguration.writer
00:19:45.902 [Test worker] DEBUG o.s.b.f.s.DefaultListableBeanFactory - Returning cached instance of singleton bean 'codahaleMetricWriter'
00:19:45.902 [Test worker] DEBUG o.s.b.f.s.DefaultListableBeanFactory - Returning cached instance of singleton bean 'primaryMetricWriter'
00:19:45.902 [Test worker] DEBUG o.s.b.f.s.DefaultListableBeanFactory - Returning cached instance of singleton bean 'metricRepository'
00:19:45.902 [Test worker] DEBUG o.s.b.f.a.AutowiredAnnotationBeanPostProcessor - Autowiring by type from bean name 'org.springframework.boot.actuate.autoconfigure.MetricRepositoryAutoConfiguration' to bean named 'primaryMetricWriter'
00:19:45.902 [Test worker] DEBUG o.s.b.f.s.DefaultListableBeanFactory - Finished creating instance of bean 'org.springframework.boot.actuate.autoconfigure.MetricRepositoryAutoConfiguration'
00:19:45.902 [Test worker] DEBUG o.s.b.f.s.DefaultListableBeanFactory - Creating shared instance of singleton bean 'counterService'
00:19:45.902 [Test worker] DEBUG o.s.b.f.s.DefaultListableBeanFactory - Creating instance of bean 'counterService'
00:19:45.921 [Test worker] DEBUG o.s.b.f.s.DefaultListableBeanFactory - Returning cached instance of singleton bean 'org.springframework.boot.actuate.autoconfigure.MetricRepositoryAutoConfiguration'
00:19:45.924 [Test worker] DEBUG o.s.b.f.s.DefaultListableBeanFactory - Eagerly caching bean 'counterService' to allow for resolving potential circular references
00:19:45.925 [Test worker] DEBUG o.s.b.f.s.DefaultListableBeanFactory - Finished creating instance of bean 'counterService'
00:19:45.925 [Test worker] DEBUG o.s.b.f.s.DefaultListableBeanFactory - Creating shared instance of singleton bean 'gaugeService'
00:19:45.925 [Test worker] DEBUG o.s.b.f.s.DefaultListableBeanFactory - Creating instance of bean 'gaugeService'
00:19:45.925 [Test worker] DEBUG o.s.b.f.s.DefaultListableBeanFactory - Returning cached instance of singleton bean 'org.springframework.boot.actuate.autoconfigure.MetricRepositoryAutoConfiguration'
00:19:45.926 [Test worker] DEBUG o.s.b.f.s.DefaultListableBeanFactory - Eagerly caching bean 'gaugeService' to allow for resolving potential circular references
00:19:45.927 [Test worker] DEBUG o.s.b.f.s.DefaultListableBeanFactory - Finished creating instance of bean 'gaugeService'
00:19:45.927 [Test worker] DEBUG o.s.b.f.s.DefaultListableBeanFactory - Creating shared instance of singleton bean 'org.springframework.boot.actuate.autoconfigure.MetricFilterAutoConfiguration'
00:19:45.927 [Test worker] DEBUG o.s.b.f.s.DefaultListableBeanFactory - Creating instance of bean 'org.springframework.boot.actuate.autoconfigure.MetricFilterAutoConfiguration'
00:19:45.927 [Test worker] DEBUG o.s.b.f.annotation.InjectionMetadata - Registered injected element on class [org.springframework.boot.actuate.autoconfigure.MetricFilterAutoConfiguration$$EnhancerBySpringCGLIB$$e129c593]: AutowiredFieldElement for private org.springframework.boot.actuate.metrics.CounterService org.springframework.boot.actuate.autoconfigure.MetricFilterAutoConfiguration.counterService
00:19:45.927 [Test worker] DEBUG o.s.b.f.annotation.InjectionMetadata - Registered injected element on class [org.springframework.boot.actuate.autoconfigure.MetricFilterAutoConfiguration$$EnhancerBySpringCGLIB$$e129c593]: AutowiredFieldElement for private org.springframework.boot.actuate.metrics.GaugeService org.springframework.boot.actuate.autoconfigure.MetricFilterAutoConfiguration.gaugeService
00:19:45.927 [Test worker] DEBUG o.s.b.f.s.DefaultListableBeanFactory - Eagerly caching bean 'org.springframework.boot.actuate.autoconfigure.MetricFilterAutoConfiguration' to allow for resolving potential circular references
00:19:45.929 [Test worker] DEBUG o.s.b.f.annotation.InjectionMetadata - Processing injected method of bean 'org.springframework.boot.actuate.autoconfigure.MetricFilterAutoConfiguration': AutowiredFieldElement for private org.springframework.boot.actuate.metrics.CounterService org.springframework.boot.actuate.autoconfigure.MetricFilterAutoConfiguration.counterService
00:19:45.929 [Test worker] DEBUG o.s.b.f.s.DefaultListableBeanFactory - Returning cached instance of singleton bean 'counterService'
00:19:45.929 [Test worker] DEBUG o.s.b.f.a.AutowiredAnnotationBeanPostProcessor - Autowiring by type from bean name 'org.springframework.boot.actuate.autoconfigure.MetricFilterAutoConfiguration' to bean named 'counterService'
00:19:45.929 [Test worker] DEBUG o.s.b.f.annotation.InjectionMetadata - Processing injected method of bean 'org.springframework.boot.actuate.autoconfigure.MetricFilterAutoConfiguration': AutowiredFieldElement for private org.springframework.boot.actuate.metrics.GaugeService org.springframework.boot.actuate.autoconfigure.MetricFilterAutoConfiguration.gaugeService
00:19:45.930 [Test worker] DEBUG o.s.b.f.s.DefaultListableBeanFactory - Returning cached instance of singleton bean 'gaugeService'
00:19:45.930 [Test worker] DEBUG o.s.b.f.a.AutowiredAnnotationBeanPostProcessor - Autowiring by type from bean name 'org.springframework.boot.actuate.autoconfigure.MetricFilterAutoConfiguration' to bean named 'gaugeService'
00:19:45.930 [Test worker] DEBUG o.s.b.f.s.DefaultListableBeanFactory - Finished creating instance of bean 'org.springframework.boot.actuate.autoconfigure.MetricFilterAutoConfiguration'
00:19:45.930 [Test worker] DEBUG o.s.b.f.s.DefaultListableBeanFactory - Creating shared instance of singleton bean 'metricFilter'
00:19:45.930 [Test worker] DEBUG o.s.b.f.s.DefaultListableBeanFactory - Creating instance of bean 'metricFilter'
00:19:45.930 [Test worker] DEBUG o.s.b.f.s.DefaultListableBeanFactory - Returning cached instance of singleton bean 'org.springframework.boot.actuate.autoconfigure.MetricFilterAutoConfiguration'
00:19:45.949 [Test worker] DEBUG o.s.w.c.s.StandardServletEnvironment - Adding [servletConfigInitParams] PropertySource with lowest search precedence
00:19:45.949 [Test worker] DEBUG o.s.w.c.s.StandardServletEnvironment - Adding [servletContextInitParams] PropertySource with lowest search precedence
00:19:45.960 [Test worker] DEBUG o.s.w.c.s.StandardServletEnvironment - Adding [jndiProperties] PropertySource with lowest search precedence
00:19:45.960 [Test worker] DEBUG o.s.w.c.s.StandardServletEnvironment - Adding [systemProperties] PropertySource with lowest search precedence
00:19:45.960 [Test worker] DEBUG o.s.w.c.s.StandardServletEnvironment - Adding [systemEnvironment] PropertySource with lowest search precedence
00:19:45.960 [Test worker] DEBUG o.s.w.c.s.StandardServletEnvironment - Initialized StandardServletEnvironment with PropertySources [servletConfigInitParams,servletContextInitParams,jndiProperties,systemProperties,systemEnvironment]
00:19:45.961 [Test worker] DEBUG o.s.b.f.s.DefaultListableBeanFactory - Eagerly caching bean 'metricFilter' to allow for resolving potential circular references
00:19:45.964 [Test worker] DEBUG o.s.b.f.s.DefaultListableBeanFactory - Invoking afterPropertiesSet() on bean with name 'metricFilter'
00:19:45.964 [Test worker] DEBUG o.s.b.f.s.DefaultListableBeanFactory - Finished creating instance of bean 'metricFilter'
00:19:45.964 [Test worker] DEBUG o.s.b.f.s.DefaultListableBeanFactory - Returning cached instance of singleton bean 'org.springframework.boot.actuate.autoconfigure.TraceRepositoryAutoConfiguration'
00:19:45.964 [Test worker] DEBUG o.s.b.f.s.DefaultListableBeanFactory - Returning cached instance of singleton bean 'traceRepository'
00:19:45.964 [Test worker] DEBUG o.s.b.f.s.DefaultListableBeanFactory - Creating shared instance of singleton bean 'org.springframework.boot.actuate.autoconfigure.TraceWebFilterAutoConfiguration'
00:19:45.964 [Test worker] DEBUG o.s.b.f.s.DefaultListableBeanFactory - Creating instance of bean 'org.springframework.boot.actuate.autoconfigure.TraceWebFilterAutoConfiguration'
00:19:45.965 [Test worker] DEBUG o.s.b.f.annotation.InjectionMetadata - Registered injected element on class [org.springframework.boot.actuate.autoconfigure.TraceWebFilterAutoConfiguration]: AutowiredFieldElement for private org.springframework.boot.actuate.trace.TraceRepository org.springframework.boot.actuate.autoconfigure.TraceWebFilterAutoConfiguration.traceRepository
00:19:45.965 [Test worker] DEBUG o.s.b.f.annotation.InjectionMetadata - Registered injected element on class [org.springframework.boot.actuate.autoconfigure.TraceWebFilterAutoConfiguration]: AutowiredFieldElement for private org.springframework.boot.autoconfigure.web.ErrorAttributes org.springframework.boot.actuate.autoconfigure.TraceWebFilterAutoConfiguration.errorAttributes
00:19:45.965 [Test worker] DEBUG o.s.b.f.annotation.InjectionMetadata - Registered injected element on class [org.springframework.boot.actuate.autoconfigure.TraceWebFilterAutoConfiguration]: AutowiredFieldElement for private boolean org.springframework.boot.actuate.autoconfigure.TraceWebFilterAutoConfiguration.dumpRequests
00:19:45.965 [Test worker] DEBUG o.s.b.f.s.DefaultListableBeanFactory - Eagerly caching bean 'org.springframework.boot.actuate.autoconfigure.TraceWebFilterAutoConfiguration' to allow for resolving potential circular references
00:19:45.966 [Test worker] DEBUG o.s.b.f.annotation.InjectionMetadata - Processing injected method of bean 'org.springframework.boot.actuate.autoconfigure.TraceWebFilterAutoConfiguration': AutowiredFieldElement for private org.springframework.boot.actuate.trace.TraceRepository org.springframework.boot.actuate.autoconfigure.TraceWebFilterAutoConfiguration.traceRepository
00:19:45.966 [Test worker] DEBUG o.s.b.f.s.DefaultListableBeanFactory - Returning cached instance of singleton bean 'traceRepository'
00:19:45.966 [Test worker] DEBUG o.s.b.f.a.AutowiredAnnotationBeanPostProcessor - Autowiring by type from bean name 'org.springframework.boot.actuate.autoconfigure.TraceWebFilterAutoConfiguration' to bean named 'traceRepository'
00:19:45.966 [Test worker] DEBUG o.s.b.f.annotation.InjectionMetadata - Processing injected method of bean 'org.springframework.boot.actuate.autoconfigure.TraceWebFilterAutoConfiguration': AutowiredFieldElement for private org.springframework.boot.autoconfigure.web.ErrorAttributes org.springframework.boot.actuate.autoconfigure.TraceWebFilterAutoConfiguration.errorAttributes
00:19:45.966 [Test worker] DEBUG o.s.b.f.annotation.InjectionMetadata - Processing injected method of bean 'org.springframework.boot.actuate.autoconfigure.TraceWebFilterAutoConfiguration': AutowiredFieldElement for private boolean org.springframework.boot.actuate.autoconfigure.TraceWebFilterAutoConfiguration.dumpRequests
00:19:45.966 [Test worker] DEBUG o.s.c.e.PropertySourcesPropertyResolver - Searching for key 'management.dump_requests:false' in [environmentProperties]
00:19:45.966 [Test worker] DEBUG o.s.c.e.PropertySourcesPropertyResolver - Searching for key 'management.dump_requests:false' in [systemProperties]
00:19:45.966 [Test worker] DEBUG o.s.c.e.PropertySourcesPropertyResolver - Searching for key 'management.dump_requests:false' in [systemEnvironment]
00:19:45.967 [Test worker] DEBUG o.s.c.e.PropertySourcesPropertyResolver - Could not find key 'management.dump_requests:false' in any property source. Returning [null]
00:19:45.967 [Test worker] DEBUG o.s.c.e.PropertySourcesPropertyResolver - Searching for key 'management.dump_requests:false' in [localProperties]
00:19:45.967 [Test worker] DEBUG o.s.c.e.PropertySourcesPropertyResolver - Could not find key 'management.dump_requests:false' in any property source. Returning [null]
00:19:45.967 [Test worker] DEBUG o.s.c.e.PropertySourcesPropertyResolver - Searching for key 'management.dump_requests' in [environmentProperties]
00:19:45.967 [Test worker] DEBUG o.s.c.e.PropertySourcesPropertyResolver - Searching for key 'management.dump_requests' in [systemProperties]
00:19:45.967 [Test worker] DEBUG o.s.c.e.PropertySourcesPropertyResolver - Searching for key 'management.dump_requests' in [systemEnvironment]
00:19:45.967 [Test worker] DEBUG o.s.c.e.PropertySourcesPropertyResolver - Could not find key 'management.dump_requests' in any property source. Returning [null]
00:19:45.967 [Test worker] DEBUG o.s.c.e.PropertySourcesPropertyResolver - Searching for key 'management.dump_requests' in [localProperties]
00:19:45.967 [Test worker] DEBUG o.s.c.e.PropertySourcesPropertyResolver - Could not find key 'management.dump_requests' in any property source. Returning [null]
00:19:45.967 [Test worker] DEBUG o.s.b.f.s.DefaultListableBeanFactory - Finished creating instance of bean 'org.springframework.boot.actuate.autoconfigure.TraceWebFilterAutoConfiguration'
00:19:45.967 [Test worker] DEBUG o.s.b.f.s.DefaultListableBeanFactory - Creating shared instance of singleton bean 'webRequestLoggingFilter'
00:19:45.967 [Test worker] DEBUG o.s.b.f.s.DefaultListableBeanFactory - Creating instance of bean 'webRequestLoggingFilter'
00:19:45.967 [Test worker] DEBUG o.s.b.f.s.DefaultListableBeanFactory - Returning cached instance of singleton bean 'org.springframework.boot.actuate.autoconfigure.TraceWebFilterAutoConfiguration'
00:19:45.968 [Test worker] DEBUG o.s.b.f.s.DefaultListableBeanFactory - Autowiring by type from bean name 'webRequestLoggingFilter' via factory method to bean named 'org.springframework.beans.factory.support.DefaultListableBeanFactory@7833d578'
00:19:45.969 [Test worker] DEBUG o.s.w.c.s.StandardServletEnvironment - Adding [servletConfigInitParams] PropertySource with lowest search precedence
00:19:45.969 [Test worker] DEBUG o.s.w.c.s.StandardServletEnvironment - Adding [servletContextInitParams] PropertySource with lowest search precedence
00:19:45.969 [Test worker] DEBUG o.s.w.c.s.StandardServletEnvironment - Adding [jndiProperties] PropertySource with lowest search precedence
00:19:45.969 [Test worker] DEBUG o.s.w.c.s.StandardServletEnvironment - Adding [systemProperties] PropertySource with lowest search precedence
00:19:45.969 [Test worker] DEBUG o.s.w.c.s.StandardServletEnvironment - Adding [systemEnvironment] PropertySource with lowest search precedence
00:19:45.969 [Test worker] DEBUG o.s.w.c.s.StandardServletEnvironment - Initialized StandardServletEnvironment with PropertySources [servletConfigInitParams,servletContextInitParams,jndiProperties,systemProperties,systemEnvironment]
00:19:46.127 [Test worker] DEBUG o.s.b.f.s.DefaultListableBeanFactory - Eagerly caching bean 'webRequestLoggingFilter' to allow for resolving potential circular references
00:19:46.129 [Test worker] DEBUG o.s.b.f.s.DefaultListableBeanFactory - Invoking afterPropertiesSet() on bean with name 'webRequestLoggingFilter'
00:19:46.129 [Test worker] DEBUG o.s.b.f.s.DefaultListableBeanFactory - Finished creating instance of bean 'webRequestLoggingFilter'
00:19:46.129 [Test worker] DEBUG o.s.b.f.s.DefaultListableBeanFactory - Creating shared instance of singleton bean 'org.springframework.boot.autoconfigure.data.mongo.MongoRepositoriesAutoConfiguration'
00:19:46.129 [Test worker] DEBUG o.s.b.f.s.DefaultListableBeanFactory - Creating instance of bean 'org.springframework.boot.autoconfigure.data.mongo.MongoRepositoriesAutoConfiguration'
00:19:46.129 [Test worker] DEBUG o.s.b.f.s.DefaultListableBeanFactory - Eagerly caching bean 'org.springframework.boot.autoconfigure.data.mongo.MongoRepositoriesAutoConfiguration' to allow for resolving potential circular references
00:19:46.131 [Test worker] DEBUG o.s.b.f.s.DefaultListableBeanFactory - Finished creating instance of bean 'org.springframework.boot.autoconfigure.data.mongo.MongoRepositoriesAutoConfiguration'
00:19:46.131 [Test worker] DEBUG o.s.b.f.s.DefaultListableBeanFactory - Returning cached instance of singleton bean 'org.springframework.data.repository.core.support.RepositoryInterfaceAwareBeanPostProcessor#0'
00:19:46.131 [Test worker] DEBUG o.s.b.f.s.DefaultListableBeanFactory - Creating shared instance of singleton bean 'mongoMappingContext'
00:19:46.131 [Test worker] DEBUG o.s.b.f.s.DefaultListableBeanFactory - Creating instance of bean 'mongoMappingContext'
00:19:46.134 [Test worker] DEBUG o.s.b.f.s.DefaultListableBeanFactory - Eagerly caching bean 'mongoMappingContext' to allow for resolving potential circular references
00:19:46.140 [Test worker] DEBUG o.s.b.f.s.DefaultListableBeanFactory - Invoking afterPropertiesSet() on bean with name 'mongoMappingContext'
00:19:46.140 [Test worker] DEBUG o.s.b.f.s.DefaultListableBeanFactory - Finished creating instance of bean 'mongoMappingContext'
00:19:46.140 [Test worker] DEBUG o.s.b.f.s.DefaultListableBeanFactory - Creating shared instance of singleton bean 'org.springframework.boot.autoconfigure.web.HttpMessageConvertersAutoConfiguration$ObjectMappers'
00:19:46.140 [Test worker] DEBUG o.s.b.f.s.DefaultListableBeanFactory - Creating instance of bean 'org.springframework.boot.autoconfigure.web.HttpMessageConvertersAutoConfiguration$ObjectMappers'
00:19:46.141 [Test worker] DEBUG o.s.b.f.annotation.InjectionMetadata - Registered injected element on class [org.springframework.boot.autoconfigure.web.HttpMessageConvertersAutoConfiguration$ObjectMappers$$EnhancerBySpringCGLIB$$fefab469]: AutowiredFieldElement for private org.springframework.boot.autoconfigure.web.HttpMapperProperties org.springframework.boot.autoconfigure.web.HttpMessageConvertersAutoConfiguration$ObjectMappers.properties
00:19:46.141 [Test worker] DEBUG o.s.b.f.s.DefaultListableBeanFactory - Eagerly caching bean 'org.springframework.boot.autoconfigure.web.HttpMessageConvertersAutoConfiguration$ObjectMappers' to allow for resolving potential circular references
00:19:46.142 [Test worker] DEBUG o.s.b.f.annotation.InjectionMetadata - Processing injected method of bean 'org.springframework.boot.autoconfigure.web.HttpMessageConvertersAutoConfiguration$ObjectMappers': AutowiredFieldElement for private org.springframework.boot.autoconfigure.web.HttpMapperProperties org.springframework.boot.autoconfigure.web.HttpMessageConvertersAutoConfiguration$ObjectMappers.properties
00:19:46.143 [Test worker] DEBUG o.s.b.f.s.DefaultListableBeanFactory - Creating shared instance of singleton bean 'http.mappers.CONFIGURATION_PROPERTIES'
00:19:46.143 [Test worker] DEBUG o.s.b.f.s.DefaultListableBeanFactory - Creating instance of bean 'http.mappers.CONFIGURATION_PROPERTIES'
00:19:46.143 [Test worker] DEBUG o.s.b.f.s.DefaultListableBeanFactory - Eagerly caching bean 'http.mappers.CONFIGURATION_PROPERTIES' to allow for resolving potential circular references
00:19:46.145 [Test worker] DEBUG o.s.core.env.MutablePropertySources - Adding [systemProperties] PropertySource with lowest search precedence
00:19:46.145 [Test worker] DEBUG o.s.core.env.MutablePropertySources - Adding [systemEnvironment] PropertySource with lowest search precedence
00:19:46.145 [Test worker] DEBUG o.s.core.env.MutablePropertySources - Adding [localProperties] PropertySource with lowest search precedence
00:19:46.146 [Test worker] DEBUG o.s.b.f.s.DefaultListableBeanFactory - Finished creating instance of bean 'http.mappers.CONFIGURATION_PROPERTIES'
00:19:46.146 [Test worker] DEBUG o.s.b.f.a.AutowiredAnnotationBeanPostProcessor - Autowiring by type from bean name 'org.springframework.boot.autoconfigure.web.HttpMessageConvertersAutoConfiguration$ObjectMappers' to bean named 'http.mappers.CONFIGURATION_PROPERTIES'
00:19:46.146 [Test worker] DEBUG o.s.b.f.s.DefaultListableBeanFactory - Finished creating instance of bean 'org.springframework.boot.autoconfigure.web.HttpMessageConvertersAutoConfiguration$ObjectMappers'
00:19:46.146 [Test worker] DEBUG o.s.b.f.s.DefaultListableBeanFactory - Creating shared instance of singleton bean 'mappingJackson2HttpMessageConverter'
00:19:46.146 [Test worker] DEBUG o.s.b.f.s.DefaultListableBeanFactory - Creating instance of bean 'mappingJackson2HttpMessageConverter'
00:19:46.146 [Test worker] DEBUG o.s.b.f.s.DefaultListableBeanFactory - Returning cached instance of singleton bean 'org.springframework.boot.autoconfigure.web.HttpMessageConvertersAutoConfiguration$ObjectMappers'
00:19:46.147 [Test worker] DEBUG o.s.b.f.s.DefaultListableBeanFactory - Creating shared instance of singleton bean 'jacksonObjectMapper'
00:19:46.147 [Test worker] DEBUG o.s.b.f.s.DefaultListableBeanFactory - Creating instance of bean 'jacksonObjectMapper'
00:19:46.147 [Test worker] DEBUG o.s.b.f.s.DefaultListableBeanFactory - Creating shared instance of singleton bean 'org.springframework.boot.autoconfigure.jackson.JacksonAutoConfiguration$JacksonObjectMapperAutoConfiguration'
00:19:46.147 [Test worker] DEBUG o.s.b.f.s.DefaultListableBeanFactory - Creating instance of bean 'org.springframework.boot.autoconfigure.jackson.JacksonAutoConfiguration$JacksonObjectMapperAutoConfiguration'
00:19:46.147 [Test worker] DEBUG o.s.b.f.annotation.InjectionMetadata - Registered injected element on class [org.springframework.boot.autoconfigure.jackson.JacksonAutoConfiguration$JacksonObjectMapperAutoConfiguration$$EnhancerBySpringCGLIB$$c179c71c]: AutowiredFieldElement for private org.springframework.boot.autoconfigure.web.HttpMapperProperties org.springframework.boot.autoconfigure.jackson.JacksonAutoConfiguration$JacksonObjectMapperAutoConfiguration.properties
00:19:46.147 [Test worker] DEBUG o.s.b.f.s.DefaultListableBeanFactory - Eagerly caching bean 'org.springframework.boot.autoconfigure.jackson.JacksonAutoConfiguration$JacksonObjectMapperAutoConfiguration' to allow for resolving potential circular references
00:19:46.149 [Test worker] DEBUG o.s.b.f.annotation.InjectionMetadata - Processing injected method of bean 'org.springframework.boot.autoconfigure.jackson.JacksonAutoConfiguration$JacksonObjectMapperAutoConfiguration': AutowiredFieldElement for private org.springframework.boot.autoconfigure.web.HttpMapperProperties org.springframework.boot.autoconfigure.jackson.JacksonAutoConfiguration$JacksonObjectMapperAutoConfiguration.properties
00:19:46.149 [Test worker] DEBUG o.s.b.f.s.DefaultListableBeanFactory - Returning cached instance of singleton bean 'http.mappers.CONFIGURATION_PROPERTIES'
00:19:46.149 [Test worker] DEBUG o.s.b.f.a.AutowiredAnnotationBeanPostProcessor - Autowiring by type from bean name 'org.springframework.boot.autoconfigure.jackson.JacksonAutoConfiguration$JacksonObjectMapperAutoConfiguration' to bean named 'http.mappers.CONFIGURATION_PROPERTIES'
00:19:46.149 [Test worker] DEBUG o.s.b.f.s.DefaultListableBeanFactory - Finished creating instance of bean 'org.springframework.boot.autoconfigure.jackson.JacksonAutoConfiguration$JacksonObjectMapperAutoConfiguration'
00:19:46.164 [Test worker] DEBUG o.s.b.f.s.DefaultListableBeanFactory - Eagerly caching bean 'jacksonObjectMapper' to allow for resolving potential circular references
00:19:46.173 [Test worker] DEBUG o.s.b.f.s.DefaultListableBeanFactory - Finished creating instance of bean 'jacksonObjectMapper'
00:19:46.173 [Test worker] DEBUG o.s.b.f.s.DefaultListableBeanFactory - Autowiring by type from bean name 'mappingJackson2HttpMessageConverter' via factory method to bean named 'jacksonObjectMapper'
00:19:46.183 [Test worker] DEBUG o.s.b.f.s.DefaultListableBeanFactory - Eagerly caching bean 'mappingJackson2HttpMessageConverter' to allow for resolving potential circular references
00:19:46.185 [Test worker] DEBUG o.s.b.f.s.DefaultListableBeanFactory - Finished creating instance of bean 'mappingJackson2HttpMessageConverter'
00:19:46.185 [Test worker] DEBUG o.s.b.f.s.DefaultListableBeanFactory - Returning cached instance of singleton bean 'http.mappers.CONFIGURATION_PROPERTIES'
00:19:46.186 [Test worker] DEBUG o.s.b.f.s.DefaultListableBeanFactory - Returning cached instance of singleton bean 'org.springframework.boot.autoconfigure.jackson.JacksonAutoConfiguration$JacksonObjectMapperAutoConfiguration'
00:19:46.186 [Test worker] DEBUG o.s.b.f.s.DefaultListableBeanFactory - Returning cached instance of singleton bean 'jacksonObjectMapper'
00:19:46.186 [Test worker] DEBUG o.s.b.f.s.DefaultListableBeanFactory - Creating shared instance of singleton bean 'org.springframework.boot.autoconfigure.jackson.JacksonAutoConfiguration'
00:19:46.186 [Test worker] DEBUG o.s.b.f.s.DefaultListableBeanFactory - Creating instance of bean 'org.springframework.boot.autoconfigure.jackson.JacksonAutoConfiguration'
00:19:46.186 [Test worker] DEBUG o.s.c.a.CommonAnnotationBeanPostProcessor - Found init method on class [org.springframework.boot.autoconfigure.jackson.JacksonAutoConfiguration$$EnhancerBySpringCGLIB$$1de4937a]: private void org.springframework.boot.autoconfigure.jackson.JacksonAutoConfiguration.registerModulesWithObjectMappers()
00:19:46.186 [Test worker] DEBUG o.s.c.a.CommonAnnotationBeanPostProcessor - Registered init method on class [org.springframework.boot.autoconfigure.jackson.JacksonAutoConfiguration$$EnhancerBySpringCGLIB$$1de4937a]: org.springframework.beans.factory.annotation.InitDestroyAnnotationBeanPostProcessor$LifecycleElement@927d7c4
00:19:46.186 [Test worker] DEBUG o.s.b.f.annotation.InjectionMetadata - Registered injected element on class [org.springframework.boot.autoconfigure.jackson.JacksonAutoConfiguration$$EnhancerBySpringCGLIB$$1de4937a]: AutowiredFieldElement for private org.springframework.beans.factory.ListableBeanFactory org.springframework.boot.autoconfigure.jackson.JacksonAutoConfiguration.beanFactory
00:19:46.187 [Test worker] DEBUG o.s.b.f.s.DefaultListableBeanFactory - Eagerly caching bean 'org.springframework.boot.autoconfigure.jackson.JacksonAutoConfiguration' to allow for resolving potential circular references
00:19:46.188 [Test worker] DEBUG o.s.b.f.annotation.InjectionMetadata - Processing injected method of bean 'org.springframework.boot.autoconfigure.jackson.JacksonAutoConfiguration': AutowiredFieldElement for private org.springframework.beans.factory.ListableBeanFactory org.springframework.boot.autoconfigure.jackson.JacksonAutoConfiguration.beanFactory
00:19:46.189 [Test worker] DEBUG o.s.b.f.a.AutowiredAnnotationBeanPostProcessor - Autowiring by type from bean name 'org.springframework.boot.autoconfigure.jackson.JacksonAutoConfiguration' to bean named 'org.springframework.beans.factory.support.DefaultListableBeanFactory@7833d578'
00:19:46.189 [Test worker] DEBUG o.s.c.a.CommonAnnotationBeanPostProcessor - Invoking init method on bean 'org.springframework.boot.autoconfigure.jackson.JacksonAutoConfiguration': private void org.springframework.boot.autoconfigure.jackson.JacksonAutoConfiguration.registerModulesWithObjectMappers()
00:19:46.189 [Test worker] DEBUG o.s.b.f.s.DefaultListableBeanFactory - Returning cached instance of singleton bean 'jacksonObjectMapper'
00:19:46.189 [Test worker] DEBUG o.s.b.f.s.DefaultListableBeanFactory - Finished creating instance of bean 'org.springframework.boot.autoconfigure.jackson.JacksonAutoConfiguration'
00:19:46.189 [Test worker] DEBUG o.s.b.f.s.DefaultListableBeanFactory - Creating shared instance of singleton bean 'org.springframework.boot.autoconfigure.web.HttpMessageConvertersAutoConfiguration'
00:19:46.189 [Test worker] DEBUG o.s.b.f.s.DefaultListableBeanFactory - Creating instance of bean 'org.springframework.boot.autoconfigure.web.HttpMessageConvertersAutoConfiguration'
00:19:46.189 [Test worker] DEBUG o.s.b.f.annotation.InjectionMetadata - Registered injected element on class [org.springframework.boot.autoconfigure.web.HttpMessageConvertersAutoConfiguration$$EnhancerBySpringCGLIB$$58cae4ba]: AutowiredFieldElement for private final java.util.List org.springframework.boot.autoconfigure.web.HttpMessageConvertersAutoConfiguration.converters
00:19:46.189 [Test worker] DEBUG o.s.b.f.s.DefaultListableBeanFactory - Eagerly caching bean 'org.springframework.boot.autoconfigure.web.HttpMessageConvertersAutoConfiguration' to allow for resolving potential circular references
00:19:46.196 [Test worker] DEBUG o.s.b.f.annotation.InjectionMetadata - Processing injected method of bean 'org.springframework.boot.autoconfigure.web.HttpMessageConvertersAutoConfiguration': AutowiredFieldElement for private final java.util.List org.springframework.boot.autoconfigure.web.HttpMessageConvertersAutoConfiguration.converters
00:19:46.198 [Test worker] DEBUG o.s.b.f.s.DefaultListableBeanFactory - Returning cached instance of singleton bean 'mappingJackson2HttpMessageConverter'
00:19:46.198 [Test worker] DEBUG o.s.b.f.a.AutowiredAnnotationBeanPostProcessor - Autowiring by type from bean name 'org.springframework.boot.autoconfigure.web.HttpMessageConvertersAutoConfiguration' to bean named 'mappingJackson2HttpMessageConverter'
00:19:46.199 [Test worker] DEBUG o.s.b.f.s.DefaultListableBeanFactory - Finished creating instance of bean 'org.springframework.boot.autoconfigure.web.HttpMessageConvertersAutoConfiguration'
00:19:46.199 [Test worker] DEBUG o.s.b.f.s.DefaultListableBeanFactory - Creating shared instance of singleton bean 'messageConverters'
00:19:46.199 [Test worker] DEBUG o.s.b.f.s.DefaultListableBeanFactory - Creating instance of bean 'messageConverters'
00:19:46.199 [Test worker] DEBUG o.s.b.f.s.DefaultListableBeanFactory - Returning cached instance of singleton bean 'org.springframework.boot.autoconfigure.web.HttpMessageConvertersAutoConfiguration'
00:19:46.304 [Test worker] DEBUG o.s.b.f.s.DefaultListableBeanFactory - Eagerly caching bean 'messageConverters' to allow for resolving potential circular references
00:19:46.305 [Test worker] DEBUG o.s.b.f.s.DefaultListableBeanFactory - Finished creating instance of bean 'messageConverters'
00:19:46.305 [Test worker] DEBUG o.s.b.f.s.DefaultListableBeanFactory - Creating shared instance of singleton bean 'org.springframework.boot.autoconfigure.web.MultipartAutoConfiguration'
00:19:46.305 [Test worker] DEBUG o.s.b.f.s.DefaultListableBeanFactory - Creating instance of bean 'org.springframework.boot.autoconfigure.web.MultipartAutoConfiguration'
00:19:46.306 [Test worker] DEBUG o.s.b.f.annotation.InjectionMetadata - Registered injected element on class [org.springframework.boot.autoconfigure.web.MultipartAutoConfiguration$$EnhancerBySpringCGLIB$$7c330b20]: AutowiredFieldElement for private org.springframework.boot.autoconfigure.web.MultipartProperties org.springframework.boot.autoconfigure.web.MultipartAutoConfiguration.multipartProperties
00:19:46.306 [Test worker] DEBUG o.s.b.f.s.DefaultListableBeanFactory - Eagerly caching bean 'org.springframework.boot.autoconfigure.web.MultipartAutoConfiguration' to allow for resolving potential circular references
00:19:46.308 [Test worker] DEBUG o.s.b.f.annotation.InjectionMetadata - Processing injected method of bean 'org.springframework.boot.autoconfigure.web.MultipartAutoConfiguration': AutowiredFieldElement for private org.springframework.boot.autoconfigure.web.MultipartProperties org.springframework.boot.autoconfigure.web.MultipartAutoConfiguration.multipartProperties
00:19:46.308 [Test worker] DEBUG o.s.b.f.s.DefaultListableBeanFactory - Creating shared instance of singleton bean 'multipart.CONFIGURATION_PROPERTIES'
00:19:46.308 [Test worker] DEBUG o.s.b.f.s.DefaultListableBeanFactory - Creating instance of bean 'multipart.CONFIGURATION_PROPERTIES'
00:19:46.309 [Test worker] DEBUG o.s.b.f.s.DefaultListableBeanFactory - Eagerly caching bean 'multipart.CONFIGURATION_PROPERTIES' to allow for resolving potential circular references
00:19:46.311 [Test worker] DEBUG o.s.core.env.MutablePropertySources - Adding [systemProperties] PropertySource with lowest search precedence
00:19:46.311 [Test worker] DEBUG o.s.core.env.MutablePropertySources - Adding [systemEnvironment] PropertySource with lowest search precedence
00:19:46.311 [Test worker] DEBUG o.s.core.env.MutablePropertySources - Adding [localProperties] PropertySource with lowest search precedence
00:19:46.313 [Test worker] DEBUG o.s.b.f.s.DefaultListableBeanFactory - Finished creating instance of bean 'multipart.CONFIGURATION_PROPERTIES'
00:19:46.313 [Test worker] DEBUG o.s.b.f.a.AutowiredAnnotationBeanPostProcessor - Autowiring by type from bean name 'org.springframework.boot.autoconfigure.web.MultipartAutoConfiguration' to bean named 'multipart.CONFIGURATION_PROPERTIES'
00:19:46.313 [Test worker] DEBUG o.s.b.f.s.DefaultListableBeanFactory - Finished creating instance of bean 'org.springframework.boot.autoconfigure.web.MultipartAutoConfiguration'
00:19:46.313 [Test worker] DEBUG o.s.b.f.s.DefaultListableBeanFactory - Creating shared instance of singleton bean 'multipartConfigElement'
00:19:46.313 [Test worker] DEBUG o.s.b.f.s.DefaultListableBeanFactory - Creating instance of bean 'multipartConfigElement'
00:19:46.313 [Test worker] DEBUG o.s.b.f.s.DefaultListableBeanFactory - Returning cached instance of singleton bean 'org.springframework.boot.autoconfigure.web.MultipartAutoConfiguration'
00:19:46.315 [Test worker] DEBUG o.s.b.f.s.DefaultListableBeanFactory - Eagerly caching bean 'multipartConfigElement' to allow for resolving potential circular references
00:19:46.316 [Test worker] DEBUG o.s.b.f.s.DefaultListableBeanFactory - Finished creating instance of bean 'multipartConfigElement'
00:19:46.316 [Test worker] DEBUG o.s.b.f.s.DefaultListableBeanFactory - Creating shared instance of singleton bean 'multipartResolver'
00:19:46.316 [Test worker] DEBUG o.s.b.f.s.DefaultListableBeanFactory - Creating instance of bean 'multipartResolver'
00:19:46.316 [Test worker] DEBUG o.s.b.f.s.DefaultListableBeanFactory - Returning cached instance of singleton bean 'org.springframework.boot.autoconfigure.web.MultipartAutoConfiguration'
00:19:46.317 [Test worker] DEBUG o.s.b.f.s.DefaultListableBeanFactory - Eagerly caching bean 'multipartResolver' to allow for resolving potential circular references
00:19:46.318 [Test worker] DEBUG o.s.b.f.s.DefaultListableBeanFactory - Finished creating instance of bean 'multipartResolver'
00:19:46.319 [Test worker] DEBUG o.s.b.f.s.DefaultListableBeanFactory - Returning cached instance of singleton bean 'multipart.CONFIGURATION_PROPERTIES'
00:19:46.319 [Test worker] DEBUG o.s.c.a.AnnotationConfigApplicationContext - Unable to locate LifecycleProcessor with name 'lifecycleProcessor': using default [org.springframework.context.support.DefaultLifecycleProcessor@3d9cd4b4]
00:19:46.320 [Test worker] DEBUG o.s.b.f.s.DefaultListableBeanFactory - Returning cached instance of singleton bean 'endpointMBeanExporter'
00:19:46.320 [Test worker] DEBUG o.s.b.f.s.DefaultListableBeanFactory - Returning cached instance of singleton bean 'lifecycleProcessor'
00:19:46.321 [Test worker] INFO  o.s.c.s.DefaultLifecycleProcessor - Starting beans in phase 0
00:19:46.321 [Test worker] DEBUG o.s.c.s.DefaultLifecycleProcessor - Starting bean 'endpointMBeanExporter' of type [class org.springframework.boot.actuate.endpoint.jmx.EndpointMBeanExporter]
00:19:46.321 [Test worker] DEBUG o.s.b.f.s.DefaultListableBeanFactory - Returning cached instance of singleton bean 'requestMappingEndpoint'
00:19:46.321 [Test worker] DEBUG o.s.b.f.s.DefaultListableBeanFactory - Returning cached instance of singleton bean 'environmentEndpoint'
00:19:46.321 [Test worker] DEBUG o.s.b.f.s.DefaultListableBeanFactory - Returning cached instance of singleton bean 'healthEndpoint'
00:19:46.321 [Test worker] DEBUG o.s.b.f.s.DefaultListableBeanFactory - Returning cached instance of singleton bean 'beansEndpoint'
00:19:46.321 [Test worker] DEBUG o.s.b.f.s.DefaultListableBeanFactory - Returning cached instance of singleton bean 'infoEndpoint'
00:19:46.321 [Test worker] DEBUG o.s.b.f.s.DefaultListableBeanFactory - Returning cached instance of singleton bean 'metricsEndpoint'
00:19:46.321 [Test worker] DEBUG o.s.b.f.s.DefaultListableBeanFactory - Returning cached instance of singleton bean 'traceEndpoint'
00:19:46.321 [Test worker] DEBUG o.s.b.f.s.DefaultListableBeanFactory - Returning cached instance of singleton bean 'dumpEndpoint'
00:19:46.321 [Test worker] DEBUG o.s.b.f.s.DefaultListableBeanFactory - Returning cached instance of singleton bean 'autoConfigurationAuditEndpoint'
00:19:46.321 [Test worker] DEBUG o.s.b.f.s.DefaultListableBeanFactory - Returning cached instance of singleton bean 'shutdownEndpoint'
00:19:46.321 [Test worker] DEBUG o.s.b.f.s.DefaultListableBeanFactory - Returning cached instance of singleton bean 'configurationPropertiesReportEndpoint'
00:19:46.323 [Test worker] INFO  o.s.b.a.e.jmx.EndpointMBeanExporter - Located managed bean 'requestMappingEndpoint': registering with JMX server as MBean [org.springframework.boot:type=Endpoint,name=requestMappingEndpoint]
00:19:46.344 [Test worker] INFO  o.s.b.a.e.jmx.EndpointMBeanExporter - Located managed bean 'environmentEndpoint': registering with JMX server as MBean [org.springframework.boot:type=Endpoint,name=environmentEndpoint]
00:19:46.349 [Test worker] INFO  o.s.b.a.e.jmx.EndpointMBeanExporter - Located managed bean 'healthEndpoint': registering with JMX server as MBean [org.springframework.boot:type=Endpoint,name=healthEndpoint]
00:19:46.352 [Test worker] INFO  o.s.b.a.e.jmx.EndpointMBeanExporter - Located managed bean 'beansEndpoint': registering with JMX server as MBean [org.springframework.boot:type=Endpoint,name=beansEndpoint]
00:19:46.355 [Test worker] INFO  o.s.b.a.e.jmx.EndpointMBeanExporter - Located managed bean 'infoEndpoint': registering with JMX server as MBean [org.springframework.boot:type=Endpoint,name=infoEndpoint]
00:19:46.359 [Test worker] INFO  o.s.b.a.e.jmx.EndpointMBeanExporter - Located managed bean 'metricsEndpoint': registering with JMX server as MBean [org.springframework.boot:type=Endpoint,name=metricsEndpoint]
00:19:46.368 [Test worker] INFO  o.s.b.a.e.jmx.EndpointMBeanExporter - Located managed bean 'traceEndpoint': registering with JMX server as MBean [org.springframework.boot:type=Endpoint,name=traceEndpoint]
00:19:46.371 [Test worker] INFO  o.s.b.a.e.jmx.EndpointMBeanExporter - Located managed bean 'dumpEndpoint': registering with JMX server as MBean [org.springframework.boot:type=Endpoint,name=dumpEndpoint]
00:19:46.380 [Test worker] INFO  o.s.b.a.e.jmx.EndpointMBeanExporter - Located managed bean 'autoConfigurationAuditEndpoint': registering with JMX server as MBean [org.springframework.boot:type=Endpoint,name=autoConfigurationAuditEndpoint]
00:19:46.382 [Test worker] INFO  o.s.b.a.e.jmx.EndpointMBeanExporter - Located managed bean 'shutdownEndpoint': registering with JMX server as MBean [org.springframework.boot:type=Endpoint,name=shutdownEndpoint]
00:19:46.397 [Test worker] INFO  o.s.b.a.e.jmx.EndpointMBeanExporter - Located managed bean 'configurationPropertiesReportEndpoint': registering with JMX server as MBean [org.springframework.boot:type=Endpoint,name=configurationPropertiesReportEndpoint]
00:19:46.399 [Test worker] DEBUG o.s.c.s.DefaultLifecycleProcessor - Successfully started bean 'endpointMBeanExporter'
00:19:46.400 [Test worker] DEBUG o.s.c.e.PropertySourcesPropertyResolver - Searching for key 'spring.liveBeansView.mbeanDomain' in [systemProperties]
00:19:46.400 [Test worker] DEBUG o.s.c.e.PropertySourcesPropertyResolver - Searching for key 'spring.liveBeansView.mbeanDomain' in [systemEnvironment]
00:19:46.400 [Test worker] DEBUG o.s.c.e.PropertySourcesPropertyResolver - Could not find key 'spring.liveBeansView.mbeanDomain' in any property source. Returning [null]
00:19:46.402 [Test worker] DEBUG o.s.b.f.s.DefaultListableBeanFactory - Returning cached instance of singleton bean 'getTelemetryClient'
00:19:46.403 [Test worker] DEBUG o.s.core.env.StandardEnvironment - Adding [systemProperties] PropertySource with lowest search precedence
00:19:46.403 [Test worker] DEBUG o.s.core.env.StandardEnvironment - Adding [systemEnvironment] PropertySource with lowest search precedence
00:19:46.403 [Test worker] DEBUG o.s.core.env.StandardEnvironment - Initialized StandardEnvironment with PropertySources [systemProperties,systemEnvironment]
00:19:46.403 [Test worker] DEBUG o.s.c.a.ClassPathBeanDefinitionScanner - JSR-250 'javax.annotation.ManagedBean' found and supported for component scanning
00:19:46.403 [Test worker] INFO  o.s.c.a.AnnotationConfigApplicationContext - Refreshing org.springframework.context.annotation.AnnotationConfigApplicationContext@36605fb2: startup date [Wed Oct 17 00:19:46 UTC 2018]; root of context hierarchy
00:19:46.404 [Test worker] DEBUG o.s.c.a.AnnotationConfigApplicationContext - Bean factory for org.springframework.context.annotation.AnnotationConfigApplicationContext@36605fb2: org.springframework.beans.factory.support.DefaultListableBeanFactory@60cef968: defining beans [org.springframework.context.annotation.internalConfigurationAnnotationProcessor,org.springframework.context.annotation.internalAutowiredAnnotationProcessor,org.springframework.context.annotation.internalRequiredAnnotationProcessor,org.springframework.context.annotation.internalCommonAnnotationProcessor,testOrderingConfiguration]; root of factory hierarchy
00:19:46.404 [Test worker] DEBUG o.s.b.f.s.DefaultListableBeanFactory - Creating shared instance of singleton bean 'org.springframework.context.annotation.internalConfigurationAnnotationProcessor'
00:19:46.404 [Test worker] DEBUG o.s.b.f.s.DefaultListableBeanFactory - Creating instance of bean 'org.springframework.context.annotation.internalConfigurationAnnotationProcessor'
00:19:46.404 [Test worker] DEBUG o.s.b.f.s.DefaultListableBeanFactory - Eagerly caching bean 'org.springframework.context.annotation.internalConfigurationAnnotationProcessor' to allow for resolving potential circular references
00:19:46.404 [Test worker] DEBUG o.s.b.f.s.DefaultListableBeanFactory - Finished creating instance of bean 'org.springframework.context.annotation.internalConfigurationAnnotationProcessor'
00:19:46.411 [Test worker] DEBUG o.s.core.env.StandardEnvironment - Adding [systemProperties] PropertySource with lowest search precedence
00:19:46.411 [Test worker] DEBUG o.s.core.env.StandardEnvironment - Adding [systemEnvironment] PropertySource with lowest search precedence
00:19:46.411 [Test worker] DEBUG o.s.core.env.StandardEnvironment - Initialized StandardEnvironment with PropertySources [systemProperties,systemEnvironment]
00:19:46.411 [Test worker] DEBUG o.s.c.a.ClassPathBeanDefinitionScanner - JSR-250 'javax.annotation.ManagedBean' found and supported for component scanning
00:19:46.412 [Test worker] DEBUG o.s.c.i.s.PathMatchingResourcePatternResolver - Looking for matching resources in directory tree [/opt/Projects/PartsUnlimitedMRP/src/Backend/OrderService/build/classes/test/smpl/ordering]
00:19:46.412 [Test worker] DEBUG o.s.c.i.s.PathMatchingResourcePatternResolver - Searching directory [/opt/Projects/PartsUnlimitedMRP/src/Backend/OrderService/build/classes/test/smpl/ordering] for files matching pattern [/opt/Projects/PartsUnlimitedMRP/src/Backend/OrderService/build/classes/test/smpl/ordering/**/*.class]
00:19:46.412 [Test worker] DEBUG o.s.c.i.s.PathMatchingResourcePatternResolver - Searching directory [/opt/Projects/PartsUnlimitedMRP/src/Backend/OrderService/build/classes/test/smpl/ordering/controllers] for files matching pattern [/opt/Projects/PartsUnlimitedMRP/src/Backend/OrderService/build/classes/test/smpl/ordering/**/*.class]
00:19:46.413 [Test worker] DEBUG o.s.c.i.s.PathMatchingResourcePatternResolver - Searching directory [/opt/Projects/PartsUnlimitedMRP/src/Backend/OrderService/build/classes/test/smpl/ordering/repositories] for files matching pattern [/opt/Projects/PartsUnlimitedMRP/src/Backend/OrderService/build/classes/test/smpl/ordering/**/*.class]
00:19:46.413 [Test worker] DEBUG o.s.c.i.s.PathMatchingResourcePatternResolver - Searching directory [/opt/Projects/PartsUnlimitedMRP/src/Backend/OrderService/build/classes/test/smpl/ordering/repositories/mock] for files matching pattern [/opt/Projects/PartsUnlimitedMRP/src/Backend/OrderService/build/classes/test/smpl/ordering/**/*.class]
00:19:46.413 [Test worker] DEBUG o.s.c.i.s.PathMatchingResourcePatternResolver - Searching directory [/opt/Projects/PartsUnlimitedMRP/src/Backend/OrderService/build/classes/test/smpl/ordering/repositories/mock/test] for files matching pattern [/opt/Projects/PartsUnlimitedMRP/src/Backend/OrderService/build/classes/test/smpl/ordering/**/*.class]
00:19:46.413 [Test worker] DEBUG o.s.c.i.s.PathMatchingResourcePatternResolver - Searching directory [/opt/Projects/PartsUnlimitedMRP/src/Backend/OrderService/build/classes/test/smpl/ordering/repositories/mongodb] for files matching pattern [/opt/Projects/PartsUnlimitedMRP/src/Backend/OrderService/build/classes/test/smpl/ordering/**/*.class]
00:19:46.413 [Test worker] DEBUG o.s.c.i.s.PathMatchingResourcePatternResolver - Searching directory [/opt/Projects/PartsUnlimitedMRP/src/Backend/OrderService/build/classes/test/smpl/ordering/repositories/mongodb/test] for files matching pattern [/opt/Projects/PartsUnlimitedMRP/src/Backend/OrderService/build/classes/test/smpl/ordering/**/*.class]
00:19:46.413 [Test worker] DEBUG o.s.c.i.s.PathMatchingResourcePatternResolver - Looking for matching resources in directory tree [/opt/Projects/PartsUnlimitedMRP/src/Backend/OrderService/build/classes/main/smpl/ordering]
00:19:46.413 [Test worker] DEBUG o.s.c.i.s.PathMatchingResourcePatternResolver - Searching directory [/opt/Projects/PartsUnlimitedMRP/src/Backend/OrderService/build/classes/main/smpl/ordering] for files matching pattern [/opt/Projects/PartsUnlimitedMRP/src/Backend/OrderService/build/classes/main/smpl/ordering/**/*.class]
00:19:46.413 [Test worker] DEBUG o.s.c.i.s.PathMatchingResourcePatternResolver - Searching directory [/opt/Projects/PartsUnlimitedMRP/src/Backend/OrderService/build/classes/main/smpl/ordering/repositories] for files matching pattern [/opt/Projects/PartsUnlimitedMRP/src/Backend/OrderService/build/classes/main/smpl/ordering/**/*.class]
00:19:46.413 [Test worker] DEBUG o.s.c.i.s.PathMatchingResourcePatternResolver - Searching directory [/opt/Projects/PartsUnlimitedMRP/src/Backend/OrderService/build/classes/main/smpl/ordering/repositories/mock] for files matching pattern [/opt/Projects/PartsUnlimitedMRP/src/Backend/OrderService/build/classes/main/smpl/ordering/**/*.class]
00:19:46.414 [Test worker] DEBUG o.s.c.i.s.PathMatchingResourcePatternResolver - Searching directory [/opt/Projects/PartsUnlimitedMRP/src/Backend/OrderService/build/classes/main/smpl/ordering/repositories/mongodb] for files matching pattern [/opt/Projects/PartsUnlimitedMRP/src/Backend/OrderService/build/classes/main/smpl/ordering/**/*.class]
00:19:46.414 [Test worker] DEBUG o.s.c.i.s.PathMatchingResourcePatternResolver - Searching directory [/opt/Projects/PartsUnlimitedMRP/src/Backend/OrderService/build/classes/main/smpl/ordering/repositories/mongodb/models] for files matching pattern [/opt/Projects/PartsUnlimitedMRP/src/Backend/OrderService/build/classes/main/smpl/ordering/**/*.class]
00:19:46.414 [Test worker] DEBUG o.s.c.i.s.PathMatchingResourcePatternResolver - Searching directory [/opt/Projects/PartsUnlimitedMRP/src/Backend/OrderService/build/classes/main/smpl/ordering/models] for files matching pattern [/opt/Projects/PartsUnlimitedMRP/src/Backend/OrderService/build/classes/main/smpl/ordering/**/*.class]
00:19:46.414 [Test worker] DEBUG o.s.c.i.s.PathMatchingResourcePatternResolver - Searching directory [/opt/Projects/PartsUnlimitedMRP/src/Backend/OrderService/build/classes/main/smpl/ordering/controllers] for files matching pattern [/opt/Projects/PartsUnlimitedMRP/src/Backend/OrderService/build/classes/main/smpl/ordering/**/*.class]
00:19:46.415 [Test worker] DEBUG o.s.c.i.s.PathMatchingResourcePatternResolver - Resolved location pattern [classpath*:smpl/ordering/**/*.class] to resources [file [/opt/Projects/PartsUnlimitedMRP/src/Backend/OrderService/build/classes/test/smpl/ordering/ConfigurationRule.class], file [/opt/Projects/PartsUnlimitedMRP/src/Backend/OrderService/build/classes/test/smpl/ordering/TestOrderingConfiguration.class], file [/opt/Projects/PartsUnlimitedMRP/src/Backend/OrderService/build/classes/test/smpl/ordering/UtilityTest.class], file [/opt/Projects/PartsUnlimitedMRP/src/Backend/OrderService/build/classes/test/smpl/ordering/controllers/CatalogControllerTest.class], file [/opt/Projects/PartsUnlimitedMRP/src/Backend/OrderService/build/classes/test/smpl/ordering/controllers/DealerControllerTest.class], file [/opt/Projects/PartsUnlimitedMRP/src/Backend/OrderService/build/classes/test/smpl/ordering/controllers/OrderControllerTest.class], file [/opt/Projects/PartsUnlimitedMRP/src/Backend/OrderService/build/classes/test/smpl/ordering/controllers/QuoteControllerTest.class], file [/opt/Projects/PartsUnlimitedMRP/src/Backend/OrderService/build/classes/test/smpl/ordering/controllers/ShipmentControllerTest.class], file [/opt/Projects/PartsUnlimitedMRP/src/Backend/OrderService/build/classes/test/smpl/ordering/repositories/CatalogItemsRepositoryTest.class], file [/opt/Projects/PartsUnlimitedMRP/src/Backend/OrderService/build/classes/test/smpl/ordering/repositories/DealersRepositoryTest.class], file [/opt/Projects/PartsUnlimitedMRP/src/Backend/OrderService/build/classes/test/smpl/ordering/repositories/OrderRepositoryTest.class], file [/opt/Projects/PartsUnlimitedMRP/src/Backend/OrderService/build/classes/test/smpl/ordering/repositories/QuoteRepositoryTest.class], file [/opt/Projects/PartsUnlimitedMRP/src/Backend/OrderService/build/classes/test/smpl/ordering/repositories/ShipmentRepositoryTest.class], file [/opt/Projects/PartsUnlimitedMRP/src/Backend/OrderService/build/classes/test/smpl/ordering/repositories/mock/test/MockCatalogItemsRepositoryTest.class], file [/opt/Projects/PartsUnlimitedMRP/src/Backend/OrderService/build/classes/test/smpl/ordering/repositories/mock/test/MockDealersRepositoryTest.class], file [/opt/Projects/PartsUnlimitedMRP/src/Backend/OrderService/build/classes/test/smpl/ordering/repositories/mock/test/MockOrderRepositoryTest.class], file [/opt/Projects/PartsUnlimitedMRP/src/Backend/OrderService/build/classes/test/smpl/ordering/repositories/mock/test/MockQuoteRepositoryTest.class], file [/opt/Projects/PartsUnlimitedMRP/src/Backend/OrderService/build/classes/test/smpl/ordering/repositories/mock/test/MockShipmentRepositoryTest.class], file [/opt/Projects/PartsUnlimitedMRP/src/Backend/OrderService/build/classes/test/smpl/ordering/repositories/mongodb/test/IntegrationTests.class], file [/opt/Projects/PartsUnlimitedMRP/src/Backend/OrderService/build/classes/test/smpl/ordering/repositories/mongodb/test/MongoCatalogItemsRepositoryTest.class], file [/opt/Projects/PartsUnlimitedMRP/src/Backend/OrderService/build/classes/test/smpl/ordering/repositories/mongodb/test/MongoDealersRepositoryTest.class], file [/opt/Projects/PartsUnlimitedMRP/src/Backend/OrderService/build/classes/test/smpl/ordering/repositories/mongodb/test/MongoOrderRepositoryTest.class], file [/opt/Projects/PartsUnlimitedMRP/src/Backend/OrderService/build/classes/test/smpl/ordering/repositories/mongodb/test/MongoQuoteRepositoryTest.class], file [/opt/Projects/PartsUnlimitedMRP/src/Backend/OrderService/build/classes/test/smpl/ordering/repositories/mongodb/test/MongoShipmentRepositoryTest.class], file [/opt/Projects/PartsUnlimitedMRP/src/Backend/OrderService/build/classes/main/smpl/ordering/AppInsightsFilter.class], file [/opt/Projects/PartsUnlimitedMRP/src/Backend/OrderService/build/classes/main/smpl/ordering/BadRequestException.class], file [/opt/Projects/PartsUnlimitedMRP/src/Backend/OrderService/build/classes/main/smpl/ordering/ConflictingRequestException.class], file [/opt/Projects/PartsUnlimitedMRP/src/Backend/OrderService/build/classes/main/smpl/ordering/MongoDBProperties.class], file [/opt/Projects/PartsUnlimitedMRP/src/Backend/OrderService/build/classes/main/smpl/ordering/OrderingConfiguration.class], file [/opt/Projects/PartsUnlimitedMRP/src/Backend/OrderService/build/classes/main/smpl/ordering/repositories/RepositoryFactory$Repositories.class], file [/opt/Projects/PartsUnlimitedMRP/src/Backend/OrderService/build/classes/main/smpl/ordering/repositories/RepositoryFactory$1.class], file [/opt/Projects/PartsUnlimitedMRP/src/Backend/OrderService/build/classes/main/smpl/ordering/repositories/RepositoryFactory.class], file [/opt/Projects/PartsUnlimitedMRP/src/Backend/OrderService/build/classes/main/smpl/ordering/repositories/CatalogItemsRepository.class], file [/opt/Projects/PartsUnlimitedMRP/src/Backend/OrderService/build/classes/main/smpl/ordering/repositories/DealersRepository.class], file [/opt/Projects/PartsUnlimitedMRP/src/Backend/OrderService/build/classes/main/smpl/ordering/repositories/OrderRepository.class], file [/opt/Projects/PartsUnlimitedMRP/src/Backend/OrderService/build/classes/main/smpl/ordering/repositories/QuoteRepository.class], file [/opt/Projects/PartsUnlimitedMRP/src/Backend/OrderService/build/classes/main/smpl/ordering/repositories/ShipmentRepository.class], file [/opt/Projects/PartsUnlimitedMRP/src/Backend/OrderService/build/classes/main/smpl/ordering/repositories/mock/MockCatalogItemsRepository.class], file [/opt/Projects/PartsUnlimitedMRP/src/Backend/OrderService/build/classes/main/smpl/ordering/repositories/mock/MockDealersRepository.class], file [/opt/Projects/PartsUnlimitedMRP/src/Backend/OrderService/build/classes/main/smpl/ordering/repositories/mock/MockOrderRepository.class], file [/opt/Projects/PartsUnlimitedMRP/src/Backend/OrderService/build/classes/main/smpl/ordering/repositories/mock/MockQuoteRepository.class], file [/opt/Projects/PartsUnlimitedMRP/src/Backend/OrderService/build/classes/main/smpl/ordering/repositories/mock/MockShipmentRepository.class], file [/opt/Projects/PartsUnlimitedMRP/src/Backend/OrderService/build/classes/main/smpl/ordering/repositories/mongodb/MongoCatalogItemsRepository.class], file [/opt/Projects/PartsUnlimitedMRP/src/Backend/OrderService/build/classes/main/smpl/ordering/repositories/mongodb/models/CatalogItem.class], file [/opt/Projects/PartsUnlimitedMRP/src/Backend/OrderService/build/classes/main/smpl/ordering/repositories/mongodb/models/OrderDetails.class], file [/opt/Projects/PartsUnlimitedMRP/src/Backend/OrderService/build/classes/main/smpl/ordering/repositories/mongodb/models/QuoteDetails.class], file [/opt/Projects/PartsUnlimitedMRP/src/Backend/OrderService/build/classes/main/smpl/ordering/repositories/mongodb/models/ShipmentDetails.class], file [/opt/Projects/PartsUnlimitedMRP/src/Backend/OrderService/build/classes/main/smpl/ordering/repositories/mongodb/models/Dealer.class], file [/opt/Projects/PartsUnlimitedMRP/src/Backend/OrderService/build/classes/main/smpl/ordering/repositories/mongodb/MongoDealersRepository.class], file [/opt/Projects/PartsUnlimitedMRP/src/Backend/OrderService/build/classes/main/smpl/ordering/repositories/mongodb/MongoOperationsWithRetry.class], file [/opt/Projects/PartsUnlimitedMRP/src/Backend/OrderService/build/classes/main/smpl/ordering/repositories/mongodb/MongoOrderRepository.class], file [/opt/Projects/PartsUnlimitedMRP/src/Backend/OrderService/build/classes/main/smpl/ordering/repositories/mongodb/MongoQuoteRepository.class], file [/opt/Projects/PartsUnlimitedMRP/src/Backend/OrderService/build/classes/main/smpl/ordering/repositories/mongodb/MongoShipmentRepository.class], file [/opt/Projects/PartsUnlimitedMRP/src/Backend/OrderService/build/classes/main/smpl/ordering/OrderingServiceProperties.class], file [/opt/Projects/PartsUnlimitedMRP/src/Backend/OrderService/build/classes/main/smpl/ordering/models/CatalogItem.class], file [/opt/Projects/PartsUnlimitedMRP/src/Backend/OrderService/build/classes/main/smpl/ordering/models/DealerInfo.class], file [/opt/Projects/PartsUnlimitedMRP/src/Backend/OrderService/build/classes/main/smpl/ordering/models/Order.class], file [/opt/Projects/PartsUnlimitedMRP/src/Backend/OrderService/build/classes/main/smpl/ordering/models/OrderStatus.class], file [/opt/Projects/PartsUnlimitedMRP/src/Backend/OrderService/build/classes/main/smpl/ordering/models/OrderUpdateInfo.class], file [/opt/Projects/PartsUnlimitedMRP/src/Backend/OrderService/build/classes/main/smpl/ordering/models/Quote.class], file [/opt/Projects/PartsUnlimitedMRP/src/Backend/OrderService/build/classes/main/smpl/ordering/models/ShipmentRecord.class], file [/opt/Projects/PartsUnlimitedMRP/src/Backend/OrderService/build/classes/main/smpl/ordering/models/ShipmentEventInfo.class], file [/opt/Projects/PartsUnlimitedMRP/src/Backend/OrderService/build/classes/main/smpl/ordering/models/OrderEventInfo.class], file [/opt/Projects/PartsUnlimitedMRP/src/Backend/OrderService/build/classes/main/smpl/ordering/models/QuoteItemInfo.class], file [/opt/Projects/PartsUnlimitedMRP/src/Backend/OrderService/build/classes/main/smpl/ordering/models/DeliveryAddress.class], file [/opt/Projects/PartsUnlimitedMRP/src/Backend/OrderService/build/classes/main/smpl/ordering/models/PhoneInfo.class], file [/opt/Projects/PartsUnlimitedMRP/src/Backend/OrderService/build/classes/main/smpl/ordering/models/Delivery.class], file [/opt/Projects/PartsUnlimitedMRP/src/Backend/OrderService/build/classes/main/smpl/ordering/OrderingInitializer.class], file [/opt/Projects/PartsUnlimitedMRP/src/Backend/OrderService/build/classes/main/smpl/ordering/PostgresqlProperties.class], file [/opt/Projects/PartsUnlimitedMRP/src/Backend/OrderService/build/classes/main/smpl/ordering/PropertyHelper.class], file [/opt/Projects/PartsUnlimitedMRP/src/Backend/OrderService/build/classes/main/smpl/ordering/SimpleCORSFilter.class], file [/opt/Projects/PartsUnlimitedMRP/src/Backend/OrderService/build/classes/main/smpl/ordering/TestPath.class], file [/opt/Projects/PartsUnlimitedMRP/src/Backend/OrderService/build/classes/main/smpl/ordering/Utility.class], file [/opt/Projects/PartsUnlimitedMRP/src/Backend/OrderService/build/classes/main/smpl/ordering/controllers/CatalogController.class], file [/opt/Projects/PartsUnlimitedMRP/src/Backend/OrderService/build/classes/main/smpl/ordering/controllers/DealerController.class], file [/opt/Projects/PartsUnlimitedMRP/src/Backend/OrderService/build/classes/main/smpl/ordering/controllers/OrderController.class], file [/opt/Projects/PartsUnlimitedMRP/src/Backend/OrderService/build/classes/main/smpl/ordering/controllers/PingController.class], file [/opt/Projects/PartsUnlimitedMRP/src/Backend/OrderService/build/classes/main/smpl/ordering/controllers/QuoteController.class], file [/opt/Projects/PartsUnlimitedMRP/src/Backend/OrderService/build/classes/main/smpl/ordering/controllers/ShipmentController.class]]
00:19:46.418 [Test worker] DEBUG o.s.c.a.ClassPathBeanDefinitionScanner - Identified candidate component class: file [/opt/Projects/PartsUnlimitedMRP/src/Backend/OrderService/build/classes/main/smpl/ordering/AppInsightsFilter.class]
00:19:46.418 [Test worker] DEBUG o.s.c.a.ClassPathBeanDefinitionScanner - Identified candidate component class: file [/opt/Projects/PartsUnlimitedMRP/src/Backend/OrderService/build/classes/main/smpl/ordering/OrderingConfiguration.class]
00:19:46.420 [Test worker] DEBUG o.s.c.a.ClassPathBeanDefinitionScanner - Identified candidate component class: file [/opt/Projects/PartsUnlimitedMRP/src/Backend/OrderService/build/classes/main/smpl/ordering/SimpleCORSFilter.class]
00:19:46.421 [Test worker] DEBUG o.s.c.a.ClassPathBeanDefinitionScanner - Identified candidate component class: file [/opt/Projects/PartsUnlimitedMRP/src/Backend/OrderService/build/classes/main/smpl/ordering/controllers/CatalogController.class]
00:19:46.421 [Test worker] DEBUG o.s.c.a.ClassPathBeanDefinitionScanner - Identified candidate component class: file [/opt/Projects/PartsUnlimitedMRP/src/Backend/OrderService/build/classes/main/smpl/ordering/controllers/DealerController.class]
00:19:46.421 [Test worker] DEBUG o.s.c.a.ClassPathBeanDefinitionScanner - Identified candidate component class: file [/opt/Projects/PartsUnlimitedMRP/src/Backend/OrderService/build/classes/main/smpl/ordering/controllers/OrderController.class]
00:19:46.422 [Test worker] DEBUG o.s.c.a.ClassPathBeanDefinitionScanner - Identified candidate component class: file [/opt/Projects/PartsUnlimitedMRP/src/Backend/OrderService/build/classes/main/smpl/ordering/controllers/PingController.class]
00:19:46.422 [Test worker] DEBUG o.s.c.a.ClassPathBeanDefinitionScanner - Identified candidate component class: file [/opt/Projects/PartsUnlimitedMRP/src/Backend/OrderService/build/classes/main/smpl/ordering/controllers/QuoteController.class]
00:19:46.441 [Test worker] DEBUG o.s.c.a.ClassPathBeanDefinitionScanner - Identified candidate component class: file [/opt/Projects/PartsUnlimitedMRP/src/Backend/OrderService/build/classes/main/smpl/ordering/controllers/ShipmentController.class]
00:19:46.442 [Test worker] DEBUG o.s.b.f.s.DefaultListableBeanFactory - Returning cached instance of singleton bean 'autoConfigurationReport'
00:19:46.443 [Test worker] DEBUG o.s.b.f.s.DefaultListableBeanFactory - Returning cached instance of singleton bean 'autoConfigurationReport'
00:19:46.443 [Test worker] DEBUG o.s.core.env.StandardEnvironment - Adding [systemProperties] PropertySource with lowest search precedence
00:19:46.443 [Test worker] DEBUG o.s.core.env.StandardEnvironment - Adding [systemEnvironment] PropertySource with lowest search precedence
00:19:46.443 [Test worker] DEBUG o.s.core.env.StandardEnvironment - Initialized StandardEnvironment with PropertySources [systemProperties,systemEnvironment]
00:19:46.443 [Test worker] DEBUG o.s.c.a.ClassPathBeanDefinitionScanner - JSR-250 'javax.annotation.ManagedBean' found and supported for component scanning
00:19:46.443 [Test worker] DEBUG o.s.c.i.s.PathMatchingResourcePatternResolver - Looking for matching resources in directory tree [/opt/Projects/PartsUnlimitedMRP/src/Backend/OrderService/build/classes/test/smpl/ordering]
00:19:46.443 [Test worker] DEBUG o.s.c.i.s.PathMatchingResourcePatternResolver - Searching directory [/opt/Projects/PartsUnlimitedMRP/src/Backend/OrderService/build/classes/test/smpl/ordering] for files matching pattern [/opt/Projects/PartsUnlimitedMRP/src/Backend/OrderService/build/classes/test/smpl/ordering/**/*.class]
00:19:46.443 [Test worker] DEBUG o.s.c.i.s.PathMatchingResourcePatternResolver - Searching directory [/opt/Projects/PartsUnlimitedMRP/src/Backend/OrderService/build/classes/test/smpl/ordering/controllers] for files matching pattern [/opt/Projects/PartsUnlimitedMRP/src/Backend/OrderService/build/classes/test/smpl/ordering/**/*.class]
00:19:46.444 [Test worker] DEBUG o.s.c.i.s.PathMatchingResourcePatternResolver - Searching directory [/opt/Projects/PartsUnlimitedMRP/src/Backend/OrderService/build/classes/test/smpl/ordering/repositories] for files matching pattern [/opt/Projects/PartsUnlimitedMRP/src/Backend/OrderService/build/classes/test/smpl/ordering/**/*.class]
00:19:46.444 [Test worker] DEBUG o.s.c.i.s.PathMatchingResourcePatternResolver - Searching directory [/opt/Projects/PartsUnlimitedMRP/src/Backend/OrderService/build/classes/test/smpl/ordering/repositories/mock] for files matching pattern [/opt/Projects/PartsUnlimitedMRP/src/Backend/OrderService/build/classes/test/smpl/ordering/**/*.class]
00:19:46.444 [Test worker] DEBUG o.s.c.i.s.PathMatchingResourcePatternResolver - Searching directory [/opt/Projects/PartsUnlimitedMRP/src/Backend/OrderService/build/classes/test/smpl/ordering/repositories/mock/test] for files matching pattern [/opt/Projects/PartsUnlimitedMRP/src/Backend/OrderService/build/classes/test/smpl/ordering/**/*.class]
00:19:46.444 [Test worker] DEBUG o.s.c.i.s.PathMatchingResourcePatternResolver - Searching directory [/opt/Projects/PartsUnlimitedMRP/src/Backend/OrderService/build/classes/test/smpl/ordering/repositories/mongodb] for files matching pattern [/opt/Projects/PartsUnlimitedMRP/src/Backend/OrderService/build/classes/test/smpl/ordering/**/*.class]
00:19:46.444 [Test worker] DEBUG o.s.c.i.s.PathMatchingResourcePatternResolver - Searching directory [/opt/Projects/PartsUnlimitedMRP/src/Backend/OrderService/build/classes/test/smpl/ordering/repositories/mongodb/test] for files matching pattern [/opt/Projects/PartsUnlimitedMRP/src/Backend/OrderService/build/classes/test/smpl/ordering/**/*.class]
00:19:46.444 [Test worker] DEBUG o.s.c.i.s.PathMatchingResourcePatternResolver - Looking for matching resources in directory tree [/opt/Projects/PartsUnlimitedMRP/src/Backend/OrderService/build/classes/main/smpl/ordering]
00:19:46.444 [Test worker] DEBUG o.s.c.i.s.PathMatchingResourcePatternResolver - Searching directory [/opt/Projects/PartsUnlimitedMRP/src/Backend/OrderService/build/classes/main/smpl/ordering] for files matching pattern [/opt/Projects/PartsUnlimitedMRP/src/Backend/OrderService/build/classes/main/smpl/ordering/**/*.class]
00:19:46.444 [Test worker] DEBUG o.s.c.i.s.PathMatchingResourcePatternResolver - Searching directory [/opt/Projects/PartsUnlimitedMRP/src/Backend/OrderService/build/classes/main/smpl/ordering/repositories] for files matching pattern [/opt/Projects/PartsUnlimitedMRP/src/Backend/OrderService/build/classes/main/smpl/ordering/**/*.class]
00:19:46.445 [Test worker] DEBUG o.s.c.i.s.PathMatchingResourcePatternResolver - Searching directory [/opt/Projects/PartsUnlimitedMRP/src/Backend/OrderService/build/classes/main/smpl/ordering/repositories/mock] for files matching pattern [/opt/Projects/PartsUnlimitedMRP/src/Backend/OrderService/build/classes/main/smpl/ordering/**/*.class]
00:19:46.445 [Test worker] DEBUG o.s.c.i.s.PathMatchingResourcePatternResolver - Searching directory [/opt/Projects/PartsUnlimitedMRP/src/Backend/OrderService/build/classes/main/smpl/ordering/repositories/mongodb] for files matching pattern [/opt/Projects/PartsUnlimitedMRP/src/Backend/OrderService/build/classes/main/smpl/ordering/**/*.class]
00:19:46.445 [Test worker] DEBUG o.s.c.i.s.PathMatchingResourcePatternResolver - Searching directory [/opt/Projects/PartsUnlimitedMRP/src/Backend/OrderService/build/classes/main/smpl/ordering/repositories/mongodb/models] for files matching pattern [/opt/Projects/PartsUnlimitedMRP/src/Backend/OrderService/build/classes/main/smpl/ordering/**/*.class]
00:19:46.445 [Test worker] DEBUG o.s.c.i.s.PathMatchingResourcePatternResolver - Searching directory [/opt/Projects/PartsUnlimitedMRP/src/Backend/OrderService/build/classes/main/smpl/ordering/models] for files matching pattern [/opt/Projects/PartsUnlimitedMRP/src/Backend/OrderService/build/classes/main/smpl/ordering/**/*.class]
00:19:46.445 [Test worker] DEBUG o.s.c.i.s.PathMatchingResourcePatternResolver - Searching directory [/opt/Projects/PartsUnlimitedMRP/src/Backend/OrderService/build/classes/main/smpl/ordering/controllers] for files matching pattern [/opt/Projects/PartsUnlimitedMRP/src/Backend/OrderService/build/classes/main/smpl/ordering/**/*.class]
00:19:46.446 [Test worker] DEBUG o.s.c.i.s.PathMatchingResourcePatternResolver - Resolved location pattern [classpath*:smpl/ordering/**/*.class] to resources [file [/opt/Projects/PartsUnlimitedMRP/src/Backend/OrderService/build/classes/test/smpl/ordering/ConfigurationRule.class], file [/opt/Projects/PartsUnlimitedMRP/src/Backend/OrderService/build/classes/test/smpl/ordering/TestOrderingConfiguration.class], file [/opt/Projects/PartsUnlimitedMRP/src/Backend/OrderService/build/classes/test/smpl/ordering/UtilityTest.class], file [/opt/Projects/PartsUnlimitedMRP/src/Backend/OrderService/build/classes/test/smpl/ordering/controllers/CatalogControllerTest.class], file [/opt/Projects/PartsUnlimitedMRP/src/Backend/OrderService/build/classes/test/smpl/ordering/controllers/DealerControllerTest.class], file [/opt/Projects/PartsUnlimitedMRP/src/Backend/OrderService/build/classes/test/smpl/ordering/controllers/OrderControllerTest.class], file [/opt/Projects/PartsUnlimitedMRP/src/Backend/OrderService/build/classes/test/smpl/ordering/controllers/QuoteControllerTest.class], file [/opt/Projects/PartsUnlimitedMRP/src/Backend/OrderService/build/classes/test/smpl/ordering/controllers/ShipmentControllerTest.class], file [/opt/Projects/PartsUnlimitedMRP/src/Backend/OrderService/build/classes/test/smpl/ordering/repositories/CatalogItemsRepositoryTest.class], file [/opt/Projects/PartsUnlimitedMRP/src/Backend/OrderService/build/classes/test/smpl/ordering/repositories/DealersRepositoryTest.class], file [/opt/Projects/PartsUnlimitedMRP/src/Backend/OrderService/build/classes/test/smpl/ordering/repositories/OrderRepositoryTest.class], file [/opt/Projects/PartsUnlimitedMRP/src/Backend/OrderService/build/classes/test/smpl/ordering/repositories/QuoteRepositoryTest.class], file [/opt/Projects/PartsUnlimitedMRP/src/Backend/OrderService/build/classes/test/smpl/ordering/repositories/ShipmentRepositoryTest.class], file [/opt/Projects/PartsUnlimitedMRP/src/Backend/OrderService/build/classes/test/smpl/ordering/repositories/mock/test/MockCatalogItemsRepositoryTest.class], file [/opt/Projects/PartsUnlimitedMRP/src/Backend/OrderService/build/classes/test/smpl/ordering/repositories/mock/test/MockDealersRepositoryTest.class], file [/opt/Projects/PartsUnlimitedMRP/src/Backend/OrderService/build/classes/test/smpl/ordering/repositories/mock/test/MockOrderRepositoryTest.class], file [/opt/Projects/PartsUnlimitedMRP/src/Backend/OrderService/build/classes/test/smpl/ordering/repositories/mock/test/MockQuoteRepositoryTest.class], file [/opt/Projects/PartsUnlimitedMRP/src/Backend/OrderService/build/classes/test/smpl/ordering/repositories/mock/test/MockShipmentRepositoryTest.class], file [/opt/Projects/PartsUnlimitedMRP/src/Backend/OrderService/build/classes/test/smpl/ordering/repositories/mongodb/test/IntegrationTests.class], file [/opt/Projects/PartsUnlimitedMRP/src/Backend/OrderService/build/classes/test/smpl/ordering/repositories/mongodb/test/MongoCatalogItemsRepositoryTest.class], file [/opt/Projects/PartsUnlimitedMRP/src/Backend/OrderService/build/classes/test/smpl/ordering/repositories/mongodb/test/MongoDealersRepositoryTest.class], file [/opt/Projects/PartsUnlimitedMRP/src/Backend/OrderService/build/classes/test/smpl/ordering/repositories/mongodb/test/MongoOrderRepositoryTest.class], file [/opt/Projects/PartsUnlimitedMRP/src/Backend/OrderService/build/classes/test/smpl/ordering/repositories/mongodb/test/MongoQuoteRepositoryTest.class], file [/opt/Projects/PartsUnlimitedMRP/src/Backend/OrderService/build/classes/test/smpl/ordering/repositories/mongodb/test/MongoShipmentRepositoryTest.class], file [/opt/Projects/PartsUnlimitedMRP/src/Backend/OrderService/build/classes/main/smpl/ordering/AppInsightsFilter.class], file [/opt/Projects/PartsUnlimitedMRP/src/Backend/OrderService/build/classes/main/smpl/ordering/BadRequestException.class], file [/opt/Projects/PartsUnlimitedMRP/src/Backend/OrderService/build/classes/main/smpl/ordering/ConflictingRequestException.class], file [/opt/Projects/PartsUnlimitedMRP/src/Backend/OrderService/build/classes/main/smpl/ordering/MongoDBProperties.class], file [/opt/Projects/PartsUnlimitedMRP/src/Backend/OrderService/build/classes/main/smpl/ordering/OrderingConfiguration.class], file [/opt/Projects/PartsUnlimitedMRP/src/Backend/OrderService/build/classes/main/smpl/ordering/repositories/RepositoryFactory$Repositories.class], file [/opt/Projects/PartsUnlimitedMRP/src/Backend/OrderService/build/classes/main/smpl/ordering/repositories/RepositoryFactory$1.class], file [/opt/Projects/PartsUnlimitedMRP/src/Backend/OrderService/build/classes/main/smpl/ordering/repositories/RepositoryFactory.class], file [/opt/Projects/PartsUnlimitedMRP/src/Backend/OrderService/build/classes/main/smpl/ordering/repositories/CatalogItemsRepository.class], file [/opt/Projects/PartsUnlimitedMRP/src/Backend/OrderService/build/classes/main/smpl/ordering/repositories/DealersRepository.class], file [/opt/Projects/PartsUnlimitedMRP/src/Backend/OrderService/build/classes/main/smpl/ordering/repositories/OrderRepository.class], file [/opt/Projects/PartsUnlimitedMRP/src/Backend/OrderService/build/classes/main/smpl/ordering/repositories/QuoteRepository.class], file [/opt/Projects/PartsUnlimitedMRP/src/Backend/OrderService/build/classes/main/smpl/ordering/repositories/ShipmentRepository.class], file [/opt/Projects/PartsUnlimitedMRP/src/Backend/OrderService/build/classes/main/smpl/ordering/repositories/mock/MockCatalogItemsRepository.class], file [/opt/Projects/PartsUnlimitedMRP/src/Backend/OrderService/build/classes/main/smpl/ordering/repositories/mock/MockDealersRepository.class], file [/opt/Projects/PartsUnlimitedMRP/src/Backend/OrderService/build/classes/main/smpl/ordering/repositories/mock/MockOrderRepository.class], file [/opt/Projects/PartsUnlimitedMRP/src/Backend/OrderService/build/classes/main/smpl/ordering/repositories/mock/MockQuoteRepository.class], file [/opt/Projects/PartsUnlimitedMRP/src/Backend/OrderService/build/classes/main/smpl/ordering/repositories/mock/MockShipmentRepository.class], file [/opt/Projects/PartsUnlimitedMRP/src/Backend/OrderService/build/classes/main/smpl/ordering/repositories/mongodb/MongoCatalogItemsRepository.class], file [/opt/Projects/PartsUnlimitedMRP/src/Backend/OrderService/build/classes/main/smpl/ordering/repositories/mongodb/models/CatalogItem.class], file [/opt/Projects/PartsUnlimitedMRP/src/Backend/OrderService/build/classes/main/smpl/ordering/repositories/mongodb/models/OrderDetails.class], file [/opt/Projects/PartsUnlimitedMRP/src/Backend/OrderService/build/classes/main/smpl/ordering/repositories/mongodb/models/QuoteDetails.class], file [/opt/Projects/PartsUnlimitedMRP/src/Backend/OrderService/build/classes/main/smpl/ordering/repositories/mongodb/models/ShipmentDetails.class], file [/opt/Projects/PartsUnlimitedMRP/src/Backend/OrderService/build/classes/main/smpl/ordering/repositories/mongodb/models/Dealer.class], file [/opt/Projects/PartsUnlimitedMRP/src/Backend/OrderService/build/classes/main/smpl/ordering/repositories/mongodb/MongoDealersRepository.class], file [/opt/Projects/PartsUnlimitedMRP/src/Backend/OrderService/build/classes/main/smpl/ordering/repositories/mongodb/MongoOperationsWithRetry.class], file [/opt/Projects/PartsUnlimitedMRP/src/Backend/OrderService/build/classes/main/smpl/ordering/repositories/mongodb/MongoOrderRepository.class], file [/opt/Projects/PartsUnlimitedMRP/src/Backend/OrderService/build/classes/main/smpl/ordering/repositories/mongodb/MongoQuoteRepository.class], file [/opt/Projects/PartsUnlimitedMRP/src/Backend/OrderService/build/classes/main/smpl/ordering/repositories/mongodb/MongoShipmentRepository.class], file [/opt/Projects/PartsUnlimitedMRP/src/Backend/OrderService/build/classes/main/smpl/ordering/OrderingServiceProperties.class], file [/opt/Projects/PartsUnlimitedMRP/src/Backend/OrderService/build/classes/main/smpl/ordering/models/CatalogItem.class], file [/opt/Projects/PartsUnlimitedMRP/src/Backend/OrderService/build/classes/main/smpl/ordering/models/DealerInfo.class], file [/opt/Projects/PartsUnlimitedMRP/src/Backend/OrderService/build/classes/main/smpl/ordering/models/Order.class], file [/opt/Projects/PartsUnlimitedMRP/src/Backend/OrderService/build/classes/main/smpl/ordering/models/OrderStatus.class], file [/opt/Projects/PartsUnlimitedMRP/src/Backend/OrderService/build/classes/main/smpl/ordering/models/OrderUpdateInfo.class], file [/opt/Projects/PartsUnlimitedMRP/src/Backend/OrderService/build/classes/main/smpl/ordering/models/Quote.class], file [/opt/Projects/PartsUnlimitedMRP/src/Backend/OrderService/build/classes/main/smpl/ordering/models/ShipmentRecord.class], file [/opt/Projects/PartsUnlimitedMRP/src/Backend/OrderService/build/classes/main/smpl/ordering/models/ShipmentEventInfo.class], file [/opt/Projects/PartsUnlimitedMRP/src/Backend/OrderService/build/classes/main/smpl/ordering/models/OrderEventInfo.class], file [/opt/Projects/PartsUnlimitedMRP/src/Backend/OrderService/build/classes/main/smpl/ordering/models/QuoteItemInfo.class], file [/opt/Projects/PartsUnlimitedMRP/src/Backend/OrderService/build/classes/main/smpl/ordering/models/DeliveryAddress.class], file [/opt/Projects/PartsUnlimitedMRP/src/Backend/OrderService/build/classes/main/smpl/ordering/models/PhoneInfo.class], file [/opt/Projects/PartsUnlimitedMRP/src/Backend/OrderService/build/classes/main/smpl/ordering/models/Delivery.class], file [/opt/Projects/PartsUnlimitedMRP/src/Backend/OrderService/build/classes/main/smpl/ordering/OrderingInitializer.class], file [/opt/Projects/PartsUnlimitedMRP/src/Backend/OrderService/build/classes/main/smpl/ordering/PostgresqlProperties.class], file [/opt/Projects/PartsUnlimitedMRP/src/Backend/OrderService/build/classes/main/smpl/ordering/PropertyHelper.class], file [/opt/Projects/PartsUnlimitedMRP/src/Backend/OrderService/build/classes/main/smpl/ordering/SimpleCORSFilter.class], file [/opt/Projects/PartsUnlimitedMRP/src/Backend/OrderService/build/classes/main/smpl/ordering/TestPath.class], file [/opt/Projects/PartsUnlimitedMRP/src/Backend/OrderService/build/classes/main/smpl/ordering/Utility.class], file [/opt/Projects/PartsUnlimitedMRP/src/Backend/OrderService/build/classes/main/smpl/ordering/controllers/CatalogController.class], file [/opt/Projects/PartsUnlimitedMRP/src/Backend/OrderService/build/classes/main/smpl/ordering/controllers/DealerController.class], file [/opt/Projects/PartsUnlimitedMRP/src/Backend/OrderService/build/classes/main/smpl/ordering/controllers/OrderController.class], file [/opt/Projects/PartsUnlimitedMRP/src/Backend/OrderService/build/classes/main/smpl/ordering/controllers/PingController.class], file [/opt/Projects/PartsUnlimitedMRP/src/Backend/OrderService/build/classes/main/smpl/ordering/controllers/QuoteController.class], file [/opt/Projects/PartsUnlimitedMRP/src/Backend/OrderService/build/classes/main/smpl/ordering/controllers/ShipmentController.class]]
00:19:46.446 [Test worker] DEBUG o.s.c.a.ClassPathBeanDefinitionScanner - Identified candidate component class: file [/opt/Projects/PartsUnlimitedMRP/src/Backend/OrderService/build/classes/test/smpl/ordering/TestOrderingConfiguration.class]
00:19:46.448 [Test worker] DEBUG o.s.c.a.ClassPathBeanDefinitionScanner - Identified candidate component class: file [/opt/Projects/PartsUnlimitedMRP/src/Backend/OrderService/build/classes/main/smpl/ordering/AppInsightsFilter.class]
00:19:46.451 [Test worker] DEBUG o.s.c.a.ClassPathBeanDefinitionScanner - Identified candidate component class: file [/opt/Projects/PartsUnlimitedMRP/src/Backend/OrderService/build/classes/main/smpl/ordering/SimpleCORSFilter.class]
00:19:46.451 [Test worker] DEBUG o.s.c.a.ClassPathBeanDefinitionScanner - Identified candidate component class: file [/opt/Projects/PartsUnlimitedMRP/src/Backend/OrderService/build/classes/main/smpl/ordering/controllers/CatalogController.class]
00:19:46.457 [Test worker] DEBUG o.s.c.a.ClassPathBeanDefinitionScanner - Identified candidate component class: file [/opt/Projects/PartsUnlimitedMRP/src/Backend/OrderService/build/classes/main/smpl/ordering/controllers/DealerController.class]
00:19:46.458 [Test worker] DEBUG o.s.c.a.ClassPathBeanDefinitionScanner - Identified candidate component class: file [/opt/Projects/PartsUnlimitedMRP/src/Backend/OrderService/build/classes/main/smpl/ordering/controllers/OrderController.class]
00:19:46.458 [Test worker] DEBUG o.s.c.a.ClassPathBeanDefinitionScanner - Identified candidate component class: file [/opt/Projects/PartsUnlimitedMRP/src/Backend/OrderService/build/classes/main/smpl/ordering/controllers/PingController.class]
00:19:46.458 [Test worker] DEBUG o.s.c.a.ClassPathBeanDefinitionScanner - Identified candidate component class: file [/opt/Projects/PartsUnlimitedMRP/src/Backend/OrderService/build/classes/main/smpl/ordering/controllers/QuoteController.class]
00:19:46.458 [Test worker] DEBUG o.s.c.a.ClassPathBeanDefinitionScanner - Identified candidate component class: file [/opt/Projects/PartsUnlimitedMRP/src/Backend/OrderService/build/classes/main/smpl/ordering/controllers/ShipmentController.class]
00:19:46.480 [Test worker] DEBUG o.s.c.t.c.AnnotationAttributesReadingVisitor - Failed to class-load type while reading annotation metadata. This is a non-fatal error, but certain annotation metadata may be unavailable.
java.lang.ClassNotFoundException: org.springframework.security.config.annotation.web.configuration.EnableWebSecurity
	at java.net.URLClassLoader.findClass(URLClassLoader.java:381) ~[na:1.8.0_181]
	at java.lang.ClassLoader.loadClass(ClassLoader.java:424) ~[na:1.8.0_181]
	at sun.misc.Launcher$AppClassLoader.loadClass(Launcher.java:349) ~[na:1.8.0_181]
	at java.lang.ClassLoader.loadClass(ClassLoader.java:357) ~[na:1.8.0_181]
	at org.springframework.core.type.classreading.RecursiveAnnotationAttributesVisitor.visitEnd(AnnotationAttributesReadingVisitor.java:181) ~[spring-core-4.0.7.RELEASE.jar:4.0.7.RELEASE]
	at org.springframework.asm.ClassReader.readAnnotationValues(ClassReader.java:1788) [spring-core-4.0.7.RELEASE.jar:4.0.7.RELEASE]
	at org.springframework.asm.ClassReader.accept(ClassReader.java:642) [spring-core-4.0.7.RELEASE.jar:4.0.7.RELEASE]
	at org.springframework.asm.ClassReader.accept(ClassReader.java:508) [spring-core-4.0.7.RELEASE.jar:4.0.7.RELEASE]
	at org.springframework.core.type.classreading.SimpleMetadataReader.<init>(SimpleMetadataReader.java:64) [spring-core-4.0.7.RELEASE.jar:4.0.7.RELEASE]
	at org.springframework.core.type.classreading.SimpleMetadataReaderFactory.getMetadataReader(SimpleMetadataReaderFactory.java:82) [spring-core-4.0.7.RELEASE.jar:4.0.7.RELEASE]
	at org.springframework.core.type.classreading.CachingMetadataReaderFactory.getMetadataReader(CachingMetadataReaderFactory.java:102) [spring-core-4.0.7.RELEASE.jar:4.0.7.RELEASE]
	at org.springframework.core.type.classreading.SimpleMetadataReaderFactory.getMetadataReader(SimpleMetadataReaderFactory.java:77) [spring-core-4.0.7.RELEASE.jar:4.0.7.RELEASE]
	at org.springframework.boot.autoconfigure.AutoConfigurationSorter$AutoConfigurationClasses.<init>(AutoConfigurationSorter.java:125) [spring-boot-autoconfigure-1.1.7.RELEASE.jar:1.1.7.RELEASE]
	at org.springframework.boot.autoconfigure.AutoConfigurationSorter.getInPriorityOrder(AutoConfigurationSorter.java:60) [spring-boot-autoconfigure-1.1.7.RELEASE.jar:1.1.7.RELEASE]
	at org.springframework.boot.autoconfigure.EnableAutoConfigurationImportSelector.selectImports(EnableAutoConfigurationImportSelector.java:72) [spring-boot-autoconfigure-1.1.7.RELEASE.jar:1.1.7.RELEASE]
	at org.springframework.context.annotation.ConfigurationClassParser.processDeferredImportSelectors(ConfigurationClassParser.java:388) [spring-context-4.0.7.RELEASE.jar:4.0.7.RELEASE]
	at org.springframework.context.annotation.ConfigurationClassParser.parse(ConfigurationClassParser.java:165) [spring-context-4.0.7.RELEASE.jar:4.0.7.RELEASE]
	at org.springframework.context.annotation.ConfigurationClassPostProcessor.processConfigBeanDefinitions(ConfigurationClassPostProcessor.java:305) [spring-context-4.0.7.RELEASE.jar:4.0.7.RELEASE]
	at org.springframework.context.annotation.ConfigurationClassPostProcessor.postProcessBeanDefinitionRegistry(ConfigurationClassPostProcessor.java:243) [spring-context-4.0.7.RELEASE.jar:4.0.7.RELEASE]
	at org.springframework.context.support.PostProcessorRegistrationDelegate.invokeBeanDefinitionRegistryPostProcessors(PostProcessorRegistrationDelegate.java:254) [spring-context-4.0.7.RELEASE.jar:4.0.7.RELEASE]
	at org.springframework.context.support.PostProcessorRegistrationDelegate.invokeBeanFactoryPostProcessors(PostProcessorRegistrationDelegate.java:94) [spring-context-4.0.7.RELEASE.jar:4.0.7.RELEASE]
	at org.springframework.context.support.AbstractApplicationContext.invokeBeanFactoryPostProcessors(AbstractApplicationContext.java:611) [spring-context-4.0.7.RELEASE.jar:4.0.7.RELEASE]
	at org.springframework.context.support.AbstractApplicationContext.refresh(AbstractApplicationContext.java:464) [spring-context-4.0.7.RELEASE.jar:4.0.7.RELEASE]
	at org.springframework.context.annotation.AnnotationConfigApplicationContext.<init>(AnnotationConfigApplicationContext.java:84) [spring-context-4.0.7.RELEASE.jar:4.0.7.RELEASE]
	at smpl.ordering.ConfigurationRule.apply(ConfigurationRule.java:18) [test/:na]
	at org.junit.rules.RunRules.applyAll(RunRules.java:26) [junit-4.11.jar:na]
	at org.junit.rules.RunRules.<init>(RunRules.java:15) [junit-4.11.jar:na]
	at org.junit.runners.BlockJUnit4ClassRunner.withTestRules(BlockJUnit4ClassRunner.java:379) [junit-4.11.jar:na]
	at org.junit.runners.BlockJUnit4ClassRunner.withRules(BlockJUnit4ClassRunner.java:340) [junit-4.11.jar:na]
	at org.junit.runners.BlockJUnit4ClassRunner.methodBlock(BlockJUnit4ClassRunner.java:256) [junit-4.11.jar:na]
	at org.junit.runners.BlockJUnit4ClassRunner.runChild(BlockJUnit4ClassRunner.java:70) [junit-4.11.jar:na]
	at org.junit.runners.BlockJUnit4ClassRunner.runChild(BlockJUnit4ClassRunner.java:50) [junit-4.11.jar:na]
	at org.junit.runners.ParentRunner$3.run(ParentRunner.java:238) [junit-4.11.jar:na]
	at org.junit.runners.ParentRunner$1.schedule(ParentRunner.java:63) [junit-4.11.jar:na]
	at org.junit.runners.ParentRunner.runChildren(ParentRunner.java:236) [junit-4.11.jar:na]
	at org.junit.runners.ParentRunner.access$000(ParentRunner.java:53) [junit-4.11.jar:na]
	at org.junit.runners.ParentRunner$2.evaluate(ParentRunner.java:229) [junit-4.11.jar:na]
	at org.junit.runners.ParentRunner.run(ParentRunner.java:309) [junit-4.11.jar:na]
	at org.gradle.api.internal.tasks.testing.junit.JUnitTestClassExecuter.runTestClass(JUnitTestClassExecuter.java:86) [gradle-plugins-2.1.jar:2.1]
	at org.gradle.api.internal.tasks.testing.junit.JUnitTestClassExecuter.execute(JUnitTestClassExecuter.java:49) [gradle-plugins-2.1.jar:2.1]
	at org.gradle.api.internal.tasks.testing.junit.JUnitTestClassProcessor.processTestClass(JUnitTestClassProcessor.java:69) [gradle-plugins-2.1.jar:2.1]
	at org.gradle.api.internal.tasks.testing.SuiteTestClassProcessor.processTestClass(SuiteTestClassProcessor.java:48) [gradle-plugins-2.1.jar:2.1]
	at sun.reflect.NativeMethodAccessorImpl.invoke0(Native Method) ~[na:1.8.0_181]
	at sun.reflect.NativeMethodAccessorImpl.invoke(NativeMethodAccessorImpl.java:62) ~[na:1.8.0_181]
	at sun.reflect.DelegatingMethodAccessorImpl.invoke(DelegatingMethodAccessorImpl.java:43) ~[na:1.8.0_181]
	at java.lang.reflect.Method.invoke(Method.java:498) ~[na:1.8.0_181]
	at org.gradle.messaging.dispatch.ReflectionDispatch.dispatch(ReflectionDispatch.java:35) [gradle-messaging-2.1.jar:2.1]
	at org.gradle.messaging.dispatch.ReflectionDispatch.dispatch(ReflectionDispatch.java:24) [gradle-messaging-2.1.jar:2.1]
	at org.gradle.messaging.dispatch.ContextClassLoaderDispatch.dispatch(ContextClassLoaderDispatch.java:32) [gradle-messaging-2.1.jar:2.1]
	at org.gradle.messaging.dispatch.ProxyDispatchAdapter$DispatchingInvocationHandler.invoke(ProxyDispatchAdapter.java:93) [gradle-messaging-2.1.jar:2.1]
	at com.sun.proxy.$Proxy2.processTestClass(Unknown Source) [na:na]
	at org.gradle.api.internal.tasks.testing.worker.TestWorker.processTestClass(TestWorker.java:105) [gradle-plugins-2.1.jar:2.1]
	at sun.reflect.NativeMethodAccessorImpl.invoke0(Native Method) ~[na:1.8.0_181]
	at sun.reflect.NativeMethodAccessorImpl.invoke(NativeMethodAccessorImpl.java:62) ~[na:1.8.0_181]
	at sun.reflect.DelegatingMethodAccessorImpl.invoke(DelegatingMethodAccessorImpl.java:43) ~[na:1.8.0_181]
	at java.lang.reflect.Method.invoke(Method.java:498) ~[na:1.8.0_181]
	at org.gradle.messaging.dispatch.ReflectionDispatch.dispatch(ReflectionDispatch.java:35) [gradle-messaging-2.1.jar:2.1]
	at org.gradle.messaging.dispatch.ReflectionDispatch.dispatch(ReflectionDispatch.java:24) [gradle-messaging-2.1.jar:2.1]
	at org.gradle.messaging.remote.internal.hub.MessageHub$Handler.run(MessageHub.java:355) [gradle-messaging-2.1.jar:2.1]
	at org.gradle.internal.concurrent.DefaultExecutorFactory$StoppableExecutorImpl$1.run(DefaultExecutorFactory.java:64) [gradle-base-services-2.1.jar:2.1]
	at java.util.concurrent.ThreadPoolExecutor.runWorker(ThreadPoolExecutor.java:1149) [na:1.8.0_181]
	at java.util.concurrent.ThreadPoolExecutor$Worker.run(ThreadPoolExecutor.java:624) [na:1.8.0_181]
	at java.lang.Thread.run(Thread.java:748) [na:1.8.0_181]
00:19:46.503 [Test worker] DEBUG o.s.c.t.c.AnnotationAttributesReadingVisitor - Failed to class-load type while reading annotation metadata. This is a non-fatal error, but certain annotation metadata may be unavailable.
java.lang.ClassNotFoundException: org.springframework.security.config.annotation.web.configuration.EnableWebSecurity
	at java.net.URLClassLoader.findClass(URLClassLoader.java:381) ~[na:1.8.0_181]
	at java.lang.ClassLoader.loadClass(ClassLoader.java:424) ~[na:1.8.0_181]
	at sun.misc.Launcher$AppClassLoader.loadClass(Launcher.java:349) ~[na:1.8.0_181]
	at java.lang.ClassLoader.loadClass(ClassLoader.java:357) ~[na:1.8.0_181]
	at org.springframework.core.type.classreading.RecursiveAnnotationAttributesVisitor.visitEnd(AnnotationAttributesReadingVisitor.java:181) ~[spring-core-4.0.7.RELEASE.jar:4.0.7.RELEASE]
	at org.springframework.asm.ClassReader.readAnnotationValues(ClassReader.java:1788) [spring-core-4.0.7.RELEASE.jar:4.0.7.RELEASE]
	at org.springframework.asm.ClassReader.accept(ClassReader.java:642) [spring-core-4.0.7.RELEASE.jar:4.0.7.RELEASE]
	at org.springframework.asm.ClassReader.accept(ClassReader.java:508) [spring-core-4.0.7.RELEASE.jar:4.0.7.RELEASE]
	at org.springframework.core.type.classreading.SimpleMetadataReader.<init>(SimpleMetadataReader.java:64) [spring-core-4.0.7.RELEASE.jar:4.0.7.RELEASE]
	at org.springframework.core.type.classreading.SimpleMetadataReaderFactory.getMetadataReader(SimpleMetadataReaderFactory.java:82) [spring-core-4.0.7.RELEASE.jar:4.0.7.RELEASE]
	at org.springframework.core.type.classreading.CachingMetadataReaderFactory.getMetadataReader(CachingMetadataReaderFactory.java:102) [spring-core-4.0.7.RELEASE.jar:4.0.7.RELEASE]
	at org.springframework.core.type.classreading.SimpleMetadataReaderFactory.getMetadataReader(SimpleMetadataReaderFactory.java:77) [spring-core-4.0.7.RELEASE.jar:4.0.7.RELEASE]
	at org.springframework.context.annotation.ConfigurationClassParser.asSourceClass(ConfigurationClassParser.java:561) [spring-context-4.0.7.RELEASE.jar:4.0.7.RELEASE]
	at org.springframework.context.annotation.ConfigurationClassParser.asSourceClasses(ConfigurationClassParser.java:548) [spring-context-4.0.7.RELEASE.jar:4.0.7.RELEASE]
	at org.springframework.context.annotation.ConfigurationClassParser.processDeferredImportSelectors(ConfigurationClassParser.java:389) [spring-context-4.0.7.RELEASE.jar:4.0.7.RELEASE]
	at org.springframework.context.annotation.ConfigurationClassParser.parse(ConfigurationClassParser.java:165) [spring-context-4.0.7.RELEASE.jar:4.0.7.RELEASE]
	at org.springframework.context.annotation.ConfigurationClassPostProcessor.processConfigBeanDefinitions(ConfigurationClassPostProcessor.java:305) [spring-context-4.0.7.RELEASE.jar:4.0.7.RELEASE]
	at org.springframework.context.annotation.ConfigurationClassPostProcessor.postProcessBeanDefinitionRegistry(ConfigurationClassPostProcessor.java:243) [spring-context-4.0.7.RELEASE.jar:4.0.7.RELEASE]
	at org.springframework.context.support.PostProcessorRegistrationDelegate.invokeBeanDefinitionRegistryPostProcessors(PostProcessorRegistrationDelegate.java:254) [spring-context-4.0.7.RELEASE.jar:4.0.7.RELEASE]
	at org.springframework.context.support.PostProcessorRegistrationDelegate.invokeBeanFactoryPostProcessors(PostProcessorRegistrationDelegate.java:94) [spring-context-4.0.7.RELEASE.jar:4.0.7.RELEASE]
	at org.springframework.context.support.AbstractApplicationContext.invokeBeanFactoryPostProcessors(AbstractApplicationContext.java:611) [spring-context-4.0.7.RELEASE.jar:4.0.7.RELEASE]
	at org.springframework.context.support.AbstractApplicationContext.refresh(AbstractApplicationContext.java:464) [spring-context-4.0.7.RELEASE.jar:4.0.7.RELEASE]
	at org.springframework.context.annotation.AnnotationConfigApplicationContext.<init>(AnnotationConfigApplicationContext.java:84) [spring-context-4.0.7.RELEASE.jar:4.0.7.RELEASE]
	at smpl.ordering.ConfigurationRule.apply(ConfigurationRule.java:18) [test/:na]
	at org.junit.rules.RunRules.applyAll(RunRules.java:26) [junit-4.11.jar:na]
	at org.junit.rules.RunRules.<init>(RunRules.java:15) [junit-4.11.jar:na]
	at org.junit.runners.BlockJUnit4ClassRunner.withTestRules(BlockJUnit4ClassRunner.java:379) [junit-4.11.jar:na]
	at org.junit.runners.BlockJUnit4ClassRunner.withRules(BlockJUnit4ClassRunner.java:340) [junit-4.11.jar:na]
	at org.junit.runners.BlockJUnit4ClassRunner.methodBlock(BlockJUnit4ClassRunner.java:256) [junit-4.11.jar:na]
	at org.junit.runners.BlockJUnit4ClassRunner.runChild(BlockJUnit4ClassRunner.java:70) [junit-4.11.jar:na]
	at org.junit.runners.BlockJUnit4ClassRunner.runChild(BlockJUnit4ClassRunner.java:50) [junit-4.11.jar:na]
	at org.junit.runners.ParentRunner$3.run(ParentRunner.java:238) [junit-4.11.jar:na]
	at org.junit.runners.ParentRunner$1.schedule(ParentRunner.java:63) [junit-4.11.jar:na]
	at org.junit.runners.ParentRunner.runChildren(ParentRunner.java:236) [junit-4.11.jar:na]
	at org.junit.runners.ParentRunner.access$000(ParentRunner.java:53) [junit-4.11.jar:na]
	at org.junit.runners.ParentRunner$2.evaluate(ParentRunner.java:229) [junit-4.11.jar:na]
	at org.junit.runners.ParentRunner.run(ParentRunner.java:309) [junit-4.11.jar:na]
	at org.gradle.api.internal.tasks.testing.junit.JUnitTestClassExecuter.runTestClass(JUnitTestClassExecuter.java:86) [gradle-plugins-2.1.jar:2.1]
	at org.gradle.api.internal.tasks.testing.junit.JUnitTestClassExecuter.execute(JUnitTestClassExecuter.java:49) [gradle-plugins-2.1.jar:2.1]
	at org.gradle.api.internal.tasks.testing.junit.JUnitTestClassProcessor.processTestClass(JUnitTestClassProcessor.java:69) [gradle-plugins-2.1.jar:2.1]
	at org.gradle.api.internal.tasks.testing.SuiteTestClassProcessor.processTestClass(SuiteTestClassProcessor.java:48) [gradle-plugins-2.1.jar:2.1]
	at sun.reflect.NativeMethodAccessorImpl.invoke0(Native Method) ~[na:1.8.0_181]
	at sun.reflect.NativeMethodAccessorImpl.invoke(NativeMethodAccessorImpl.java:62) ~[na:1.8.0_181]
	at sun.reflect.DelegatingMethodAccessorImpl.invoke(DelegatingMethodAccessorImpl.java:43) ~[na:1.8.0_181]
	at java.lang.reflect.Method.invoke(Method.java:498) ~[na:1.8.0_181]
	at org.gradle.messaging.dispatch.ReflectionDispatch.dispatch(ReflectionDispatch.java:35) [gradle-messaging-2.1.jar:2.1]
	at org.gradle.messaging.dispatch.ReflectionDispatch.dispatch(ReflectionDispatch.java:24) [gradle-messaging-2.1.jar:2.1]
	at org.gradle.messaging.dispatch.ContextClassLoaderDispatch.dispatch(ContextClassLoaderDispatch.java:32) [gradle-messaging-2.1.jar:2.1]
	at org.gradle.messaging.dispatch.ProxyDispatchAdapter$DispatchingInvocationHandler.invoke(ProxyDispatchAdapter.java:93) [gradle-messaging-2.1.jar:2.1]
	at com.sun.proxy.$Proxy2.processTestClass(Unknown Source) [na:na]
	at org.gradle.api.internal.tasks.testing.worker.TestWorker.processTestClass(TestWorker.java:105) [gradle-plugins-2.1.jar:2.1]
	at sun.reflect.NativeMethodAccessorImpl.invoke0(Native Method) ~[na:1.8.0_181]
	at sun.reflect.NativeMethodAccessorImpl.invoke(NativeMethodAccessorImpl.java:62) ~[na:1.8.0_181]
	at sun.reflect.DelegatingMethodAccessorImpl.invoke(DelegatingMethodAccessorImpl.java:43) ~[na:1.8.0_181]
	at java.lang.reflect.Method.invoke(Method.java:498) ~[na:1.8.0_181]
	at org.gradle.messaging.dispatch.ReflectionDispatch.dispatch(ReflectionDispatch.java:35) [gradle-messaging-2.1.jar:2.1]
	at org.gradle.messaging.dispatch.ReflectionDispatch.dispatch(ReflectionDispatch.java:24) [gradle-messaging-2.1.jar:2.1]
	at org.gradle.messaging.remote.internal.hub.MessageHub$Handler.run(MessageHub.java:355) [gradle-messaging-2.1.jar:2.1]
	at org.gradle.internal.concurrent.DefaultExecutorFactory$StoppableExecutorImpl$1.run(DefaultExecutorFactory.java:64) [gradle-base-services-2.1.jar:2.1]
	at java.util.concurrent.ThreadPoolExecutor.runWorker(ThreadPoolExecutor.java:1149) [na:1.8.0_181]
	at java.util.concurrent.ThreadPoolExecutor$Worker.run(ThreadPoolExecutor.java:624) [na:1.8.0_181]
	at java.lang.Thread.run(Thread.java:748) [na:1.8.0_181]
00:19:46.504 [Test worker] DEBUG o.s.c.e.PropertySourcesPropertyResolver - Searching for key 'spring.messages.basename' in [systemProperties]
00:19:46.504 [Test worker] DEBUG o.s.c.e.PropertySourcesPropertyResolver - Searching for key 'spring.messages.basename' in [systemEnvironment]
00:19:46.504 [Test worker] DEBUG o.s.c.e.PropertySourcesPropertyResolver - Could not find key 'spring.messages.basename' in any property source. Returning [null]
00:19:46.517 [Test worker] DEBUG o.s.c.i.s.PathMatchingResourcePatternResolver - Looking for matching resources in directory tree [/opt/Projects/PartsUnlimitedMRP/src/Backend/OrderService/build/classes/test]
00:19:46.517 [Test worker] DEBUG o.s.c.i.s.PathMatchingResourcePatternResolver - Searching directory [/opt/Projects/PartsUnlimitedMRP/src/Backend/OrderService/build/classes/test] for files matching pattern [/opt/Projects/PartsUnlimitedMRP/src/Backend/OrderService/build/classes/test/messages*.properties]
00:19:46.517 [Test worker] DEBUG o.s.c.i.s.PathMatchingResourcePatternResolver - Looking for matching resources in directory tree [/opt/Projects/PartsUnlimitedMRP/src/Backend/OrderService/build/resources/test]
00:19:46.517 [Test worker] DEBUG o.s.c.i.s.PathMatchingResourcePatternResolver - Searching directory [/opt/Projects/PartsUnlimitedMRP/src/Backend/OrderService/build/resources/test] for files matching pattern [/opt/Projects/PartsUnlimitedMRP/src/Backend/OrderService/build/resources/test/messages*.properties]
00:19:46.517 [Test worker] DEBUG o.s.c.i.s.PathMatchingResourcePatternResolver - Looking for matching resources in directory tree [/opt/Projects/PartsUnlimitedMRP/src/Backend/OrderService/build/classes/main]
00:19:46.517 [Test worker] DEBUG o.s.c.i.s.PathMatchingResourcePatternResolver - Searching directory [/opt/Projects/PartsUnlimitedMRP/src/Backend/OrderService/build/classes/main] for files matching pattern [/opt/Projects/PartsUnlimitedMRP/src/Backend/OrderService/build/classes/main/messages*.properties]
00:19:46.517 [Test worker] DEBUG o.s.c.i.s.PathMatchingResourcePatternResolver - Looking for matching resources in directory tree [/opt/Projects/PartsUnlimitedMRP/src/Backend/OrderService/build/resources/main]
00:19:46.517 [Test worker] DEBUG o.s.c.i.s.PathMatchingResourcePatternResolver - Searching directory [/opt/Projects/PartsUnlimitedMRP/src/Backend/OrderService/build/resources/main] for files matching pattern [/opt/Projects/PartsUnlimitedMRP/src/Backend/OrderService/build/resources/main/messages*.properties]
00:19:46.518 [Test worker] DEBUG o.s.c.i.s.PathMatchingResourcePatternResolver - Looking for matching resources in jar file [file:/root/.gradle/caches/2.1/workerMain/gradle-worker.jar]
00:19:46.518 [Test worker] DEBUG o.s.c.i.s.PathMatchingResourcePatternResolver - Looking for matching resources in jar file [file:/root/.gradle/caches/modules-2/files-2.1/org.springframework.boot/spring-boot-starter-web/1.1.7.RELEASE/fbd9a68b95d2267742ac1e276ef2781da666b20e/spring-boot-starter-web-1.1.7.RELEASE.jar]
00:19:46.518 [Test worker] DEBUG o.s.c.i.s.PathMatchingResourcePatternResolver - Looking for matching resources in jar file [file:/root/.gradle/caches/modules-2/files-2.1/org.springframework.boot/spring-boot-starter-actuator/1.1.7.RELEASE/f19f58dac234bd2ed78ea477af6db19e59dc9c51/spring-boot-starter-actuator-1.1.7.RELEASE.jar]
00:19:46.518 [Test worker] DEBUG o.s.c.i.s.PathMatchingResourcePatternResolver - Looking for matching resources in jar file [file:/root/.gradle/caches/modules-2/files-2.1/org.springframework.data/spring-data-mongodb/1.5.4.RELEASE/444d98e53ca4150d35542306bbae1b2f49290695/spring-data-mongodb-1.5.4.RELEASE.jar]
00:19:46.519 [Test worker] DEBUG o.s.c.i.s.PathMatchingResourcePatternResolver - Looking for matching resources in jar file [file:/root/.gradle/caches/modules-2/files-2.1/org.mongodb/mongo-java-driver/2.12.3/12b7358a7740af71a4a52349d014d526a7a26a65/mongo-java-driver-2.12.3.jar]
00:19:46.520 [Test worker] DEBUG o.s.c.i.s.PathMatchingResourcePatternResolver - Looking for matching resources in jar file [file:/root/.gradle/caches/modules-2/files-2.1/org.hibernate/hibernate-core/4.2.0.Final/8542d0dbc6a68509efe9033e804bfe36005ba805/hibernate-core-4.2.0.Final.jar]
00:19:46.529 [Test worker] DEBUG o.s.c.i.s.PathMatchingResourcePatternResolver - Looking for matching resources in jar file [file:/root/.m2/repository/org/stagemonitor/stagemonitor-jdbc/0.88.8/stagemonitor-jdbc-0.88.8.jar]
00:19:46.529 [Test worker] DEBUG o.s.c.i.s.PathMatchingResourcePatternResolver - Looking for matching resources in jar file [file:/root/.m2/repository/org/stagemonitor/stagemonitor-web-servlet/0.88.8/stagemonitor-web-servlet-0.88.8.jar]
00:19:46.530 [Test worker] DEBUG o.s.c.i.s.PathMatchingResourcePatternResolver - Looking for matching resources in jar file [file:/root/.m2/repository/org/stagemonitor/stagemonitor-alerting/0.88.8/stagemonitor-alerting-0.88.8.jar]
00:19:46.530 [Test worker] DEBUG o.s.c.i.s.PathMatchingResourcePatternResolver - Looking for matching resources in jar file [file:/root/.m2/repository/org/stagemonitor/stagemonitor-jvm/0.88.8/stagemonitor-jvm-0.88.8.jar]
00:19:46.530 [Test worker] DEBUG o.s.c.i.s.PathMatchingResourcePatternResolver - Looking for matching resources in jar file [file:/root/.gradle/caches/modules-2/files-2.1/org.stagemonitor/stagemonitor-os/0.88.8/5ff107f0c9465ef3a868a27cba83b45af36d28b/stagemonitor-os-0.88.8.jar]
00:19:46.530 [Test worker] DEBUG o.s.c.i.s.PathMatchingResourcePatternResolver - Looking for matching resources in jar file [file:/root/.m2/repository/org/stagemonitor/stagemonitor-configuration/0.88.8/stagemonitor-configuration-0.88.8.jar]
00:19:46.530 [Test worker] DEBUG o.s.c.i.s.PathMatchingResourcePatternResolver - Looking for matching resources in jar file [file:/root/.m2/repository/org/stagemonitor/stagemonitor-tracing-elasticsearch/0.88.8/stagemonitor-tracing-elasticsearch-0.88.8.jar]
00:19:46.530 [Test worker] DEBUG o.s.c.i.s.PathMatchingResourcePatternResolver - Looking for matching resources in jar file [file:/root/.m2/repository/org/stagemonitor/stagemonitor-tracing/0.88.8/stagemonitor-tracing-0.88.8.jar]
00:19:46.531 [Test worker] DEBUG o.s.c.i.s.PathMatchingResourcePatternResolver - Looking for matching resources in jar file [file:/root/.gradle/caches/modules-2/files-2.1/junit/junit/4.11/4e031bb61df09069aeb2bffb4019e7a5034a4ee0/junit-4.11.jar]
00:19:46.531 [Test worker] DEBUG o.s.c.i.s.PathMatchingResourcePatternResolver - Looking for matching resources in jar file [file:/root/.gradle/caches/modules-2/files-2.1/org.springframework.boot/spring-boot-starter/1.1.7.RELEASE/7a68efd7b7abb4f8a4e4dbc450a610ece7cacbea/spring-boot-starter-1.1.7.RELEASE.jar]
00:19:46.531 [Test worker] DEBUG o.s.c.i.s.PathMatchingResourcePatternResolver - Looking for matching resources in jar file [file:/root/.gradle/caches/modules-2/files-2.1/org.springframework.boot/spring-boot-starter-tomcat/1.1.7.RELEASE/6fddd262456789d40c37ec8817abd842f0030fd0/spring-boot-starter-tomcat-1.1.7.RELEASE.jar]
00:19:46.531 [Test worker] DEBUG o.s.c.i.s.PathMatchingResourcePatternResolver - Looking for matching resources in jar file [file:/root/.gradle/caches/modules-2/files-2.1/org.hibernate/hibernate-validator/5.0.3.Final/e0fa071d3ced426a05fc1a59d788cb72a1659c3c/hibernate-validator-5.0.3.Final.jar]
00:19:46.532 [Test worker] DEBUG o.s.c.i.s.PathMatchingResourcePatternResolver - Looking for matching resources in jar file [file:/root/.gradle/caches/modules-2/files-2.1/org.springframework/spring-core/4.0.7.RELEASE/777e9502c4c2de150918a746fa22734d3eff81e0/spring-core-4.0.7.RELEASE.jar]
00:19:46.534 [Test worker] DEBUG o.s.c.i.s.PathMatchingResourcePatternResolver - Looking for matching resources in jar file [file:/root/.gradle/caches/modules-2/files-2.1/org.springframework/spring-web/4.0.7.RELEASE/9c8505b6785bfe6b45bbdc8c8cbcda628feb21b1/spring-web-4.0.7.RELEASE.jar]
00:19:46.535 [Test worker] DEBUG o.s.c.i.s.PathMatchingResourcePatternResolver - Looking for matching resources in jar file [file:/root/.gradle/caches/modules-2/files-2.1/org.springframework/spring-webmvc/4.0.7.RELEASE/5d2de0ccee1d6cc02ec2d29c5440a762fd4345f6/spring-webmvc-4.0.7.RELEASE.jar]
00:19:46.536 [Test worker] DEBUG o.s.c.i.s.PathMatchingResourcePatternResolver - Looking for matching resources in jar file [file:/root/.gradle/caches/modules-2/files-2.1/org.springframework.boot/spring-boot-actuator/1.1.7.RELEASE/583b8f872e67d5fad3323787f1de3c7cb94ba88a/spring-boot-actuator-1.1.7.RELEASE.jar]
00:19:46.536 [Test worker] DEBUG o.s.c.i.s.PathMatchingResourcePatternResolver - Looking for matching resources in jar file [file:/root/.gradle/caches/modules-2/files-2.1/org.springframework/spring-tx/3.2.10.RELEASE/3ce819d1dc339999016ee36e0e88e1fc40efcf32/spring-tx-3.2.10.RELEASE.jar]
00:19:46.537 [Test worker] DEBUG o.s.c.i.s.PathMatchingResourcePatternResolver - Looking for matching resources in jar file [file:/root/.gradle/caches/modules-2/files-2.1/org.springframework.data/spring-data-commons/1.8.4.RELEASE/a3b563d1cbacee9ae4a5d5642fa04f5c1e6aa72d/spring-data-commons-1.8.4.RELEASE.jar]
00:19:46.538 [Test worker] DEBUG o.s.c.i.s.PathMatchingResourcePatternResolver - Looking for matching resources in jar file [file:/root/.gradle/caches/modules-2/files-2.1/org.slf4j/jcl-over-slf4j/1.7.7/56003dcd0a31deea6391b9e2ef2f2dc90b205a92/jcl-over-slf4j-1.7.7.jar]
00:19:46.538 [Test worker] DEBUG o.s.c.i.s.PathMatchingResourcePatternResolver - Looking for matching resources in jar file [file:/root/.gradle/caches/modules-2/files-2.1/antlr/antlr/2.7.7/83cd2cd674a217ade95a4bb83a8a14f351f48bd0/antlr-2.7.7.jar]
00:19:46.538 [Test worker] DEBUG o.s.c.i.s.PathMatchingResourcePatternResolver - Looking for matching resources in jar file [file:/root/.gradle/caches/modules-2/files-2.1/org.jboss.spec.javax.transaction/jboss-transaction-api_1.1_spec/1.0.0.Final/2ab6236535e085d86f37fd97ddfdd35c88c1a419/jboss-transaction-api_1.1_spec-1.0.0.Final.jar]
00:19:46.538 [Test worker] DEBUG o.s.c.i.s.PathMatchingResourcePatternResolver - Looking for matching resources in jar file [file:/root/.gradle/caches/modules-2/files-2.1/dom4j/dom4j/1.6.1/5d3ccc056b6f056dbf0dddfdf43894b9065a8f94/dom4j-1.6.1.jar]
00:19:46.539 [Test worker] DEBUG o.s.c.i.s.PathMatchingResourcePatternResolver - Looking for matching resources in jar file [file:/root/.gradle/caches/modules-2/files-2.1/org.hibernate.javax.persistence/hibernate-jpa-2.0-api/1.0.1.Final/3306a165afa81938fc3d8a0948e891de9f6b192b/hibernate-jpa-2.0-api-1.0.1.Final.jar]
00:19:46.539 [Test worker] DEBUG o.s.c.i.s.PathMatchingResourcePatternResolver - Looking for matching resources in jar file [file:/root/.gradle/caches/modules-2/files-2.1/org.javassist/javassist/3.15.0-GA/79907309ca4bb4e5e51d4086cc4179b2611358d7/javassist-3.15.0-GA.jar]
00:19:46.539 [Test worker] DEBUG o.s.c.i.s.PathMatchingResourcePatternResolver - Looking for matching resources in jar file [file:/root/.gradle/caches/modules-2/files-2.1/org.hibernate.common/hibernate-commons-annotations/4.0.1.Final/78bcf608d997d0529be2f4f781fdc89e801c9e88/hibernate-commons-annotations-4.0.1.Final.jar]
00:19:46.540 [Test worker] DEBUG o.s.c.i.s.PathMatchingResourcePatternResolver - Looking for matching resources in jar file [file:/root/.m2/repository/p6spy/p6spy/3.0.0/p6spy-3.0.0.jar]
00:19:46.540 [Test worker] DEBUG o.s.c.i.s.PathMatchingResourcePatternResolver - Looking for matching resources in jar file [file:/root/.m2/repository/io/dropwizard/metrics/metrics-json/3.2.4/metrics-json-3.2.4.jar]
00:19:46.540 [Test worker] DEBUG o.s.c.i.s.PathMatchingResourcePatternResolver - Looking for matching resources in jar file [file:/root/.m2/repository/javax/mail/mail/1.4.1/mail-1.4.1.jar]
00:19:46.540 [Test worker] DEBUG o.s.c.i.s.PathMatchingResourcePatternResolver - Looking for matching resources in jar file [file:/root/.m2/repository/org/freemarker/freemarker/2.3.23/freemarker-2.3.23.jar]
00:19:46.542 [Test worker] DEBUG o.s.c.i.s.PathMatchingResourcePatternResolver - Looking for matching resources in jar file [file:/root/.m2/repository/org/stagemonitor/stagemonitor-core/0.88.8/stagemonitor-core-0.88.8.jar]
00:19:46.542 [Test worker] DEBUG o.s.c.i.s.PathMatchingResourcePatternResolver - Looking for matching resources in jar file [file:/root/.m2/repository/io/dropwizard/metrics/metrics-jvm/3.2.4/metrics-jvm-3.2.4.jar]
00:19:46.542 [Test worker] DEBUG o.s.c.i.s.PathMatchingResourcePatternResolver - Looking for matching resources in jar file [file:/root/.gradle/caches/modules-2/files-2.1/org.fusesource/sigar/1.6.4/e91a355d337a0b1991f54181627d63c9973624c3/sigar-1.6.4.jar]
00:19:46.543 [Test worker] DEBUG o.s.c.i.s.PathMatchingResourcePatternResolver - Looking for matching resources in jar file [file:/root/.m2/repository/io/jaegertracing/jaeger-core/0.31.0/jaeger-core-0.31.0.jar]
00:19:46.543 [Test worker] DEBUG o.s.c.i.s.PathMatchingResourcePatternResolver - Looking for matching resources in jar file [file:/root/.m2/repository/io/jaegertracing/jaeger-thrift/0.31.0/jaeger-thrift-0.31.0.jar]
00:19:46.544 [Test worker] DEBUG o.s.c.i.s.PathMatchingResourcePatternResolver - Looking for matching resources in jar file [file:/root/.m2/repository/io/jaegertracing/jaeger-zipkin/0.31.0/jaeger-zipkin-0.31.0.jar]
00:19:46.544 [Test worker] DEBUG o.s.c.i.s.PathMatchingResourcePatternResolver - Looking for matching resources in jar file [file:/root/.m2/repository/io/opentracing/opentracing-util/0.31.0/opentracing-util-0.31.0.jar]
00:19:46.544 [Test worker] DEBUG o.s.c.i.s.PathMatchingResourcePatternResolver - Looking for matching resources in jar file [file:/root/.gradle/caches/modules-2/files-2.1/org.hamcrest/hamcrest-core/1.3/42a25dc3219429f0e5d060061f71acb49bf010a0/hamcrest-core-1.3.jar]
00:19:46.544 [Test worker] DEBUG o.s.c.i.s.PathMatchingResourcePatternResolver - Looking for matching resources in jar file [file:/root/.gradle/caches/modules-2/files-2.1/org.springframework.boot/spring-boot/1.1.7.RELEASE/a41a91fb3f33e684efd0e728bb1548a009579ac9/spring-boot-1.1.7.RELEASE.jar]
00:19:46.545 [Test worker] DEBUG o.s.c.i.s.PathMatchingResourcePatternResolver - Looking for matching resources in jar file [file:/root/.gradle/caches/modules-2/files-2.1/org.springframework.boot/spring-boot-autoconfigure/1.1.7.RELEASE/ada61e221cd841c7fd2334fe5f636916a2645220/spring-boot-autoconfigure-1.1.7.RELEASE.jar]
00:19:46.546 [Test worker] DEBUG o.s.c.i.s.PathMatchingResourcePatternResolver - Looking for matching resources in jar file [file:/root/.gradle/caches/modules-2/files-2.1/org.springframework.boot/spring-boot-starter-logging/1.1.7.RELEASE/d51922fb607842acd90c2de736f8c72c98380bd7/spring-boot-starter-logging-1.1.7.RELEASE.jar]
00:19:46.546 [Test worker] DEBUG o.s.c.i.s.PathMatchingResourcePatternResolver - Looking for matching resources in jar file [file:/root/.gradle/caches/modules-2/files-2.1/org.yaml/snakeyaml/1.13/73cbb494a912866c4c831a178c3a2a9169f4eaad/snakeyaml-1.13.jar]
00:19:46.546 [Test worker] DEBUG o.s.c.i.s.PathMatchingResourcePatternResolver - Looking for matching resources in jar file [file:/root/.gradle/caches/modules-2/files-2.1/org.apache.tomcat.embed/tomcat-embed-core/7.0.55/67713e23a79934697f7f89e8a1382586117f7291/tomcat-embed-core-7.0.55.jar]
00:19:46.548 [Test worker] DEBUG o.s.c.i.s.PathMatchingResourcePatternResolver - Looking for matching resources in jar file [file:/root/.gradle/caches/modules-2/files-2.1/org.apache.tomcat.embed/tomcat-embed-el/7.0.55/fe614bb874f8fa1d5a9427d7b4afd2236607be4a/tomcat-embed-el-7.0.55.jar]
00:19:46.549 [Test worker] DEBUG o.s.c.i.s.PathMatchingResourcePatternResolver - Looking for matching resources in jar file [file:/root/.gradle/caches/modules-2/files-2.1/org.apache.tomcat.embed/tomcat-embed-logging-juli/7.0.55/76c2066b1fadcee51f1a2b75238f8916701003d8/tomcat-embed-logging-juli-7.0.55.jar]
00:19:46.549 [Test worker] DEBUG o.s.c.i.s.PathMatchingResourcePatternResolver - Looking for matching resources in jar file [file:/root/.gradle/caches/modules-2/files-2.1/javax.validation/validation-api/1.1.0.Final/8613ae82954779d518631e05daa73a6a954817d5/validation-api-1.1.0.Final.jar]
00:19:46.549 [Test worker] DEBUG o.s.c.i.s.PathMatchingResourcePatternResolver - Looking for matching resources in jar file [file:/root/.gradle/caches/modules-2/files-2.1/com.fasterxml/classmate/1.0.0/434efef28c81162b17c540e634cffa3bd9b09b4c/classmate-1.0.0.jar]
00:19:46.549 [Test worker] DEBUG o.s.c.i.s.PathMatchingResourcePatternResolver - Looking for matching resources in jar file [file:/root/.gradle/caches/modules-2/files-2.1/org.springframework/spring-aop/4.0.7.RELEASE/caadec5dc4ea4899d89004ff46053f8e391e0343/spring-aop-4.0.7.RELEASE.jar]
00:19:46.549 [Test worker] DEBUG o.s.c.i.s.PathMatchingResourcePatternResolver - Looking for matching resources in jar file [file:/root/.m2/repository/io/dropwizard/metrics/metrics-core/3.2.4/metrics-core-3.2.4.jar]
00:19:46.550 [Test worker] DEBUG o.s.c.i.s.PathMatchingResourcePatternResolver - Looking for matching resources in jar file [file:/root/.m2/repository/javax/activation/activation/1.1/activation-1.1.jar]
00:19:46.550 [Test worker] DEBUG o.s.c.i.s.PathMatchingResourcePatternResolver - Looking for matching resources in jar file [file:/root/.m2/repository/io/dropwizard/metrics/metrics-graphite/3.2.4/metrics-graphite-3.2.4.jar]
00:19:46.550 [Test worker] DEBUG o.s.c.i.s.PathMatchingResourcePatternResolver - Looking for matching resources in jar file [file:/root/.m2/repository/io/dropwizard/metrics/metrics-annotation/3.2.4/metrics-annotation-3.2.4.jar]
00:19:46.550 [Test worker] DEBUG o.s.c.i.s.PathMatchingResourcePatternResolver - Looking for matching resources in jar file [file:/root/.m2/repository/io/dropwizard/metrics/metrics-healthchecks/3.2.4/metrics-healthchecks-3.2.4.jar]
00:19:46.550 [Test worker] DEBUG o.s.c.i.s.PathMatchingResourcePatternResolver - Looking for matching resources in jar file [file:/root/.m2/repository/com/fasterxml/jackson/module/jackson-module-afterburner/2.9.6/jackson-module-afterburner-2.9.6.jar]
00:19:46.550 [Test worker] DEBUG o.s.c.i.s.PathMatchingResourcePatternResolver - Looking for matching resources in jar file [file:/root/.m2/repository/net/bytebuddy/byte-buddy/1.8.11/byte-buddy-1.8.11.jar]
00:19:46.554 [Test worker] DEBUG o.s.c.i.s.PathMatchingResourcePatternResolver - Looking for matching resources in jar file [file:/root/.m2/repository/net/bytebuddy/byte-buddy-agent/1.8.11/byte-buddy-agent-1.8.11.jar]
00:19:46.554 [Test worker] DEBUG o.s.c.i.s.PathMatchingResourcePatternResolver - Looking for matching resources in jar file [file:/root/.gradle/caches/modules-2/files-2.1/log4j/log4j/1.2.15/f0a0d2e29ed910808c33135a3a5a51bba6358f7b/log4j-1.2.15.jar]
00:19:46.559 [Test worker] DEBUG o.s.c.i.s.PathMatchingResourcePatternResolver - Looking for matching resources in jar file [file:/root/.m2/repository/io/opentracing/opentracing-api/0.31.0/opentracing-api-0.31.0.jar]
00:19:46.559 [Test worker] DEBUG o.s.c.i.s.PathMatchingResourcePatternResolver - Looking for matching resources in jar file [file:/root/.m2/repository/com/google/code/gson/gson/2.8.2/gson-2.8.2.jar]
00:19:46.559 [Test worker] DEBUG o.s.c.i.s.PathMatchingResourcePatternResolver - Looking for matching resources in jar file [file:/root/.m2/repository/org/apache/thrift/libthrift/0.11.0/libthrift-0.11.0.jar]
00:19:46.560 [Test worker] DEBUG o.s.c.i.s.PathMatchingResourcePatternResolver - Looking for matching resources in jar file [file:/root/.m2/repository/com/squareup/okhttp3/okhttp/3.9.0/okhttp-3.9.0.jar]
00:19:46.560 [Test worker] DEBUG o.s.c.i.s.PathMatchingResourcePatternResolver - Looking for matching resources in jar file [file:/root/.m2/repository/io/jaegertracing/jaeger-client/0.31.0/jaeger-client-0.31.0.jar]
00:19:46.560 [Test worker] DEBUG o.s.c.i.s.PathMatchingResourcePatternResolver - Looking for matching resources in jar file [file:/root/.m2/repository/io/zipkin/reporter2/zipkin-sender-urlconnection/2.7.6/zipkin-sender-urlconnection-2.7.6.jar]
00:19:46.560 [Test worker] DEBUG o.s.c.i.s.PathMatchingResourcePatternResolver - Looking for matching resources in jar file [file:/root/.m2/repository/io/opentracing/opentracing-noop/0.31.0/opentracing-noop-0.31.0.jar]
00:19:46.560 [Test worker] DEBUG o.s.c.i.s.PathMatchingResourcePatternResolver - Looking for matching resources in jar file [file:/root/.gradle/caches/modules-2/files-2.1/org.slf4j/jul-to-slf4j/1.7.7/def21bc1a6e648ee40b41a84f1db443132913105/jul-to-slf4j-1.7.7.jar]
00:19:46.560 [Test worker] DEBUG o.s.c.i.s.PathMatchingResourcePatternResolver - Looking for matching resources in jar file [file:/root/.gradle/caches/modules-2/files-2.1/org.slf4j/log4j-over-slf4j/1.7.7/d521cb26a9c4407caafcec302e7804b048b07cea/log4j-over-slf4j-1.7.7.jar]
00:19:46.560 [Test worker] DEBUG o.s.c.i.s.PathMatchingResourcePatternResolver - Looking for matching resources in jar file [file:/root/.gradle/caches/modules-2/files-2.1/ch.qos.logback/logback-classic/1.1.2/b316e9737eea25e9ddd6d88eaeee76878045c6b2/logback-classic-1.1.2.jar]
00:19:46.561 [Test worker] DEBUG o.s.c.i.s.PathMatchingResourcePatternResolver - Looking for matching resources in jar file [file:/root/.gradle/caches/modules-2/files-2.1/aopalliance/aopalliance/1.0/235ba8b489512805ac13a8f9ea77a1ca5ebe3e8/aopalliance-1.0.jar]
00:19:46.561 [Test worker] DEBUG o.s.c.i.s.PathMatchingResourcePatternResolver - Looking for matching resources in jar file [file:/root/.m2/repository/com/squareup/okio/okio/1.13.0/okio-1.13.0.jar]
00:19:46.561 [Test worker] DEBUG o.s.c.i.s.PathMatchingResourcePatternResolver - Looking for matching resources in jar file [file:/root/.m2/repository/io/jaegertracing/jaeger-tracerresolver/0.31.0/jaeger-tracerresolver-0.31.0.jar]
00:19:46.561 [Test worker] DEBUG o.s.c.i.s.PathMatchingResourcePatternResolver - Looking for matching resources in jar file [file:/root/.m2/repository/io/zipkin/reporter2/zipkin-reporter/2.7.6/zipkin-reporter-2.7.6.jar]
00:19:46.561 [Test worker] DEBUG o.s.c.i.s.PathMatchingResourcePatternResolver - Looking for matching resources in jar file [file:/root/.m2/repository/io/zipkin/zipkin2/zipkin/2.9.4/zipkin-2.9.4.jar]
00:19:46.561 [Test worker] DEBUG o.s.c.i.s.PathMatchingResourcePatternResolver - Looking for matching resources in jar file [file:/root/.gradle/caches/modules-2/files-2.1/ch.qos.logback/logback-core/1.1.2/2d23694879c2c12f125dac5076bdfd5d771cc4cb/logback-core-1.1.2.jar]
00:19:46.562 [Test worker] DEBUG o.s.c.i.s.PathMatchingResourcePatternResolver - Looking for matching resources in jar file [file:/root/.m2/repository/io/opentracing/contrib/opentracing-tracerresolver/0.1.4/opentracing-tracerresolver-0.1.4.jar]
00:19:46.562 [Test worker] DEBUG o.s.c.i.s.PathMatchingResourcePatternResolver - Looking for matching resources in jar file [file:/root/.gradle/caches/modules-2/files-2.1/com.microsoft.azure/applicationinsights-core/1.0.10/c3d9e426516d32bc39706766aa7fdf53fbb992d7/applicationinsights-core-1.0.10.jar]
00:19:46.569 [Test worker] DEBUG o.s.c.i.s.PathMatchingResourcePatternResolver - Looking for matching resources in jar file [file:/root/.gradle/caches/modules-2/files-2.1/eu.infomas/annotation-detector/3.0.4/9dacddd19f848bea5e7ba4dfadce37e0f710cd1b/annotation-detector-3.0.4.jar]
00:19:46.569 [Test worker] DEBUG o.s.c.i.s.PathMatchingResourcePatternResolver - Looking for matching resources in jar file [file:/root/.gradle/caches/modules-2/files-2.1/commons-io/commons-io/2.4/b1b6ea3b7e4aa4f492509a4952029cd8e48019ad/commons-io-2.4.jar]
00:19:46.570 [Test worker] DEBUG o.s.c.i.s.PathMatchingResourcePatternResolver - Looking for matching resources in jar file [file:/root/.m2/repository/org/apache/commons/commons-lang3/3.1/commons-lang3-3.1.jar]
00:19:46.570 [Test worker] DEBUG o.s.c.i.s.PathMatchingResourcePatternResolver - Looking for matching resources in jar file [file:/root/.gradle/caches/modules-2/files-2.1/com.google.guava/guava/12.0.1/b8e78b9af7bf45900e14c6f958486b6ca682195f/guava-12.0.1.jar]
00:19:46.572 [Test worker] DEBUG o.s.c.i.s.PathMatchingResourcePatternResolver - Looking for matching resources in jar file [file:/root/.gradle/caches/modules-2/files-2.1/com.google.code.findbugs/jsr305/1.3.9/40719ea6961c0cb6afaeb6a921eaa1f6afd4cfdf/jsr305-1.3.9.jar]
00:19:46.572 [Test worker] DEBUG o.s.c.i.s.PathMatchingResourcePatternResolver - Looking for matching resources in jar file [file:/root/.m2/repository/org/slf4j/slf4j-api/1.7.25/slf4j-api-1.7.25.jar]
00:19:46.572 [Test worker] DEBUG o.s.c.i.s.PathMatchingResourcePatternResolver - Looking for matching resources in jar file [file:/root/.gradle/caches/modules-2/files-2.1/org.jboss.logging/jboss-logging/3.1.1.GA/7fb1a7eb7ff1d15cac1802510fee65c7ca31a869/jboss-logging-3.1.1.GA.jar]
00:19:46.572 [Test worker] DEBUG o.s.c.i.s.PathMatchingResourcePatternResolver - Looking for matching resources in jar file [file:/root/.gradle/caches/modules-2/files-2.1/org.springframework/spring-beans/4.0.7.RELEASE/fdd041f086972cc16f9b09ee420a98604cd0bc07/spring-beans-4.0.7.RELEASE.jar]
00:19:46.573 [Test worker] DEBUG o.s.c.i.s.PathMatchingResourcePatternResolver - Looking for matching resources in jar file [file:/root/.gradle/caches/modules-2/files-2.1/org.springframework/spring-context/4.0.7.RELEASE/8a4aa735f3691a1985381b3c6c69d32b835f51b4/spring-context-4.0.7.RELEASE.jar]
00:19:46.574 [Test worker] DEBUG o.s.c.i.s.PathMatchingResourcePatternResolver - Looking for matching resources in jar file [file:/root/.gradle/caches/modules-2/files-2.1/org.springframework/spring-expression/4.0.7.RELEASE/46a4cfe181b1f15940b5ea7530fcad1f8b98c561/spring-expression-4.0.7.RELEASE.jar]
00:19:46.574 [Test worker] DEBUG o.s.c.i.s.PathMatchingResourcePatternResolver - Looking for matching resources in jar file [file:/root/.m2/repository/com/fasterxml/jackson/core/jackson-databind/2.9.6/jackson-databind-2.9.6.jar]
00:19:46.575 [Test worker] DEBUG o.s.c.i.s.PathMatchingResourcePatternResolver - Looking for matching resources in jar file [file:/root/.m2/repository/com/fasterxml/jackson/core/jackson-core/2.9.6/jackson-core-2.9.6.jar]
00:19:46.575 [Test worker] DEBUG o.s.c.i.s.PathMatchingResourcePatternResolver - Looking for matching resources in jar file [file:/root/.gradle/caches/modules-2/files-2.1/org.apache.httpcomponents/httpclient/4.5.3/d1577ae15f01ef5438c5afc62162457c00a34713/httpclient-4.5.3.jar]
00:19:46.576 [Test worker] DEBUG o.s.c.i.s.PathMatchingResourcePatternResolver - Looking for matching resources in jar file [file:/root/.gradle/caches/modules-2/files-2.1/org.apache.httpcomponents/httpcore/4.4.6/e3fd8ced1f52c7574af952e2e6da0df8df08eb82/httpcore-4.4.6.jar]
00:19:46.577 [Test worker] DEBUG o.s.c.i.s.PathMatchingResourcePatternResolver - Looking for matching resources in jar file [file:/root/.m2/repository/com/fasterxml/jackson/core/jackson-annotations/2.9.0/jackson-annotations-2.9.0.jar]
00:19:46.577 [Test worker] DEBUG o.s.c.i.s.PathMatchingResourcePatternResolver - Looking for matching resources in jar file [file:/root/.m2/repository/commons-codec/commons-codec/1.9/commons-codec-1.9.jar]
00:19:46.577 [Test worker] DEBUG o.s.c.i.s.PathMatchingResourcePatternResolver - Looking for matching resources in jar file [file:/root/.m2/repository/commons-logging/commons-logging/1.2/commons-logging-1.2.jar]
00:19:46.577 [Test worker] DEBUG o.s.c.i.s.PathMatchingResourcePatternResolver - Looking for matching resources in jar file [file:/usr/lib/jvm/java-1.8.0-openjdk-1.8.0.181-3.b13.el7_5.x86_64/jre/lib/ext/cldrdata.jar]
00:19:46.579 [Test worker] DEBUG o.s.c.i.s.PathMatchingResourcePatternResolver - Looking for matching resources in jar file [file:/usr/lib/jvm/java-1.8.0-openjdk-1.8.0.181-3.b13.el7_5.x86_64/jre/lib/ext/dnsns.jar]
00:19:46.579 [Test worker] DEBUG o.s.c.i.s.PathMatchingResourcePatternResolver - Looking for matching resources in jar file [file:/usr/lib/jvm/java-1.8.0-openjdk-1.8.0.181-3.b13.el7_5.x86_64/jre/lib/ext/jaccess.jar]
00:19:46.579 [Test worker] DEBUG o.s.c.i.s.PathMatchingResourcePatternResolver - Looking for matching resources in jar file [file:/usr/lib/jvm/java-1.8.0-openjdk-1.8.0.181-3.b13.el7_5.x86_64/jre/lib/ext/localedata.jar]
00:19:46.579 [Test worker] DEBUG o.s.c.i.s.PathMatchingResourcePatternResolver - Looking for matching resources in jar file [file:/usr/lib/jvm/java-1.8.0-openjdk-1.8.0.181-3.b13.el7_5.x86_64/jre/lib/ext/nashorn.jar]
00:19:46.580 [Test worker] DEBUG o.s.c.i.s.PathMatchingResourcePatternResolver - Looking for matching resources in jar file [file:/usr/lib/jvm/java-1.8.0-openjdk-1.8.0.181-3.b13.el7_5.x86_64/jre/lib/ext/sunec.jar]
00:19:46.581 [Test worker] DEBUG o.s.c.i.s.PathMatchingResourcePatternResolver - Looking for matching resources in jar file [file:/usr/lib/jvm/java-1.8.0-openjdk-1.8.0.181-3.b13.el7_5.x86_64/jre/lib/ext/sunjce_provider.jar]
00:19:46.581 [Test worker] DEBUG o.s.c.i.s.PathMatchingResourcePatternResolver - Looking for matching resources in jar file [file:/usr/lib/jvm/java-1.8.0-openjdk-1.8.0.181-3.b13.el7_5.x86_64/jre/lib/ext/sunpkcs11.jar]
00:19:46.581 [Test worker] DEBUG o.s.c.i.s.PathMatchingResourcePatternResolver - Looking for matching resources in jar file [file:/usr/lib/jvm/java-1.8.0-openjdk-1.8.0.181-3.b13.el7_5.x86_64/jre/lib/ext/zipfs.jar]
00:19:46.581 [Test worker] DEBUG o.s.c.i.s.PathMatchingResourcePatternResolver - Looking for matching resources in jar file [file:/usr/lib/jvm/java-1.8.0-openjdk-1.8.0.181-3.b13.el7_5.x86_64/jre/lib/ext/java-atk-wrapper.jar]
00:19:46.581 [Test worker] DEBUG o.s.c.i.s.PathMatchingResourcePatternResolver - Resolved location pattern [classpath*:messages*.properties] to resources []
00:19:46.581 [Test worker] DEBUG o.s.b.f.s.DefaultListableBeanFactory - Returning cached instance of singleton bean 'autoConfigurationReport'
00:19:46.582 [Test worker] DEBUG o.s.b.f.s.DefaultListableBeanFactory - Returning cached instance of singleton bean 'autoConfigurationReport'
00:19:46.582 [Test worker] DEBUG o.s.b.f.s.DefaultListableBeanFactory - Returning cached instance of singleton bean 'autoConfigurationReport'
00:19:46.582 [Test worker] DEBUG o.s.b.f.s.DefaultListableBeanFactory - Returning cached instance of singleton bean 'autoConfigurationReport'
00:19:46.583 [Test worker] DEBUG o.s.b.f.s.DefaultListableBeanFactory - Returning cached instance of singleton bean 'autoConfigurationReport'
00:19:46.583 [Test worker] DEBUG o.s.b.f.s.DefaultListableBeanFactory - Returning cached instance of singleton bean 'autoConfigurationReport'
00:19:46.583 [Test worker] DEBUG o.s.b.f.s.DefaultListableBeanFactory - Returning cached instance of singleton bean 'autoConfigurationReport'
00:19:46.584 [Test worker] DEBUG o.s.b.f.s.DefaultListableBeanFactory - Returning cached instance of singleton bean 'autoConfigurationReport'
00:19:46.584 [Test worker] DEBUG o.s.b.f.s.DefaultListableBeanFactory - Returning cached instance of singleton bean 'autoConfigurationReport'
00:19:46.584 [Test worker] DEBUG o.s.b.f.s.DefaultListableBeanFactory - Returning cached instance of singleton bean 'autoConfigurationReport'
00:19:46.584 [Test worker] DEBUG o.s.b.f.s.DefaultListableBeanFactory - Returning cached instance of singleton bean 'autoConfigurationReport'
00:19:46.585 [Test worker] DEBUG o.s.b.f.s.DefaultListableBeanFactory - Returning cached instance of singleton bean 'autoConfigurationReport'
00:19:46.585 [Test worker] DEBUG o.s.b.f.s.DefaultListableBeanFactory - Returning cached instance of singleton bean 'autoConfigurationReport'
00:19:46.585 [Test worker] DEBUG o.s.b.f.s.DefaultListableBeanFactory - Returning cached instance of singleton bean 'autoConfigurationReport'
00:19:46.586 [Test worker] DEBUG o.s.b.f.s.DefaultListableBeanFactory - Returning cached instance of singleton bean 'autoConfigurationReport'
00:19:46.587 [Test worker] DEBUG o.s.b.f.s.DefaultListableBeanFactory - Returning cached instance of singleton bean 'autoConfigurationReport'
00:19:46.588 [Test worker] DEBUG o.s.b.f.s.DefaultListableBeanFactory - Returning cached instance of singleton bean 'autoConfigurationReport'
00:19:46.593 [Test worker] DEBUG o.s.c.e.PropertySourcesPropertyResolver - Searching for key 'health.solr.enabled:true' in [systemProperties]
00:19:46.593 [Test worker] DEBUG o.s.c.e.PropertySourcesPropertyResolver - Searching for key 'health.solr.enabled:true' in [systemEnvironment]
00:19:46.593 [Test worker] DEBUG o.s.c.e.PropertySourcesPropertyResolver - Could not find key 'health.solr.enabled:true' in any property source. Returning [null]
00:19:46.593 [Test worker] DEBUG o.s.c.e.PropertySourcesPropertyResolver - Searching for key 'health.solr.enabled' in [systemProperties]
00:19:46.593 [Test worker] DEBUG o.s.c.e.PropertySourcesPropertyResolver - Searching for key 'health.solr.enabled' in [systemEnvironment]
00:19:46.593 [Test worker] DEBUG o.s.c.e.PropertySourcesPropertyResolver - Could not find key 'health.solr.enabled' in any property source. Returning [null]
00:19:46.593 [Test worker] DEBUG o.s.b.f.s.DefaultListableBeanFactory - Returning cached instance of singleton bean 'autoConfigurationReport'
00:19:46.593 [Test worker] DEBUG o.s.c.e.PropertySourcesPropertyResolver - Searching for key 'health.rabbit.enabled:true' in [systemProperties]
00:19:46.593 [Test worker] DEBUG o.s.c.e.PropertySourcesPropertyResolver - Searching for key 'health.rabbit.enabled:true' in [systemEnvironment]
00:19:46.593 [Test worker] DEBUG o.s.c.e.PropertySourcesPropertyResolver - Could not find key 'health.rabbit.enabled:true' in any property source. Returning [null]
00:19:46.593 [Test worker] DEBUG o.s.c.e.PropertySourcesPropertyResolver - Searching for key 'health.rabbit.enabled' in [systemProperties]
00:19:46.593 [Test worker] DEBUG o.s.c.e.PropertySourcesPropertyResolver - Searching for key 'health.rabbit.enabled' in [systemEnvironment]
00:19:46.593 [Test worker] DEBUG o.s.c.e.PropertySourcesPropertyResolver - Could not find key 'health.rabbit.enabled' in any property source. Returning [null]
00:19:46.593 [Test worker] DEBUG o.s.b.f.s.DefaultListableBeanFactory - Returning cached instance of singleton bean 'autoConfigurationReport'
00:19:46.593 [Test worker] DEBUG o.s.c.e.PropertySourcesPropertyResolver - Searching for key 'health.redis.enabled:true' in [systemProperties]
00:19:46.593 [Test worker] DEBUG o.s.c.e.PropertySourcesPropertyResolver - Searching for key 'health.redis.enabled:true' in [systemEnvironment]
00:19:46.593 [Test worker] DEBUG o.s.c.e.PropertySourcesPropertyResolver - Could not find key 'health.redis.enabled:true' in any property source. Returning [null]
00:19:46.594 [Test worker] DEBUG o.s.c.e.PropertySourcesPropertyResolver - Searching for key 'health.redis.enabled' in [systemProperties]
00:19:46.594 [Test worker] DEBUG o.s.c.e.PropertySourcesPropertyResolver - Searching for key 'health.redis.enabled' in [systemEnvironment]
00:19:46.594 [Test worker] DEBUG o.s.c.e.PropertySourcesPropertyResolver - Could not find key 'health.redis.enabled' in any property source. Returning [null]
00:19:46.594 [Test worker] DEBUG o.s.b.f.s.DefaultListableBeanFactory - Returning cached instance of singleton bean 'autoConfigurationReport'
00:19:46.594 [Test worker] DEBUG o.s.c.e.PropertySourcesPropertyResolver - Searching for key 'health.mongo.enabled:true' in [systemProperties]
00:19:46.594 [Test worker] DEBUG o.s.c.e.PropertySourcesPropertyResolver - Searching for key 'health.mongo.enabled:true' in [systemEnvironment]
00:19:46.594 [Test worker] DEBUG o.s.c.e.PropertySourcesPropertyResolver - Could not find key 'health.mongo.enabled:true' in any property source. Returning [null]
00:19:46.594 [Test worker] DEBUG o.s.c.e.PropertySourcesPropertyResolver - Searching for key 'health.mongo.enabled' in [systemProperties]
00:19:46.594 [Test worker] DEBUG o.s.c.e.PropertySourcesPropertyResolver - Searching for key 'health.mongo.enabled' in [systemEnvironment]
00:19:46.594 [Test worker] DEBUG o.s.c.e.PropertySourcesPropertyResolver - Could not find key 'health.mongo.enabled' in any property source. Returning [null]
00:19:46.594 [Test worker] DEBUG o.s.b.f.s.DefaultListableBeanFactory - Returning cached instance of singleton bean 'autoConfigurationReport'
00:19:46.594 [Test worker] DEBUG o.s.c.e.PropertySourcesPropertyResolver - Searching for key 'health.db.enabled:true' in [systemProperties]
00:19:46.594 [Test worker] DEBUG o.s.c.e.PropertySourcesPropertyResolver - Searching for key 'health.db.enabled:true' in [systemEnvironment]
00:19:46.594 [Test worker] DEBUG o.s.c.e.PropertySourcesPropertyResolver - Could not find key 'health.db.enabled:true' in any property source. Returning [null]
00:19:46.594 [Test worker] DEBUG o.s.c.e.PropertySourcesPropertyResolver - Searching for key 'health.db.enabled' in [systemProperties]
00:19:46.594 [Test worker] DEBUG o.s.c.e.PropertySourcesPropertyResolver - Searching for key 'health.db.enabled' in [systemEnvironment]
00:19:46.594 [Test worker] DEBUG o.s.c.e.PropertySourcesPropertyResolver - Could not find key 'health.db.enabled' in any property source. Returning [null]
00:19:46.594 [Test worker] DEBUG o.s.b.f.s.DefaultListableBeanFactory - Returning cached instance of singleton bean 'autoConfigurationReport'
00:19:46.595 [Test worker] DEBUG o.s.b.f.s.DefaultListableBeanFactory - Returning cached instance of singleton bean 'autoConfigurationReport'
00:19:46.595 [Test worker] DEBUG o.s.b.f.s.DefaultListableBeanFactory - Returning cached instance of singleton bean 'autoConfigurationReport'
00:19:46.595 [Test worker] DEBUG o.s.c.e.PropertySourcesPropertyResolver - Searching for key 'spring.jmx.enabled:true' in [systemProperties]
00:19:46.595 [Test worker] DEBUG o.s.c.e.PropertySourcesPropertyResolver - Searching for key 'spring.jmx.enabled:true' in [systemEnvironment]
00:19:46.595 [Test worker] DEBUG o.s.c.e.PropertySourcesPropertyResolver - Could not find key 'spring.jmx.enabled:true' in any property source. Returning [null]
00:19:46.595 [Test worker] DEBUG o.s.c.e.PropertySourcesPropertyResolver - Searching for key 'spring.jmx.enabled' in [systemProperties]
00:19:46.595 [Test worker] DEBUG o.s.c.e.PropertySourcesPropertyResolver - Searching for key 'spring.jmx.enabled' in [systemEnvironment]
00:19:46.595 [Test worker] DEBUG o.s.c.e.PropertySourcesPropertyResolver - Could not find key 'spring.jmx.enabled' in any property source. Returning [null]
00:19:46.595 [Test worker] DEBUG o.s.b.f.s.DefaultListableBeanFactory - Returning cached instance of singleton bean 'autoConfigurationReport'
00:19:46.597 [Test worker] DEBUG o.s.c.e.PropertySourcesPropertyResolver - Searching for key 'endpoints.jmx.enabled:true' in [systemProperties]
00:19:46.597 [Test worker] DEBUG o.s.c.e.PropertySourcesPropertyResolver - Searching for key 'endpoints.jmx.enabled:true' in [systemEnvironment]
00:19:46.597 [Test worker] DEBUG o.s.c.e.PropertySourcesPropertyResolver - Could not find key 'endpoints.jmx.enabled:true' in any property source. Returning [null]
00:19:46.597 [Test worker] DEBUG o.s.c.e.PropertySourcesPropertyResolver - Searching for key 'endpoints.jmx.enabled' in [systemProperties]
00:19:46.597 [Test worker] DEBUG o.s.c.e.PropertySourcesPropertyResolver - Searching for key 'endpoints.jmx.enabled' in [systemEnvironment]
00:19:46.598 [Test worker] DEBUG o.s.c.e.PropertySourcesPropertyResolver - Could not find key 'endpoints.jmx.enabled' in any property source. Returning [null]
00:19:46.598 [Test worker] DEBUG o.s.c.e.PropertySourcesPropertyResolver - Searching for key 'spring.jmx.enabled:true' in [systemProperties]
00:19:46.598 [Test worker] DEBUG o.s.c.e.PropertySourcesPropertyResolver - Searching for key 'spring.jmx.enabled:true' in [systemEnvironment]
00:19:46.598 [Test worker] DEBUG o.s.c.e.PropertySourcesPropertyResolver - Could not find key 'spring.jmx.enabled:true' in any property source. Returning [null]
00:19:46.598 [Test worker] DEBUG o.s.c.e.PropertySourcesPropertyResolver - Searching for key 'spring.jmx.enabled' in [systemProperties]
00:19:46.598 [Test worker] DEBUG o.s.c.e.PropertySourcesPropertyResolver - Searching for key 'spring.jmx.enabled' in [systemEnvironment]
00:19:46.598 [Test worker] DEBUG o.s.c.e.PropertySourcesPropertyResolver - Could not find key 'spring.jmx.enabled' in any property source. Returning [null]
00:19:46.598 [Test worker] DEBUG o.s.b.f.s.DefaultListableBeanFactory - Returning cached instance of singleton bean 'autoConfigurationReport'
00:19:46.604 [Test worker] DEBUG o.s.b.f.s.DefaultListableBeanFactory - Returning cached instance of singleton bean 'autoConfigurationReport'
00:19:46.606 [Test worker] DEBUG o.s.b.f.s.DefaultListableBeanFactory - Returning cached instance of singleton bean 'autoConfigurationReport'
00:19:46.606 [Test worker] DEBUG o.s.b.f.s.DefaultListableBeanFactory - Returning cached instance of singleton bean 'autoConfigurationReport'
00:19:46.607 [Test worker] DEBUG o.s.b.f.s.DefaultListableBeanFactory - Returning cached instance of singleton bean 'autoConfigurationReport'
00:19:46.607 [Test worker] DEBUG o.s.b.f.s.DefaultListableBeanFactory - Returning cached instance of singleton bean 'autoConfigurationReport'
00:19:46.607 [Test worker] DEBUG o.s.b.f.s.DefaultListableBeanFactory - Returning cached instance of singleton bean 'autoConfigurationReport'
00:19:46.608 [Test worker] DEBUG o.s.b.f.s.DefaultListableBeanFactory - Returning cached instance of singleton bean 'autoConfigurationReport'
00:19:46.609 [Test worker] DEBUG o.s.b.f.s.DefaultListableBeanFactory - Returning cached instance of singleton bean 'autoConfigurationReport'
00:19:46.609 [Test worker] DEBUG o.s.b.f.s.DefaultListableBeanFactory - Returning cached instance of singleton bean 'autoConfigurationReport'
00:19:46.610 [Test worker] DEBUG o.s.b.f.s.DefaultListableBeanFactory - Returning cached instance of singleton bean 'autoConfigurationReport'
00:19:46.610 [Test worker] DEBUG o.s.b.f.s.DefaultListableBeanFactory - Returning cached instance of singleton bean 'autoConfigurationReport'
00:19:46.611 [Test worker] DEBUG o.s.b.f.s.DefaultListableBeanFactory - Returning cached instance of singleton bean 'autoConfigurationReport'
00:19:46.611 [Test worker] DEBUG o.s.b.f.s.DefaultListableBeanFactory - Returning cached instance of singleton bean 'autoConfigurationReport'
00:19:46.611 [Test worker] DEBUG o.s.c.e.PropertySourcesPropertyResolver - Searching for key 'spring.data.mongo.repositories.enabled:true' in [systemProperties]
00:19:46.611 [Test worker] DEBUG o.s.c.e.PropertySourcesPropertyResolver - Searching for key 'spring.data.mongo.repositories.enabled:true' in [systemEnvironment]
00:19:46.611 [Test worker] DEBUG o.s.c.e.PropertySourcesPropertyResolver - Could not find key 'spring.data.mongo.repositories.enabled:true' in any property source. Returning [null]
00:19:46.611 [Test worker] DEBUG o.s.c.e.PropertySourcesPropertyResolver - Searching for key 'spring.data.mongo.repositories.enabled' in [systemProperties]
00:19:46.611 [Test worker] DEBUG o.s.c.e.PropertySourcesPropertyResolver - Searching for key 'spring.data.mongo.repositories.enabled' in [systemEnvironment]
00:19:46.611 [Test worker] DEBUG o.s.c.e.PropertySourcesPropertyResolver - Could not find key 'spring.data.mongo.repositories.enabled' in any property source. Returning [null]
00:19:46.611 [Test worker] DEBUG o.s.b.f.s.DefaultListableBeanFactory - Returning cached instance of singleton bean 'autoConfigurationReport'
00:19:46.612 [Test worker] DEBUG o.s.b.f.s.DefaultListableBeanFactory - Returning cached instance of singleton bean 'autoConfigurationReport'
00:19:46.612 [Test worker] DEBUG o.s.b.f.s.DefaultListableBeanFactory - Returning cached instance of singleton bean 'autoConfigurationReport'
00:19:46.613 [Test worker] DEBUG o.s.b.f.s.DefaultListableBeanFactory - Returning cached instance of singleton bean 'autoConfigurationReport'
00:19:46.614 [Test worker] DEBUG o.s.b.f.s.DefaultListableBeanFactory - Returning cached instance of singleton bean 'autoConfigurationReport'
00:19:46.614 [Test worker] DEBUG o.s.b.f.s.DefaultListableBeanFactory - Returning cached instance of singleton bean 'autoConfigurationReport'
00:19:46.614 [Test worker] DEBUG o.s.b.f.s.DefaultListableBeanFactory - Returning cached instance of singleton bean 'autoConfigurationReport'
00:19:46.614 [Test worker] DEBUG o.s.b.f.s.DefaultListableBeanFactory - Returning cached instance of singleton bean 'autoConfigurationReport'
00:19:46.615 [Test worker] DEBUG o.s.b.f.s.DefaultListableBeanFactory - Returning cached instance of singleton bean 'autoConfigurationReport'
00:19:46.615 [Test worker] DEBUG o.s.b.f.s.DefaultListableBeanFactory - Returning cached instance of singleton bean 'autoConfigurationReport'
00:19:46.616 [Test worker] DEBUG o.s.b.f.s.DefaultListableBeanFactory - Returning cached instance of singleton bean 'autoConfigurationReport'
00:19:46.616 [Test worker] DEBUG o.s.b.f.s.DefaultListableBeanFactory - Returning cached instance of singleton bean 'autoConfigurationReport'
00:19:46.617 [Test worker] DEBUG o.s.b.f.s.DefaultListableBeanFactory - Returning cached instance of singleton bean 'autoConfigurationReport'
00:19:46.617 [Test worker] DEBUG o.s.b.f.s.DefaultListableBeanFactory - Returning cached instance of singleton bean 'autoConfigurationReport'
00:19:46.617 [Test worker] DEBUG o.s.b.f.s.DefaultListableBeanFactory - Returning cached instance of singleton bean 'autoConfigurationReport'
00:19:46.618 [Test worker] DEBUG o.s.b.f.s.DefaultListableBeanFactory - Returning cached instance of singleton bean 'autoConfigurationReport'
00:19:46.618 [Test worker] DEBUG o.s.b.f.s.DefaultListableBeanFactory - Returning cached instance of singleton bean 'autoConfigurationReport'
00:19:46.619 [Test worker] DEBUG o.s.b.f.s.DefaultListableBeanFactory - Returning cached instance of singleton bean 'autoConfigurationReport'
00:19:46.619 [Test worker] DEBUG o.s.b.f.s.DefaultListableBeanFactory - Returning cached instance of singleton bean 'autoConfigurationReport'
00:19:46.620 [Test worker] DEBUG o.s.b.f.s.DefaultListableBeanFactory - Returning cached instance of singleton bean 'autoConfigurationReport'
00:19:46.620 [Test worker] DEBUG o.s.b.f.s.DefaultListableBeanFactory - Returning cached instance of singleton bean 'autoConfigurationReport'
00:19:46.620 [Test worker] DEBUG o.s.b.f.s.DefaultListableBeanFactory - Returning cached instance of singleton bean 'autoConfigurationReport'
00:19:46.621 [Test worker] DEBUG o.s.b.f.s.DefaultListableBeanFactory - Returning cached instance of singleton bean 'autoConfigurationReport'
00:19:46.621 [Test worker] DEBUG o.s.b.f.s.DefaultListableBeanFactory - Returning cached instance of singleton bean 'autoConfigurationReport'
00:19:46.621 [Test worker] DEBUG o.s.c.e.PropertySourcesPropertyResolver - Searching for key 'security.basic.enabled:true' in [systemProperties]
00:19:46.621 [Test worker] DEBUG o.s.c.e.PropertySourcesPropertyResolver - Searching for key 'security.basic.enabled:true' in [systemEnvironment]
00:19:46.621 [Test worker] DEBUG o.s.c.e.PropertySourcesPropertyResolver - Could not find key 'security.basic.enabled:true' in any property source. Returning [null]
00:19:46.621 [Test worker] DEBUG o.s.c.e.PropertySourcesPropertyResolver - Searching for key 'security.basic.enabled' in [systemProperties]
00:19:46.621 [Test worker] DEBUG o.s.c.e.PropertySourcesPropertyResolver - Searching for key 'security.basic.enabled' in [systemEnvironment]
00:19:46.621 [Test worker] DEBUG o.s.c.e.PropertySourcesPropertyResolver - Could not find key 'security.basic.enabled' in any property source. Returning [null]
00:19:46.622 [Test worker] DEBUG o.s.b.f.s.DefaultListableBeanFactory - Returning cached instance of singleton bean 'autoConfigurationReport'
00:19:46.622 [Test worker] DEBUG o.s.b.f.s.DefaultListableBeanFactory - Returning cached instance of singleton bean 'autoConfigurationReport'
00:19:46.622 [Test worker] DEBUG o.s.b.f.s.DefaultListableBeanFactory - Returning cached instance of singleton bean 'autoConfigurationReport'
00:19:46.622 [Test worker] DEBUG o.s.b.f.s.DefaultListableBeanFactory - Returning cached instance of singleton bean 'autoConfigurationReport'
00:19:46.623 [Test worker] DEBUG o.s.b.f.s.DefaultListableBeanFactory - Returning cached instance of singleton bean 'autoConfigurationReport'
00:19:46.624 [Test worker] DEBUG o.s.b.f.s.DefaultListableBeanFactory - Returning cached instance of singleton bean 'autoConfigurationReport'
00:19:46.624 [Test worker] DEBUG o.s.b.f.s.DefaultListableBeanFactory - Returning cached instance of singleton bean 'autoConfigurationReport'
00:19:46.624 [Test worker] DEBUG o.s.b.f.s.DefaultListableBeanFactory - Returning cached instance of singleton bean 'autoConfigurationReport'
00:19:46.624 [Test worker] DEBUG o.s.b.f.s.DefaultListableBeanFactory - Returning cached instance of singleton bean 'autoConfigurationReport'
00:19:46.625 [Test worker] DEBUG o.s.b.f.s.DefaultListableBeanFactory - Returning cached instance of singleton bean 'autoConfigurationReport'
00:19:46.625 [Test worker] DEBUG o.s.c.e.PropertySourcesPropertyResolver - Searching for key 'multipart.enabled:true' in [systemProperties]
00:19:46.625 [Test worker] DEBUG o.s.c.e.PropertySourcesPropertyResolver - Searching for key 'multipart.enabled:true' in [systemEnvironment]
00:19:46.625 [Test worker] DEBUG o.s.c.e.PropertySourcesPropertyResolver - Could not find key 'multipart.enabled:true' in any property source. Returning [null]
00:19:46.625 [Test worker] DEBUG o.s.c.e.PropertySourcesPropertyResolver - Searching for key 'multipart.enabled' in [systemProperties]
00:19:46.625 [Test worker] DEBUG o.s.c.e.PropertySourcesPropertyResolver - Searching for key 'multipart.enabled' in [systemEnvironment]
00:19:46.625 [Test worker] DEBUG o.s.c.e.PropertySourcesPropertyResolver - Could not find key 'multipart.enabled' in any property source. Returning [null]
00:19:46.625 [Test worker] DEBUG o.s.b.f.s.DefaultListableBeanFactory - Returning cached instance of singleton bean 'autoConfigurationReport'
00:19:46.637 [Test worker] DEBUG o.s.c.t.c.AnnotationAttributesReadingVisitor - Failed to class-load type while reading annotation metadata. This is a non-fatal error, but certain annotation metadata may be unavailable.
java.lang.ClassNotFoundException: org.springframework.security.config.annotation.web.configuration.EnableWebSecurity
	at java.net.URLClassLoader.findClass(URLClassLoader.java:381) ~[na:1.8.0_181]
	at java.lang.ClassLoader.loadClass(ClassLoader.java:424) ~[na:1.8.0_181]
	at sun.misc.Launcher$AppClassLoader.loadClass(Launcher.java:349) ~[na:1.8.0_181]
	at java.lang.ClassLoader.loadClass(ClassLoader.java:357) ~[na:1.8.0_181]
	at org.springframework.core.type.classreading.RecursiveAnnotationAttributesVisitor.visitEnd(AnnotationAttributesReadingVisitor.java:181) ~[spring-core-4.0.7.RELEASE.jar:4.0.7.RELEASE]
	at org.springframework.asm.ClassReader.readAnnotationValues(ClassReader.java:1788) [spring-core-4.0.7.RELEASE.jar:4.0.7.RELEASE]
	at org.springframework.asm.ClassReader.accept(ClassReader.java:642) [spring-core-4.0.7.RELEASE.jar:4.0.7.RELEASE]
	at org.springframework.asm.ClassReader.accept(ClassReader.java:508) [spring-core-4.0.7.RELEASE.jar:4.0.7.RELEASE]
	at org.springframework.core.type.classreading.SimpleMetadataReader.<init>(SimpleMetadataReader.java:64) [spring-core-4.0.7.RELEASE.jar:4.0.7.RELEASE]
	at org.springframework.core.type.classreading.SimpleMetadataReaderFactory.getMetadataReader(SimpleMetadataReaderFactory.java:82) [spring-core-4.0.7.RELEASE.jar:4.0.7.RELEASE]
	at org.springframework.core.type.classreading.CachingMetadataReaderFactory.getMetadataReader(CachingMetadataReaderFactory.java:102) [spring-core-4.0.7.RELEASE.jar:4.0.7.RELEASE]
	at org.springframework.core.type.classreading.SimpleMetadataReaderFactory.getMetadataReader(SimpleMetadataReaderFactory.java:77) [spring-core-4.0.7.RELEASE.jar:4.0.7.RELEASE]
	at org.springframework.boot.autoconfigure.AutoConfigurationSorter$AutoConfigurationClasses.<init>(AutoConfigurationSorter.java:125) [spring-boot-autoconfigure-1.1.7.RELEASE.jar:1.1.7.RELEASE]
	at org.springframework.boot.autoconfigure.AutoConfigurationSorter.getInPriorityOrder(AutoConfigurationSorter.java:60) [spring-boot-autoconfigure-1.1.7.RELEASE.jar:1.1.7.RELEASE]
	at org.springframework.boot.autoconfigure.EnableAutoConfigurationImportSelector.selectImports(EnableAutoConfigurationImportSelector.java:72) [spring-boot-autoconfigure-1.1.7.RELEASE.jar:1.1.7.RELEASE]
	at org.springframework.context.annotation.ConfigurationClassParser.processDeferredImportSelectors(ConfigurationClassParser.java:388) [spring-context-4.0.7.RELEASE.jar:4.0.7.RELEASE]
	at org.springframework.context.annotation.ConfigurationClassParser.parse(ConfigurationClassParser.java:165) [spring-context-4.0.7.RELEASE.jar:4.0.7.RELEASE]
	at org.springframework.context.annotation.ConfigurationClassPostProcessor.processConfigBeanDefinitions(ConfigurationClassPostProcessor.java:305) [spring-context-4.0.7.RELEASE.jar:4.0.7.RELEASE]
	at org.springframework.context.annotation.ConfigurationClassPostProcessor.postProcessBeanDefinitionRegistry(ConfigurationClassPostProcessor.java:243) [spring-context-4.0.7.RELEASE.jar:4.0.7.RELEASE]
	at org.springframework.context.support.PostProcessorRegistrationDelegate.invokeBeanDefinitionRegistryPostProcessors(PostProcessorRegistrationDelegate.java:254) [spring-context-4.0.7.RELEASE.jar:4.0.7.RELEASE]
	at org.springframework.context.support.PostProcessorRegistrationDelegate.invokeBeanFactoryPostProcessors(PostProcessorRegistrationDelegate.java:94) [spring-context-4.0.7.RELEASE.jar:4.0.7.RELEASE]
	at org.springframework.context.support.AbstractApplicationContext.invokeBeanFactoryPostProcessors(AbstractApplicationContext.java:611) [spring-context-4.0.7.RELEASE.jar:4.0.7.RELEASE]
	at org.springframework.context.support.AbstractApplicationContext.refresh(AbstractApplicationContext.java:464) [spring-context-4.0.7.RELEASE.jar:4.0.7.RELEASE]
	at org.springframework.context.annotation.AnnotationConfigApplicationContext.<init>(AnnotationConfigApplicationContext.java:84) [spring-context-4.0.7.RELEASE.jar:4.0.7.RELEASE]
	at smpl.ordering.ConfigurationRule.apply(ConfigurationRule.java:18) [test/:na]
	at org.junit.rules.RunRules.applyAll(RunRules.java:26) [junit-4.11.jar:na]
	at org.junit.rules.RunRules.<init>(RunRules.java:15) [junit-4.11.jar:na]
	at org.junit.runners.BlockJUnit4ClassRunner.withTestRules(BlockJUnit4ClassRunner.java:379) [junit-4.11.jar:na]
	at org.junit.runners.BlockJUnit4ClassRunner.withRules(BlockJUnit4ClassRunner.java:340) [junit-4.11.jar:na]
	at org.junit.runners.BlockJUnit4ClassRunner.methodBlock(BlockJUnit4ClassRunner.java:256) [junit-4.11.jar:na]
	at org.junit.runners.BlockJUnit4ClassRunner.runChild(BlockJUnit4ClassRunner.java:70) [junit-4.11.jar:na]
	at org.junit.runners.BlockJUnit4ClassRunner.runChild(BlockJUnit4ClassRunner.java:50) [junit-4.11.jar:na]
	at org.junit.runners.ParentRunner$3.run(ParentRunner.java:238) [junit-4.11.jar:na]
	at org.junit.runners.ParentRunner$1.schedule(ParentRunner.java:63) [junit-4.11.jar:na]
	at org.junit.runners.ParentRunner.runChildren(ParentRunner.java:236) [junit-4.11.jar:na]
	at org.junit.runners.ParentRunner.access$000(ParentRunner.java:53) [junit-4.11.jar:na]
	at org.junit.runners.ParentRunner$2.evaluate(ParentRunner.java:229) [junit-4.11.jar:na]
	at org.junit.runners.ParentRunner.run(ParentRunner.java:309) [junit-4.11.jar:na]
	at org.gradle.api.internal.tasks.testing.junit.JUnitTestClassExecuter.runTestClass(JUnitTestClassExecuter.java:86) [gradle-plugins-2.1.jar:2.1]
	at org.gradle.api.internal.tasks.testing.junit.JUnitTestClassExecuter.execute(JUnitTestClassExecuter.java:49) [gradle-plugins-2.1.jar:2.1]
	at org.gradle.api.internal.tasks.testing.junit.JUnitTestClassProcessor.processTestClass(JUnitTestClassProcessor.java:69) [gradle-plugins-2.1.jar:2.1]
	at org.gradle.api.internal.tasks.testing.SuiteTestClassProcessor.processTestClass(SuiteTestClassProcessor.java:48) [gradle-plugins-2.1.jar:2.1]
	at sun.reflect.NativeMethodAccessorImpl.invoke0(Native Method) ~[na:1.8.0_181]
	at sun.reflect.NativeMethodAccessorImpl.invoke(NativeMethodAccessorImpl.java:62) ~[na:1.8.0_181]
	at sun.reflect.DelegatingMethodAccessorImpl.invoke(DelegatingMethodAccessorImpl.java:43) ~[na:1.8.0_181]
	at java.lang.reflect.Method.invoke(Method.java:498) ~[na:1.8.0_181]
	at org.gradle.messaging.dispatch.ReflectionDispatch.dispatch(ReflectionDispatch.java:35) [gradle-messaging-2.1.jar:2.1]
	at org.gradle.messaging.dispatch.ReflectionDispatch.dispatch(ReflectionDispatch.java:24) [gradle-messaging-2.1.jar:2.1]
	at org.gradle.messaging.dispatch.ContextClassLoaderDispatch.dispatch(ContextClassLoaderDispatch.java:32) [gradle-messaging-2.1.jar:2.1]
	at org.gradle.messaging.dispatch.ProxyDispatchAdapter$DispatchingInvocationHandler.invoke(ProxyDispatchAdapter.java:93) [gradle-messaging-2.1.jar:2.1]
	at com.sun.proxy.$Proxy2.processTestClass(Unknown Source) [na:na]
	at org.gradle.api.internal.tasks.testing.worker.TestWorker.processTestClass(TestWorker.java:105) [gradle-plugins-2.1.jar:2.1]
	at sun.reflect.NativeMethodAccessorImpl.invoke0(Native Method) ~[na:1.8.0_181]
	at sun.reflect.NativeMethodAccessorImpl.invoke(NativeMethodAccessorImpl.java:62) ~[na:1.8.0_181]
	at sun.reflect.DelegatingMethodAccessorImpl.invoke(DelegatingMethodAccessorImpl.java:43) ~[na:1.8.0_181]
	at java.lang.reflect.Method.invoke(Method.java:498) ~[na:1.8.0_181]
	at org.gradle.messaging.dispatch.ReflectionDispatch.dispatch(ReflectionDispatch.java:35) [gradle-messaging-2.1.jar:2.1]
	at org.gradle.messaging.dispatch.ReflectionDispatch.dispatch(ReflectionDispatch.java:24) [gradle-messaging-2.1.jar:2.1]
	at org.gradle.messaging.remote.internal.hub.MessageHub$Handler.run(MessageHub.java:355) [gradle-messaging-2.1.jar:2.1]
	at org.gradle.internal.concurrent.DefaultExecutorFactory$StoppableExecutorImpl$1.run(DefaultExecutorFactory.java:64) [gradle-base-services-2.1.jar:2.1]
	at java.util.concurrent.ThreadPoolExecutor.runWorker(ThreadPoolExecutor.java:1149) [na:1.8.0_181]
	at java.util.concurrent.ThreadPoolExecutor$Worker.run(ThreadPoolExecutor.java:624) [na:1.8.0_181]
	at java.lang.Thread.run(Thread.java:748) [na:1.8.0_181]
00:19:46.650 [Test worker] DEBUG o.s.c.e.PropertySourcesPropertyResolver - Searching for key 'spring.messages.basename' in [systemProperties]
00:19:46.650 [Test worker] DEBUG o.s.c.e.PropertySourcesPropertyResolver - Searching for key 'spring.messages.basename' in [systemEnvironment]
00:19:46.650 [Test worker] DEBUG o.s.c.e.PropertySourcesPropertyResolver - Could not find key 'spring.messages.basename' in any property source. Returning [null]
00:19:46.666 [Test worker] DEBUG o.s.c.i.s.PathMatchingResourcePatternResolver - Looking for matching resources in directory tree [/opt/Projects/PartsUnlimitedMRP/src/Backend/OrderService/build/classes/test]
00:19:46.666 [Test worker] DEBUG o.s.c.i.s.PathMatchingResourcePatternResolver - Searching directory [/opt/Projects/PartsUnlimitedMRP/src/Backend/OrderService/build/classes/test] for files matching pattern [/opt/Projects/PartsUnlimitedMRP/src/Backend/OrderService/build/classes/test/messages*.properties]
00:19:46.666 [Test worker] DEBUG o.s.c.i.s.PathMatchingResourcePatternResolver - Looking for matching resources in directory tree [/opt/Projects/PartsUnlimitedMRP/src/Backend/OrderService/build/resources/test]
00:19:46.666 [Test worker] DEBUG o.s.c.i.s.PathMatchingResourcePatternResolver - Searching directory [/opt/Projects/PartsUnlimitedMRP/src/Backend/OrderService/build/resources/test] for files matching pattern [/opt/Projects/PartsUnlimitedMRP/src/Backend/OrderService/build/resources/test/messages*.properties]
00:19:46.666 [Test worker] DEBUG o.s.c.i.s.PathMatchingResourcePatternResolver - Looking for matching resources in directory tree [/opt/Projects/PartsUnlimitedMRP/src/Backend/OrderService/build/classes/main]
00:19:46.666 [Test worker] DEBUG o.s.c.i.s.PathMatchingResourcePatternResolver - Searching directory [/opt/Projects/PartsUnlimitedMRP/src/Backend/OrderService/build/classes/main] for files matching pattern [/opt/Projects/PartsUnlimitedMRP/src/Backend/OrderService/build/classes/main/messages*.properties]
00:19:46.666 [Test worker] DEBUG o.s.c.i.s.PathMatchingResourcePatternResolver - Looking for matching resources in directory tree [/opt/Projects/PartsUnlimitedMRP/src/Backend/OrderService/build/resources/main]
00:19:46.666 [Test worker] DEBUG o.s.c.i.s.PathMatchingResourcePatternResolver - Searching directory [/opt/Projects/PartsUnlimitedMRP/src/Backend/OrderService/build/resources/main] for files matching pattern [/opt/Projects/PartsUnlimitedMRP/src/Backend/OrderService/build/resources/main/messages*.properties]
00:19:46.667 [Test worker] DEBUG o.s.c.i.s.PathMatchingResourcePatternResolver - Looking for matching resources in jar file [file:/root/.gradle/caches/2.1/workerMain/gradle-worker.jar]
00:19:46.667 [Test worker] DEBUG o.s.c.i.s.PathMatchingResourcePatternResolver - Looking for matching resources in jar file [file:/root/.gradle/caches/modules-2/files-2.1/org.springframework.boot/spring-boot-starter-web/1.1.7.RELEASE/fbd9a68b95d2267742ac1e276ef2781da666b20e/spring-boot-starter-web-1.1.7.RELEASE.jar]
00:19:46.667 [Test worker] DEBUG o.s.c.i.s.PathMatchingResourcePatternResolver - Looking for matching resources in jar file [file:/root/.gradle/caches/modules-2/files-2.1/org.springframework.boot/spring-boot-starter-actuator/1.1.7.RELEASE/f19f58dac234bd2ed78ea477af6db19e59dc9c51/spring-boot-starter-actuator-1.1.7.RELEASE.jar]
00:19:46.667 [Test worker] DEBUG o.s.c.i.s.PathMatchingResourcePatternResolver - Looking for matching resources in jar file [file:/root/.gradle/caches/modules-2/files-2.1/org.springframework.data/spring-data-mongodb/1.5.4.RELEASE/444d98e53ca4150d35542306bbae1b2f49290695/spring-data-mongodb-1.5.4.RELEASE.jar]
00:19:46.667 [Test worker] DEBUG o.s.c.i.s.PathMatchingResourcePatternResolver - Looking for matching resources in jar file [file:/root/.gradle/caches/modules-2/files-2.1/org.mongodb/mongo-java-driver/2.12.3/12b7358a7740af71a4a52349d014d526a7a26a65/mongo-java-driver-2.12.3.jar]
00:19:46.668 [Test worker] DEBUG o.s.c.i.s.PathMatchingResourcePatternResolver - Looking for matching resources in jar file [file:/root/.gradle/caches/modules-2/files-2.1/org.hibernate/hibernate-core/4.2.0.Final/8542d0dbc6a68509efe9033e804bfe36005ba805/hibernate-core-4.2.0.Final.jar]
00:19:46.672 [Test worker] DEBUG o.s.c.i.s.PathMatchingResourcePatternResolver - Looking for matching resources in jar file [file:/root/.m2/repository/org/stagemonitor/stagemonitor-jdbc/0.88.8/stagemonitor-jdbc-0.88.8.jar]
00:19:46.672 [Test worker] DEBUG o.s.c.i.s.PathMatchingResourcePatternResolver - Looking for matching resources in jar file [file:/root/.m2/repository/org/stagemonitor/stagemonitor-web-servlet/0.88.8/stagemonitor-web-servlet-0.88.8.jar]
00:19:46.672 [Test worker] DEBUG o.s.c.i.s.PathMatchingResourcePatternResolver - Looking for matching resources in jar file [file:/root/.m2/repository/org/stagemonitor/stagemonitor-alerting/0.88.8/stagemonitor-alerting-0.88.8.jar]
00:19:46.672 [Test worker] DEBUG o.s.c.i.s.PathMatchingResourcePatternResolver - Looking for matching resources in jar file [file:/root/.m2/repository/org/stagemonitor/stagemonitor-jvm/0.88.8/stagemonitor-jvm-0.88.8.jar]
00:19:46.672 [Test worker] DEBUG o.s.c.i.s.PathMatchingResourcePatternResolver - Looking for matching resources in jar file [file:/root/.gradle/caches/modules-2/files-2.1/org.stagemonitor/stagemonitor-os/0.88.8/5ff107f0c9465ef3a868a27cba83b45af36d28b/stagemonitor-os-0.88.8.jar]
00:19:46.672 [Test worker] DEBUG o.s.c.i.s.PathMatchingResourcePatternResolver - Looking for matching resources in jar file [file:/root/.m2/repository/org/stagemonitor/stagemonitor-configuration/0.88.8/stagemonitor-configuration-0.88.8.jar]
00:19:46.672 [Test worker] DEBUG o.s.c.i.s.PathMatchingResourcePatternResolver - Looking for matching resources in jar file [file:/root/.m2/repository/org/stagemonitor/stagemonitor-tracing-elasticsearch/0.88.8/stagemonitor-tracing-elasticsearch-0.88.8.jar]
00:19:46.673 [Test worker] DEBUG o.s.c.i.s.PathMatchingResourcePatternResolver - Looking for matching resources in jar file [file:/root/.m2/repository/org/stagemonitor/stagemonitor-tracing/0.88.8/stagemonitor-tracing-0.88.8.jar]
00:19:46.673 [Test worker] DEBUG o.s.c.i.s.PathMatchingResourcePatternResolver - Looking for matching resources in jar file [file:/root/.gradle/caches/modules-2/files-2.1/junit/junit/4.11/4e031bb61df09069aeb2bffb4019e7a5034a4ee0/junit-4.11.jar]
00:19:46.673 [Test worker] DEBUG o.s.c.i.s.PathMatchingResourcePatternResolver - Looking for matching resources in jar file [file:/root/.gradle/caches/modules-2/files-2.1/org.springframework.boot/spring-boot-starter/1.1.7.RELEASE/7a68efd7b7abb4f8a4e4dbc450a610ece7cacbea/spring-boot-starter-1.1.7.RELEASE.jar]
00:19:46.677 [Test worker] DEBUG o.s.c.i.s.PathMatchingResourcePatternResolver - Looking for matching resources in jar file [file:/root/.gradle/caches/modules-2/files-2.1/org.springframework.boot/spring-boot-starter-tomcat/1.1.7.RELEASE/6fddd262456789d40c37ec8817abd842f0030fd0/spring-boot-starter-tomcat-1.1.7.RELEASE.jar]
00:19:46.677 [Test worker] DEBUG o.s.c.i.s.PathMatchingResourcePatternResolver - Looking for matching resources in jar file [file:/root/.gradle/caches/modules-2/files-2.1/org.hibernate/hibernate-validator/5.0.3.Final/e0fa071d3ced426a05fc1a59d788cb72a1659c3c/hibernate-validator-5.0.3.Final.jar]
00:19:46.678 [Test worker] DEBUG o.s.c.i.s.PathMatchingResourcePatternResolver - Looking for matching resources in jar file [file:/root/.gradle/caches/modules-2/files-2.1/org.springframework/spring-core/4.0.7.RELEASE/777e9502c4c2de150918a746fa22734d3eff81e0/spring-core-4.0.7.RELEASE.jar]
00:19:46.679 [Test worker] DEBUG o.s.c.i.s.PathMatchingResourcePatternResolver - Looking for matching resources in jar file [file:/root/.gradle/caches/modules-2/files-2.1/org.springframework/spring-web/4.0.7.RELEASE/9c8505b6785bfe6b45bbdc8c8cbcda628feb21b1/spring-web-4.0.7.RELEASE.jar]
00:19:46.679 [Test worker] DEBUG o.s.c.i.s.PathMatchingResourcePatternResolver - Looking for matching resources in jar file [file:/root/.gradle/caches/modules-2/files-2.1/org.springframework/spring-webmvc/4.0.7.RELEASE/5d2de0ccee1d6cc02ec2d29c5440a762fd4345f6/spring-webmvc-4.0.7.RELEASE.jar]
00:19:46.680 [Test worker] DEBUG o.s.c.i.s.PathMatchingResourcePatternResolver - Looking for matching resources in jar file [file:/root/.gradle/caches/modules-2/files-2.1/org.springframework.boot/spring-boot-actuator/1.1.7.RELEASE/583b8f872e67d5fad3323787f1de3c7cb94ba88a/spring-boot-actuator-1.1.7.RELEASE.jar]
00:19:46.680 [Test worker] DEBUG o.s.c.i.s.PathMatchingResourcePatternResolver - Looking for matching resources in jar file [file:/root/.gradle/caches/modules-2/files-2.1/org.springframework/spring-tx/3.2.10.RELEASE/3ce819d1dc339999016ee36e0e88e1fc40efcf32/spring-tx-3.2.10.RELEASE.jar]
00:19:46.681 [Test worker] DEBUG o.s.c.i.s.PathMatchingResourcePatternResolver - Looking for matching resources in jar file [file:/root/.gradle/caches/modules-2/files-2.1/org.springframework.data/spring-data-commons/1.8.4.RELEASE/a3b563d1cbacee9ae4a5d5642fa04f5c1e6aa72d/spring-data-commons-1.8.4.RELEASE.jar]
00:19:46.681 [Test worker] DEBUG o.s.c.i.s.PathMatchingResourcePatternResolver - Looking for matching resources in jar file [file:/root/.gradle/caches/modules-2/files-2.1/org.slf4j/jcl-over-slf4j/1.7.7/56003dcd0a31deea6391b9e2ef2f2dc90b205a92/jcl-over-slf4j-1.7.7.jar]
00:19:46.681 [Test worker] DEBUG o.s.c.i.s.PathMatchingResourcePatternResolver - Looking for matching resources in jar file [file:/root/.gradle/caches/modules-2/files-2.1/antlr/antlr/2.7.7/83cd2cd674a217ade95a4bb83a8a14f351f48bd0/antlr-2.7.7.jar]
00:19:46.681 [Test worker] DEBUG o.s.c.i.s.PathMatchingResourcePatternResolver - Looking for matching resources in jar file [file:/root/.gradle/caches/modules-2/files-2.1/org.jboss.spec.javax.transaction/jboss-transaction-api_1.1_spec/1.0.0.Final/2ab6236535e085d86f37fd97ddfdd35c88c1a419/jboss-transaction-api_1.1_spec-1.0.0.Final.jar]
00:19:46.681 [Test worker] DEBUG o.s.c.i.s.PathMatchingResourcePatternResolver - Looking for matching resources in jar file [file:/root/.gradle/caches/modules-2/files-2.1/dom4j/dom4j/1.6.1/5d3ccc056b6f056dbf0dddfdf43894b9065a8f94/dom4j-1.6.1.jar]
00:19:46.682 [Test worker] DEBUG o.s.c.i.s.PathMatchingResourcePatternResolver - Looking for matching resources in jar file [file:/root/.gradle/caches/modules-2/files-2.1/org.hibernate.javax.persistence/hibernate-jpa-2.0-api/1.0.1.Final/3306a165afa81938fc3d8a0948e891de9f6b192b/hibernate-jpa-2.0-api-1.0.1.Final.jar]
00:19:46.682 [Test worker] DEBUG o.s.c.i.s.PathMatchingResourcePatternResolver - Looking for matching resources in jar file [file:/root/.gradle/caches/modules-2/files-2.1/org.javassist/javassist/3.15.0-GA/79907309ca4bb4e5e51d4086cc4179b2611358d7/javassist-3.15.0-GA.jar]
00:19:46.682 [Test worker] DEBUG o.s.c.i.s.PathMatchingResourcePatternResolver - Looking for matching resources in jar file [file:/root/.gradle/caches/modules-2/files-2.1/org.hibernate.common/hibernate-commons-annotations/4.0.1.Final/78bcf608d997d0529be2f4f781fdc89e801c9e88/hibernate-commons-annotations-4.0.1.Final.jar]
00:19:46.682 [Test worker] DEBUG o.s.c.i.s.PathMatchingResourcePatternResolver - Looking for matching resources in jar file [file:/root/.m2/repository/p6spy/p6spy/3.0.0/p6spy-3.0.0.jar]
00:19:46.683 [Test worker] DEBUG o.s.c.i.s.PathMatchingResourcePatternResolver - Looking for matching resources in jar file [file:/root/.m2/repository/io/dropwizard/metrics/metrics-json/3.2.4/metrics-json-3.2.4.jar]
00:19:46.683 [Test worker] DEBUG o.s.c.i.s.PathMatchingResourcePatternResolver - Looking for matching resources in jar file [file:/root/.m2/repository/javax/mail/mail/1.4.1/mail-1.4.1.jar]
00:19:46.683 [Test worker] DEBUG o.s.c.i.s.PathMatchingResourcePatternResolver - Looking for matching resources in jar file [file:/root/.m2/repository/org/freemarker/freemarker/2.3.23/freemarker-2.3.23.jar]
00:19:46.684 [Test worker] DEBUG o.s.c.i.s.PathMatchingResourcePatternResolver - Looking for matching resources in jar file [file:/root/.m2/repository/org/stagemonitor/stagemonitor-core/0.88.8/stagemonitor-core-0.88.8.jar]
00:19:46.685 [Test worker] DEBUG o.s.c.i.s.PathMatchingResourcePatternResolver - Looking for matching resources in jar file [file:/root/.m2/repository/io/dropwizard/metrics/metrics-jvm/3.2.4/metrics-jvm-3.2.4.jar]
00:19:46.685 [Test worker] DEBUG o.s.c.i.s.PathMatchingResourcePatternResolver - Looking for matching resources in jar file [file:/root/.gradle/caches/modules-2/files-2.1/org.fusesource/sigar/1.6.4/e91a355d337a0b1991f54181627d63c9973624c3/sigar-1.6.4.jar]
00:19:46.685 [Test worker] DEBUG o.s.c.i.s.PathMatchingResourcePatternResolver - Looking for matching resources in jar file [file:/root/.m2/repository/io/jaegertracing/jaeger-core/0.31.0/jaeger-core-0.31.0.jar]
00:19:46.685 [Test worker] DEBUG o.s.c.i.s.PathMatchingResourcePatternResolver - Looking for matching resources in jar file [file:/root/.m2/repository/io/jaegertracing/jaeger-thrift/0.31.0/jaeger-thrift-0.31.0.jar]
00:19:46.686 [Test worker] DEBUG o.s.c.i.s.PathMatchingResourcePatternResolver - Looking for matching resources in jar file [file:/root/.m2/repository/io/jaegertracing/jaeger-zipkin/0.31.0/jaeger-zipkin-0.31.0.jar]
00:19:46.686 [Test worker] DEBUG o.s.c.i.s.PathMatchingResourcePatternResolver - Looking for matching resources in jar file [file:/root/.m2/repository/io/opentracing/opentracing-util/0.31.0/opentracing-util-0.31.0.jar]
00:19:46.686 [Test worker] DEBUG o.s.c.i.s.PathMatchingResourcePatternResolver - Looking for matching resources in jar file [file:/root/.gradle/caches/modules-2/files-2.1/org.hamcrest/hamcrest-core/1.3/42a25dc3219429f0e5d060061f71acb49bf010a0/hamcrest-core-1.3.jar]
00:19:46.686 [Test worker] DEBUG o.s.c.i.s.PathMatchingResourcePatternResolver - Looking for matching resources in jar file [file:/root/.gradle/caches/modules-2/files-2.1/org.springframework.boot/spring-boot/1.1.7.RELEASE/a41a91fb3f33e684efd0e728bb1548a009579ac9/spring-boot-1.1.7.RELEASE.jar]
00:19:46.686 [Test worker] DEBUG o.s.c.i.s.PathMatchingResourcePatternResolver - Looking for matching resources in jar file [file:/root/.gradle/caches/modules-2/files-2.1/org.springframework.boot/spring-boot-autoconfigure/1.1.7.RELEASE/ada61e221cd841c7fd2334fe5f636916a2645220/spring-boot-autoconfigure-1.1.7.RELEASE.jar]
00:19:46.687 [Test worker] DEBUG o.s.c.i.s.PathMatchingResourcePatternResolver - Looking for matching resources in jar file [file:/root/.gradle/caches/modules-2/files-2.1/org.springframework.boot/spring-boot-starter-logging/1.1.7.RELEASE/d51922fb607842acd90c2de736f8c72c98380bd7/spring-boot-starter-logging-1.1.7.RELEASE.jar]
00:19:46.687 [Test worker] DEBUG o.s.c.i.s.PathMatchingResourcePatternResolver - Looking for matching resources in jar file [file:/root/.gradle/caches/modules-2/files-2.1/org.yaml/snakeyaml/1.13/73cbb494a912866c4c831a178c3a2a9169f4eaad/snakeyaml-1.13.jar]
00:19:46.688 [Test worker] DEBUG o.s.c.i.s.PathMatchingResourcePatternResolver - Looking for matching resources in jar file [file:/root/.gradle/caches/modules-2/files-2.1/org.apache.tomcat.embed/tomcat-embed-core/7.0.55/67713e23a79934697f7f89e8a1382586117f7291/tomcat-embed-core-7.0.55.jar]
00:19:46.690 [Test worker] DEBUG o.s.c.i.s.PathMatchingResourcePatternResolver - Looking for matching resources in jar file [file:/root/.gradle/caches/modules-2/files-2.1/org.apache.tomcat.embed/tomcat-embed-el/7.0.55/fe614bb874f8fa1d5a9427d7b4afd2236607be4a/tomcat-embed-el-7.0.55.jar]
00:19:46.690 [Test worker] DEBUG o.s.c.i.s.PathMatchingResourcePatternResolver - Looking for matching resources in jar file [file:/root/.gradle/caches/modules-2/files-2.1/org.apache.tomcat.embed/tomcat-embed-logging-juli/7.0.55/76c2066b1fadcee51f1a2b75238f8916701003d8/tomcat-embed-logging-juli-7.0.55.jar]
00:19:46.691 [Test worker] DEBUG o.s.c.i.s.PathMatchingResourcePatternResolver - Looking for matching resources in jar file [file:/root/.gradle/caches/modules-2/files-2.1/javax.validation/validation-api/1.1.0.Final/8613ae82954779d518631e05daa73a6a954817d5/validation-api-1.1.0.Final.jar]
00:19:46.691 [Test worker] DEBUG o.s.c.i.s.PathMatchingResourcePatternResolver - Looking for matching resources in jar file [file:/root/.gradle/caches/modules-2/files-2.1/com.fasterxml/classmate/1.0.0/434efef28c81162b17c540e634cffa3bd9b09b4c/classmate-1.0.0.jar]
00:19:46.691 [Test worker] DEBUG o.s.c.i.s.PathMatchingResourcePatternResolver - Looking for matching resources in jar file [file:/root/.gradle/caches/modules-2/files-2.1/org.springframework/spring-aop/4.0.7.RELEASE/caadec5dc4ea4899d89004ff46053f8e391e0343/spring-aop-4.0.7.RELEASE.jar]
00:19:46.691 [Test worker] DEBUG o.s.c.i.s.PathMatchingResourcePatternResolver - Looking for matching resources in jar file [file:/root/.m2/repository/io/dropwizard/metrics/metrics-core/3.2.4/metrics-core-3.2.4.jar]
00:19:46.691 [Test worker] DEBUG o.s.c.i.s.PathMatchingResourcePatternResolver - Looking for matching resources in jar file [file:/root/.m2/repository/javax/activation/activation/1.1/activation-1.1.jar]
00:19:46.692 [Test worker] DEBUG o.s.c.i.s.PathMatchingResourcePatternResolver - Looking for matching resources in jar file [file:/root/.m2/repository/io/dropwizard/metrics/metrics-graphite/3.2.4/metrics-graphite-3.2.4.jar]
00:19:46.692 [Test worker] DEBUG o.s.c.i.s.PathMatchingResourcePatternResolver - Looking for matching resources in jar file [file:/root/.m2/repository/io/dropwizard/metrics/metrics-annotation/3.2.4/metrics-annotation-3.2.4.jar]
00:19:46.692 [Test worker] DEBUG o.s.c.i.s.PathMatchingResourcePatternResolver - Looking for matching resources in jar file [file:/root/.m2/repository/io/dropwizard/metrics/metrics-healthchecks/3.2.4/metrics-healthchecks-3.2.4.jar]
00:19:46.692 [Test worker] DEBUG o.s.c.i.s.PathMatchingResourcePatternResolver - Looking for matching resources in jar file [file:/root/.m2/repository/com/fasterxml/jackson/module/jackson-module-afterburner/2.9.6/jackson-module-afterburner-2.9.6.jar]
00:19:46.692 [Test worker] DEBUG o.s.c.i.s.PathMatchingResourcePatternResolver - Looking for matching resources in jar file [file:/root/.m2/repository/net/bytebuddy/byte-buddy/1.8.11/byte-buddy-1.8.11.jar]
00:19:46.695 [Test worker] DEBUG o.s.c.i.s.PathMatchingResourcePatternResolver - Looking for matching resources in jar file [file:/root/.m2/repository/net/bytebuddy/byte-buddy-agent/1.8.11/byte-buddy-agent-1.8.11.jar]
00:19:46.695 [Test worker] DEBUG o.s.c.i.s.PathMatchingResourcePatternResolver - Looking for matching resources in jar file [file:/root/.gradle/caches/modules-2/files-2.1/log4j/log4j/1.2.15/f0a0d2e29ed910808c33135a3a5a51bba6358f7b/log4j-1.2.15.jar]
00:19:46.695 [Test worker] DEBUG o.s.c.i.s.PathMatchingResourcePatternResolver - Looking for matching resources in jar file [file:/root/.m2/repository/io/opentracing/opentracing-api/0.31.0/opentracing-api-0.31.0.jar]
00:19:46.695 [Test worker] DEBUG o.s.c.i.s.PathMatchingResourcePatternResolver - Looking for matching resources in jar file [file:/root/.m2/repository/com/google/code/gson/gson/2.8.2/gson-2.8.2.jar]
00:19:46.696 [Test worker] DEBUG o.s.c.i.s.PathMatchingResourcePatternResolver - Looking for matching resources in jar file [file:/root/.m2/repository/org/apache/thrift/libthrift/0.11.0/libthrift-0.11.0.jar]
00:19:46.696 [Test worker] DEBUG o.s.c.i.s.PathMatchingResourcePatternResolver - Looking for matching resources in jar file [file:/root/.m2/repository/com/squareup/okhttp3/okhttp/3.9.0/okhttp-3.9.0.jar]
00:19:46.696 [Test worker] DEBUG o.s.c.i.s.PathMatchingResourcePatternResolver - Looking for matching resources in jar file [file:/root/.m2/repository/io/jaegertracing/jaeger-client/0.31.0/jaeger-client-0.31.0.jar]
00:19:46.696 [Test worker] DEBUG o.s.c.i.s.PathMatchingResourcePatternResolver - Looking for matching resources in jar file [file:/root/.m2/repository/io/zipkin/reporter2/zipkin-sender-urlconnection/2.7.6/zipkin-sender-urlconnection-2.7.6.jar]
00:19:46.696 [Test worker] DEBUG o.s.c.i.s.PathMatchingResourcePatternResolver - Looking for matching resources in jar file [file:/root/.m2/repository/io/opentracing/opentracing-noop/0.31.0/opentracing-noop-0.31.0.jar]
00:19:46.696 [Test worker] DEBUG o.s.c.i.s.PathMatchingResourcePatternResolver - Looking for matching resources in jar file [file:/root/.gradle/caches/modules-2/files-2.1/org.slf4j/jul-to-slf4j/1.7.7/def21bc1a6e648ee40b41a84f1db443132913105/jul-to-slf4j-1.7.7.jar]
00:19:46.696 [Test worker] DEBUG o.s.c.i.s.PathMatchingResourcePatternResolver - Looking for matching resources in jar file [file:/root/.gradle/caches/modules-2/files-2.1/org.slf4j/log4j-over-slf4j/1.7.7/d521cb26a9c4407caafcec302e7804b048b07cea/log4j-over-slf4j-1.7.7.jar]
00:19:46.696 [Test worker] DEBUG o.s.c.i.s.PathMatchingResourcePatternResolver - Looking for matching resources in jar file [file:/root/.gradle/caches/modules-2/files-2.1/ch.qos.logback/logback-classic/1.1.2/b316e9737eea25e9ddd6d88eaeee76878045c6b2/logback-classic-1.1.2.jar]
00:19:46.697 [Test worker] DEBUG o.s.c.i.s.PathMatchingResourcePatternResolver - Looking for matching resources in jar file [file:/root/.gradle/caches/modules-2/files-2.1/aopalliance/aopalliance/1.0/235ba8b489512805ac13a8f9ea77a1ca5ebe3e8/aopalliance-1.0.jar]
00:19:46.697 [Test worker] DEBUG o.s.c.i.s.PathMatchingResourcePatternResolver - Looking for matching resources in jar file [file:/root/.m2/repository/com/squareup/okio/okio/1.13.0/okio-1.13.0.jar]
00:19:46.697 [Test worker] DEBUG o.s.c.i.s.PathMatchingResourcePatternResolver - Looking for matching resources in jar file [file:/root/.m2/repository/io/jaegertracing/jaeger-tracerresolver/0.31.0/jaeger-tracerresolver-0.31.0.jar]
00:19:46.697 [Test worker] DEBUG o.s.c.i.s.PathMatchingResourcePatternResolver - Looking for matching resources in jar file [file:/root/.m2/repository/io/zipkin/reporter2/zipkin-reporter/2.7.6/zipkin-reporter-2.7.6.jar]
00:19:46.697 [Test worker] DEBUG o.s.c.i.s.PathMatchingResourcePatternResolver - Looking for matching resources in jar file [file:/root/.m2/repository/io/zipkin/zipkin2/zipkin/2.9.4/zipkin-2.9.4.jar]
00:19:46.697 [Test worker] DEBUG o.s.c.i.s.PathMatchingResourcePatternResolver - Looking for matching resources in jar file [file:/root/.gradle/caches/modules-2/files-2.1/ch.qos.logback/logback-core/1.1.2/2d23694879c2c12f125dac5076bdfd5d771cc4cb/logback-core-1.1.2.jar]
00:19:46.698 [Test worker] DEBUG o.s.c.i.s.PathMatchingResourcePatternResolver - Looking for matching resources in jar file [file:/root/.m2/repository/io/opentracing/contrib/opentracing-tracerresolver/0.1.4/opentracing-tracerresolver-0.1.4.jar]
00:19:46.698 [Test worker] DEBUG o.s.c.i.s.PathMatchingResourcePatternResolver - Looking for matching resources in jar file [file:/root/.gradle/caches/modules-2/files-2.1/com.microsoft.azure/applicationinsights-core/1.0.10/c3d9e426516d32bc39706766aa7fdf53fbb992d7/applicationinsights-core-1.0.10.jar]
00:19:46.729 [Test worker] DEBUG o.s.c.i.s.PathMatchingResourcePatternResolver - Looking for matching resources in jar file [file:/root/.gradle/caches/modules-2/files-2.1/eu.infomas/annotation-detector/3.0.4/9dacddd19f848bea5e7ba4dfadce37e0f710cd1b/annotation-detector-3.0.4.jar]
00:19:46.729 [Test worker] DEBUG o.s.c.i.s.PathMatchingResourcePatternResolver - Looking for matching resources in jar file [file:/root/.gradle/caches/modules-2/files-2.1/commons-io/commons-io/2.4/b1b6ea3b7e4aa4f492509a4952029cd8e48019ad/commons-io-2.4.jar]
00:19:46.729 [Test worker] DEBUG o.s.c.i.s.PathMatchingResourcePatternResolver - Looking for matching resources in jar file [file:/root/.m2/repository/org/apache/commons/commons-lang3/3.1/commons-lang3-3.1.jar]
00:19:46.729 [Test worker] DEBUG o.s.c.i.s.PathMatchingResourcePatternResolver - Looking for matching resources in jar file [file:/root/.gradle/caches/modules-2/files-2.1/com.google.guava/guava/12.0.1/b8e78b9af7bf45900e14c6f958486b6ca682195f/guava-12.0.1.jar]
00:19:46.731 [Test worker] DEBUG o.s.c.i.s.PathMatchingResourcePatternResolver - Looking for matching resources in jar file [file:/root/.gradle/caches/modules-2/files-2.1/com.google.code.findbugs/jsr305/1.3.9/40719ea6961c0cb6afaeb6a921eaa1f6afd4cfdf/jsr305-1.3.9.jar]
00:19:46.731 [Test worker] DEBUG o.s.c.i.s.PathMatchingResourcePatternResolver - Looking for matching resources in jar file [file:/root/.m2/repository/org/slf4j/slf4j-api/1.7.25/slf4j-api-1.7.25.jar]
00:19:46.731 [Test worker] DEBUG o.s.c.i.s.PathMatchingResourcePatternResolver - Looking for matching resources in jar file [file:/root/.gradle/caches/modules-2/files-2.1/org.jboss.logging/jboss-logging/3.1.1.GA/7fb1a7eb7ff1d15cac1802510fee65c7ca31a869/jboss-logging-3.1.1.GA.jar]
00:19:46.731 [Test worker] DEBUG o.s.c.i.s.PathMatchingResourcePatternResolver - Looking for matching resources in jar file [file:/root/.gradle/caches/modules-2/files-2.1/org.springframework/spring-beans/4.0.7.RELEASE/fdd041f086972cc16f9b09ee420a98604cd0bc07/spring-beans-4.0.7.RELEASE.jar]
00:19:46.732 [Test worker] DEBUG o.s.c.i.s.PathMatchingResourcePatternResolver - Looking for matching resources in jar file [file:/root/.gradle/caches/modules-2/files-2.1/org.springframework/spring-context/4.0.7.RELEASE/8a4aa735f3691a1985381b3c6c69d32b835f51b4/spring-context-4.0.7.RELEASE.jar]
00:19:46.733 [Test worker] DEBUG o.s.c.i.s.PathMatchingResourcePatternResolver - Looking for matching resources in jar file [file:/root/.gradle/caches/modules-2/files-2.1/org.springframework/spring-expression/4.0.7.RELEASE/46a4cfe181b1f15940b5ea7530fcad1f8b98c561/spring-expression-4.0.7.RELEASE.jar]
00:19:46.733 [Test worker] DEBUG o.s.c.i.s.PathMatchingResourcePatternResolver - Looking for matching resources in jar file [file:/root/.m2/repository/com/fasterxml/jackson/core/jackson-databind/2.9.6/jackson-databind-2.9.6.jar]
00:19:46.734 [Test worker] DEBUG o.s.c.i.s.PathMatchingResourcePatternResolver - Looking for matching resources in jar file [file:/root/.m2/repository/com/fasterxml/jackson/core/jackson-core/2.9.6/jackson-core-2.9.6.jar]
00:19:46.734 [Test worker] DEBUG o.s.c.i.s.PathMatchingResourcePatternResolver - Looking for matching resources in jar file [file:/root/.gradle/caches/modules-2/files-2.1/org.apache.httpcomponents/httpclient/4.5.3/d1577ae15f01ef5438c5afc62162457c00a34713/httpclient-4.5.3.jar]
00:19:46.735 [Test worker] DEBUG o.s.c.i.s.PathMatchingResourcePatternResolver - Looking for matching resources in jar file [file:/root/.gradle/caches/modules-2/files-2.1/org.apache.httpcomponents/httpcore/4.4.6/e3fd8ced1f52c7574af952e2e6da0df8df08eb82/httpcore-4.4.6.jar]
00:19:46.735 [Test worker] DEBUG o.s.c.i.s.PathMatchingResourcePatternResolver - Looking for matching resources in jar file [file:/root/.m2/repository/com/fasterxml/jackson/core/jackson-annotations/2.9.0/jackson-annotations-2.9.0.jar]
00:19:46.735 [Test worker] DEBUG o.s.c.i.s.PathMatchingResourcePatternResolver - Looking for matching resources in jar file [file:/root/.m2/repository/commons-codec/commons-codec/1.9/commons-codec-1.9.jar]
00:19:46.735 [Test worker] DEBUG o.s.c.i.s.PathMatchingResourcePatternResolver - Looking for matching resources in jar file [file:/root/.m2/repository/commons-logging/commons-logging/1.2/commons-logging-1.2.jar]
00:19:46.735 [Test worker] DEBUG o.s.c.i.s.PathMatchingResourcePatternResolver - Looking for matching resources in jar file [file:/usr/lib/jvm/java-1.8.0-openjdk-1.8.0.181-3.b13.el7_5.x86_64/jre/lib/ext/cldrdata.jar]
00:19:46.737 [Test worker] DEBUG o.s.c.i.s.PathMatchingResourcePatternResolver - Looking for matching resources in jar file [file:/usr/lib/jvm/java-1.8.0-openjdk-1.8.0.181-3.b13.el7_5.x86_64/jre/lib/ext/dnsns.jar]
00:19:46.737 [Test worker] DEBUG o.s.c.i.s.PathMatchingResourcePatternResolver - Looking for matching resources in jar file [file:/usr/lib/jvm/java-1.8.0-openjdk-1.8.0.181-3.b13.el7_5.x86_64/jre/lib/ext/jaccess.jar]
00:19:46.737 [Test worker] DEBUG o.s.c.i.s.PathMatchingResourcePatternResolver - Looking for matching resources in jar file [file:/usr/lib/jvm/java-1.8.0-openjdk-1.8.0.181-3.b13.el7_5.x86_64/jre/lib/ext/localedata.jar]
00:19:46.739 [Test worker] DEBUG o.s.c.i.s.PathMatchingResourcePatternResolver - Looking for matching resources in jar file [file:/usr/lib/jvm/java-1.8.0-openjdk-1.8.0.181-3.b13.el7_5.x86_64/jre/lib/ext/nashorn.jar]
00:19:46.740 [Test worker] DEBUG o.s.c.i.s.PathMatchingResourcePatternResolver - Looking for matching resources in jar file [file:/usr/lib/jvm/java-1.8.0-openjdk-1.8.0.181-3.b13.el7_5.x86_64/jre/lib/ext/sunec.jar]
00:19:46.740 [Test worker] DEBUG o.s.c.i.s.PathMatchingResourcePatternResolver - Looking for matching resources in jar file [file:/usr/lib/jvm/java-1.8.0-openjdk-1.8.0.181-3.b13.el7_5.x86_64/jre/lib/ext/sunjce_provider.jar]
00:19:46.741 [Test worker] DEBUG o.s.c.i.s.PathMatchingResourcePatternResolver - Looking for matching resources in jar file [file:/usr/lib/jvm/java-1.8.0-openjdk-1.8.0.181-3.b13.el7_5.x86_64/jre/lib/ext/sunpkcs11.jar]
00:19:46.741 [Test worker] DEBUG o.s.c.i.s.PathMatchingResourcePatternResolver - Looking for matching resources in jar file [file:/usr/lib/jvm/java-1.8.0-openjdk-1.8.0.181-3.b13.el7_5.x86_64/jre/lib/ext/zipfs.jar]
00:19:46.741 [Test worker] DEBUG o.s.c.i.s.PathMatchingResourcePatternResolver - Looking for matching resources in jar file [file:/usr/lib/jvm/java-1.8.0-openjdk-1.8.0.181-3.b13.el7_5.x86_64/jre/lib/ext/java-atk-wrapper.jar]
00:19:46.741 [Test worker] DEBUG o.s.c.i.s.PathMatchingResourcePatternResolver - Resolved location pattern [classpath*:messages*.properties] to resources []
00:19:46.741 [Test worker] DEBUG o.s.b.f.s.DefaultListableBeanFactory - Returning cached instance of singleton bean 'autoConfigurationReport'
00:19:46.742 [Test worker] DEBUG o.s.b.f.s.DefaultListableBeanFactory - Returning cached instance of singleton bean 'autoConfigurationReport'
00:19:46.742 [Test worker] DEBUG o.s.b.f.s.DefaultListableBeanFactory - Returning cached instance of singleton bean 'autoConfigurationReport'
00:19:46.742 [Test worker] DEBUG o.s.b.f.s.DefaultListableBeanFactory - Returning cached instance of singleton bean 'autoConfigurationReport'
00:19:46.742 [Test worker] DEBUG o.s.b.f.s.DefaultListableBeanFactory - Returning cached instance of singleton bean 'autoConfigurationReport'
00:19:46.742 [Test worker] DEBUG o.s.b.f.s.DefaultListableBeanFactory - Returning cached instance of singleton bean 'autoConfigurationReport'
00:19:46.742 [Test worker] DEBUG o.s.b.f.s.DefaultListableBeanFactory - Returning cached instance of singleton bean 'autoConfigurationReport'
00:19:46.742 [Test worker] DEBUG o.s.b.f.s.DefaultListableBeanFactory - Returning cached instance of singleton bean 'autoConfigurationReport'
00:19:46.743 [Test worker] DEBUG o.s.b.f.s.DefaultListableBeanFactory - Returning cached instance of singleton bean 'autoConfigurationReport'
00:19:46.743 [Test worker] DEBUG o.s.b.f.s.DefaultListableBeanFactory - Returning cached instance of singleton bean 'autoConfigurationReport'
00:19:46.743 [Test worker] DEBUG o.s.b.f.s.DefaultListableBeanFactory - Returning cached instance of singleton bean 'autoConfigurationReport'
00:19:46.744 [Test worker] DEBUG o.s.b.f.s.DefaultListableBeanFactory - Returning cached instance of singleton bean 'autoConfigurationReport'
00:19:46.744 [Test worker] DEBUG o.s.b.f.s.DefaultListableBeanFactory - Returning cached instance of singleton bean 'autoConfigurationReport'
00:19:46.744 [Test worker] DEBUG o.s.b.f.s.DefaultListableBeanFactory - Returning cached instance of singleton bean 'autoConfigurationReport'
00:19:46.744 [Test worker] DEBUG o.s.b.f.s.DefaultListableBeanFactory - Returning cached instance of singleton bean 'autoConfigurationReport'
00:19:46.745 [Test worker] DEBUG o.s.b.f.s.DefaultListableBeanFactory - Returning cached instance of singleton bean 'autoConfigurationReport'
00:19:46.745 [Test worker] DEBUG o.s.b.f.s.DefaultListableBeanFactory - Returning cached instance of singleton bean 'autoConfigurationReport'
00:19:46.745 [Test worker] DEBUG o.s.b.f.s.DefaultListableBeanFactory - Returning cached instance of singleton bean 'autoConfigurationReport'
00:19:46.745 [Test worker] DEBUG o.s.c.e.PropertySourcesPropertyResolver - Searching for key 'spring.jmx.enabled:true' in [systemProperties]
00:19:46.745 [Test worker] DEBUG o.s.c.e.PropertySourcesPropertyResolver - Searching for key 'spring.jmx.enabled:true' in [systemEnvironment]
00:19:46.745 [Test worker] DEBUG o.s.c.e.PropertySourcesPropertyResolver - Could not find key 'spring.jmx.enabled:true' in any property source. Returning [null]
00:19:46.745 [Test worker] DEBUG o.s.c.e.PropertySourcesPropertyResolver - Searching for key 'spring.jmx.enabled' in [systemProperties]
00:19:46.745 [Test worker] DEBUG o.s.c.e.PropertySourcesPropertyResolver - Searching for key 'spring.jmx.enabled' in [systemEnvironment]
00:19:46.746 [Test worker] DEBUG o.s.c.e.PropertySourcesPropertyResolver - Could not find key 'spring.jmx.enabled' in any property source. Returning [null]
00:19:46.746 [Test worker] DEBUG o.s.b.f.s.DefaultListableBeanFactory - Returning cached instance of singleton bean 'autoConfigurationReport'
00:19:46.746 [Test worker] DEBUG o.s.c.e.PropertySourcesPropertyResolver - Searching for key 'endpoints.jmx.enabled:true' in [systemProperties]
00:19:46.746 [Test worker] DEBUG o.s.c.e.PropertySourcesPropertyResolver - Searching for key 'endpoints.jmx.enabled:true' in [systemEnvironment]
00:19:46.746 [Test worker] DEBUG o.s.c.e.PropertySourcesPropertyResolver - Could not find key 'endpoints.jmx.enabled:true' in any property source. Returning [null]
00:19:46.746 [Test worker] DEBUG o.s.c.e.PropertySourcesPropertyResolver - Searching for key 'endpoints.jmx.enabled' in [systemProperties]
00:19:46.746 [Test worker] DEBUG o.s.c.e.PropertySourcesPropertyResolver - Searching for key 'endpoints.jmx.enabled' in [systemEnvironment]
00:19:46.746 [Test worker] DEBUG o.s.c.e.PropertySourcesPropertyResolver - Could not find key 'endpoints.jmx.enabled' in any property source. Returning [null]
00:19:46.746 [Test worker] DEBUG o.s.c.e.PropertySourcesPropertyResolver - Searching for key 'spring.jmx.enabled:true' in [systemProperties]
00:19:46.746 [Test worker] DEBUG o.s.c.e.PropertySourcesPropertyResolver - Searching for key 'spring.jmx.enabled:true' in [systemEnvironment]
00:19:46.746 [Test worker] DEBUG o.s.c.e.PropertySourcesPropertyResolver - Could not find key 'spring.jmx.enabled:true' in any property source. Returning [null]
00:19:46.746 [Test worker] DEBUG o.s.c.e.PropertySourcesPropertyResolver - Searching for key 'spring.jmx.enabled' in [systemProperties]
00:19:46.746 [Test worker] DEBUG o.s.c.e.PropertySourcesPropertyResolver - Searching for key 'spring.jmx.enabled' in [systemEnvironment]
00:19:46.746 [Test worker] DEBUG o.s.c.e.PropertySourcesPropertyResolver - Could not find key 'spring.jmx.enabled' in any property source. Returning [null]
00:19:46.746 [Test worker] DEBUG o.s.b.f.s.DefaultListableBeanFactory - Returning cached instance of singleton bean 'autoConfigurationReport'
00:19:46.746 [Test worker] DEBUG o.s.b.f.s.DefaultListableBeanFactory - Returning cached instance of singleton bean 'autoConfigurationReport'
00:19:46.746 [Test worker] DEBUG o.s.b.f.s.DefaultListableBeanFactory - Returning cached instance of singleton bean 'autoConfigurationReport'
00:19:46.746 [Test worker] DEBUG o.s.b.f.s.DefaultListableBeanFactory - Returning cached instance of singleton bean 'autoConfigurationReport'
00:19:46.746 [Test worker] DEBUG o.s.b.f.s.DefaultListableBeanFactory - Returning cached instance of singleton bean 'autoConfigurationReport'
00:19:46.746 [Test worker] DEBUG o.s.b.f.s.DefaultListableBeanFactory - Returning cached instance of singleton bean 'autoConfigurationReport'
00:19:46.747 [Test worker] DEBUG o.s.b.f.s.DefaultListableBeanFactory - Returning cached instance of singleton bean 'autoConfigurationReport'
00:19:46.747 [Test worker] DEBUG o.s.b.f.s.DefaultListableBeanFactory - Returning cached instance of singleton bean 'autoConfigurationReport'
00:19:46.748 [Test worker] DEBUG o.s.b.f.s.DefaultListableBeanFactory - Returning cached instance of singleton bean 'autoConfigurationReport'
00:19:46.748 [Test worker] DEBUG o.s.b.f.s.DefaultListableBeanFactory - Returning cached instance of singleton bean 'autoConfigurationReport'
00:19:46.748 [Test worker] DEBUG o.s.b.f.s.DefaultListableBeanFactory - Returning cached instance of singleton bean 'autoConfigurationReport'
00:19:46.748 [Test worker] DEBUG o.s.b.f.s.DefaultListableBeanFactory - Returning cached instance of singleton bean 'autoConfigurationReport'
00:19:46.749 [Test worker] DEBUG o.s.c.e.PropertySourcesPropertyResolver - Searching for key 'spring.data.mongo.repositories.enabled:true' in [systemProperties]
00:19:46.749 [Test worker] DEBUG o.s.c.e.PropertySourcesPropertyResolver - Searching for key 'spring.data.mongo.repositories.enabled:true' in [systemEnvironment]
00:19:46.749 [Test worker] DEBUG o.s.c.e.PropertySourcesPropertyResolver - Could not find key 'spring.data.mongo.repositories.enabled:true' in any property source. Returning [null]
00:19:46.749 [Test worker] DEBUG o.s.c.e.PropertySourcesPropertyResolver - Searching for key 'spring.data.mongo.repositories.enabled' in [systemProperties]
00:19:46.749 [Test worker] DEBUG o.s.c.e.PropertySourcesPropertyResolver - Searching for key 'spring.data.mongo.repositories.enabled' in [systemEnvironment]
00:19:46.749 [Test worker] DEBUG o.s.c.e.PropertySourcesPropertyResolver - Could not find key 'spring.data.mongo.repositories.enabled' in any property source. Returning [null]
00:19:46.749 [Test worker] DEBUG o.s.b.f.s.DefaultListableBeanFactory - Returning cached instance of singleton bean 'autoConfigurationReport'
00:19:46.749 [Test worker] DEBUG o.s.b.f.s.DefaultListableBeanFactory - Returning cached instance of singleton bean 'autoConfigurationReport'
00:19:46.764 [Test worker] DEBUG o.s.b.f.s.DefaultListableBeanFactory - Returning cached instance of singleton bean 'autoConfigurationReport'
00:19:46.765 [Test worker] DEBUG o.s.b.f.s.DefaultListableBeanFactory - Returning cached instance of singleton bean 'autoConfigurationReport'
00:19:46.766 [Test worker] DEBUG o.s.b.f.s.DefaultListableBeanFactory - Returning cached instance of singleton bean 'autoConfigurationReport'
00:19:46.766 [Test worker] DEBUG o.s.b.f.s.DefaultListableBeanFactory - Returning cached instance of singleton bean 'autoConfigurationReport'
00:19:46.767 [Test worker] DEBUG o.s.b.f.s.DefaultListableBeanFactory - Returning cached instance of singleton bean 'autoConfigurationReport'
00:19:46.767 [Test worker] DEBUG o.s.b.f.s.DefaultListableBeanFactory - Returning cached instance of singleton bean 'autoConfigurationReport'
00:19:46.767 [Test worker] DEBUG o.s.b.f.s.DefaultListableBeanFactory - Returning cached instance of singleton bean 'autoConfigurationReport'
00:19:46.768 [Test worker] DEBUG o.s.b.f.s.DefaultListableBeanFactory - Returning cached instance of singleton bean 'autoConfigurationReport'
00:19:46.768 [Test worker] DEBUG o.s.b.f.s.DefaultListableBeanFactory - Returning cached instance of singleton bean 'autoConfigurationReport'
00:19:46.768 [Test worker] DEBUG o.s.b.f.s.DefaultListableBeanFactory - Returning cached instance of singleton bean 'autoConfigurationReport'
00:19:46.769 [Test worker] DEBUG o.s.b.f.s.DefaultListableBeanFactory - Returning cached instance of singleton bean 'autoConfigurationReport'
00:19:46.769 [Test worker] DEBUG o.s.b.f.s.DefaultListableBeanFactory - Returning cached instance of singleton bean 'autoConfigurationReport'
00:19:46.769 [Test worker] DEBUG o.s.b.f.s.DefaultListableBeanFactory - Returning cached instance of singleton bean 'autoConfigurationReport'
00:19:46.770 [Test worker] DEBUG o.s.b.f.s.DefaultListableBeanFactory - Returning cached instance of singleton bean 'autoConfigurationReport'
00:19:46.770 [Test worker] DEBUG o.s.b.f.s.DefaultListableBeanFactory - Returning cached instance of singleton bean 'autoConfigurationReport'
00:19:46.771 [Test worker] DEBUG o.s.b.f.s.DefaultListableBeanFactory - Returning cached instance of singleton bean 'autoConfigurationReport'
00:19:46.771 [Test worker] DEBUG o.s.b.f.s.DefaultListableBeanFactory - Returning cached instance of singleton bean 'autoConfigurationReport'
00:19:46.772 [Test worker] DEBUG o.s.b.f.s.DefaultListableBeanFactory - Returning cached instance of singleton bean 'autoConfigurationReport'
00:19:46.772 [Test worker] DEBUG o.s.b.f.s.DefaultListableBeanFactory - Returning cached instance of singleton bean 'autoConfigurationReport'
00:19:46.772 [Test worker] DEBUG o.s.b.f.s.DefaultListableBeanFactory - Returning cached instance of singleton bean 'autoConfigurationReport'
00:19:46.773 [Test worker] DEBUG o.s.b.f.s.DefaultListableBeanFactory - Returning cached instance of singleton bean 'autoConfigurationReport'
00:19:46.773 [Test worker] DEBUG o.s.b.f.s.DefaultListableBeanFactory - Returning cached instance of singleton bean 'autoConfigurationReport'
00:19:46.773 [Test worker] DEBUG o.s.c.e.PropertySourcesPropertyResolver - Searching for key 'security.basic.enabled:true' in [systemProperties]
00:19:46.773 [Test worker] DEBUG o.s.c.e.PropertySourcesPropertyResolver - Searching for key 'security.basic.enabled:true' in [systemEnvironment]
00:19:46.773 [Test worker] DEBUG o.s.c.e.PropertySourcesPropertyResolver - Could not find key 'security.basic.enabled:true' in any property source. Returning [null]
00:19:46.773 [Test worker] DEBUG o.s.c.e.PropertySourcesPropertyResolver - Searching for key 'security.basic.enabled' in [systemProperties]
00:19:46.773 [Test worker] DEBUG o.s.c.e.PropertySourcesPropertyResolver - Searching for key 'security.basic.enabled' in [systemEnvironment]
00:19:46.773 [Test worker] DEBUG o.s.c.e.PropertySourcesPropertyResolver - Could not find key 'security.basic.enabled' in any property source. Returning [null]
00:19:46.773 [Test worker] DEBUG o.s.b.f.s.DefaultListableBeanFactory - Returning cached instance of singleton bean 'autoConfigurationReport'
00:19:46.776 [Test worker] DEBUG o.s.b.f.s.DefaultListableBeanFactory - Returning cached instance of singleton bean 'autoConfigurationReport'
00:19:46.776 [Test worker] DEBUG o.s.b.f.s.DefaultListableBeanFactory - Returning cached instance of singleton bean 'autoConfigurationReport'
00:19:46.777 [Test worker] DEBUG o.s.b.f.s.DefaultListableBeanFactory - Returning cached instance of singleton bean 'autoConfigurationReport'
00:19:46.777 [Test worker] DEBUG o.s.c.e.PropertySourcesPropertyResolver - Searching for key 'multipart.enabled:true' in [systemProperties]
00:19:46.777 [Test worker] DEBUG o.s.c.e.PropertySourcesPropertyResolver - Searching for key 'multipart.enabled:true' in [systemEnvironment]
00:19:46.777 [Test worker] DEBUG o.s.c.e.PropertySourcesPropertyResolver - Could not find key 'multipart.enabled:true' in any property source. Returning [null]
00:19:46.777 [Test worker] DEBUG o.s.c.e.PropertySourcesPropertyResolver - Searching for key 'multipart.enabled' in [systemProperties]
00:19:46.777 [Test worker] DEBUG o.s.c.e.PropertySourcesPropertyResolver - Searching for key 'multipart.enabled' in [systemEnvironment]
00:19:46.777 [Test worker] DEBUG o.s.c.e.PropertySourcesPropertyResolver - Could not find key 'multipart.enabled' in any property source. Returning [null]
00:19:46.777 [Test worker] DEBUG o.s.b.f.s.DefaultListableBeanFactory - Returning cached instance of singleton bean 'autoConfigurationReport'
00:19:46.777 [Test worker] DEBUG o.s.b.f.s.DefaultListableBeanFactory - Returning cached instance of singleton bean 'autoConfigurationReport'
00:19:46.777 [Test worker] DEBUG o.s.c.a.ConfigurationClassBeanDefinitionReader - Registering bean definition for @Bean method smpl.ordering.OrderingConfiguration.mongoTemplate()
00:19:46.777 [Test worker] DEBUG o.s.c.a.ConfigurationClassBeanDefinitionReader - Registering bean definition for @Bean method smpl.ordering.OrderingConfiguration.repositoryFactory()
00:19:46.777 [Test worker] DEBUG o.s.c.a.ConfigurationClassBeanDefinitionReader - Registering bean definition for @Bean method smpl.ordering.OrderingConfiguration.orderingServiceProperties()
00:19:46.777 [Test worker] DEBUG o.s.c.a.ConfigurationClassBeanDefinitionReader - Registering bean definition for @Bean method smpl.ordering.OrderingConfiguration.getTelemetryClient()
00:19:46.777 [Test worker] DEBUG o.s.c.a.ConfigurationClassBeanDefinitionReader - Registering bean definition for @Bean method smpl.ordering.TestOrderingConfiguration.getTelemetryClient()
00:19:46.777 [Test worker] INFO  o.s.b.f.s.DefaultListableBeanFactory - Overriding bean definition for bean 'getTelemetryClient': replacing [Root bean: class [null]; scope=; abstract=false; lazyInit=false; autowireMode=3; dependencyCheck=0; autowireCandidate=true; primary=false; factoryBeanName=orderingConfiguration; factoryMethodName=getTelemetryClient; initMethodName=null; destroyMethodName=(inferred); defined in class path resource [smpl/ordering/OrderingConfiguration.class]] with [Root bean: class [null]; scope=; abstract=false; lazyInit=false; autowireMode=3; dependencyCheck=0; autowireCandidate=true; primary=false; factoryBeanName=testOrderingConfiguration; factoryMethodName=getTelemetryClient; initMethodName=null; destroyMethodName=(inferred); defined in class smpl.ordering.TestOrderingConfiguration]
00:19:46.778 [Test worker] DEBUG o.s.c.a.ConfigurationClassBeanDefinitionReader - Registering bean definition for @Bean method smpl.ordering.TestOrderingConfiguration.mongoTemplate()
00:19:46.778 [Test worker] INFO  o.s.b.f.s.DefaultListableBeanFactory - Overriding bean definition for bean 'mongoTemplate': replacing [Root bean: class [null]; scope=; abstract=false; lazyInit=false; autowireMode=3; dependencyCheck=0; autowireCandidate=true; primary=false; factoryBeanName=orderingConfiguration; factoryMethodName=mongoTemplate; initMethodName=null; destroyMethodName=(inferred); defined in class path resource [smpl/ordering/OrderingConfiguration.class]] with [Root bean: class [null]; scope=; abstract=false; lazyInit=false; autowireMode=3; dependencyCheck=0; autowireCandidate=true; primary=false; factoryBeanName=testOrderingConfiguration; factoryMethodName=mongoTemplate; initMethodName=null; destroyMethodName=(inferred); defined in class smpl.ordering.TestOrderingConfiguration]
00:19:46.778 [Test worker] DEBUG o.s.c.a.ConfigurationClassBeanDefinitionReader - Registering bean definition for @Bean method smpl.ordering.TestOrderingConfiguration.repositoryFactory()
00:19:46.778 [Test worker] INFO  o.s.b.f.s.DefaultListableBeanFactory - Overriding bean definition for bean 'repositoryFactory': replacing [Root bean: class [null]; scope=; abstract=false; lazyInit=false; autowireMode=3; dependencyCheck=0; autowireCandidate=true; primary=false; factoryBeanName=orderingConfiguration; factoryMethodName=repositoryFactory; initMethodName=null; destroyMethodName=(inferred); defined in class path resource [smpl/ordering/OrderingConfiguration.class]] with [Root bean: class [null]; scope=; abstract=false; lazyInit=false; autowireMode=3; dependencyCheck=0; autowireCandidate=true; primary=false; factoryBeanName=testOrderingConfiguration; factoryMethodName=repositoryFactory; initMethodName=null; destroyMethodName=(inferred); defined in class smpl.ordering.TestOrderingConfiguration]
00:19:46.778 [Test worker] INFO  o.s.b.f.s.DefaultListableBeanFactory - Overriding bean definition for bean 'org.springframework.boot.autoconfigure.AutoConfigurationPackages': replacing [Generic bean: class [org.springframework.boot.autoconfigure.AutoConfigurationPackages$BasePackages]; scope=; abstract=false; lazyInit=false; autowireMode=0; dependencyCheck=0; autowireCandidate=true; primary=false; factoryBeanName=null; factoryMethodName=null; initMethodName=null; destroyMethodName=null] with [Generic bean: class [org.springframework.boot.autoconfigure.AutoConfigurationPackages$BasePackages]; scope=; abstract=false; lazyInit=false; autowireMode=0; dependencyCheck=0; autowireCandidate=true; primary=false; factoryBeanName=null; factoryMethodName=null; initMethodName=null; destroyMethodName=null]
00:19:46.778 [Test worker] DEBUG o.s.c.a.ConfigurationClassBeanDefinitionReader - Registered bean definition for imported @Configuration class org.springframework.boot.autoconfigure.PropertyPlaceholderAutoConfiguration
00:19:46.778 [Test worker] DEBUG o.s.b.f.s.DefaultListableBeanFactory - Returning cached instance of singleton bean 'autoConfigurationReport'
00:19:46.778 [Test worker] DEBUG o.s.c.a.ConfigurationClassBeanDefinitionReader - Registering bean definition for @Bean method org.springframework.boot.autoconfigure.PropertyPlaceholderAutoConfiguration.propertySourcesPlaceholderConfigurer()
00:19:46.779 [Test worker] DEBUG o.s.b.f.s.DefaultListableBeanFactory - Returning cached instance of singleton bean 'autoConfigurationReport'
00:19:46.779 [Test worker] DEBUG o.s.c.a.ConfigurationClassBeanDefinitionReader - Registered bean definition for imported @Configuration class org.springframework.boot.actuate.autoconfigure.AuditAutoConfiguration$AuditEventRepositoryConfiguration
00:19:46.779 [Test worker] DEBUG o.s.c.a.ConfigurationClassBeanDefinitionReader - Registering bean definition for @Bean method org.springframework.boot.actuate.autoconfigure.AuditAutoConfiguration$AuditEventRepositoryConfiguration.auditEventRepository()
00:19:46.779 [Test worker] DEBUG o.s.c.a.ConfigurationClassBeanDefinitionReader - Registered bean definition for imported @Configuration class org.springframework.boot.actuate.autoconfigure.AuditAutoConfiguration
00:19:46.779 [Test worker] DEBUG o.s.c.a.ConfigurationClassBeanDefinitionReader - Registering bean definition for @Bean method org.springframework.boot.actuate.autoconfigure.AuditAutoConfiguration.auditListener()
00:19:46.779 [Test worker] DEBUG o.s.b.f.s.DefaultListableBeanFactory - Returning cached instance of singleton bean 'autoConfigurationReport'
00:19:46.780 [Test worker] DEBUG o.s.b.f.s.DefaultListableBeanFactory - Returning cached instance of singleton bean 'autoConfigurationReport'
00:19:46.780 [Test worker] DEBUG o.s.b.f.s.DefaultListableBeanFactory - Returning cached instance of singleton bean 'autoConfigurationReport'
00:19:46.780 [Test worker] DEBUG o.s.c.a.ConfigurationClassBeanDefinitionReader - Registered bean definition for imported @Configuration class org.springframework.boot.autoconfigure.mongo.MongoAutoConfiguration
00:19:46.780 [Test worker] DEBUG o.s.b.f.s.DefaultListableBeanFactory - Returning cached instance of singleton bean 'autoConfigurationReport'
00:19:46.780 [Test worker] DEBUG o.s.c.a.ConfigurationClassBeanDefinitionReader - Registering bean definition for @Bean method org.springframework.boot.autoconfigure.mongo.MongoAutoConfiguration.mongo()
00:19:46.780 [Test worker] DEBUG o.s.b.f.s.DefaultListableBeanFactory - Returning cached instance of singleton bean 'autoConfigurationReport'
00:19:46.781 [Test worker] DEBUG o.s.b.f.s.DefaultListableBeanFactory - Returning cached instance of singleton bean 'autoConfigurationReport'
00:19:46.781 [Test worker] DEBUG o.s.c.a.ConfigurationClassBeanDefinitionReader - Registered bean definition for imported @Configuration class org.springframework.boot.autoconfigure.mongo.MongoDataAutoConfiguration
00:19:46.781 [Test worker] DEBUG o.s.b.f.s.DefaultListableBeanFactory - Returning cached instance of singleton bean 'autoConfigurationReport'
00:19:46.782 [Test worker] DEBUG o.s.c.a.ConfigurationClassBeanDefinitionReader - Registering bean definition for @Bean method org.springframework.boot.autoconfigure.mongo.MongoDataAutoConfiguration.mongoDbFactory()
00:19:46.782 [Test worker] DEBUG o.s.b.f.s.DefaultListableBeanFactory - Returning cached instance of singleton bean 'autoConfigurationReport'
00:19:46.783 [Test worker] DEBUG o.s.b.f.s.DefaultListableBeanFactory - Returning cached instance of singleton bean 'autoConfigurationReport'
00:19:46.783 [Test worker] DEBUG o.s.c.a.ConfigurationClassBeanDefinitionReader - Registering bean definition for @Bean method org.springframework.boot.autoconfigure.mongo.MongoDataAutoConfiguration.gridFsTemplate()
00:19:46.783 [Test worker] DEBUG o.s.b.f.s.DefaultListableBeanFactory - Returning cached instance of singleton bean 'autoConfigurationReport'
00:19:46.784 [Test worker] DEBUG o.s.b.f.s.DefaultListableBeanFactory - Returning cached instance of singleton bean 'autoConfigurationReport'
00:19:46.784 [Test worker] DEBUG o.s.b.f.s.DefaultListableBeanFactory - Returning cached instance of singleton bean 'autoConfigurationReport'
00:19:46.785 [Test worker] DEBUG o.s.b.f.s.DefaultListableBeanFactory - Returning cached instance of singleton bean 'autoConfigurationReport'
00:19:46.785 [Test worker] DEBUG o.s.c.e.PropertySourcesPropertyResolver - Searching for key 'health.mongo.enabled:true' in [systemProperties]
00:19:46.785 [Test worker] DEBUG o.s.c.e.PropertySourcesPropertyResolver - Searching for key 'health.mongo.enabled:true' in [systemEnvironment]
00:19:46.785 [Test worker] DEBUG o.s.c.e.PropertySourcesPropertyResolver - Could not find key 'health.mongo.enabled:true' in any property source. Returning [null]
00:19:46.785 [Test worker] DEBUG o.s.c.e.PropertySourcesPropertyResolver - Searching for key 'health.mongo.enabled' in [systemProperties]
00:19:46.785 [Test worker] DEBUG o.s.c.e.PropertySourcesPropertyResolver - Searching for key 'health.mongo.enabled' in [systemEnvironment]
00:19:46.785 [Test worker] DEBUG o.s.c.e.PropertySourcesPropertyResolver - Could not find key 'health.mongo.enabled' in any property source. Returning [null]
00:19:46.785 [Test worker] DEBUG o.s.b.f.s.DefaultListableBeanFactory - Returning cached instance of singleton bean 'autoConfigurationReport'
00:19:46.785 [Test worker] DEBUG o.s.c.a.ConfigurationClassBeanDefinitionReader - Registered bean definition for imported @Configuration class org.springframework.boot.actuate.autoconfigure.HealthIndicatorAutoConfiguration$MongoHealthIndicatorConfiguration
00:19:46.785 [Test worker] DEBUG o.s.b.f.s.DefaultListableBeanFactory - Returning cached instance of singleton bean 'autoConfigurationReport'
00:19:46.785 [Test worker] DEBUG o.s.c.a.ConfigurationClassBeanDefinitionReader - Registering bean definition for @Bean method org.springframework.boot.actuate.autoconfigure.HealthIndicatorAutoConfiguration$MongoHealthIndicatorConfiguration.mongoHealthIndicator()
00:19:46.786 [Test worker] DEBUG o.s.b.f.s.DefaultListableBeanFactory - Returning cached instance of singleton bean 'autoConfigurationReport'
00:19:46.786 [Test worker] DEBUG o.s.c.a.ConfigurationClassBeanDefinitionReader - Registered bean definition for imported @Configuration class org.springframework.boot.actuate.autoconfigure.HealthIndicatorAutoConfiguration
00:19:46.793 [Test worker] DEBUG o.s.b.f.s.DefaultListableBeanFactory - Returning cached instance of singleton bean 'autoConfigurationReport'
00:19:46.793 [Test worker] DEBUG o.s.c.a.ConfigurationClassBeanDefinitionReader - Registering bean definition for @Bean method org.springframework.boot.actuate.autoconfigure.HealthIndicatorAutoConfiguration.healthAggregator()
00:19:46.794 [Test worker] DEBUG o.s.b.f.s.DefaultListableBeanFactory - Returning cached instance of singleton bean 'autoConfigurationReport'
00:19:46.794 [Test worker] DEBUG o.s.c.a.ConfigurationClassBeanDefinitionReader - Registered bean definition for imported @Configuration class org.springframework.boot.actuate.autoconfigure.EndpointAutoConfiguration$InfoPropertiesConfiguration
00:19:46.794 [Test worker] DEBUG o.s.b.f.s.DefaultListableBeanFactory - Returning cached instance of singleton bean 'autoConfigurationReport'
00:19:46.794 [Test worker] DEBUG o.s.c.a.ConfigurationClassBeanDefinitionReader - Registered bean definition for imported @Configuration class org.springframework.boot.actuate.autoconfigure.EndpointAutoConfiguration$RequestMappingEndpointConfiguration
00:19:46.795 [Test worker] DEBUG o.s.b.f.s.DefaultListableBeanFactory - Returning cached instance of singleton bean 'autoConfigurationReport'
00:19:46.795 [Test worker] DEBUG o.s.c.a.ConfigurationClassBeanDefinitionReader - Registering bean definition for @Bean method org.springframework.boot.actuate.autoconfigure.EndpointAutoConfiguration$RequestMappingEndpointConfiguration.requestMappingEndpoint()
00:19:46.795 [Test worker] DEBUG o.s.c.a.ConfigurationClassBeanDefinitionReader - Registered bean definition for imported @Configuration class org.springframework.boot.actuate.autoconfigure.EndpointAutoConfiguration
00:19:46.799 [Test worker] DEBUG o.s.b.f.s.DefaultListableBeanFactory - Returning cached instance of singleton bean 'autoConfigurationReport'
00:19:46.799 [Test worker] DEBUG o.s.c.a.ConfigurationClassBeanDefinitionReader - Registering bean definition for @Bean method org.springframework.boot.actuate.autoconfigure.EndpointAutoConfiguration.environmentEndpoint()
00:19:46.800 [Test worker] DEBUG o.s.b.f.s.DefaultListableBeanFactory - Returning cached instance of singleton bean 'autoConfigurationReport'
00:19:46.800 [Test worker] DEBUG o.s.c.a.ConfigurationClassBeanDefinitionReader - Registering bean definition for @Bean method org.springframework.boot.actuate.autoconfigure.EndpointAutoConfiguration.healthEndpoint()
00:19:46.801 [Test worker] DEBUG o.s.b.f.s.DefaultListableBeanFactory - Returning cached instance of singleton bean 'autoConfigurationReport'
00:19:46.801 [Test worker] DEBUG o.s.c.a.ConfigurationClassBeanDefinitionReader - Registering bean definition for @Bean method org.springframework.boot.actuate.autoconfigure.EndpointAutoConfiguration.beansEndpoint()
00:19:46.802 [Test worker] DEBUG o.s.b.f.s.DefaultListableBeanFactory - Returning cached instance of singleton bean 'autoConfigurationReport'
00:19:46.802 [Test worker] DEBUG o.s.c.a.ConfigurationClassBeanDefinitionReader - Registering bean definition for @Bean method org.springframework.boot.actuate.autoconfigure.EndpointAutoConfiguration.infoEndpoint()
00:19:46.804 [Test worker] DEBUG o.s.b.f.s.DefaultListableBeanFactory - Returning cached instance of singleton bean 'autoConfigurationReport'
00:19:46.804 [Test worker] DEBUG o.s.c.a.ConfigurationClassBeanDefinitionReader - Registering bean definition for @Bean method org.springframework.boot.actuate.autoconfigure.EndpointAutoConfiguration.metricsEndpoint()
00:19:46.805 [Test worker] DEBUG o.s.b.f.s.DefaultListableBeanFactory - Returning cached instance of singleton bean 'autoConfigurationReport'
00:19:46.805 [Test worker] DEBUG o.s.c.a.ConfigurationClassBeanDefinitionReader - Registering bean definition for @Bean method org.springframework.boot.actuate.autoconfigure.EndpointAutoConfiguration.traceEndpoint()
00:19:46.806 [Test worker] DEBUG o.s.b.f.s.DefaultListableBeanFactory - Returning cached instance of singleton bean 'autoConfigurationReport'
00:19:46.806 [Test worker] DEBUG o.s.c.a.ConfigurationClassBeanDefinitionReader - Registering bean definition for @Bean method org.springframework.boot.actuate.autoconfigure.EndpointAutoConfiguration.dumpEndpoint()
00:19:46.808 [Test worker] DEBUG o.s.b.f.s.DefaultListableBeanFactory - Returning cached instance of singleton bean 'autoConfigurationReport'
00:19:46.810 [Test worker] DEBUG o.s.b.f.s.DefaultListableBeanFactory - Returning cached instance of singleton bean 'autoConfigurationReport'
00:19:46.810 [Test worker] DEBUG o.s.c.a.ConfigurationClassBeanDefinitionReader - Registering bean definition for @Bean method org.springframework.boot.actuate.autoconfigure.EndpointAutoConfiguration.autoConfigurationAuditEndpoint()
00:19:46.811 [Test worker] DEBUG o.s.b.f.s.DefaultListableBeanFactory - Returning cached instance of singleton bean 'autoConfigurationReport'
00:19:46.811 [Test worker] DEBUG o.s.c.a.ConfigurationClassBeanDefinitionReader - Registering bean definition for @Bean method org.springframework.boot.actuate.autoconfigure.EndpointAutoConfiguration.shutdownEndpoint()
00:19:46.812 [Test worker] DEBUG o.s.b.f.s.DefaultListableBeanFactory - Returning cached instance of singleton bean 'autoConfigurationReport'
00:19:46.812 [Test worker] DEBUG o.s.c.a.ConfigurationClassBeanDefinitionReader - Registering bean definition for @Bean method org.springframework.boot.actuate.autoconfigure.EndpointAutoConfiguration.configurationPropertiesReportEndpoint()
00:19:46.812 [Test worker] DEBUG o.s.b.f.s.DefaultListableBeanFactory - Returning cached instance of singleton bean 'autoConfigurationReport'
00:19:46.812 [Test worker] DEBUG o.s.c.e.PropertySourcesPropertyResolver - Searching for key 'spring.jmx.enabled:true' in [systemProperties]
00:19:46.812 [Test worker] DEBUG o.s.c.e.PropertySourcesPropertyResolver - Searching for key 'spring.jmx.enabled:true' in [systemEnvironment]
00:19:46.812 [Test worker] DEBUG o.s.c.e.PropertySourcesPropertyResolver - Could not find key 'spring.jmx.enabled:true' in any property source. Returning [null]
00:19:46.812 [Test worker] DEBUG o.s.c.e.PropertySourcesPropertyResolver - Searching for key 'spring.jmx.enabled' in [systemProperties]
00:19:46.812 [Test worker] DEBUG o.s.c.e.PropertySourcesPropertyResolver - Searching for key 'spring.jmx.enabled' in [systemEnvironment]
00:19:46.812 [Test worker] DEBUG o.s.c.e.PropertySourcesPropertyResolver - Could not find key 'spring.jmx.enabled' in any property source. Returning [null]
00:19:46.812 [Test worker] DEBUG o.s.b.f.s.DefaultListableBeanFactory - Returning cached instance of singleton bean 'autoConfigurationReport'
00:19:46.812 [Test worker] DEBUG o.s.c.a.ConfigurationClassBeanDefinitionReader - Registered bean definition for imported @Configuration class org.springframework.context.annotation.MBeanExportConfiguration
00:19:46.812 [Test worker] DEBUG o.s.c.a.ConfigurationClassBeanDefinitionReader - Registering bean definition for @Bean method org.springframework.context.annotation.MBeanExportConfiguration.mbeanExporter()
00:19:46.812 [Test worker] DEBUG o.s.c.a.ConfigurationClassBeanDefinitionReader - Registered bean definition for imported @Configuration class org.springframework.boot.autoconfigure.jmx.JmxAutoConfiguration$Empty
00:19:46.812 [Test worker] DEBUG o.s.c.a.ConfigurationClassBeanDefinitionReader - Registered bean definition for imported @Configuration class org.springframework.boot.autoconfigure.jmx.JmxAutoConfiguration
00:19:46.814 [Test worker] DEBUG o.s.b.f.s.DefaultListableBeanFactory - Returning cached instance of singleton bean 'autoConfigurationReport'
00:19:46.818 [Test worker] DEBUG o.s.b.f.s.DefaultListableBeanFactory - Returning cached instance of singleton bean 'autoConfigurationReport'
00:19:46.818 [Test worker] DEBUG o.s.c.a.ConfigurationClassBeanDefinitionReader - Registering bean definition for @Bean method org.springframework.boot.autoconfigure.jmx.JmxAutoConfiguration.objectNamingStrategy()
00:19:46.819 [Test worker] DEBUG o.s.b.f.s.DefaultListableBeanFactory - Returning cached instance of singleton bean 'autoConfigurationReport'
00:19:46.819 [Test worker] DEBUG o.s.c.a.ConfigurationClassBeanDefinitionReader - Registering bean definition for @Bean method org.springframework.boot.autoconfigure.jmx.JmxAutoConfiguration.mbeanServer()
00:19:46.819 [Test worker] DEBUG o.s.c.e.PropertySourcesPropertyResolver - Searching for key 'endpoints.jmx.enabled:true' in [systemProperties]
00:19:46.819 [Test worker] DEBUG o.s.c.e.PropertySourcesPropertyResolver - Searching for key 'endpoints.jmx.enabled:true' in [systemEnvironment]
00:19:46.819 [Test worker] DEBUG o.s.c.e.PropertySourcesPropertyResolver - Could not find key 'endpoints.jmx.enabled:true' in any property source. Returning [null]
00:19:46.819 [Test worker] DEBUG o.s.c.e.PropertySourcesPropertyResolver - Searching for key 'endpoints.jmx.enabled' in [systemProperties]
00:19:46.819 [Test worker] DEBUG o.s.c.e.PropertySourcesPropertyResolver - Searching for key 'endpoints.jmx.enabled' in [systemEnvironment]
00:19:46.819 [Test worker] DEBUG o.s.c.e.PropertySourcesPropertyResolver - Could not find key 'endpoints.jmx.enabled' in any property source. Returning [null]
00:19:46.819 [Test worker] DEBUG o.s.c.e.PropertySourcesPropertyResolver - Searching for key 'spring.jmx.enabled:true' in [systemProperties]
00:19:46.819 [Test worker] DEBUG o.s.c.e.PropertySourcesPropertyResolver - Searching for key 'spring.jmx.enabled:true' in [systemEnvironment]
00:19:46.819 [Test worker] DEBUG o.s.c.e.PropertySourcesPropertyResolver - Could not find key 'spring.jmx.enabled:true' in any property source. Returning [null]
00:19:46.819 [Test worker] DEBUG o.s.c.e.PropertySourcesPropertyResolver - Searching for key 'spring.jmx.enabled' in [systemProperties]
00:19:46.819 [Test worker] DEBUG o.s.c.e.PropertySourcesPropertyResolver - Searching for key 'spring.jmx.enabled' in [systemEnvironment]
00:19:46.819 [Test worker] DEBUG o.s.c.e.PropertySourcesPropertyResolver - Could not find key 'spring.jmx.enabled' in any property source. Returning [null]
00:19:46.819 [Test worker] DEBUG o.s.b.f.s.DefaultListableBeanFactory - Returning cached instance of singleton bean 'autoConfigurationReport'
00:19:46.819 [Test worker] DEBUG o.s.c.a.ConfigurationClassBeanDefinitionReader - Registered bean definition for imported @Configuration class org.springframework.boot.actuate.autoconfigure.EndpointMBeanExportAutoConfiguration
00:19:46.819 [Test worker] DEBUG o.s.c.a.ConfigurationClassBeanDefinitionReader - Registering bean definition for @Bean method org.springframework.boot.actuate.autoconfigure.EndpointMBeanExportAutoConfiguration.endpointMBeanExporter()
00:19:46.821 [Test worker] DEBUG o.s.b.f.s.DefaultListableBeanFactory - Returning cached instance of singleton bean 'autoConfigurationReport'
00:19:46.821 [Test worker] DEBUG o.s.c.a.ConfigurationClassBeanDefinitionReader - Registered bean definition for imported @Configuration class org.springframework.boot.actuate.autoconfigure.ManagementServerPropertiesAutoConfiguration
00:19:46.822 [Test worker] DEBUG o.s.b.f.s.DefaultListableBeanFactory - Returning cached instance of singleton bean 'autoConfigurationReport'
00:19:46.822 [Test worker] DEBUG o.s.c.a.ConfigurationClassBeanDefinitionReader - Registering bean definition for @Bean method org.springframework.boot.actuate.autoconfigure.ManagementServerPropertiesAutoConfiguration.managementServerProperties()
00:19:46.823 [Test worker] DEBUG o.s.b.f.s.DefaultListableBeanFactory - Returning cached instance of singleton bean 'autoConfigurationReport'
00:19:46.824 [Test worker] DEBUG o.s.b.f.s.DefaultListableBeanFactory - Returning cached instance of singleton bean 'autoConfigurationReport'
00:19:46.825 [Test worker] DEBUG o.s.b.f.s.DefaultListableBeanFactory - Returning cached instance of singleton bean 'autoConfigurationReport'
00:19:46.825 [Test worker] DEBUG o.s.c.a.ConfigurationClassBeanDefinitionReader - Registering bean definition for @Bean method org.springframework.boot.actuate.autoconfigure.ManagementServerPropertiesAutoConfiguration.serverProperties()
00:19:46.825 [Test worker] DEBUG o.s.b.f.s.DefaultListableBeanFactory - Returning cached instance of singleton bean 'autoConfigurationReport'
00:19:46.825 [Test worker] DEBUG o.s.c.a.ConfigurationClassBeanDefinitionReader - Registered bean definition for imported @Configuration class org.springframework.boot.actuate.autoconfigure.MetricRepositoryAutoConfiguration$CodahaleMetricRegistryConfiguration
00:19:46.826 [Test worker] DEBUG o.s.b.f.s.DefaultListableBeanFactory - Returning cached instance of singleton bean 'autoConfigurationReport'
00:19:46.826 [Test worker] DEBUG o.s.c.a.ConfigurationClassBeanDefinitionReader - Registering bean definition for @Bean method org.springframework.boot.actuate.autoconfigure.MetricRepositoryAutoConfiguration$CodahaleMetricRegistryConfiguration.metricRegistry()
00:19:46.826 [Test worker] DEBUG o.s.c.a.ConfigurationClassBeanDefinitionReader - Registering bean definition for @Bean method org.springframework.boot.actuate.autoconfigure.MetricRepositoryAutoConfiguration$CodahaleMetricRegistryConfiguration.codahaleMetricWriter()
00:19:46.827 [Test worker] DEBUG o.s.b.f.s.DefaultListableBeanFactory - Returning cached instance of singleton bean 'autoConfigurationReport'
00:19:46.827 [Test worker] DEBUG o.s.b.f.s.DefaultListableBeanFactory - Returning cached instance of singleton bean 'autoConfigurationReport'
00:19:46.827 [Test worker] DEBUG o.s.c.a.ConfigurationClassBeanDefinitionReader - Registering bean definition for @Bean method org.springframework.boot.actuate.autoconfigure.MetricRepositoryAutoConfiguration$CodahaleMetricRegistryConfiguration.primaryMetricWriter()
00:19:46.843 [Test worker] DEBUG o.s.b.f.s.DefaultListableBeanFactory - Returning cached instance of singleton bean 'autoConfigurationReport'
00:19:46.843 [Test worker] DEBUG o.s.c.a.ConfigurationClassBeanDefinitionReader - Registered bean definition for imported @Configuration class org.springframework.boot.actuate.autoconfigure.MetricRepositoryAutoConfiguration$MetricRepositoryConfiguration
00:19:46.843 [Test worker] DEBUG o.s.c.a.ConfigurationClassBeanDefinitionReader - Registering bean definition for @Bean method org.springframework.boot.actuate.autoconfigure.MetricRepositoryAutoConfiguration$MetricRepositoryConfiguration.metricRepository()
00:19:46.843 [Test worker] DEBUG o.s.c.a.ConfigurationClassBeanDefinitionReader - Registered bean definition for imported @Configuration class org.springframework.boot.actuate.autoconfigure.MetricRepositoryAutoConfiguration
00:19:46.845 [Test worker] DEBUG o.s.b.f.s.DefaultListableBeanFactory - Returning cached instance of singleton bean 'autoConfigurationReport'
00:19:46.845 [Test worker] DEBUG o.s.c.a.ConfigurationClassBeanDefinitionReader - Registering bean definition for @Bean method org.springframework.boot.actuate.autoconfigure.MetricRepositoryAutoConfiguration.counterService()
00:19:46.846 [Test worker] DEBUG o.s.b.f.s.DefaultListableBeanFactory - Returning cached instance of singleton bean 'autoConfigurationReport'
00:19:46.846 [Test worker] DEBUG o.s.c.a.ConfigurationClassBeanDefinitionReader - Registering bean definition for @Bean method org.springframework.boot.actuate.autoconfigure.MetricRepositoryAutoConfiguration.gaugeService()
00:19:46.849 [Test worker] DEBUG o.s.b.f.s.DefaultListableBeanFactory - Returning cached instance of singleton bean 'autoConfigurationReport'
00:19:46.849 [Test worker] DEBUG o.s.b.f.s.DefaultListableBeanFactory - Returning cached instance of singleton bean 'autoConfigurationReport'
00:19:46.850 [Test worker] DEBUG o.s.c.a.ConfigurationClassBeanDefinitionReader - Registered bean definition for imported @Configuration class org.springframework.boot.actuate.autoconfigure.MetricFilterAutoConfiguration
00:19:46.850 [Test worker] DEBUG o.s.c.a.ConfigurationClassBeanDefinitionReader - Registering bean definition for @Bean method org.springframework.boot.actuate.autoconfigure.MetricFilterAutoConfiguration.metricFilter()
00:19:46.850 [Test worker] DEBUG o.s.c.a.ConfigurationClassBeanDefinitionReader - Registered bean definition for imported @Configuration class org.springframework.boot.actuate.autoconfigure.TraceRepositoryAutoConfiguration
00:19:46.851 [Test worker] DEBUG o.s.b.f.s.DefaultListableBeanFactory - Returning cached instance of singleton bean 'autoConfigurationReport'
00:19:46.851 [Test worker] DEBUG o.s.c.a.ConfigurationClassBeanDefinitionReader - Registering bean definition for @Bean method org.springframework.boot.actuate.autoconfigure.TraceRepositoryAutoConfiguration.traceRepository()
00:19:46.851 [Test worker] DEBUG o.s.b.f.s.DefaultListableBeanFactory - Returning cached instance of singleton bean 'autoConfigurationReport'
00:19:46.851 [Test worker] DEBUG o.s.c.a.ConfigurationClassBeanDefinitionReader - Registered bean definition for imported @Configuration class org.springframework.boot.actuate.autoconfigure.TraceWebFilterAutoConfiguration
00:19:46.851 [Test worker] DEBUG o.s.c.a.ConfigurationClassBeanDefinitionReader - Registering bean definition for @Bean method org.springframework.boot.actuate.autoconfigure.TraceWebFilterAutoConfiguration.webRequestLoggingFilter()
00:19:46.851 [Test worker] DEBUG o.s.b.f.s.DefaultListableBeanFactory - Returning cached instance of singleton bean 'autoConfigurationReport'
00:19:46.853 [Test worker] DEBUG o.s.b.f.s.DefaultListableBeanFactory - Returning cached instance of singleton bean 'autoConfigurationReport'
00:19:46.856 [Test worker] DEBUG o.s.c.e.PropertySourcesPropertyResolver - Searching for key 'spring.data.mongo.repositories.enabled:true' in [systemProperties]
00:19:46.856 [Test worker] DEBUG o.s.c.e.PropertySourcesPropertyResolver - Searching for key 'spring.data.mongo.repositories.enabled:true' in [systemEnvironment]
00:19:46.856 [Test worker] DEBUG o.s.c.e.PropertySourcesPropertyResolver - Could not find key 'spring.data.mongo.repositories.enabled:true' in any property source. Returning [null]
00:19:46.856 [Test worker] DEBUG o.s.c.e.PropertySourcesPropertyResolver - Searching for key 'spring.data.mongo.repositories.enabled' in [systemProperties]
00:19:46.856 [Test worker] DEBUG o.s.c.e.PropertySourcesPropertyResolver - Searching for key 'spring.data.mongo.repositories.enabled' in [systemEnvironment]
00:19:46.856 [Test worker] DEBUG o.s.c.e.PropertySourcesPropertyResolver - Could not find key 'spring.data.mongo.repositories.enabled' in any property source. Returning [null]
00:19:46.856 [Test worker] DEBUG o.s.b.f.s.DefaultListableBeanFactory - Returning cached instance of singleton bean 'autoConfigurationReport'
00:19:46.856 [Test worker] DEBUG o.s.c.a.ConfigurationClassBeanDefinitionReader - Registered bean definition for imported @Configuration class org.springframework.boot.autoconfigure.data.mongo.MongoRepositoriesAutoConfiguration
00:19:46.856 [Test worker] DEBUG o.s.core.env.StandardEnvironment - Adding [systemProperties] PropertySource with lowest search precedence
00:19:46.856 [Test worker] DEBUG o.s.core.env.StandardEnvironment - Adding [systemEnvironment] PropertySource with lowest search precedence
00:19:46.856 [Test worker] DEBUG o.s.core.env.StandardEnvironment - Initialized StandardEnvironment with PropertySources [systemProperties,systemEnvironment]
00:19:46.856 [Test worker] DEBUG o.s.b.f.s.DefaultListableBeanFactory - Creating shared instance of singleton bean 'org.springframework.boot.autoconfigure.AutoConfigurationPackages'
00:19:46.856 [Test worker] DEBUG o.s.b.f.s.DefaultListableBeanFactory - Creating instance of bean 'org.springframework.boot.autoconfigure.AutoConfigurationPackages'
00:19:46.857 [Test worker] DEBUG o.s.b.f.s.DefaultListableBeanFactory - Eagerly caching bean 'org.springframework.boot.autoconfigure.AutoConfigurationPackages' to allow for resolving potential circular references
00:19:46.857 [Test worker] DEBUG o.s.b.f.s.DefaultListableBeanFactory - Finished creating instance of bean 'org.springframework.boot.autoconfigure.AutoConfigurationPackages'
00:19:46.857 [Test worker] DEBUG o.s.b.a.AutoConfigurationPackages - @EnableAutoConfiguration was declared on a class in the package 'smpl.ordering'. Automatic @Repository and @Entity scanning is enabled.
00:19:46.857 [Test worker] DEBUG o.s.c.i.s.PathMatchingResourcePatternResolver - Looking for matching resources in directory tree [/opt/Projects/PartsUnlimitedMRP/src/Backend/OrderService/build/classes/test/smpl/ordering]
00:19:46.858 [Test worker] DEBUG o.s.c.i.s.PathMatchingResourcePatternResolver - Searching directory [/opt/Projects/PartsUnlimitedMRP/src/Backend/OrderService/build/classes/test/smpl/ordering] for files matching pattern [/opt/Projects/PartsUnlimitedMRP/src/Backend/OrderService/build/classes/test/smpl/ordering/**/*.class]
00:19:46.858 [Test worker] DEBUG o.s.c.i.s.PathMatchingResourcePatternResolver - Searching directory [/opt/Projects/PartsUnlimitedMRP/src/Backend/OrderService/build/classes/test/smpl/ordering/controllers] for files matching pattern [/opt/Projects/PartsUnlimitedMRP/src/Backend/OrderService/build/classes/test/smpl/ordering/**/*.class]
00:19:46.858 [Test worker] DEBUG o.s.c.i.s.PathMatchingResourcePatternResolver - Searching directory [/opt/Projects/PartsUnlimitedMRP/src/Backend/OrderService/build/classes/test/smpl/ordering/repositories] for files matching pattern [/opt/Projects/PartsUnlimitedMRP/src/Backend/OrderService/build/classes/test/smpl/ordering/**/*.class]
00:19:46.858 [Test worker] DEBUG o.s.c.i.s.PathMatchingResourcePatternResolver - Searching directory [/opt/Projects/PartsUnlimitedMRP/src/Backend/OrderService/build/classes/test/smpl/ordering/repositories/mock] for files matching pattern [/opt/Projects/PartsUnlimitedMRP/src/Backend/OrderService/build/classes/test/smpl/ordering/**/*.class]
00:19:46.858 [Test worker] DEBUG o.s.c.i.s.PathMatchingResourcePatternResolver - Searching directory [/opt/Projects/PartsUnlimitedMRP/src/Backend/OrderService/build/classes/test/smpl/ordering/repositories/mock/test] for files matching pattern [/opt/Projects/PartsUnlimitedMRP/src/Backend/OrderService/build/classes/test/smpl/ordering/**/*.class]
00:19:46.858 [Test worker] DEBUG o.s.c.i.s.PathMatchingResourcePatternResolver - Searching directory [/opt/Projects/PartsUnlimitedMRP/src/Backend/OrderService/build/classes/test/smpl/ordering/repositories/mongodb] for files matching pattern [/opt/Projects/PartsUnlimitedMRP/src/Backend/OrderService/build/classes/test/smpl/ordering/**/*.class]
00:19:46.858 [Test worker] DEBUG o.s.c.i.s.PathMatchingResourcePatternResolver - Searching directory [/opt/Projects/PartsUnlimitedMRP/src/Backend/OrderService/build/classes/test/smpl/ordering/repositories/mongodb/test] for files matching pattern [/opt/Projects/PartsUnlimitedMRP/src/Backend/OrderService/build/classes/test/smpl/ordering/**/*.class]
00:19:46.858 [Test worker] DEBUG o.s.c.i.s.PathMatchingResourcePatternResolver - Looking for matching resources in directory tree [/opt/Projects/PartsUnlimitedMRP/src/Backend/OrderService/build/classes/main/smpl/ordering]
00:19:46.858 [Test worker] DEBUG o.s.c.i.s.PathMatchingResourcePatternResolver - Searching directory [/opt/Projects/PartsUnlimitedMRP/src/Backend/OrderService/build/classes/main/smpl/ordering] for files matching pattern [/opt/Projects/PartsUnlimitedMRP/src/Backend/OrderService/build/classes/main/smpl/ordering/**/*.class]
00:19:46.858 [Test worker] DEBUG o.s.c.i.s.PathMatchingResourcePatternResolver - Searching directory [/opt/Projects/PartsUnlimitedMRP/src/Backend/OrderService/build/classes/main/smpl/ordering/repositories] for files matching pattern [/opt/Projects/PartsUnlimitedMRP/src/Backend/OrderService/build/classes/main/smpl/ordering/**/*.class]
00:19:46.858 [Test worker] DEBUG o.s.c.i.s.PathMatchingResourcePatternResolver - Searching directory [/opt/Projects/PartsUnlimitedMRP/src/Backend/OrderService/build/classes/main/smpl/ordering/repositories/mock] for files matching pattern [/opt/Projects/PartsUnlimitedMRP/src/Backend/OrderService/build/classes/main/smpl/ordering/**/*.class]
00:19:46.859 [Test worker] DEBUG o.s.c.i.s.PathMatchingResourcePatternResolver - Searching directory [/opt/Projects/PartsUnlimitedMRP/src/Backend/OrderService/build/classes/main/smpl/ordering/repositories/mongodb] for files matching pattern [/opt/Projects/PartsUnlimitedMRP/src/Backend/OrderService/build/classes/main/smpl/ordering/**/*.class]
00:19:46.859 [Test worker] DEBUG o.s.c.i.s.PathMatchingResourcePatternResolver - Searching directory [/opt/Projects/PartsUnlimitedMRP/src/Backend/OrderService/build/classes/main/smpl/ordering/repositories/mongodb/models] for files matching pattern [/opt/Projects/PartsUnlimitedMRP/src/Backend/OrderService/build/classes/main/smpl/ordering/**/*.class]
00:19:46.859 [Test worker] DEBUG o.s.c.i.s.PathMatchingResourcePatternResolver - Searching directory [/opt/Projects/PartsUnlimitedMRP/src/Backend/OrderService/build/classes/main/smpl/ordering/models] for files matching pattern [/opt/Projects/PartsUnlimitedMRP/src/Backend/OrderService/build/classes/main/smpl/ordering/**/*.class]
00:19:46.859 [Test worker] DEBUG o.s.c.i.s.PathMatchingResourcePatternResolver - Searching directory [/opt/Projects/PartsUnlimitedMRP/src/Backend/OrderService/build/classes/main/smpl/ordering/controllers] for files matching pattern [/opt/Projects/PartsUnlimitedMRP/src/Backend/OrderService/build/classes/main/smpl/ordering/**/*.class]
00:19:46.859 [Test worker] DEBUG o.s.c.i.s.PathMatchingResourcePatternResolver - Resolved location pattern [classpath*:smpl/ordering/**/*.class] to resources [file [/opt/Projects/PartsUnlimitedMRP/src/Backend/OrderService/build/classes/test/smpl/ordering/ConfigurationRule.class], file [/opt/Projects/PartsUnlimitedMRP/src/Backend/OrderService/build/classes/test/smpl/ordering/TestOrderingConfiguration.class], file [/opt/Projects/PartsUnlimitedMRP/src/Backend/OrderService/build/classes/test/smpl/ordering/UtilityTest.class], file [/opt/Projects/PartsUnlimitedMRP/src/Backend/OrderService/build/classes/test/smpl/ordering/controllers/CatalogControllerTest.class], file [/opt/Projects/PartsUnlimitedMRP/src/Backend/OrderService/build/classes/test/smpl/ordering/controllers/DealerControllerTest.class], file [/opt/Projects/PartsUnlimitedMRP/src/Backend/OrderService/build/classes/test/smpl/ordering/controllers/OrderControllerTest.class], file [/opt/Projects/PartsUnlimitedMRP/src/Backend/OrderService/build/classes/test/smpl/ordering/controllers/QuoteControllerTest.class], file [/opt/Projects/PartsUnlimitedMRP/src/Backend/OrderService/build/classes/test/smpl/ordering/controllers/ShipmentControllerTest.class], file [/opt/Projects/PartsUnlimitedMRP/src/Backend/OrderService/build/classes/test/smpl/ordering/repositories/CatalogItemsRepositoryTest.class], file [/opt/Projects/PartsUnlimitedMRP/src/Backend/OrderService/build/classes/test/smpl/ordering/repositories/DealersRepositoryTest.class], file [/opt/Projects/PartsUnlimitedMRP/src/Backend/OrderService/build/classes/test/smpl/ordering/repositories/OrderRepositoryTest.class], file [/opt/Projects/PartsUnlimitedMRP/src/Backend/OrderService/build/classes/test/smpl/ordering/repositories/QuoteRepositoryTest.class], file [/opt/Projects/PartsUnlimitedMRP/src/Backend/OrderService/build/classes/test/smpl/ordering/repositories/ShipmentRepositoryTest.class], file [/opt/Projects/PartsUnlimitedMRP/src/Backend/OrderService/build/classes/test/smpl/ordering/repositories/mock/test/MockCatalogItemsRepositoryTest.class], file [/opt/Projects/PartsUnlimitedMRP/src/Backend/OrderService/build/classes/test/smpl/ordering/repositories/mock/test/MockDealersRepositoryTest.class], file [/opt/Projects/PartsUnlimitedMRP/src/Backend/OrderService/build/classes/test/smpl/ordering/repositories/mock/test/MockOrderRepositoryTest.class], file [/opt/Projects/PartsUnlimitedMRP/src/Backend/OrderService/build/classes/test/smpl/ordering/repositories/mock/test/MockQuoteRepositoryTest.class], file [/opt/Projects/PartsUnlimitedMRP/src/Backend/OrderService/build/classes/test/smpl/ordering/repositories/mock/test/MockShipmentRepositoryTest.class], file [/opt/Projects/PartsUnlimitedMRP/src/Backend/OrderService/build/classes/test/smpl/ordering/repositories/mongodb/test/IntegrationTests.class], file [/opt/Projects/PartsUnlimitedMRP/src/Backend/OrderService/build/classes/test/smpl/ordering/repositories/mongodb/test/MongoCatalogItemsRepositoryTest.class], file [/opt/Projects/PartsUnlimitedMRP/src/Backend/OrderService/build/classes/test/smpl/ordering/repositories/mongodb/test/MongoDealersRepositoryTest.class], file [/opt/Projects/PartsUnlimitedMRP/src/Backend/OrderService/build/classes/test/smpl/ordering/repositories/mongodb/test/MongoOrderRepositoryTest.class], file [/opt/Projects/PartsUnlimitedMRP/src/Backend/OrderService/build/classes/test/smpl/ordering/repositories/mongodb/test/MongoQuoteRepositoryTest.class], file [/opt/Projects/PartsUnlimitedMRP/src/Backend/OrderService/build/classes/test/smpl/ordering/repositories/mongodb/test/MongoShipmentRepositoryTest.class], file [/opt/Projects/PartsUnlimitedMRP/src/Backend/OrderService/build/classes/main/smpl/ordering/AppInsightsFilter.class], file [/opt/Projects/PartsUnlimitedMRP/src/Backend/OrderService/build/classes/main/smpl/ordering/BadRequestException.class], file [/opt/Projects/PartsUnlimitedMRP/src/Backend/OrderService/build/classes/main/smpl/ordering/ConflictingRequestException.class], file [/opt/Projects/PartsUnlimitedMRP/src/Backend/OrderService/build/classes/main/smpl/ordering/MongoDBProperties.class], file [/opt/Projects/PartsUnlimitedMRP/src/Backend/OrderService/build/classes/main/smpl/ordering/OrderingConfiguration.class], file [/opt/Projects/PartsUnlimitedMRP/src/Backend/OrderService/build/classes/main/smpl/ordering/repositories/RepositoryFactory$Repositories.class], file [/opt/Projects/PartsUnlimitedMRP/src/Backend/OrderService/build/classes/main/smpl/ordering/repositories/RepositoryFactory$1.class], file [/opt/Projects/PartsUnlimitedMRP/src/Backend/OrderService/build/classes/main/smpl/ordering/repositories/RepositoryFactory.class], file [/opt/Projects/PartsUnlimitedMRP/src/Backend/OrderService/build/classes/main/smpl/ordering/repositories/CatalogItemsRepository.class], file [/opt/Projects/PartsUnlimitedMRP/src/Backend/OrderService/build/classes/main/smpl/ordering/repositories/DealersRepository.class], file [/opt/Projects/PartsUnlimitedMRP/src/Backend/OrderService/build/classes/main/smpl/ordering/repositories/OrderRepository.class], file [/opt/Projects/PartsUnlimitedMRP/src/Backend/OrderService/build/classes/main/smpl/ordering/repositories/QuoteRepository.class], file [/opt/Projects/PartsUnlimitedMRP/src/Backend/OrderService/build/classes/main/smpl/ordering/repositories/ShipmentRepository.class], file [/opt/Projects/PartsUnlimitedMRP/src/Backend/OrderService/build/classes/main/smpl/ordering/repositories/mock/MockCatalogItemsRepository.class], file [/opt/Projects/PartsUnlimitedMRP/src/Backend/OrderService/build/classes/main/smpl/ordering/repositories/mock/MockDealersRepository.class], file [/opt/Projects/PartsUnlimitedMRP/src/Backend/OrderService/build/classes/main/smpl/ordering/repositories/mock/MockOrderRepository.class], file [/opt/Projects/PartsUnlimitedMRP/src/Backend/OrderService/build/classes/main/smpl/ordering/repositories/mock/MockQuoteRepository.class], file [/opt/Projects/PartsUnlimitedMRP/src/Backend/OrderService/build/classes/main/smpl/ordering/repositories/mock/MockShipmentRepository.class], file [/opt/Projects/PartsUnlimitedMRP/src/Backend/OrderService/build/classes/main/smpl/ordering/repositories/mongodb/MongoCatalogItemsRepository.class], file [/opt/Projects/PartsUnlimitedMRP/src/Backend/OrderService/build/classes/main/smpl/ordering/repositories/mongodb/models/CatalogItem.class], file [/opt/Projects/PartsUnlimitedMRP/src/Backend/OrderService/build/classes/main/smpl/ordering/repositories/mongodb/models/OrderDetails.class], file [/opt/Projects/PartsUnlimitedMRP/src/Backend/OrderService/build/classes/main/smpl/ordering/repositories/mongodb/models/QuoteDetails.class], file [/opt/Projects/PartsUnlimitedMRP/src/Backend/OrderService/build/classes/main/smpl/ordering/repositories/mongodb/models/ShipmentDetails.class], file [/opt/Projects/PartsUnlimitedMRP/src/Backend/OrderService/build/classes/main/smpl/ordering/repositories/mongodb/models/Dealer.class], file [/opt/Projects/PartsUnlimitedMRP/src/Backend/OrderService/build/classes/main/smpl/ordering/repositories/mongodb/MongoDealersRepository.class], file [/opt/Projects/PartsUnlimitedMRP/src/Backend/OrderService/build/classes/main/smpl/ordering/repositories/mongodb/MongoOperationsWithRetry.class], file [/opt/Projects/PartsUnlimitedMRP/src/Backend/OrderService/build/classes/main/smpl/ordering/repositories/mongodb/MongoOrderRepository.class], file [/opt/Projects/PartsUnlimitedMRP/src/Backend/OrderService/build/classes/main/smpl/ordering/repositories/mongodb/MongoQuoteRepository.class], file [/opt/Projects/PartsUnlimitedMRP/src/Backend/OrderService/build/classes/main/smpl/ordering/repositories/mongodb/MongoShipmentRepository.class], file [/opt/Projects/PartsUnlimitedMRP/src/Backend/OrderService/build/classes/main/smpl/ordering/OrderingServiceProperties.class], file [/opt/Projects/PartsUnlimitedMRP/src/Backend/OrderService/build/classes/main/smpl/ordering/models/CatalogItem.class], file [/opt/Projects/PartsUnlimitedMRP/src/Backend/OrderService/build/classes/main/smpl/ordering/models/DealerInfo.class], file [/opt/Projects/PartsUnlimitedMRP/src/Backend/OrderService/build/classes/main/smpl/ordering/models/Order.class], file [/opt/Projects/PartsUnlimitedMRP/src/Backend/OrderService/build/classes/main/smpl/ordering/models/OrderStatus.class], file [/opt/Projects/PartsUnlimitedMRP/src/Backend/OrderService/build/classes/main/smpl/ordering/models/OrderUpdateInfo.class], file [/opt/Projects/PartsUnlimitedMRP/src/Backend/OrderService/build/classes/main/smpl/ordering/models/Quote.class], file [/opt/Projects/PartsUnlimitedMRP/src/Backend/OrderService/build/classes/main/smpl/ordering/models/ShipmentRecord.class], file [/opt/Projects/PartsUnlimitedMRP/src/Backend/OrderService/build/classes/main/smpl/ordering/models/ShipmentEventInfo.class], file [/opt/Projects/PartsUnlimitedMRP/src/Backend/OrderService/build/classes/main/smpl/ordering/models/OrderEventInfo.class], file [/opt/Projects/PartsUnlimitedMRP/src/Backend/OrderService/build/classes/main/smpl/ordering/models/QuoteItemInfo.class], file [/opt/Projects/PartsUnlimitedMRP/src/Backend/OrderService/build/classes/main/smpl/ordering/models/DeliveryAddress.class], file [/opt/Projects/PartsUnlimitedMRP/src/Backend/OrderService/build/classes/main/smpl/ordering/models/PhoneInfo.class], file [/opt/Projects/PartsUnlimitedMRP/src/Backend/OrderService/build/classes/main/smpl/ordering/models/Delivery.class], file [/opt/Projects/PartsUnlimitedMRP/src/Backend/OrderService/build/classes/main/smpl/ordering/OrderingInitializer.class], file [/opt/Projects/PartsUnlimitedMRP/src/Backend/OrderService/build/classes/main/smpl/ordering/PostgresqlProperties.class], file [/opt/Projects/PartsUnlimitedMRP/src/Backend/OrderService/build/classes/main/smpl/ordering/PropertyHelper.class], file [/opt/Projects/PartsUnlimitedMRP/src/Backend/OrderService/build/classes/main/smpl/ordering/SimpleCORSFilter.class], file [/opt/Projects/PartsUnlimitedMRP/src/Backend/OrderService/build/classes/main/smpl/ordering/TestPath.class], file [/opt/Projects/PartsUnlimitedMRP/src/Backend/OrderService/build/classes/main/smpl/ordering/Utility.class], file [/opt/Projects/PartsUnlimitedMRP/src/Backend/OrderService/build/classes/main/smpl/ordering/controllers/CatalogController.class], file [/opt/Projects/PartsUnlimitedMRP/src/Backend/OrderService/build/classes/main/smpl/ordering/controllers/DealerController.class], file [/opt/Projects/PartsUnlimitedMRP/src/Backend/OrderService/build/classes/main/smpl/ordering/controllers/OrderController.class], file [/opt/Projects/PartsUnlimitedMRP/src/Backend/OrderService/build/classes/main/smpl/ordering/controllers/PingController.class], file [/opt/Projects/PartsUnlimitedMRP/src/Backend/OrderService/build/classes/main/smpl/ordering/controllers/QuoteController.class], file [/opt/Projects/PartsUnlimitedMRP/src/Backend/OrderService/build/classes/main/smpl/ordering/controllers/ShipmentController.class]]
00:19:46.874 [Test worker] DEBUG o.s.b.f.s.DefaultListableBeanFactory - Returning cached instance of singleton bean 'autoConfigurationReport'
00:19:46.874 [Test worker] DEBUG o.s.b.f.s.DefaultListableBeanFactory - Returning cached instance of singleton bean 'autoConfigurationReport'
00:19:46.874 [Test worker] DEBUG o.s.c.a.ConfigurationClassBeanDefinitionReader - Registered bean definition for imported @Configuration class org.springframework.boot.autoconfigure.web.HttpMessageConvertersAutoConfiguration$ObjectMappers
00:19:46.876 [Test worker] DEBUG o.s.b.f.s.DefaultListableBeanFactory - Returning cached instance of singleton bean 'autoConfigurationReport'
00:19:46.876 [Test worker] DEBUG o.s.c.a.ConfigurationClassBeanDefinitionReader - Registering bean definition for @Bean method org.springframework.boot.autoconfigure.web.HttpMessageConvertersAutoConfiguration$ObjectMappers.mappingJackson2HttpMessageConverter()
00:19:46.876 [Test worker] DEBUG o.s.b.f.s.DefaultListableBeanFactory - Returning cached instance of singleton bean 'autoConfigurationReport'
00:19:46.876 [Test worker] DEBUG o.s.b.f.s.DefaultListableBeanFactory - Returning cached instance of singleton bean 'autoConfigurationReport'
00:19:46.876 [Test worker] DEBUG o.s.c.a.ConfigurationClassBeanDefinitionReader - Registered bean definition for imported @Configuration class org.springframework.boot.autoconfigure.jackson.JacksonAutoConfiguration$JacksonObjectMapperAutoConfiguration
00:19:46.878 [Test worker] DEBUG o.s.b.f.s.DefaultListableBeanFactory - Returning cached instance of singleton bean 'autoConfigurationReport'
00:19:46.878 [Test worker] DEBUG o.s.c.a.ConfigurationClassBeanDefinitionReader - Registering bean definition for @Bean method org.springframework.boot.autoconfigure.jackson.JacksonAutoConfiguration$JacksonObjectMapperAutoConfiguration.jacksonObjectMapper()
00:19:46.878 [Test worker] DEBUG o.s.c.a.ConfigurationClassBeanDefinitionReader - Registered bean definition for imported @Configuration class org.springframework.boot.autoconfigure.jackson.JacksonAutoConfiguration
00:19:46.878 [Test worker] DEBUG o.s.c.a.ConfigurationClassBeanDefinitionReader - Registered bean definition for imported @Configuration class org.springframework.boot.autoconfigure.web.HttpMessageConvertersAutoConfiguration
00:19:46.880 [Test worker] DEBUG o.s.b.f.s.DefaultListableBeanFactory - Returning cached instance of singleton bean 'autoConfigurationReport'
00:19:46.880 [Test worker] DEBUG o.s.c.a.ConfigurationClassBeanDefinitionReader - Registering bean definition for @Bean method org.springframework.boot.autoconfigure.web.HttpMessageConvertersAutoConfiguration.messageConverters()
00:19:46.880 [Test worker] DEBUG o.s.b.f.s.DefaultListableBeanFactory - Returning cached instance of singleton bean 'autoConfigurationReport'
00:19:46.880 [Test worker] DEBUG o.s.c.e.PropertySourcesPropertyResolver - Searching for key 'multipart.enabled:true' in [systemProperties]
00:19:46.880 [Test worker] DEBUG o.s.c.e.PropertySourcesPropertyResolver - Searching for key 'multipart.enabled:true' in [systemEnvironment]
00:19:46.881 [Test worker] DEBUG o.s.c.e.PropertySourcesPropertyResolver - Could not find key 'multipart.enabled:true' in any property source. Returning [null]
00:19:46.881 [Test worker] DEBUG o.s.c.e.PropertySourcesPropertyResolver - Searching for key 'multipart.enabled' in [systemProperties]
00:19:46.881 [Test worker] DEBUG o.s.c.e.PropertySourcesPropertyResolver - Searching for key 'multipart.enabled' in [systemEnvironment]
00:19:46.881 [Test worker] DEBUG o.s.c.e.PropertySourcesPropertyResolver - Could not find key 'multipart.enabled' in any property source. Returning [null]
00:19:46.881 [Test worker] DEBUG o.s.b.f.s.DefaultListableBeanFactory - Returning cached instance of singleton bean 'autoConfigurationReport'
00:19:46.881 [Test worker] DEBUG o.s.c.a.ConfigurationClassBeanDefinitionReader - Registered bean definition for imported @Configuration class org.springframework.boot.autoconfigure.web.MultipartAutoConfiguration
00:19:46.883 [Test worker] DEBUG o.s.b.f.s.DefaultListableBeanFactory - Returning cached instance of singleton bean 'autoConfigurationReport'
00:19:46.883 [Test worker] DEBUG o.s.c.a.ConfigurationClassBeanDefinitionReader - Registering bean definition for @Bean method org.springframework.boot.autoconfigure.web.MultipartAutoConfiguration.multipartConfigElement()
00:19:46.884 [Test worker] DEBUG o.s.b.f.s.DefaultListableBeanFactory - Returning cached instance of singleton bean 'autoConfigurationReport'
00:19:46.885 [Test worker] DEBUG o.s.c.a.ConfigurationClassBeanDefinitionReader - Registering bean definition for @Bean method org.springframework.boot.autoconfigure.web.MultipartAutoConfiguration.multipartResolver()
00:19:46.887 [Test worker] DEBUG o.s.c.a.ConfigurationClassEnhancer - Successfully enhanced smpl.ordering.TestOrderingConfiguration; enhanced class name is: smpl.ordering.TestOrderingConfiguration$$EnhancerBySpringCGLIB$$6ba5f3ad
00:19:46.887 [Test worker] DEBUG o.s.c.a.ConfigurationClassPostProcessor - Replacing bean definition 'testOrderingConfiguration' existing class name 'smpl.ordering.TestOrderingConfiguration' with enhanced class name 'smpl.ordering.TestOrderingConfiguration$$EnhancerBySpringCGLIB$$6ba5f3ad'
00:19:46.887 [Test worker] DEBUG o.s.c.a.ConfigurationClassEnhancer - Successfully enhanced smpl.ordering.OrderingConfiguration; enhanced class name is: smpl.ordering.OrderingConfiguration$$EnhancerBySpringCGLIB$$1d9bb0df
00:19:46.887 [Test worker] DEBUG o.s.c.a.ConfigurationClassPostProcessor - Replacing bean definition 'orderingConfiguration' existing class name 'smpl.ordering.OrderingConfiguration' with enhanced class name 'smpl.ordering.OrderingConfiguration$$EnhancerBySpringCGLIB$$1d9bb0df'
00:19:46.887 [Test worker] DEBUG o.s.c.a.ConfigurationClassEnhancer - Successfully enhanced org.springframework.boot.autoconfigure.PropertyPlaceholderAutoConfiguration; enhanced class name is: org.springframework.boot.autoconfigure.PropertyPlaceholderAutoConfiguration$$EnhancerBySpringCGLIB$$51e09d54
00:19:46.887 [Test worker] DEBUG o.s.c.a.ConfigurationClassPostProcessor - Replacing bean definition 'org.springframework.boot.autoconfigure.PropertyPlaceholderAutoConfiguration' existing class name 'org.springframework.boot.autoconfigure.PropertyPlaceholderAutoConfiguration' with enhanced class name 'org.springframework.boot.autoconfigure.PropertyPlaceholderAutoConfiguration$$EnhancerBySpringCGLIB$$51e09d54'
00:19:46.887 [Test worker] DEBUG o.s.c.a.ConfigurationClassEnhancer - Successfully enhanced org.springframework.boot.actuate.autoconfigure.AuditAutoConfiguration; enhanced class name is: org.springframework.boot.actuate.autoconfigure.AuditAutoConfiguration$$EnhancerBySpringCGLIB$$4e430b36
00:19:46.887 [Test worker] DEBUG o.s.c.a.ConfigurationClassPostProcessor - Replacing bean definition 'org.springframework.boot.actuate.autoconfigure.AuditAutoConfiguration' existing class name 'org.springframework.boot.actuate.autoconfigure.AuditAutoConfiguration' with enhanced class name 'org.springframework.boot.actuate.autoconfigure.AuditAutoConfiguration$$EnhancerBySpringCGLIB$$4e430b36'
00:19:46.887 [Test worker] DEBUG o.s.c.a.ConfigurationClassEnhancer - Successfully enhanced org.springframework.boot.autoconfigure.mongo.MongoAutoConfiguration; enhanced class name is: org.springframework.boot.autoconfigure.mongo.MongoAutoConfiguration$$EnhancerBySpringCGLIB$$ffbd5f38
00:19:46.887 [Test worker] DEBUG o.s.c.a.ConfigurationClassPostProcessor - Replacing bean definition 'org.springframework.boot.autoconfigure.mongo.MongoAutoConfiguration' existing class name 'org.springframework.boot.autoconfigure.mongo.MongoAutoConfiguration' with enhanced class name 'org.springframework.boot.autoconfigure.mongo.MongoAutoConfiguration$$EnhancerBySpringCGLIB$$ffbd5f38'
00:19:46.887 [Test worker] DEBUG o.s.c.a.ConfigurationClassEnhancer - Successfully enhanced org.springframework.boot.autoconfigure.mongo.MongoDataAutoConfiguration; enhanced class name is: org.springframework.boot.autoconfigure.mongo.MongoDataAutoConfiguration$$EnhancerBySpringCGLIB$$48d255ee
00:19:46.887 [Test worker] DEBUG o.s.c.a.ConfigurationClassPostProcessor - Replacing bean definition 'org.springframework.boot.autoconfigure.mongo.MongoDataAutoConfiguration' existing class name 'org.springframework.boot.autoconfigure.mongo.MongoDataAutoConfiguration' with enhanced class name 'org.springframework.boot.autoconfigure.mongo.MongoDataAutoConfiguration$$EnhancerBySpringCGLIB$$48d255ee'
00:19:46.887 [Test worker] DEBUG o.s.c.a.ConfigurationClassEnhancer - Successfully enhanced org.springframework.boot.actuate.autoconfigure.HealthIndicatorAutoConfiguration$MongoHealthIndicatorConfiguration; enhanced class name is: org.springframework.boot.actuate.autoconfigure.HealthIndicatorAutoConfiguration$MongoHealthIndicatorConfiguration$$EnhancerBySpringCGLIB$$a2231091
00:19:46.887 [Test worker] DEBUG o.s.c.a.ConfigurationClassPostProcessor - Replacing bean definition 'org.springframework.boot.actuate.autoconfigure.HealthIndicatorAutoConfiguration$MongoHealthIndicatorConfiguration' existing class name 'org.springframework.boot.actuate.autoconfigure.HealthIndicatorAutoConfiguration$MongoHealthIndicatorConfiguration' with enhanced class name 'org.springframework.boot.actuate.autoconfigure.HealthIndicatorAutoConfiguration$MongoHealthIndicatorConfiguration$$EnhancerBySpringCGLIB$$a2231091'
00:19:46.887 [Test worker] DEBUG o.s.c.a.ConfigurationClassEnhancer - Successfully enhanced org.springframework.boot.actuate.autoconfigure.HealthIndicatorAutoConfiguration; enhanced class name is: org.springframework.boot.actuate.autoconfigure.HealthIndicatorAutoConfiguration$$EnhancerBySpringCGLIB$$aa5b1c3e
00:19:46.887 [Test worker] DEBUG o.s.c.a.ConfigurationClassPostProcessor - Replacing bean definition 'org.springframework.boot.actuate.autoconfigure.HealthIndicatorAutoConfiguration' existing class name 'org.springframework.boot.actuate.autoconfigure.HealthIndicatorAutoConfiguration' with enhanced class name 'org.springframework.boot.actuate.autoconfigure.HealthIndicatorAutoConfiguration$$EnhancerBySpringCGLIB$$aa5b1c3e'
00:19:46.887 [Test worker] DEBUG o.s.c.a.ConfigurationClassEnhancer - Successfully enhanced org.springframework.boot.actuate.autoconfigure.EndpointAutoConfiguration$InfoPropertiesConfiguration; enhanced class name is: org.springframework.boot.actuate.autoconfigure.EndpointAutoConfiguration$InfoPropertiesConfiguration$$EnhancerBySpringCGLIB$$53121797
00:19:46.887 [Test worker] DEBUG o.s.c.a.ConfigurationClassPostProcessor - Replacing bean definition 'org.springframework.boot.actuate.autoconfigure.EndpointAutoConfiguration$InfoPropertiesConfiguration' existing class name 'org.springframework.boot.actuate.autoconfigure.EndpointAutoConfiguration$InfoPropertiesConfiguration' with enhanced class name 'org.springframework.boot.actuate.autoconfigure.EndpointAutoConfiguration$InfoPropertiesConfiguration$$EnhancerBySpringCGLIB$$53121797'
00:19:46.887 [Test worker] DEBUG o.s.c.a.ConfigurationClassEnhancer - Successfully enhanced org.springframework.boot.actuate.autoconfigure.EndpointAutoConfiguration$RequestMappingEndpointConfiguration; enhanced class name is: org.springframework.boot.actuate.autoconfigure.EndpointAutoConfiguration$RequestMappingEndpointConfiguration$$EnhancerBySpringCGLIB$$968f2de4
00:19:46.887 [Test worker] DEBUG o.s.c.a.ConfigurationClassPostProcessor - Replacing bean definition 'org.springframework.boot.actuate.autoconfigure.EndpointAutoConfiguration$RequestMappingEndpointConfiguration' existing class name 'org.springframework.boot.actuate.autoconfigure.EndpointAutoConfiguration$RequestMappingEndpointConfiguration' with enhanced class name 'org.springframework.boot.actuate.autoconfigure.EndpointAutoConfiguration$RequestMappingEndpointConfiguration$$EnhancerBySpringCGLIB$$968f2de4'
00:19:46.887 [Test worker] DEBUG o.s.c.a.ConfigurationClassEnhancer - Successfully enhanced org.springframework.boot.actuate.autoconfigure.EndpointAutoConfiguration; enhanced class name is: org.springframework.boot.actuate.autoconfigure.EndpointAutoConfiguration$$EnhancerBySpringCGLIB$$2f85a386
00:19:46.887 [Test worker] DEBUG o.s.c.a.ConfigurationClassPostProcessor - Replacing bean definition 'org.springframework.boot.actuate.autoconfigure.EndpointAutoConfiguration' existing class name 'org.springframework.boot.actuate.autoconfigure.EndpointAutoConfiguration' with enhanced class name 'org.springframework.boot.actuate.autoconfigure.EndpointAutoConfiguration$$EnhancerBySpringCGLIB$$2f85a386'
00:19:46.887 [Test worker] DEBUG o.s.c.a.ConfigurationClassEnhancer - Successfully enhanced org.springframework.context.annotation.MBeanExportConfiguration; enhanced class name is: org.springframework.context.annotation.MBeanExportConfiguration$$EnhancerBySpringCGLIB$$218c563d
00:19:46.887 [Test worker] DEBUG o.s.c.a.ConfigurationClassPostProcessor - Replacing bean definition 'org.springframework.context.annotation.MBeanExportConfiguration' existing class name 'org.springframework.context.annotation.MBeanExportConfiguration' with enhanced class name 'org.springframework.context.annotation.MBeanExportConfiguration$$EnhancerBySpringCGLIB$$218c563d'
00:19:46.887 [Test worker] DEBUG o.s.c.a.ConfigurationClassEnhancer - Successfully enhanced org.springframework.boot.autoconfigure.jmx.JmxAutoConfiguration; enhanced class name is: org.springframework.boot.autoconfigure.jmx.JmxAutoConfiguration$$EnhancerBySpringCGLIB$$e4eed476
00:19:46.887 [Test worker] DEBUG o.s.c.a.ConfigurationClassPostProcessor - Replacing bean definition 'org.springframework.boot.autoconfigure.jmx.JmxAutoConfiguration' existing class name 'org.springframework.boot.autoconfigure.jmx.JmxAutoConfiguration' with enhanced class name 'org.springframework.boot.autoconfigure.jmx.JmxAutoConfiguration$$EnhancerBySpringCGLIB$$e4eed476'
00:19:46.887 [Test worker] DEBUG o.s.c.a.ConfigurationClassEnhancer - Successfully enhanced org.springframework.boot.actuate.autoconfigure.EndpointMBeanExportAutoConfiguration; enhanced class name is: org.springframework.boot.actuate.autoconfigure.EndpointMBeanExportAutoConfiguration$$EnhancerBySpringCGLIB$$95904b95
00:19:46.887 [Test worker] DEBUG o.s.c.a.ConfigurationClassPostProcessor - Replacing bean definition 'org.springframework.boot.actuate.autoconfigure.EndpointMBeanExportAutoConfiguration' existing class name 'org.springframework.boot.actuate.autoconfigure.EndpointMBeanExportAutoConfiguration' with enhanced class name 'org.springframework.boot.actuate.autoconfigure.EndpointMBeanExportAutoConfiguration$$EnhancerBySpringCGLIB$$95904b95'
00:19:46.887 [Test worker] DEBUG o.s.c.a.ConfigurationClassEnhancer - Successfully enhanced org.springframework.boot.actuate.autoconfigure.ManagementServerPropertiesAutoConfiguration; enhanced class name is: org.springframework.boot.actuate.autoconfigure.ManagementServerPropertiesAutoConfiguration$$EnhancerBySpringCGLIB$$8cce71a2
00:19:46.887 [Test worker] DEBUG o.s.c.a.ConfigurationClassPostProcessor - Replacing bean definition 'org.springframework.boot.actuate.autoconfigure.ManagementServerPropertiesAutoConfiguration' existing class name 'org.springframework.boot.actuate.autoconfigure.ManagementServerPropertiesAutoConfiguration' with enhanced class name 'org.springframework.boot.actuate.autoconfigure.ManagementServerPropertiesAutoConfiguration$$EnhancerBySpringCGLIB$$8cce71a2'
00:19:46.887 [Test worker] DEBUG o.s.c.a.ConfigurationClassEnhancer - Successfully enhanced org.springframework.boot.actuate.autoconfigure.MetricRepositoryAutoConfiguration$CodahaleMetricRegistryConfiguration; enhanced class name is: org.springframework.boot.actuate.autoconfigure.MetricRepositoryAutoConfiguration$CodahaleMetricRegistryConfiguration$$EnhancerBySpringCGLIB$$ccf9600b
00:19:46.887 [Test worker] DEBUG o.s.c.a.ConfigurationClassPostProcessor - Replacing bean definition 'org.springframework.boot.actuate.autoconfigure.MetricRepositoryAutoConfiguration$CodahaleMetricRegistryConfiguration' existing class name 'org.springframework.boot.actuate.autoconfigure.MetricRepositoryAutoConfiguration$CodahaleMetricRegistryConfiguration' with enhanced class name 'org.springframework.boot.actuate.autoconfigure.MetricRepositoryAutoConfiguration$CodahaleMetricRegistryConfiguration$$EnhancerBySpringCGLIB$$ccf9600b'
00:19:46.887 [Test worker] DEBUG o.s.c.a.ConfigurationClassEnhancer - Successfully enhanced org.springframework.boot.actuate.autoconfigure.MetricRepositoryAutoConfiguration$MetricRepositoryConfiguration; enhanced class name is: org.springframework.boot.actuate.autoconfigure.MetricRepositoryAutoConfiguration$MetricRepositoryConfiguration$$EnhancerBySpringCGLIB$$eb464279
00:19:46.888 [Test worker] DEBUG o.s.c.a.ConfigurationClassPostProcessor - Replacing bean definition 'org.springframework.boot.actuate.autoconfigure.MetricRepositoryAutoConfiguration$MetricRepositoryConfiguration' existing class name 'org.springframework.boot.actuate.autoconfigure.MetricRepositoryAutoConfiguration$MetricRepositoryConfiguration' with enhanced class name 'org.springframework.boot.actuate.autoconfigure.MetricRepositoryAutoConfiguration$MetricRepositoryConfiguration$$EnhancerBySpringCGLIB$$eb464279'
00:19:46.888 [Test worker] DEBUG o.s.c.a.ConfigurationClassEnhancer - Successfully enhanced org.springframework.boot.actuate.autoconfigure.MetricRepositoryAutoConfiguration; enhanced class name is: org.springframework.boot.actuate.autoconfigure.MetricRepositoryAutoConfiguration$$EnhancerBySpringCGLIB$$1123e4c1
00:19:46.888 [Test worker] DEBUG o.s.c.a.ConfigurationClassPostProcessor - Replacing bean definition 'org.springframework.boot.actuate.autoconfigure.MetricRepositoryAutoConfiguration' existing class name 'org.springframework.boot.actuate.autoconfigure.MetricRepositoryAutoConfiguration' with enhanced class name 'org.springframework.boot.actuate.autoconfigure.MetricRepositoryAutoConfiguration$$EnhancerBySpringCGLIB$$1123e4c1'
00:19:46.888 [Test worker] DEBUG o.s.c.a.ConfigurationClassEnhancer - Successfully enhanced org.springframework.boot.actuate.autoconfigure.MetricFilterAutoConfiguration; enhanced class name is: org.springframework.boot.actuate.autoconfigure.MetricFilterAutoConfiguration$$EnhancerBySpringCGLIB$$e129c593
00:19:46.888 [Test worker] DEBUG o.s.c.a.ConfigurationClassPostProcessor - Replacing bean definition 'org.springframework.boot.actuate.autoconfigure.MetricFilterAutoConfiguration' existing class name 'org.springframework.boot.actuate.autoconfigure.MetricFilterAutoConfiguration' with enhanced class name 'org.springframework.boot.actuate.autoconfigure.MetricFilterAutoConfiguration$$EnhancerBySpringCGLIB$$e129c593'
00:19:46.888 [Test worker] DEBUG o.s.c.a.ConfigurationClassEnhancer - Successfully enhanced org.springframework.boot.actuate.autoconfigure.TraceRepositoryAutoConfiguration; enhanced class name is: org.springframework.boot.actuate.autoconfigure.TraceRepositoryAutoConfiguration$$EnhancerBySpringCGLIB$$56bf15e2
00:19:46.888 [Test worker] DEBUG o.s.c.a.ConfigurationClassPostProcessor - Replacing bean definition 'org.springframework.boot.actuate.autoconfigure.TraceRepositoryAutoConfiguration' existing class name 'org.springframework.boot.actuate.autoconfigure.TraceRepositoryAutoConfiguration' with enhanced class name 'org.springframework.boot.actuate.autoconfigure.TraceRepositoryAutoConfiguration$$EnhancerBySpringCGLIB$$56bf15e2'
00:19:46.888 [Test worker] DEBUG o.s.c.a.ConfigurationClassEnhancer - Successfully enhanced org.springframework.boot.autoconfigure.data.mongo.MongoRepositoriesAutoConfiguration; enhanced class name is: org.springframework.boot.autoconfigure.data.mongo.MongoRepositoriesAutoConfiguration$$EnhancerBySpringCGLIB$$733855c
00:19:46.888 [Test worker] DEBUG o.s.c.a.ConfigurationClassPostProcessor - Replacing bean definition 'org.springframework.boot.autoconfigure.data.mongo.MongoRepositoriesAutoConfiguration' existing class name 'org.springframework.boot.autoconfigure.data.mongo.MongoRepositoriesAutoConfiguration' with enhanced class name 'org.springframework.boot.autoconfigure.data.mongo.MongoRepositoriesAutoConfiguration$$EnhancerBySpringCGLIB$$733855c'
00:19:46.888 [Test worker] DEBUG o.s.c.a.ConfigurationClassEnhancer - Successfully enhanced org.springframework.boot.autoconfigure.web.HttpMessageConvertersAutoConfiguration$ObjectMappers; enhanced class name is: org.springframework.boot.autoconfigure.web.HttpMessageConvertersAutoConfiguration$ObjectMappers$$EnhancerBySpringCGLIB$$fefab469
00:19:46.888 [Test worker] DEBUG o.s.c.a.ConfigurationClassPostProcessor - Replacing bean definition 'org.springframework.boot.autoconfigure.web.HttpMessageConvertersAutoConfiguration$ObjectMappers' existing class name 'org.springframework.boot.autoconfigure.web.HttpMessageConvertersAutoConfiguration$ObjectMappers' with enhanced class name 'org.springframework.boot.autoconfigure.web.HttpMessageConvertersAutoConfiguration$ObjectMappers$$EnhancerBySpringCGLIB$$fefab469'
00:19:46.888 [Test worker] DEBUG o.s.c.a.ConfigurationClassEnhancer - Successfully enhanced org.springframework.boot.autoconfigure.jackson.JacksonAutoConfiguration$JacksonObjectMapperAutoConfiguration; enhanced class name is: org.springframework.boot.autoconfigure.jackson.JacksonAutoConfiguration$JacksonObjectMapperAutoConfiguration$$EnhancerBySpringCGLIB$$c179c71c
00:19:46.888 [Test worker] DEBUG o.s.c.a.ConfigurationClassPostProcessor - Replacing bean definition 'org.springframework.boot.autoconfigure.jackson.JacksonAutoConfiguration$JacksonObjectMapperAutoConfiguration' existing class name 'org.springframework.boot.autoconfigure.jackson.JacksonAutoConfiguration$JacksonObjectMapperAutoConfiguration' with enhanced class name 'org.springframework.boot.autoconfigure.jackson.JacksonAutoConfiguration$JacksonObjectMapperAutoConfiguration$$EnhancerBySpringCGLIB$$c179c71c'
00:19:46.888 [Test worker] DEBUG o.s.c.a.ConfigurationClassEnhancer - Successfully enhanced org.springframework.boot.autoconfigure.jackson.JacksonAutoConfiguration; enhanced class name is: org.springframework.boot.autoconfigure.jackson.JacksonAutoConfiguration$$EnhancerBySpringCGLIB$$1de4937a
00:19:46.888 [Test worker] DEBUG o.s.c.a.ConfigurationClassPostProcessor - Replacing bean definition 'org.springframework.boot.autoconfigure.jackson.JacksonAutoConfiguration' existing class name 'org.springframework.boot.autoconfigure.jackson.JacksonAutoConfiguration' with enhanced class name 'org.springframework.boot.autoconfigure.jackson.JacksonAutoConfiguration$$EnhancerBySpringCGLIB$$1de4937a'
00:19:46.888 [Test worker] DEBUG o.s.c.a.ConfigurationClassEnhancer - Successfully enhanced org.springframework.boot.autoconfigure.web.HttpMessageConvertersAutoConfiguration; enhanced class name is: org.springframework.boot.autoconfigure.web.HttpMessageConvertersAutoConfiguration$$EnhancerBySpringCGLIB$$58cae4ba
00:19:46.888 [Test worker] DEBUG o.s.c.a.ConfigurationClassPostProcessor - Replacing bean definition 'org.springframework.boot.autoconfigure.web.HttpMessageConvertersAutoConfiguration' existing class name 'org.springframework.boot.autoconfigure.web.HttpMessageConvertersAutoConfiguration' with enhanced class name 'org.springframework.boot.autoconfigure.web.HttpMessageConvertersAutoConfiguration$$EnhancerBySpringCGLIB$$58cae4ba'
00:19:46.888 [Test worker] DEBUG o.s.c.a.ConfigurationClassEnhancer - Successfully enhanced org.springframework.boot.autoconfigure.web.MultipartAutoConfiguration; enhanced class name is: org.springframework.boot.autoconfigure.web.MultipartAutoConfiguration$$EnhancerBySpringCGLIB$$7c330b20
00:19:46.888 [Test worker] DEBUG o.s.c.a.ConfigurationClassPostProcessor - Replacing bean definition 'org.springframework.boot.autoconfigure.web.MultipartAutoConfiguration' existing class name 'org.springframework.boot.autoconfigure.web.MultipartAutoConfiguration' with enhanced class name 'org.springframework.boot.autoconfigure.web.MultipartAutoConfiguration$$EnhancerBySpringCGLIB$$7c330b20'
00:19:46.891 [Test worker] DEBUG o.s.b.f.s.DefaultListableBeanFactory - Creating shared instance of singleton bean 'propertySourcesPlaceholderConfigurer'
00:19:46.891 [Test worker] DEBUG o.s.b.f.s.DefaultListableBeanFactory - Creating instance of bean 'propertySourcesPlaceholderConfigurer'
00:19:46.891 [Test worker] DEBUG o.s.b.f.s.DefaultListableBeanFactory - Eagerly caching bean 'propertySourcesPlaceholderConfigurer' to allow for resolving potential circular references
00:19:46.891 [Test worker] DEBUG o.s.b.f.s.DefaultListableBeanFactory - Finished creating instance of bean 'propertySourcesPlaceholderConfigurer'
00:19:46.891 [Test worker] DEBUG o.s.core.env.MutablePropertySources - Adding [environmentProperties] PropertySource with lowest search precedence
00:19:46.891 [Test worker] DEBUG o.s.core.env.MutablePropertySources - Adding [localProperties] PropertySource with lowest search precedence
00:19:46.892 [Test worker] DEBUG o.s.b.f.s.DefaultListableBeanFactory - Creating shared instance of singleton bean 'org.springframework.boot.context.properties.ConfigurationPropertiesBindingPostProcessor.store'
00:19:46.892 [Test worker] DEBUG o.s.b.f.s.DefaultListableBeanFactory - Creating instance of bean 'org.springframework.boot.context.properties.ConfigurationPropertiesBindingPostProcessor.store'
00:19:46.892 [Test worker] DEBUG o.s.b.f.s.DefaultListableBeanFactory - Eagerly caching bean 'org.springframework.boot.context.properties.ConfigurationPropertiesBindingPostProcessor.store' to allow for resolving potential circular references
00:19:46.892 [Test worker] DEBUG o.s.b.f.s.DefaultListableBeanFactory - Finished creating instance of bean 'org.springframework.boot.context.properties.ConfigurationPropertiesBindingPostProcessor.store'
00:19:46.893 [Test worker] DEBUG o.s.b.f.s.DefaultListableBeanFactory - Creating shared instance of singleton bean 'org.springframework.context.annotation.internalAutowiredAnnotationProcessor'
00:19:46.893 [Test worker] DEBUG o.s.b.f.s.DefaultListableBeanFactory - Creating instance of bean 'org.springframework.context.annotation.internalAutowiredAnnotationProcessor'
00:19:46.893 [Test worker] DEBUG o.s.b.f.s.DefaultListableBeanFactory - Eagerly caching bean 'org.springframework.context.annotation.internalAutowiredAnnotationProcessor' to allow for resolving potential circular references
00:19:46.893 [Test worker] DEBUG o.s.b.f.s.DefaultListableBeanFactory - Finished creating instance of bean 'org.springframework.context.annotation.internalAutowiredAnnotationProcessor'
00:19:46.893 [Test worker] DEBUG o.s.b.f.s.DefaultListableBeanFactory - Creating shared instance of singleton bean 'org.springframework.context.annotation.internalRequiredAnnotationProcessor'
00:19:46.893 [Test worker] DEBUG o.s.b.f.s.DefaultListableBeanFactory - Creating instance of bean 'org.springframework.context.annotation.internalRequiredAnnotationProcessor'
00:19:46.893 [Test worker] DEBUG o.s.b.f.s.DefaultListableBeanFactory - Eagerly caching bean 'org.springframework.context.annotation.internalRequiredAnnotationProcessor' to allow for resolving potential circular references
00:19:46.893 [Test worker] DEBUG o.s.b.f.s.DefaultListableBeanFactory - Finished creating instance of bean 'org.springframework.context.annotation.internalRequiredAnnotationProcessor'
00:19:46.893 [Test worker] DEBUG o.s.b.f.s.DefaultListableBeanFactory - Creating shared instance of singleton bean 'org.springframework.context.annotation.internalCommonAnnotationProcessor'
00:19:46.893 [Test worker] DEBUG o.s.b.f.s.DefaultListableBeanFactory - Creating instance of bean 'org.springframework.context.annotation.internalCommonAnnotationProcessor'
00:19:46.893 [Test worker] DEBUG o.s.b.f.s.DefaultListableBeanFactory - Eagerly caching bean 'org.springframework.context.annotation.internalCommonAnnotationProcessor' to allow for resolving potential circular references
00:19:46.893 [Test worker] DEBUG o.s.b.f.s.DefaultListableBeanFactory - Finished creating instance of bean 'org.springframework.context.annotation.internalCommonAnnotationProcessor'
00:19:46.893 [Test worker] DEBUG o.s.b.f.s.DefaultListableBeanFactory - Creating shared instance of singleton bean 'org.springframework.context.annotation.ConfigurationClassPostProcessor.importAwareProcessor'
00:19:46.894 [Test worker] DEBUG o.s.b.f.s.DefaultListableBeanFactory - Creating instance of bean 'org.springframework.context.annotation.ConfigurationClassPostProcessor.importAwareProcessor'
00:19:46.894 [Test worker] DEBUG o.s.b.f.s.DefaultListableBeanFactory - Eagerly caching bean 'org.springframework.context.annotation.ConfigurationClassPostProcessor.importAwareProcessor' to allow for resolving potential circular references
00:19:46.894 [Test worker] DEBUG o.s.b.f.s.DefaultListableBeanFactory - Finished creating instance of bean 'org.springframework.context.annotation.ConfigurationClassPostProcessor.importAwareProcessor'
00:19:46.894 [Test worker] DEBUG o.s.b.f.s.DefaultListableBeanFactory - Creating shared instance of singleton bean 'org.springframework.context.annotation.ConfigurationClassPostProcessor.enhancedConfigurationProcessor'
00:19:46.894 [Test worker] DEBUG o.s.b.f.s.DefaultListableBeanFactory - Creating instance of bean 'org.springframework.context.annotation.ConfigurationClassPostProcessor.enhancedConfigurationProcessor'
00:19:46.894 [Test worker] DEBUG o.s.b.f.s.DefaultListableBeanFactory - Eagerly caching bean 'org.springframework.context.annotation.ConfigurationClassPostProcessor.enhancedConfigurationProcessor' to allow for resolving potential circular references
00:19:46.894 [Test worker] DEBUG o.s.b.f.s.DefaultListableBeanFactory - Finished creating instance of bean 'org.springframework.context.annotation.ConfigurationClassPostProcessor.enhancedConfigurationProcessor'
00:19:46.894 [Test worker] DEBUG o.s.b.f.s.DefaultListableBeanFactory - Creating shared instance of singleton bean 'org.springframework.boot.context.properties.ConfigurationPropertiesBindingPostProcessor'
00:19:46.894 [Test worker] DEBUG o.s.b.f.s.DefaultListableBeanFactory - Creating instance of bean 'org.springframework.boot.context.properties.ConfigurationPropertiesBindingPostProcessor'
00:19:46.894 [Test worker] DEBUG o.s.core.env.StandardEnvironment - Adding [systemProperties] PropertySource with lowest search precedence
00:19:46.894 [Test worker] DEBUG o.s.core.env.StandardEnvironment - Adding [systemEnvironment] PropertySource with lowest search precedence
00:19:46.894 [Test worker] DEBUG o.s.core.env.StandardEnvironment - Initialized StandardEnvironment with PropertySources [systemProperties,systemEnvironment]
00:19:46.894 [Test worker] DEBUG o.s.b.f.s.DefaultListableBeanFactory - Eagerly caching bean 'org.springframework.boot.context.properties.ConfigurationPropertiesBindingPostProcessor' to allow for resolving potential circular references
00:19:46.894 [Test worker] DEBUG o.s.b.f.s.DefaultListableBeanFactory - Returning cached instance of singleton bean 'org.springframework.boot.context.properties.ConfigurationPropertiesBindingPostProcessor.store'
00:19:46.894 [Test worker] DEBUG o.s.b.f.s.DefaultListableBeanFactory - Invoking afterPropertiesSet() on bean with name 'org.springframework.boot.context.properties.ConfigurationPropertiesBindingPostProcessor'
00:19:46.896 [Test worker] DEBUG o.s.b.f.s.DefaultListableBeanFactory - Returning cached instance of singleton bean 'propertySourcesPlaceholderConfigurer'
00:19:46.898 [Test worker] DEBUG o.s.b.f.s.DefaultListableBeanFactory - Finished creating instance of bean 'org.springframework.boot.context.properties.ConfigurationPropertiesBindingPostProcessor'
00:19:46.898 [Test worker] DEBUG o.s.b.f.s.DefaultListableBeanFactory - Creating shared instance of singleton bean 'org.springframework.data.repository.core.support.RepositoryInterfaceAwareBeanPostProcessor#0'
00:19:46.898 [Test worker] DEBUG o.s.b.f.s.DefaultListableBeanFactory - Creating instance of bean 'org.springframework.data.repository.core.support.RepositoryInterfaceAwareBeanPostProcessor#0'
00:19:46.898 [Test worker] DEBUG o.s.b.f.s.DefaultListableBeanFactory - Eagerly caching bean 'org.springframework.data.repository.core.support.RepositoryInterfaceAwareBeanPostProcessor#0' to allow for resolving potential circular references
00:19:46.898 [Test worker] DEBUG o.s.b.f.s.DefaultListableBeanFactory - Finished creating instance of bean 'org.springframework.data.repository.core.support.RepositoryInterfaceAwareBeanPostProcessor#0'
00:19:46.898 [Test worker] DEBUG o.s.c.a.AnnotationConfigApplicationContext - Unable to locate MessageSource with name 'messageSource': using default [org.springframework.context.support.DelegatingMessageSource@5270db3a]
00:19:46.898 [Test worker] DEBUG o.s.c.a.AnnotationConfigApplicationContext - Unable to locate ApplicationEventMulticaster with name 'applicationEventMulticaster': using default [org.springframework.context.event.SimpleApplicationEventMulticaster@132a2d03]
00:19:46.902 [Test worker] DEBUG o.s.b.f.s.DefaultListableBeanFactory - Pre-instantiating singletons in org.springframework.beans.factory.support.DefaultListableBeanFactory@60cef968: defining beans [org.springframework.context.annotation.internalConfigurationAnnotationProcessor,org.springframework.context.annotation.internalAutowiredAnnotationProcessor,org.springframework.context.annotation.internalRequiredAnnotationProcessor,org.springframework.context.annotation.internalCommonAnnotationProcessor,testOrderingConfiguration,org.springframework.context.annotation.ConfigurationClassPostProcessor.importAwareProcessor,org.springframework.context.annotation.ConfigurationClassPostProcessor.enhancedConfigurationProcessor,appInsightsFilter,orderingConfiguration,simpleCORSFilter,catalogController,dealerController,orderController,pingController,quoteController,shipmentController,mongoTemplate,repositoryFactory,orderingServiceProperties,getTelemetryClient,org.springframework.boot.autoconfigure.AutoConfigurationPackages,mongodb.CONFIGURATION_PROPERTIES,ordering.CONFIGURATION_PROPERTIES,org.springframework.boot.context.properties.ConfigurationPropertiesBindingPostProcessor,org.springframework.boot.context.properties.ConfigurationPropertiesBindingPostProcessor.store,org.springframework.boot.autoconfigure.PropertyPlaceholderAutoConfiguration,propertySourcesPlaceholderConfigurer,org.springframework.boot.actuate.autoconfigure.AuditAutoConfiguration$AuditEventRepositoryConfiguration,auditEventRepository,org.springframework.boot.actuate.autoconfigure.AuditAutoConfiguration,auditListener,org.springframework.boot.autoconfigure.mongo.MongoAutoConfiguration,mongo,spring.data.mongodb.CONFIGURATION_PROPERTIES,org.springframework.boot.autoconfigure.mongo.MongoDataAutoConfiguration,mongoDbFactory,gridFsTemplate,org.springframework.boot.actuate.autoconfigure.HealthIndicatorAutoConfiguration$MongoHealthIndicatorConfiguration,mongoHealthIndicator,org.springframework.boot.actuate.autoconfigure.HealthIndicatorAutoConfiguration,healthAggregator,org.springframework.boot.actuate.autoconfigure.EndpointAutoConfiguration$InfoPropertiesConfiguration,org.springframework.boot.actuate.autoconfigure.EndpointAutoConfiguration$RequestMappingEndpointConfiguration,requestMappingEndpoint,org.springframework.boot.actuate.autoconfigure.EndpointAutoConfiguration,environmentEndpoint,healthEndpoint,beansEndpoint,infoEndpoint,metricsEndpoint,traceEndpoint,dumpEndpoint,autoConfigurationAuditEndpoint,shutdownEndpoint,configurationPropertiesReportEndpoint,org.springframework.context.annotation.MBeanExportConfiguration,mbeanExporter,org.springframework.boot.autoconfigure.jmx.JmxAutoConfiguration$Empty,org.springframework.boot.autoconfigure.jmx.JmxAutoConfiguration,objectNamingStrategy,mbeanServer,org.springframework.boot.actuate.autoconfigure.EndpointMBeanExportAutoConfiguration,endpointMBeanExporter,endpoints.jmx.CONFIGURATION_PROPERTIES,org.springframework.boot.actuate.autoconfigure.ManagementServerPropertiesAutoConfiguration,managementServerProperties,serverProperties,org.springframework.boot.actuate.autoconfigure.MetricRepositoryAutoConfiguration$CodahaleMetricRegistryConfiguration,metricRegistry,codahaleMetricWriter,primaryMetricWriter,org.springframework.boot.actuate.autoconfigure.MetricRepositoryAutoConfiguration$MetricRepositoryConfiguration,metricRepository,org.springframework.boot.actuate.autoconfigure.MetricRepositoryAutoConfiguration,counterService,gaugeService,org.springframework.boot.actuate.autoconfigure.MetricFilterAutoConfiguration,metricFilter,org.springframework.boot.actuate.autoconfigure.TraceRepositoryAutoConfiguration,traceRepository,org.springframework.boot.actuate.autoconfigure.TraceWebFilterAutoConfiguration,webRequestLoggingFilter,org.springframework.boot.autoconfigure.data.mongo.MongoRepositoriesAutoConfiguration,org.springframework.data.mongodb.repository.config.MongoRepositoryConfigurationExtension#0,org.springframework.data.repository.core.support.RepositoryInterfaceAwareBeanPostProcessor#0,mongoMappingContext,org.springframework.boot.autoconfigure.web.HttpMessageConvertersAutoConfiguration$ObjectMappers,mappingJackson2HttpMessageConverter,http.mappers.CONFIGURATION_PROPERTIES,org.springframework.boot.autoconfigure.jackson.JacksonAutoConfiguration$JacksonObjectMapperAutoConfiguration,jacksonObjectMapper,org.springframework.boot.autoconfigure.jackson.JacksonAutoConfiguration,org.springframework.boot.autoconfigure.web.HttpMessageConvertersAutoConfiguration,messageConverters,org.springframework.boot.autoconfigure.web.MultipartAutoConfiguration,multipartConfigElement,multipartResolver,multipart.CONFIGURATION_PROPERTIES]; root of factory hierarchy
00:19:46.902 [Test worker] DEBUG o.s.b.f.s.DefaultListableBeanFactory - Returning cached instance of singleton bean 'org.springframework.context.annotation.internalConfigurationAnnotationProcessor'
00:19:46.902 [Test worker] DEBUG o.s.b.f.s.DefaultListableBeanFactory - Returning cached instance of singleton bean 'org.springframework.context.annotation.internalAutowiredAnnotationProcessor'
00:19:46.902 [Test worker] DEBUG o.s.b.f.s.DefaultListableBeanFactory - Returning cached instance of singleton bean 'org.springframework.context.annotation.internalRequiredAnnotationProcessor'
00:19:46.902 [Test worker] DEBUG o.s.b.f.s.DefaultListableBeanFactory - Returning cached instance of singleton bean 'org.springframework.context.annotation.internalCommonAnnotationProcessor'
00:19:46.902 [Test worker] DEBUG o.s.b.f.s.DefaultListableBeanFactory - Creating shared instance of singleton bean 'testOrderingConfiguration'
00:19:46.902 [Test worker] DEBUG o.s.b.f.s.DefaultListableBeanFactory - Creating instance of bean 'testOrderingConfiguration'
00:19:46.902 [Test worker] DEBUG o.s.b.f.s.DefaultListableBeanFactory - Eagerly caching bean 'testOrderingConfiguration' to allow for resolving potential circular references
00:19:46.902 [Test worker] DEBUG o.s.b.f.s.DefaultListableBeanFactory - Finished creating instance of bean 'testOrderingConfiguration'
00:19:46.902 [Test worker] DEBUG o.s.b.f.s.DefaultListableBeanFactory - Returning cached instance of singleton bean 'org.springframework.context.annotation.ConfigurationClassPostProcessor.importAwareProcessor'
00:19:46.902 [Test worker] DEBUG o.s.b.f.s.DefaultListableBeanFactory - Returning cached instance of singleton bean 'org.springframework.context.annotation.ConfigurationClassPostProcessor.enhancedConfigurationProcessor'
00:19:46.902 [Test worker] DEBUG o.s.b.f.s.DefaultListableBeanFactory - Creating shared instance of singleton bean 'appInsightsFilter'
00:19:46.902 [Test worker] DEBUG o.s.b.f.s.DefaultListableBeanFactory - Creating instance of bean 'appInsightsFilter'
00:19:46.902 [Test worker] DEBUG o.s.b.f.s.DefaultListableBeanFactory - Eagerly caching bean 'appInsightsFilter' to allow for resolving potential circular references
00:19:46.902 [Test worker] DEBUG o.s.b.f.s.DefaultListableBeanFactory - Finished creating instance of bean 'appInsightsFilter'
00:19:46.902 [Test worker] DEBUG o.s.b.f.s.DefaultListableBeanFactory - Creating shared instance of singleton bean 'orderingConfiguration'
00:19:46.902 [Test worker] DEBUG o.s.b.f.s.DefaultListableBeanFactory - Creating instance of bean 'orderingConfiguration'
00:19:46.902 [Test worker] DEBUG o.s.b.f.annotation.InjectionMetadata - Registered injected element on class [smpl.ordering.OrderingConfiguration$$EnhancerBySpringCGLIB$$1d9bb0df]: AutowiredFieldElement for private smpl.ordering.OrderingServiceProperties smpl.ordering.OrderingConfiguration.orderingServiceProperties
00:19:46.902 [Test worker] DEBUG o.s.b.f.annotation.InjectionMetadata - Registered injected element on class [smpl.ordering.OrderingConfiguration$$EnhancerBySpringCGLIB$$1d9bb0df]: AutowiredFieldElement for private smpl.ordering.MongoDBProperties smpl.ordering.OrderingConfiguration.mongoDBProperties
00:19:46.903 [Test worker] DEBUG o.s.b.f.s.DefaultListableBeanFactory - Eagerly caching bean 'orderingConfiguration' to allow for resolving potential circular references
00:19:46.903 [Test worker] DEBUG o.s.b.f.annotation.InjectionMetadata - Processing injected method of bean 'orderingConfiguration': AutowiredFieldElement for private smpl.ordering.OrderingServiceProperties smpl.ordering.OrderingConfiguration.orderingServiceProperties
00:19:46.903 [Test worker] DEBUG o.s.b.f.s.DefaultListableBeanFactory - Creating shared instance of singleton bean 'ordering.CONFIGURATION_PROPERTIES'
00:19:46.904 [Test worker] DEBUG o.s.b.f.s.DefaultListableBeanFactory - Creating instance of bean 'ordering.CONFIGURATION_PROPERTIES'
00:19:46.904 [Test worker] DEBUG o.s.b.f.s.DefaultListableBeanFactory - Eagerly caching bean 'ordering.CONFIGURATION_PROPERTIES' to allow for resolving potential circular references
00:19:46.905 [Test worker] DEBUG o.s.core.env.MutablePropertySources - Adding [systemProperties] PropertySource with lowest search precedence
00:19:46.905 [Test worker] DEBUG o.s.core.env.MutablePropertySources - Adding [systemEnvironment] PropertySource with lowest search precedence
00:19:46.905 [Test worker] DEBUG o.s.core.env.MutablePropertySources - Adding [localProperties] PropertySource with lowest search precedence
00:19:46.908 [Test worker] DEBUG o.s.b.f.s.DefaultListableBeanFactory - Finished creating instance of bean 'ordering.CONFIGURATION_PROPERTIES'
00:19:46.908 [Test worker] DEBUG o.s.b.f.a.AutowiredAnnotationBeanPostProcessor - Autowiring by type from bean name 'orderingConfiguration' to bean named 'ordering.CONFIGURATION_PROPERTIES'
00:19:46.908 [Test worker] DEBUG o.s.b.f.annotation.InjectionMetadata - Processing injected method of bean 'orderingConfiguration': AutowiredFieldElement for private smpl.ordering.MongoDBProperties smpl.ordering.OrderingConfiguration.mongoDBProperties
00:19:46.908 [Test worker] DEBUG o.s.b.f.s.DefaultListableBeanFactory - Creating shared instance of singleton bean 'mongodb.CONFIGURATION_PROPERTIES'
00:19:46.908 [Test worker] DEBUG o.s.b.f.s.DefaultListableBeanFactory - Creating instance of bean 'mongodb.CONFIGURATION_PROPERTIES'
00:19:46.908 [Test worker] DEBUG o.s.b.f.s.DefaultListableBeanFactory - Eagerly caching bean 'mongodb.CONFIGURATION_PROPERTIES' to allow for resolving potential circular references
00:19:46.909 [Test worker] DEBUG o.s.core.env.MutablePropertySources - Adding [systemProperties] PropertySource with lowest search precedence
00:19:46.909 [Test worker] DEBUG o.s.core.env.MutablePropertySources - Adding [systemEnvironment] PropertySource with lowest search precedence
00:19:46.909 [Test worker] DEBUG o.s.core.env.MutablePropertySources - Adding [localProperties] PropertySource with lowest search precedence
00:19:46.910 [Test worker] DEBUG o.s.b.f.s.DefaultListableBeanFactory - Finished creating instance of bean 'mongodb.CONFIGURATION_PROPERTIES'
00:19:46.910 [Test worker] DEBUG o.s.b.f.a.AutowiredAnnotationBeanPostProcessor - Autowiring by type from bean name 'orderingConfiguration' to bean named 'mongodb.CONFIGURATION_PROPERTIES'
00:19:46.910 [Test worker] DEBUG o.s.b.f.s.DefaultListableBeanFactory - Finished creating instance of bean 'orderingConfiguration'
00:19:46.910 [Test worker] DEBUG o.s.b.f.s.DefaultListableBeanFactory - Creating shared instance of singleton bean 'simpleCORSFilter'
00:19:46.910 [Test worker] DEBUG o.s.b.f.s.DefaultListableBeanFactory - Creating instance of bean 'simpleCORSFilter'
00:19:46.910 [Test worker] DEBUG o.s.b.f.s.DefaultListableBeanFactory - Eagerly caching bean 'simpleCORSFilter' to allow for resolving potential circular references
00:19:46.910 [Test worker] DEBUG o.s.b.f.s.DefaultListableBeanFactory - Finished creating instance of bean 'simpleCORSFilter'
00:19:46.910 [Test worker] DEBUG o.s.b.f.s.DefaultListableBeanFactory - Creating shared instance of singleton bean 'catalogController'
00:19:46.910 [Test worker] DEBUG o.s.b.f.s.DefaultListableBeanFactory - Creating instance of bean 'catalogController'
00:19:46.910 [Test worker] DEBUG o.s.b.f.s.DefaultListableBeanFactory - Eagerly caching bean 'catalogController' to allow for resolving potential circular references
00:19:46.910 [Test worker] DEBUG o.s.b.f.s.DefaultListableBeanFactory - Finished creating instance of bean 'catalogController'
00:19:46.910 [Test worker] DEBUG o.s.b.f.s.DefaultListableBeanFactory - Creating shared instance of singleton bean 'dealerController'
00:19:46.910 [Test worker] DEBUG o.s.b.f.s.DefaultListableBeanFactory - Creating instance of bean 'dealerController'
00:19:46.910 [Test worker] DEBUG o.s.b.f.s.DefaultListableBeanFactory - Eagerly caching bean 'dealerController' to allow for resolving potential circular references
00:19:46.911 [Test worker] DEBUG o.s.b.f.s.DefaultListableBeanFactory - Finished creating instance of bean 'dealerController'
00:19:46.911 [Test worker] DEBUG o.s.b.f.s.DefaultListableBeanFactory - Creating shared instance of singleton bean 'orderController'
00:19:46.911 [Test worker] DEBUG o.s.b.f.s.DefaultListableBeanFactory - Creating instance of bean 'orderController'
00:19:46.911 [Test worker] DEBUG o.s.b.f.s.DefaultListableBeanFactory - Eagerly caching bean 'orderController' to allow for resolving potential circular references
00:19:46.911 [Test worker] DEBUG o.s.b.f.s.DefaultListableBeanFactory - Finished creating instance of bean 'orderController'
00:19:46.911 [Test worker] DEBUG o.s.b.f.s.DefaultListableBeanFactory - Creating shared instance of singleton bean 'pingController'
00:19:46.911 [Test worker] DEBUG o.s.b.f.s.DefaultListableBeanFactory - Creating instance of bean 'pingController'
00:19:46.911 [Test worker] DEBUG o.s.b.f.annotation.InjectionMetadata - Registered injected element on class [smpl.ordering.controllers.PingController]: AutowiredFieldElement for private smpl.ordering.OrderingServiceProperties smpl.ordering.controllers.PingController.orderingServiceProperties
00:19:46.911 [Test worker] DEBUG o.s.b.f.s.DefaultListableBeanFactory - Eagerly caching bean 'pingController' to allow for resolving potential circular references
00:19:46.911 [Test worker] DEBUG o.s.b.f.annotation.InjectionMetadata - Processing injected method of bean 'pingController': AutowiredFieldElement for private smpl.ordering.OrderingServiceProperties smpl.ordering.controllers.PingController.orderingServiceProperties
00:19:46.911 [Test worker] DEBUG o.s.b.f.s.DefaultListableBeanFactory - Creating shared instance of singleton bean 'orderingServiceProperties'
00:19:46.911 [Test worker] DEBUG o.s.b.f.s.DefaultListableBeanFactory - Creating instance of bean 'orderingServiceProperties'
00:19:46.911 [Test worker] DEBUG o.s.b.f.s.DefaultListableBeanFactory - Returning cached instance of singleton bean 'orderingConfiguration'
00:19:46.911 [Test worker] DEBUG o.s.b.f.s.DefaultListableBeanFactory - Eagerly caching bean 'orderingServiceProperties' to allow for resolving potential circular references
00:19:46.912 [Test worker] DEBUG o.s.core.env.MutablePropertySources - Adding [systemProperties] PropertySource with lowest search precedence
00:19:46.912 [Test worker] DEBUG o.s.core.env.MutablePropertySources - Adding [systemEnvironment] PropertySource with lowest search precedence
00:19:46.912 [Test worker] DEBUG o.s.core.env.MutablePropertySources - Adding [localProperties] PropertySource with lowest search precedence
00:19:46.912 [Test worker] DEBUG o.s.b.f.s.DefaultListableBeanFactory - Finished creating instance of bean 'orderingServiceProperties'
00:19:46.912 [Test worker] DEBUG o.s.b.f.s.DefaultListableBeanFactory - Returning cached instance of singleton bean 'ordering.CONFIGURATION_PROPERTIES'
00:19:46.912 [Test worker] DEBUG o.s.b.f.a.AutowiredAnnotationBeanPostProcessor - Autowiring by type from bean name 'pingController' to bean named 'orderingServiceProperties'
00:19:46.913 [Test worker] DEBUG o.s.b.f.s.DefaultListableBeanFactory - Finished creating instance of bean 'pingController'
00:19:46.913 [Test worker] DEBUG o.s.b.f.s.DefaultListableBeanFactory - Creating shared instance of singleton bean 'quoteController'
00:19:46.913 [Test worker] DEBUG o.s.b.f.s.DefaultListableBeanFactory - Creating instance of bean 'quoteController'
00:19:46.913 [Test worker] DEBUG o.s.b.f.s.DefaultListableBeanFactory - Eagerly caching bean 'quoteController' to allow for resolving potential circular references
00:19:46.913 [Test worker] DEBUG o.s.b.f.s.DefaultListableBeanFactory - Finished creating instance of bean 'quoteController'
00:19:46.913 [Test worker] DEBUG o.s.b.f.s.DefaultListableBeanFactory - Creating shared instance of singleton bean 'shipmentController'
00:19:46.913 [Test worker] DEBUG o.s.b.f.s.DefaultListableBeanFactory - Creating instance of bean 'shipmentController'
00:19:46.913 [Test worker] DEBUG o.s.b.f.s.DefaultListableBeanFactory - Eagerly caching bean 'shipmentController' to allow for resolving potential circular references
00:19:46.913 [Test worker] DEBUG o.s.b.f.s.DefaultListableBeanFactory - Finished creating instance of bean 'shipmentController'
00:19:46.913 [Test worker] DEBUG o.s.b.f.s.DefaultListableBeanFactory - Creating shared instance of singleton bean 'mongoTemplate'
00:19:46.913 [Test worker] DEBUG o.s.b.f.s.DefaultListableBeanFactory - Creating instance of bean 'mongoTemplate'
00:19:46.913 [Test worker] DEBUG o.s.b.f.s.DefaultListableBeanFactory - Returning cached instance of singleton bean 'testOrderingConfiguration'
00:19:46.914 [Test worker] DEBUG o.s.b.f.s.DefaultListableBeanFactory - Eagerly caching bean 'mongoTemplate' to allow for resolving potential circular references
00:19:46.915 [Test worker] DEBUG o.s.b.f.s.DefaultListableBeanFactory - Finished creating instance of bean 'mongoTemplate'
00:19:46.915 [Test worker] DEBUG o.s.b.f.s.DefaultListableBeanFactory - Creating shared instance of singleton bean 'repositoryFactory'
00:19:46.915 [Test worker] DEBUG o.s.b.f.s.DefaultListableBeanFactory - Creating instance of bean 'repositoryFactory'
00:19:46.915 [Test worker] DEBUG o.s.b.f.s.DefaultListableBeanFactory - Returning cached instance of singleton bean 'testOrderingConfiguration'
00:19:46.915 [Test worker] DEBUG o.s.b.f.s.DefaultListableBeanFactory - Returning cached instance of singleton bean 'mongoTemplate'
00:19:46.915 [Test worker] DEBUG o.s.b.f.annotation.InjectionMetadata - Registered injected element on class [smpl.ordering.repositories.RepositoryFactory]: AutowiredFieldElement for private org.springframework.data.mongodb.core.MongoTemplate smpl.ordering.repositories.RepositoryFactory.mongoTemplate
00:19:46.915 [Test worker] DEBUG o.s.b.f.s.DefaultListableBeanFactory - Eagerly caching bean 'repositoryFactory' to allow for resolving potential circular references
00:19:46.915 [Test worker] DEBUG o.s.b.f.annotation.InjectionMetadata - Processing injected method of bean 'repositoryFactory': AutowiredFieldElement for private org.springframework.data.mongodb.core.MongoTemplate smpl.ordering.repositories.RepositoryFactory.mongoTemplate
00:19:46.915 [Test worker] DEBUG o.s.b.f.s.DefaultListableBeanFactory - Returning cached instance of singleton bean 'mongoTemplate'
00:19:46.915 [Test worker] DEBUG o.s.b.f.a.AutowiredAnnotationBeanPostProcessor - Autowiring by type from bean name 'repositoryFactory' to bean named 'mongoTemplate'
00:19:46.915 [Test worker] DEBUG o.s.b.f.s.DefaultListableBeanFactory - Finished creating instance of bean 'repositoryFactory'
00:19:46.915 [Test worker] DEBUG o.s.b.f.s.DefaultListableBeanFactory - Returning cached instance of singleton bean 'orderingServiceProperties'
00:19:46.915 [Test worker] DEBUG o.s.b.f.s.DefaultListableBeanFactory - Creating shared instance of singleton bean 'getTelemetryClient'
00:19:46.915 [Test worker] DEBUG o.s.b.f.s.DefaultListableBeanFactory - Creating instance of bean 'getTelemetryClient'
00:19:46.915 [Test worker] DEBUG o.s.b.f.s.DefaultListableBeanFactory - Returning cached instance of singleton bean 'testOrderingConfiguration'
00:19:46.915 [Test worker] DEBUG o.s.b.f.s.DefaultListableBeanFactory - Eagerly caching bean 'getTelemetryClient' to allow for resolving potential circular references
00:19:46.916 [Test worker] DEBUG o.s.b.f.s.DefaultListableBeanFactory - Finished creating instance of bean 'getTelemetryClient'
00:19:46.916 [Test worker] DEBUG o.s.b.f.s.DefaultListableBeanFactory - Returning cached instance of singleton bean 'org.springframework.boot.autoconfigure.AutoConfigurationPackages'
00:19:46.916 [Test worker] DEBUG o.s.b.f.s.DefaultListableBeanFactory - Returning cached instance of singleton bean 'mongodb.CONFIGURATION_PROPERTIES'
00:19:46.916 [Test worker] DEBUG o.s.b.f.s.DefaultListableBeanFactory - Returning cached instance of singleton bean 'ordering.CONFIGURATION_PROPERTIES'
00:19:46.916 [Test worker] DEBUG o.s.b.f.s.DefaultListableBeanFactory - Returning cached instance of singleton bean 'org.springframework.boot.context.properties.ConfigurationPropertiesBindingPostProcessor'
00:19:46.916 [Test worker] DEBUG o.s.b.f.s.DefaultListableBeanFactory - Returning cached instance of singleton bean 'org.springframework.boot.context.properties.ConfigurationPropertiesBindingPostProcessor.store'
00:19:46.916 [Test worker] DEBUG o.s.b.f.s.DefaultListableBeanFactory - Creating shared instance of singleton bean 'org.springframework.boot.autoconfigure.PropertyPlaceholderAutoConfiguration'
00:19:46.916 [Test worker] DEBUG o.s.b.f.s.DefaultListableBeanFactory - Creating instance of bean 'org.springframework.boot.autoconfigure.PropertyPlaceholderAutoConfiguration'
00:19:46.916 [Test worker] DEBUG o.s.b.f.s.DefaultListableBeanFactory - Eagerly caching bean 'org.springframework.boot.autoconfigure.PropertyPlaceholderAutoConfiguration' to allow for resolving potential circular references
00:19:46.916 [Test worker] DEBUG o.s.b.f.s.DefaultListableBeanFactory - Finished creating instance of bean 'org.springframework.boot.autoconfigure.PropertyPlaceholderAutoConfiguration'
00:19:46.916 [Test worker] DEBUG o.s.b.f.s.DefaultListableBeanFactory - Returning cached instance of singleton bean 'propertySourcesPlaceholderConfigurer'
00:19:46.916 [Test worker] DEBUG o.s.b.f.s.DefaultListableBeanFactory - Creating shared instance of singleton bean 'org.springframework.boot.actuate.autoconfigure.AuditAutoConfiguration$AuditEventRepositoryConfiguration'
00:19:46.916 [Test worker] DEBUG o.s.b.f.s.DefaultListableBeanFactory - Creating instance of bean 'org.springframework.boot.actuate.autoconfigure.AuditAutoConfiguration$AuditEventRepositoryConfiguration'
00:19:46.916 [Test worker] DEBUG o.s.b.f.s.DefaultListableBeanFactory - Eagerly caching bean 'org.springframework.boot.actuate.autoconfigure.AuditAutoConfiguration$AuditEventRepositoryConfiguration' to allow for resolving potential circular references
00:19:46.916 [Test worker] DEBUG o.s.b.f.s.DefaultListableBeanFactory - Finished creating instance of bean 'org.springframework.boot.actuate.autoconfigure.AuditAutoConfiguration$AuditEventRepositoryConfiguration'
00:19:46.916 [Test worker] DEBUG o.s.b.f.s.DefaultListableBeanFactory - Creating shared instance of singleton bean 'auditEventRepository'
00:19:46.916 [Test worker] DEBUG o.s.b.f.s.DefaultListableBeanFactory - Creating instance of bean 'auditEventRepository'
00:19:46.916 [Test worker] DEBUG o.s.b.f.s.DefaultListableBeanFactory - Returning cached instance of singleton bean 'org.springframework.boot.actuate.autoconfigure.AuditAutoConfiguration$AuditEventRepositoryConfiguration'
00:19:46.916 [Test worker] DEBUG o.s.b.f.s.DefaultListableBeanFactory - Eagerly caching bean 'auditEventRepository' to allow for resolving potential circular references
00:19:46.916 [Test worker] DEBUG o.s.b.f.s.DefaultListableBeanFactory - Finished creating instance of bean 'auditEventRepository'
00:19:46.916 [Test worker] DEBUG o.s.b.f.s.DefaultListableBeanFactory - Creating shared instance of singleton bean 'org.springframework.boot.actuate.autoconfigure.AuditAutoConfiguration'
00:19:46.916 [Test worker] DEBUG o.s.b.f.s.DefaultListableBeanFactory - Creating instance of bean 'org.springframework.boot.actuate.autoconfigure.AuditAutoConfiguration'
00:19:46.916 [Test worker] DEBUG o.s.b.f.annotation.InjectionMetadata - Registered injected element on class [org.springframework.boot.actuate.autoconfigure.AuditAutoConfiguration$$EnhancerBySpringCGLIB$$4e430b36]: AutowiredFieldElement for private final org.springframework.boot.actuate.audit.AuditEventRepository org.springframework.boot.actuate.autoconfigure.AuditAutoConfiguration.auditEventRepository
00:19:46.916 [Test worker] DEBUG o.s.b.f.s.DefaultListableBeanFactory - Eagerly caching bean 'org.springframework.boot.actuate.autoconfigure.AuditAutoConfiguration' to allow for resolving potential circular references
00:19:46.917 [Test worker] DEBUG o.s.b.f.annotation.InjectionMetadata - Processing injected method of bean 'org.springframework.boot.actuate.autoconfigure.AuditAutoConfiguration': AutowiredFieldElement for private final org.springframework.boot.actuate.audit.AuditEventRepository org.springframework.boot.actuate.autoconfigure.AuditAutoConfiguration.auditEventRepository
00:19:46.917 [Test worker] DEBUG o.s.b.f.s.DefaultListableBeanFactory - Returning cached instance of singleton bean 'auditEventRepository'
00:19:46.917 [Test worker] DEBUG o.s.b.f.a.AutowiredAnnotationBeanPostProcessor - Autowiring by type from bean name 'org.springframework.boot.actuate.autoconfigure.AuditAutoConfiguration' to bean named 'auditEventRepository'
00:19:46.917 [Test worker] DEBUG o.s.b.f.s.DefaultListableBeanFactory - Finished creating instance of bean 'org.springframework.boot.actuate.autoconfigure.AuditAutoConfiguration'
00:19:46.917 [Test worker] DEBUG o.s.b.f.s.DefaultListableBeanFactory - Creating shared instance of singleton bean 'auditListener'
00:19:46.917 [Test worker] DEBUG o.s.b.f.s.DefaultListableBeanFactory - Creating instance of bean 'auditListener'
00:19:46.917 [Test worker] DEBUG o.s.b.f.s.DefaultListableBeanFactory - Returning cached instance of singleton bean 'org.springframework.boot.actuate.autoconfigure.AuditAutoConfiguration'
00:19:46.918 [Test worker] DEBUG o.s.b.f.s.DefaultListableBeanFactory - Eagerly caching bean 'auditListener' to allow for resolving potential circular references
00:19:46.919 [Test worker] DEBUG o.s.b.f.s.DefaultListableBeanFactory - Finished creating instance of bean 'auditListener'
00:19:46.919 [Test worker] DEBUG o.s.b.f.s.DefaultListableBeanFactory - Creating shared instance of singleton bean 'org.springframework.boot.autoconfigure.mongo.MongoAutoConfiguration'
00:19:46.919 [Test worker] DEBUG o.s.b.f.s.DefaultListableBeanFactory - Creating instance of bean 'org.springframework.boot.autoconfigure.mongo.MongoAutoConfiguration'
00:19:46.919 [Test worker] DEBUG o.s.c.a.CommonAnnotationBeanPostProcessor - Found destroy method on class [org.springframework.boot.autoconfigure.mongo.MongoAutoConfiguration$$EnhancerBySpringCGLIB$$ffbd5f38]: public void org.springframework.boot.autoconfigure.mongo.MongoAutoConfiguration.close()
00:19:46.919 [Test worker] DEBUG o.s.c.a.CommonAnnotationBeanPostProcessor - Registered destroy method on class [org.springframework.boot.autoconfigure.mongo.MongoAutoConfiguration$$EnhancerBySpringCGLIB$$ffbd5f38]: org.springframework.beans.factory.annotation.InitDestroyAnnotationBeanPostProcessor$LifecycleElement@5a5ddf8
00:19:46.919 [Test worker] DEBUG o.s.b.f.annotation.InjectionMetadata - Registered injected element on class [org.springframework.boot.autoconfigure.mongo.MongoAutoConfiguration$$EnhancerBySpringCGLIB$$ffbd5f38]: AutowiredFieldElement for private org.springframework.boot.autoconfigure.mongo.MongoProperties org.springframework.boot.autoconfigure.mongo.MongoAutoConfiguration.properties
00:19:46.919 [Test worker] DEBUG o.s.b.f.annotation.InjectionMetadata - Registered injected element on class [org.springframework.boot.autoconfigure.mongo.MongoAutoConfiguration$$EnhancerBySpringCGLIB$$ffbd5f38]: AutowiredFieldElement for private com.mongodb.MongoClientOptions org.springframework.boot.autoconfigure.mongo.MongoAutoConfiguration.options
00:19:46.919 [Test worker] DEBUG o.s.b.f.s.DefaultListableBeanFactory - Eagerly caching bean 'org.springframework.boot.autoconfigure.mongo.MongoAutoConfiguration' to allow for resolving potential circular references
00:19:46.919 [Test worker] DEBUG o.s.b.f.annotation.InjectionMetadata - Processing injected method of bean 'org.springframework.boot.autoconfigure.mongo.MongoAutoConfiguration': AutowiredFieldElement for private org.springframework.boot.autoconfigure.mongo.MongoProperties org.springframework.boot.autoconfigure.mongo.MongoAutoConfiguration.properties
00:19:46.919 [Test worker] DEBUG o.s.b.f.s.DefaultListableBeanFactory - Creating shared instance of singleton bean 'spring.data.mongodb.CONFIGURATION_PROPERTIES'
00:19:46.919 [Test worker] DEBUG o.s.b.f.s.DefaultListableBeanFactory - Creating instance of bean 'spring.data.mongodb.CONFIGURATION_PROPERTIES'
00:19:46.919 [Test worker] DEBUG o.s.b.f.s.DefaultListableBeanFactory - Eagerly caching bean 'spring.data.mongodb.CONFIGURATION_PROPERTIES' to allow for resolving potential circular references
00:19:46.920 [Test worker] DEBUG o.s.core.env.MutablePropertySources - Adding [systemProperties] PropertySource with lowest search precedence
00:19:46.920 [Test worker] DEBUG o.s.core.env.MutablePropertySources - Adding [systemEnvironment] PropertySource with lowest search precedence
00:19:46.920 [Test worker] DEBUG o.s.core.env.MutablePropertySources - Adding [localProperties] PropertySource with lowest search precedence
00:19:46.923 [Test worker] DEBUG o.s.b.f.s.DefaultListableBeanFactory - Finished creating instance of bean 'spring.data.mongodb.CONFIGURATION_PROPERTIES'
00:19:46.923 [Test worker] DEBUG o.s.b.f.a.AutowiredAnnotationBeanPostProcessor - Autowiring by type from bean name 'org.springframework.boot.autoconfigure.mongo.MongoAutoConfiguration' to bean named 'spring.data.mongodb.CONFIGURATION_PROPERTIES'
00:19:46.923 [Test worker] DEBUG o.s.b.f.annotation.InjectionMetadata - Processing injected method of bean 'org.springframework.boot.autoconfigure.mongo.MongoAutoConfiguration': AutowiredFieldElement for private com.mongodb.MongoClientOptions org.springframework.boot.autoconfigure.mongo.MongoAutoConfiguration.options
00:19:46.923 [Test worker] DEBUG o.s.b.f.s.DefaultListableBeanFactory - Finished creating instance of bean 'org.springframework.boot.autoconfigure.mongo.MongoAutoConfiguration'
00:19:46.923 [Test worker] DEBUG o.s.b.f.s.DefaultListableBeanFactory - Creating shared instance of singleton bean 'mongo'
00:19:46.923 [Test worker] DEBUG o.s.b.f.s.DefaultListableBeanFactory - Creating instance of bean 'mongo'
00:19:46.923 [Test worker] DEBUG o.s.b.f.s.DefaultListableBeanFactory - Returning cached instance of singleton bean 'org.springframework.boot.autoconfigure.mongo.MongoAutoConfiguration'
00:19:46.929 [Test worker] DEBUG o.s.b.f.s.DefaultListableBeanFactory - Eagerly caching bean 'mongo' to allow for resolving potential circular references
00:19:46.929 [Test worker] DEBUG o.s.b.f.s.DefaultListableBeanFactory - Finished creating instance of bean 'mongo'
00:19:46.929 [Test worker] DEBUG o.s.b.f.s.DefaultListableBeanFactory - Returning cached instance of singleton bean 'spring.data.mongodb.CONFIGURATION_PROPERTIES'
00:19:46.929 [Test worker] DEBUG o.s.b.f.s.DefaultListableBeanFactory - Creating shared instance of singleton bean 'org.springframework.boot.autoconfigure.mongo.MongoDataAutoConfiguration'
00:19:46.929 [Test worker] DEBUG o.s.b.f.s.DefaultListableBeanFactory - Creating instance of bean 'org.springframework.boot.autoconfigure.mongo.MongoDataAutoConfiguration'
00:19:46.929 [Test worker] DEBUG o.s.b.f.annotation.InjectionMetadata - Registered injected element on class [org.springframework.boot.autoconfigure.mongo.MongoDataAutoConfiguration$$EnhancerBySpringCGLIB$$48d255ee]: AutowiredFieldElement for private org.springframework.boot.autoconfigure.mongo.MongoProperties org.springframework.boot.autoconfigure.mongo.MongoDataAutoConfiguration.properties
00:19:46.929 [Test worker] DEBUG o.s.b.f.s.DefaultListableBeanFactory - Eagerly caching bean 'org.springframework.boot.autoconfigure.mongo.MongoDataAutoConfiguration' to allow for resolving potential circular references
00:19:46.929 [Test worker] DEBUG o.s.b.f.annotation.InjectionMetadata - Processing injected method of bean 'org.springframework.boot.autoconfigure.mongo.MongoDataAutoConfiguration': AutowiredFieldElement for private org.springframework.boot.autoconfigure.mongo.MongoProperties org.springframework.boot.autoconfigure.mongo.MongoDataAutoConfiguration.properties
00:19:46.929 [Test worker] DEBUG o.s.b.f.s.DefaultListableBeanFactory - Returning cached instance of singleton bean 'spring.data.mongodb.CONFIGURATION_PROPERTIES'
00:19:46.929 [Test worker] DEBUG o.s.b.f.a.AutowiredAnnotationBeanPostProcessor - Autowiring by type from bean name 'org.springframework.boot.autoconfigure.mongo.MongoDataAutoConfiguration' to bean named 'spring.data.mongodb.CONFIGURATION_PROPERTIES'
00:19:46.929 [Test worker] DEBUG o.s.b.f.s.DefaultListableBeanFactory - Finished creating instance of bean 'org.springframework.boot.autoconfigure.mongo.MongoDataAutoConfiguration'
00:19:46.929 [Test worker] DEBUG o.s.b.f.s.DefaultListableBeanFactory - Creating shared instance of singleton bean 'mongoDbFactory'
00:19:46.929 [Test worker] DEBUG o.s.b.f.s.DefaultListableBeanFactory - Creating instance of bean 'mongoDbFactory'
00:19:46.929 [Test worker] DEBUG o.s.b.f.s.DefaultListableBeanFactory - Returning cached instance of singleton bean 'org.springframework.boot.autoconfigure.mongo.MongoDataAutoConfiguration'
00:19:46.930 [Test worker] DEBUG o.s.b.f.s.DefaultListableBeanFactory - Returning cached instance of singleton bean 'mongo'
00:19:46.930 [Test worker] DEBUG o.s.b.f.s.DefaultListableBeanFactory - Autowiring by type from bean name 'mongoDbFactory' via factory method to bean named 'mongo'
00:19:46.930 [Test worker] DEBUG o.s.b.f.s.DefaultListableBeanFactory - Eagerly caching bean 'mongoDbFactory' to allow for resolving potential circular references
00:19:46.930 [Test worker] DEBUG o.s.b.f.s.DefaultListableBeanFactory - Finished creating instance of bean 'mongoDbFactory'
00:19:46.930 [Test worker] DEBUG o.s.b.f.s.DefaultListableBeanFactory - Creating shared instance of singleton bean 'gridFsTemplate'
00:19:46.930 [Test worker] DEBUG o.s.b.f.s.DefaultListableBeanFactory - Creating instance of bean 'gridFsTemplate'
00:19:46.930 [Test worker] DEBUG o.s.b.f.s.DefaultListableBeanFactory - Returning cached instance of singleton bean 'org.springframework.boot.autoconfigure.mongo.MongoDataAutoConfiguration'
00:19:46.931 [Test worker] DEBUG o.s.b.f.s.DefaultListableBeanFactory - Returning cached instance of singleton bean 'mongoDbFactory'
00:19:46.931 [Test worker] DEBUG o.s.b.f.s.DefaultListableBeanFactory - Returning cached instance of singleton bean 'mongoTemplate'
00:19:46.931 [Test worker] DEBUG o.s.b.f.s.DefaultListableBeanFactory - Autowiring by type from bean name 'gridFsTemplate' via factory method to bean named 'mongoDbFactory'
00:19:46.931 [Test worker] DEBUG o.s.b.f.s.DefaultListableBeanFactory - Autowiring by type from bean name 'gridFsTemplate' via factory method to bean named 'mongoTemplate'
00:19:46.931 [Test worker] DEBUG o.s.b.f.s.DefaultListableBeanFactory - Eagerly caching bean 'gridFsTemplate' to allow for resolving potential circular references
00:19:46.931 [Test worker] DEBUG o.s.b.f.s.DefaultListableBeanFactory - Finished creating instance of bean 'gridFsTemplate'
00:19:46.931 [Test worker] DEBUG o.s.b.f.s.DefaultListableBeanFactory - Creating shared instance of singleton bean 'org.springframework.boot.actuate.autoconfigure.HealthIndicatorAutoConfiguration$MongoHealthIndicatorConfiguration'
00:19:46.931 [Test worker] DEBUG o.s.b.f.s.DefaultListableBeanFactory - Creating instance of bean 'org.springframework.boot.actuate.autoconfigure.HealthIndicatorAutoConfiguration$MongoHealthIndicatorConfiguration'
00:19:46.931 [Test worker] DEBUG o.s.b.f.annotation.InjectionMetadata - Registered injected element on class [org.springframework.boot.actuate.autoconfigure.HealthIndicatorAutoConfiguration$MongoHealthIndicatorConfiguration$$EnhancerBySpringCGLIB$$a2231091]: AutowiredFieldElement for private org.springframework.boot.actuate.health.HealthAggregator org.springframework.boot.actuate.autoconfigure.HealthIndicatorAutoConfiguration$MongoHealthIndicatorConfiguration.healthAggregator
00:19:46.931 [Test worker] DEBUG o.s.b.f.annotation.InjectionMetadata - Registered injected element on class [org.springframework.boot.actuate.autoconfigure.HealthIndicatorAutoConfiguration$MongoHealthIndicatorConfiguration$$EnhancerBySpringCGLIB$$a2231091]: AutowiredFieldElement for private java.util.Map org.springframework.boot.actuate.autoconfigure.HealthIndicatorAutoConfiguration$MongoHealthIndicatorConfiguration.mongoTemplates
00:19:46.931 [Test worker] DEBUG o.s.b.f.s.DefaultListableBeanFactory - Eagerly caching bean 'org.springframework.boot.actuate.autoconfigure.HealthIndicatorAutoConfiguration$MongoHealthIndicatorConfiguration' to allow for resolving potential circular references
00:19:46.931 [Test worker] DEBUG o.s.b.f.annotation.InjectionMetadata - Processing injected method of bean 'org.springframework.boot.actuate.autoconfigure.HealthIndicatorAutoConfiguration$MongoHealthIndicatorConfiguration': AutowiredFieldElement for private org.springframework.boot.actuate.health.HealthAggregator org.springframework.boot.actuate.autoconfigure.HealthIndicatorAutoConfiguration$MongoHealthIndicatorConfiguration.healthAggregator
00:19:46.932 [Test worker] DEBUG o.s.b.f.s.DefaultListableBeanFactory - Creating shared instance of singleton bean 'healthAggregator'
00:19:46.932 [Test worker] DEBUG o.s.b.f.s.DefaultListableBeanFactory - Creating instance of bean 'healthAggregator'
00:19:46.932 [Test worker] DEBUG o.s.b.f.s.DefaultListableBeanFactory - Creating shared instance of singleton bean 'org.springframework.boot.actuate.autoconfigure.HealthIndicatorAutoConfiguration'
00:19:46.932 [Test worker] DEBUG o.s.b.f.s.DefaultListableBeanFactory - Creating instance of bean 'org.springframework.boot.actuate.autoconfigure.HealthIndicatorAutoConfiguration'
00:19:46.932 [Test worker] DEBUG o.s.b.f.annotation.InjectionMetadata - Registered injected element on class [org.springframework.boot.actuate.autoconfigure.HealthIndicatorAutoConfiguration$$EnhancerBySpringCGLIB$$aa5b1c3e]: AutowiredFieldElement for private java.util.List org.springframework.boot.actuate.autoconfigure.HealthIndicatorAutoConfiguration.statusOrder
00:19:46.932 [Test worker] DEBUG o.s.b.f.s.DefaultListableBeanFactory - Eagerly caching bean 'org.springframework.boot.actuate.autoconfigure.HealthIndicatorAutoConfiguration' to allow for resolving potential circular references
00:19:46.932 [Test worker] DEBUG o.s.b.f.annotation.InjectionMetadata - Processing injected method of bean 'org.springframework.boot.actuate.autoconfigure.HealthIndicatorAutoConfiguration': AutowiredFieldElement for private java.util.List org.springframework.boot.actuate.autoconfigure.HealthIndicatorAutoConfiguration.statusOrder
00:19:46.932 [Test worker] DEBUG o.s.c.e.PropertySourcesPropertyResolver - Searching for key 'health.status.order:' in [environmentProperties]
00:19:46.932 [Test worker] DEBUG o.s.c.e.PropertySourcesPropertyResolver - Searching for key 'health.status.order:' in [systemProperties]
00:19:46.932 [Test worker] DEBUG o.s.c.e.PropertySourcesPropertyResolver - Searching for key 'health.status.order:' in [systemEnvironment]
00:19:46.932 [Test worker] DEBUG o.s.c.e.PropertySourcesPropertyResolver - Could not find key 'health.status.order:' in any property source. Returning [null]
00:19:46.932 [Test worker] DEBUG o.s.c.e.PropertySourcesPropertyResolver - Searching for key 'health.status.order:' in [localProperties]
00:19:46.932 [Test worker] DEBUG o.s.c.e.PropertySourcesPropertyResolver - Could not find key 'health.status.order:' in any property source. Returning [null]
00:19:46.932 [Test worker] DEBUG o.s.c.e.PropertySourcesPropertyResolver - Searching for key 'health.status.order' in [environmentProperties]
00:19:46.932 [Test worker] DEBUG o.s.c.e.PropertySourcesPropertyResolver - Searching for key 'health.status.order' in [systemProperties]
00:19:46.932 [Test worker] DEBUG o.s.c.e.PropertySourcesPropertyResolver - Searching for key 'health.status.order' in [systemEnvironment]
00:19:46.932 [Test worker] DEBUG o.s.c.e.PropertySourcesPropertyResolver - Could not find key 'health.status.order' in any property source. Returning [null]
00:19:46.932 [Test worker] DEBUG o.s.c.e.PropertySourcesPropertyResolver - Searching for key 'health.status.order' in [localProperties]
00:19:46.932 [Test worker] DEBUG o.s.c.e.PropertySourcesPropertyResolver - Could not find key 'health.status.order' in any property source. Returning [null]
00:19:46.932 [Test worker] DEBUG o.s.b.f.s.DefaultListableBeanFactory - Finished creating instance of bean 'org.springframework.boot.actuate.autoconfigure.HealthIndicatorAutoConfiguration'
00:19:46.932 [Test worker] DEBUG o.s.b.f.s.DefaultListableBeanFactory - Eagerly caching bean 'healthAggregator' to allow for resolving potential circular references
00:19:46.933 [Test worker] DEBUG o.s.b.f.s.DefaultListableBeanFactory - Finished creating instance of bean 'healthAggregator'
00:19:46.933 [Test worker] DEBUG o.s.b.f.a.AutowiredAnnotationBeanPostProcessor - Autowiring by type from bean name 'org.springframework.boot.actuate.autoconfigure.HealthIndicatorAutoConfiguration$MongoHealthIndicatorConfiguration' to bean named 'healthAggregator'
00:19:46.933 [Test worker] DEBUG o.s.b.f.annotation.InjectionMetadata - Processing injected method of bean 'org.springframework.boot.actuate.autoconfigure.HealthIndicatorAutoConfiguration$MongoHealthIndicatorConfiguration': AutowiredFieldElement for private java.util.Map org.springframework.boot.actuate.autoconfigure.HealthIndicatorAutoConfiguration$MongoHealthIndicatorConfiguration.mongoTemplates
00:19:46.933 [Test worker] DEBUG o.s.b.f.s.DefaultListableBeanFactory - Returning cached instance of singleton bean 'mongoTemplate'
00:19:46.933 [Test worker] DEBUG o.s.b.f.a.AutowiredAnnotationBeanPostProcessor - Autowiring by type from bean name 'org.springframework.boot.actuate.autoconfigure.HealthIndicatorAutoConfiguration$MongoHealthIndicatorConfiguration' to bean named 'mongoTemplate'
00:19:46.933 [Test worker] DEBUG o.s.b.f.s.DefaultListableBeanFactory - Finished creating instance of bean 'org.springframework.boot.actuate.autoconfigure.HealthIndicatorAutoConfiguration$MongoHealthIndicatorConfiguration'
00:19:46.933 [Test worker] DEBUG o.s.b.f.s.DefaultListableBeanFactory - Creating shared instance of singleton bean 'mongoHealthIndicator'
00:19:46.933 [Test worker] DEBUG o.s.b.f.s.DefaultListableBeanFactory - Creating instance of bean 'mongoHealthIndicator'
00:19:46.933 [Test worker] DEBUG o.s.b.f.s.DefaultListableBeanFactory - Returning cached instance of singleton bean 'org.springframework.boot.actuate.autoconfigure.HealthIndicatorAutoConfiguration$MongoHealthIndicatorConfiguration'
00:19:46.933 [Test worker] DEBUG o.s.b.f.s.DefaultListableBeanFactory - Eagerly caching bean 'mongoHealthIndicator' to allow for resolving potential circular references
00:19:46.933 [Test worker] DEBUG o.s.b.f.s.DefaultListableBeanFactory - Finished creating instance of bean 'mongoHealthIndicator'
00:19:46.933 [Test worker] DEBUG o.s.b.f.s.DefaultListableBeanFactory - Returning cached instance of singleton bean 'org.springframework.boot.actuate.autoconfigure.HealthIndicatorAutoConfiguration'
00:19:46.933 [Test worker] DEBUG o.s.b.f.s.DefaultListableBeanFactory - Returning cached instance of singleton bean 'healthAggregator'
00:19:46.933 [Test worker] DEBUG o.s.b.f.s.DefaultListableBeanFactory - Creating shared instance of singleton bean 'org.springframework.boot.actuate.autoconfigure.EndpointAutoConfiguration$InfoPropertiesConfiguration'
00:19:46.933 [Test worker] DEBUG o.s.b.f.s.DefaultListableBeanFactory - Creating instance of bean 'org.springframework.boot.actuate.autoconfigure.EndpointAutoConfiguration$InfoPropertiesConfiguration'
00:19:46.933 [Test worker] DEBUG o.s.core.env.StandardEnvironment - Adding [systemProperties] PropertySource with lowest search precedence
00:19:46.933 [Test worker] DEBUG o.s.core.env.StandardEnvironment - Adding [systemEnvironment] PropertySource with lowest search precedence
00:19:46.933 [Test worker] DEBUG o.s.core.env.StandardEnvironment - Initialized StandardEnvironment with PropertySources [systemProperties,systemEnvironment]
00:19:46.933 [Test worker] DEBUG o.s.b.f.annotation.InjectionMetadata - Registered injected element on class [org.springframework.boot.actuate.autoconfigure.EndpointAutoConfiguration$InfoPropertiesConfiguration$$EnhancerBySpringCGLIB$$53121797]: AutowiredFieldElement for private final org.springframework.core.env.ConfigurableEnvironment org.springframework.boot.actuate.autoconfigure.EndpointAutoConfiguration$InfoPropertiesConfiguration.environment
00:19:46.933 [Test worker] DEBUG o.s.b.f.annotation.InjectionMetadata - Registered injected element on class [org.springframework.boot.actuate.autoconfigure.EndpointAutoConfiguration$InfoPropertiesConfiguration$$EnhancerBySpringCGLIB$$53121797]: AutowiredFieldElement for private org.springframework.core.io.Resource org.springframework.boot.actuate.autoconfigure.EndpointAutoConfiguration$InfoPropertiesConfiguration.gitProperties
00:19:46.933 [Test worker] DEBUG o.s.b.f.s.DefaultListableBeanFactory - Eagerly caching bean 'org.springframework.boot.actuate.autoconfigure.EndpointAutoConfiguration$InfoPropertiesConfiguration' to allow for resolving potential circular references
00:19:46.933 [Test worker] DEBUG o.s.b.f.annotation.InjectionMetadata - Processing injected method of bean 'org.springframework.boot.actuate.autoconfigure.EndpointAutoConfiguration$InfoPropertiesConfiguration': AutowiredFieldElement for private final org.springframework.core.env.ConfigurableEnvironment org.springframework.boot.actuate.autoconfigure.EndpointAutoConfiguration$InfoPropertiesConfiguration.environment
00:19:46.934 [Test worker] DEBUG o.s.b.f.s.DefaultListableBeanFactory - Returning cached instance of singleton bean 'environment'
00:19:46.934 [Test worker] DEBUG o.s.b.f.a.AutowiredAnnotationBeanPostProcessor - Autowiring by type from bean name 'org.springframework.boot.actuate.autoconfigure.EndpointAutoConfiguration$InfoPropertiesConfiguration' to bean named 'environment'
00:19:46.934 [Test worker] DEBUG o.s.b.f.annotation.InjectionMetadata - Processing injected method of bean 'org.springframework.boot.actuate.autoconfigure.EndpointAutoConfiguration$InfoPropertiesConfiguration': AutowiredFieldElement for private org.springframework.core.io.Resource org.springframework.boot.actuate.autoconfigure.EndpointAutoConfiguration$InfoPropertiesConfiguration.gitProperties
00:19:46.934 [Test worker] DEBUG o.s.c.e.PropertySourcesPropertyResolver - Searching for key 'spring.git.properties:classpath:git.properties' in [environmentProperties]
00:19:46.934 [Test worker] DEBUG o.s.c.e.PropertySourcesPropertyResolver - Searching for key 'spring.git.properties:classpath:git.properties' in [systemProperties]
00:19:46.934 [Test worker] DEBUG o.s.c.e.PropertySourcesPropertyResolver - Searching for key 'spring.git.properties:classpath:git.properties' in [systemEnvironment]
00:19:46.934 [Test worker] DEBUG o.s.c.e.PropertySourcesPropertyResolver - Could not find key 'spring.git.properties:classpath:git.properties' in any property source. Returning [null]
00:19:46.934 [Test worker] DEBUG o.s.c.e.PropertySourcesPropertyResolver - Searching for key 'spring.git.properties:classpath:git.properties' in [localProperties]
00:19:46.934 [Test worker] DEBUG o.s.c.e.PropertySourcesPropertyResolver - Could not find key 'spring.git.properties:classpath:git.properties' in any property source. Returning [null]
00:19:46.934 [Test worker] DEBUG o.s.c.e.PropertySourcesPropertyResolver - Searching for key 'spring.git.properties' in [environmentProperties]
00:19:46.934 [Test worker] DEBUG o.s.c.e.PropertySourcesPropertyResolver - Searching for key 'spring.git.properties' in [systemProperties]
00:19:46.934 [Test worker] DEBUG o.s.c.e.PropertySourcesPropertyResolver - Searching for key 'spring.git.properties' in [systemEnvironment]
00:19:46.934 [Test worker] DEBUG o.s.c.e.PropertySourcesPropertyResolver - Could not find key 'spring.git.properties' in any property source. Returning [null]
00:19:46.934 [Test worker] DEBUG o.s.c.e.PropertySourcesPropertyResolver - Searching for key 'spring.git.properties' in [localProperties]
00:19:46.934 [Test worker] DEBUG o.s.c.e.PropertySourcesPropertyResolver - Could not find key 'spring.git.properties' in any property source. Returning [null]
00:19:46.934 [Test worker] DEBUG o.s.b.f.s.DefaultListableBeanFactory - Finished creating instance of bean 'org.springframework.boot.actuate.autoconfigure.EndpointAutoConfiguration$InfoPropertiesConfiguration'
00:19:46.934 [Test worker] DEBUG o.s.b.f.s.DefaultListableBeanFactory - Creating shared instance of singleton bean 'org.springframework.boot.actuate.autoconfigure.EndpointAutoConfiguration$RequestMappingEndpointConfiguration'
00:19:46.934 [Test worker] DEBUG o.s.b.f.s.DefaultListableBeanFactory - Creating instance of bean 'org.springframework.boot.actuate.autoconfigure.EndpointAutoConfiguration$RequestMappingEndpointConfiguration'
00:19:46.934 [Test worker] DEBUG o.s.b.f.s.DefaultListableBeanFactory - Eagerly caching bean 'org.springframework.boot.actuate.autoconfigure.EndpointAutoConfiguration$RequestMappingEndpointConfiguration' to allow for resolving potential circular references
00:19:46.934 [Test worker] DEBUG o.s.b.f.s.DefaultListableBeanFactory - Finished creating instance of bean 'org.springframework.boot.actuate.autoconfigure.EndpointAutoConfiguration$RequestMappingEndpointConfiguration'
00:19:46.934 [Test worker] DEBUG o.s.b.f.s.DefaultListableBeanFactory - Creating shared instance of singleton bean 'requestMappingEndpoint'
00:19:46.934 [Test worker] DEBUG o.s.b.f.s.DefaultListableBeanFactory - Creating instance of bean 'requestMappingEndpoint'
00:19:46.934 [Test worker] DEBUG o.s.b.f.s.DefaultListableBeanFactory - Returning cached instance of singleton bean 'org.springframework.boot.actuate.autoconfigure.EndpointAutoConfiguration$RequestMappingEndpointConfiguration'
00:19:46.935 [Test worker] DEBUG o.s.b.f.s.DefaultListableBeanFactory - Eagerly caching bean 'requestMappingEndpoint' to allow for resolving potential circular references
00:19:46.935 [Test worker] DEBUG o.s.core.env.MutablePropertySources - Adding [systemProperties] PropertySource with lowest search precedence
00:19:46.935 [Test worker] DEBUG o.s.core.env.MutablePropertySources - Adding [systemEnvironment] PropertySource with lowest search precedence
00:19:46.935 [Test worker] DEBUG o.s.core.env.MutablePropertySources - Adding [localProperties] PropertySource with lowest search precedence
00:19:46.956 [Test worker] DEBUG o.s.b.f.s.DefaultListableBeanFactory - Creating instance of bean 'org.hibernate.validator.internal.constraintvalidators.NotNullValidator'
00:19:46.956 [Test worker] DEBUG o.s.b.f.s.DefaultListableBeanFactory - Finished creating instance of bean 'org.hibernate.validator.internal.constraintvalidators.NotNullValidator'
00:19:46.956 [Test worker] DEBUG o.s.b.f.s.DefaultListableBeanFactory - Creating instance of bean 'org.hibernate.validator.internal.constraintvalidators.PatternValidator'
00:19:46.956 [Test worker] DEBUG o.s.b.f.s.DefaultListableBeanFactory - Finished creating instance of bean 'org.hibernate.validator.internal.constraintvalidators.PatternValidator'
00:19:46.956 [Test worker] DEBUG o.s.b.f.s.DefaultListableBeanFactory - Finished creating instance of bean 'requestMappingEndpoint'
00:19:46.956 [Test worker] DEBUG o.s.b.f.s.DefaultListableBeanFactory - Creating shared instance of singleton bean 'org.springframework.boot.actuate.autoconfigure.EndpointAutoConfiguration'
00:19:46.956 [Test worker] DEBUG o.s.b.f.s.DefaultListableBeanFactory - Creating instance of bean 'org.springframework.boot.actuate.autoconfigure.EndpointAutoConfiguration'
00:19:46.957 [Test worker] DEBUG o.s.b.f.annotation.InjectionMetadata - Registered injected element on class [org.springframework.boot.actuate.autoconfigure.EndpointAutoConfiguration$$EnhancerBySpringCGLIB$$2f85a386]: AutowiredFieldElement for private org.springframework.boot.actuate.autoconfigure.EndpointAutoConfiguration$InfoPropertiesConfiguration org.springframework.boot.actuate.autoconfigure.EndpointAutoConfiguration.properties
00:19:46.957 [Test worker] DEBUG o.s.b.f.annotation.InjectionMetadata - Registered injected element on class [org.springframework.boot.actuate.autoconfigure.EndpointAutoConfiguration$$EnhancerBySpringCGLIB$$2f85a386]: AutowiredFieldElement for private org.springframework.boot.actuate.health.HealthAggregator org.springframework.boot.actuate.autoconfigure.EndpointAutoConfiguration.healthAggregator
00:19:46.957 [Test worker] DEBUG o.s.b.f.annotation.InjectionMetadata - Registered injected element on class [org.springframework.boot.actuate.autoconfigure.EndpointAutoConfiguration$$EnhancerBySpringCGLIB$$2f85a386]: AutowiredFieldElement for java.util.Map org.springframework.boot.actuate.autoconfigure.EndpointAutoConfiguration.healthIndicators
00:19:46.957 [Test worker] DEBUG o.s.b.f.annotation.InjectionMetadata - Registered injected element on class [org.springframework.boot.actuate.autoconfigure.EndpointAutoConfiguration$$EnhancerBySpringCGLIB$$2f85a386]: AutowiredFieldElement for private org.springframework.boot.actuate.metrics.reader.MetricReader org.springframework.boot.actuate.autoconfigure.EndpointAutoConfiguration.metricRepository
00:19:46.957 [Test worker] DEBUG o.s.b.f.annotation.InjectionMetadata - Registered injected element on class [org.springframework.boot.actuate.autoconfigure.EndpointAutoConfiguration$$EnhancerBySpringCGLIB$$2f85a386]: AutowiredFieldElement for private org.springframework.boot.actuate.endpoint.PublicMetrics org.springframework.boot.actuate.autoconfigure.EndpointAutoConfiguration.metrics
00:19:46.957 [Test worker] DEBUG o.s.b.f.annotation.InjectionMetadata - Registered injected element on class [org.springframework.boot.actuate.autoconfigure.EndpointAutoConfiguration$$EnhancerBySpringCGLIB$$2f85a386]: AutowiredFieldElement for private org.springframework.boot.actuate.trace.TraceRepository org.springframework.boot.actuate.autoconfigure.EndpointAutoConfiguration.traceRepository
00:19:46.957 [Test worker] DEBUG o.s.b.f.annotation.InjectionMetadata - Registered injected element on class [org.springframework.boot.actuate.autoconfigure.EndpointAutoConfiguration$$EnhancerBySpringCGLIB$$2f85a386]: AutowiredFieldElement for private org.springframework.boot.context.properties.ConfigurationBeanFactoryMetaData org.springframework.boot.actuate.autoconfigure.EndpointAutoConfiguration.beanFactoryMetaData
00:19:46.957 [Test worker] DEBUG o.s.b.f.s.DefaultListableBeanFactory - Eagerly caching bean 'org.springframework.boot.actuate.autoconfigure.EndpointAutoConfiguration' to allow for resolving potential circular references
00:19:46.957 [Test worker] DEBUG o.s.b.f.annotation.InjectionMetadata - Processing injected method of bean 'org.springframework.boot.actuate.autoconfigure.EndpointAutoConfiguration': AutowiredFieldElement for private org.springframework.boot.actuate.autoconfigure.EndpointAutoConfiguration$InfoPropertiesConfiguration org.springframework.boot.actuate.autoconfigure.EndpointAutoConfiguration.properties
00:19:46.957 [Test worker] DEBUG o.s.b.f.s.DefaultListableBeanFactory - Returning cached instance of singleton bean 'org.springframework.boot.actuate.autoconfigure.EndpointAutoConfiguration$InfoPropertiesConfiguration'
00:19:46.957 [Test worker] DEBUG o.s.b.f.a.AutowiredAnnotationBeanPostProcessor - Autowiring by type from bean name 'org.springframework.boot.actuate.autoconfigure.EndpointAutoConfiguration' to bean named 'org.springframework.boot.actuate.autoconfigure.EndpointAutoConfiguration$InfoPropertiesConfiguration'
00:19:46.957 [Test worker] DEBUG o.s.b.f.annotation.InjectionMetadata - Processing injected method of bean 'org.springframework.boot.actuate.autoconfigure.EndpointAutoConfiguration': AutowiredFieldElement for private org.springframework.boot.actuate.health.HealthAggregator org.springframework.boot.actuate.autoconfigure.EndpointAutoConfiguration.healthAggregator
00:19:46.957 [Test worker] DEBUG o.s.b.f.s.DefaultListableBeanFactory - Returning cached instance of singleton bean 'healthAggregator'
00:19:46.957 [Test worker] DEBUG o.s.b.f.a.AutowiredAnnotationBeanPostProcessor - Autowiring by type from bean name 'org.springframework.boot.actuate.autoconfigure.EndpointAutoConfiguration' to bean named 'healthAggregator'
00:19:46.957 [Test worker] DEBUG o.s.b.f.annotation.InjectionMetadata - Processing injected method of bean 'org.springframework.boot.actuate.autoconfigure.EndpointAutoConfiguration': AutowiredFieldElement for java.util.Map org.springframework.boot.actuate.autoconfigure.EndpointAutoConfiguration.healthIndicators
00:19:46.958 [Test worker] DEBUG o.s.b.f.s.DefaultListableBeanFactory - Returning cached instance of singleton bean 'mongoHealthIndicator'
00:19:46.958 [Test worker] DEBUG o.s.b.f.a.AutowiredAnnotationBeanPostProcessor - Autowiring by type from bean name 'org.springframework.boot.actuate.autoconfigure.EndpointAutoConfiguration' to bean named 'mongoHealthIndicator'
00:19:46.958 [Test worker] DEBUG o.s.b.f.annotation.InjectionMetadata - Processing injected method of bean 'org.springframework.boot.actuate.autoconfigure.EndpointAutoConfiguration': AutowiredFieldElement for private org.springframework.boot.actuate.metrics.reader.MetricReader org.springframework.boot.actuate.autoconfigure.EndpointAutoConfiguration.metricRepository
00:19:46.958 [Test worker] DEBUG o.s.b.f.s.DefaultListableBeanFactory - Creating shared instance of singleton bean 'metricRepository'
00:19:46.958 [Test worker] DEBUG o.s.b.f.s.DefaultListableBeanFactory - Creating instance of bean 'metricRepository'
00:19:46.958 [Test worker] DEBUG o.s.b.f.s.DefaultListableBeanFactory - Creating shared instance of singleton bean 'org.springframework.boot.actuate.autoconfigure.MetricRepositoryAutoConfiguration$MetricRepositoryConfiguration'
00:19:46.958 [Test worker] DEBUG o.s.b.f.s.DefaultListableBeanFactory - Creating instance of bean 'org.springframework.boot.actuate.autoconfigure.MetricRepositoryAutoConfiguration$MetricRepositoryConfiguration'
00:19:46.958 [Test worker] DEBUG o.s.b.f.s.DefaultListableBeanFactory - Eagerly caching bean 'org.springframework.boot.actuate.autoconfigure.MetricRepositoryAutoConfiguration$MetricRepositoryConfiguration' to allow for resolving potential circular references
00:19:46.958 [Test worker] DEBUG o.s.b.f.s.DefaultListableBeanFactory - Finished creating instance of bean 'org.springframework.boot.actuate.autoconfigure.MetricRepositoryAutoConfiguration$MetricRepositoryConfiguration'
00:19:46.958 [Test worker] DEBUG o.s.b.f.s.DefaultListableBeanFactory - Eagerly caching bean 'metricRepository' to allow for resolving potential circular references
00:19:46.959 [Test worker] DEBUG o.s.b.f.s.DefaultListableBeanFactory - Finished creating instance of bean 'metricRepository'
00:19:46.959 [Test worker] DEBUG o.s.b.f.a.AutowiredAnnotationBeanPostProcessor - Autowiring by type from bean name 'org.springframework.boot.actuate.autoconfigure.EndpointAutoConfiguration' to bean named 'metricRepository'
00:19:46.959 [Test worker] DEBUG o.s.b.f.annotation.InjectionMetadata - Processing injected method of bean 'org.springframework.boot.actuate.autoconfigure.EndpointAutoConfiguration': AutowiredFieldElement for private org.springframework.boot.actuate.endpoint.PublicMetrics org.springframework.boot.actuate.autoconfigure.EndpointAutoConfiguration.metrics
00:19:46.959 [Test worker] DEBUG o.s.b.f.annotation.InjectionMetadata - Processing injected method of bean 'org.springframework.boot.actuate.autoconfigure.EndpointAutoConfiguration': AutowiredFieldElement for private org.springframework.boot.actuate.trace.TraceRepository org.springframework.boot.actuate.autoconfigure.EndpointAutoConfiguration.traceRepository
00:19:46.959 [Test worker] DEBUG o.s.b.f.s.DefaultListableBeanFactory - Creating shared instance of singleton bean 'traceRepository'
00:19:46.959 [Test worker] DEBUG o.s.b.f.s.DefaultListableBeanFactory - Creating instance of bean 'traceRepository'
00:19:46.959 [Test worker] DEBUG o.s.b.f.s.DefaultListableBeanFactory - Creating shared instance of singleton bean 'org.springframework.boot.actuate.autoconfigure.TraceRepositoryAutoConfiguration'
00:19:46.959 [Test worker] DEBUG o.s.b.f.s.DefaultListableBeanFactory - Creating instance of bean 'org.springframework.boot.actuate.autoconfigure.TraceRepositoryAutoConfiguration'
00:19:46.959 [Test worker] DEBUG o.s.b.f.s.DefaultListableBeanFactory - Eagerly caching bean 'org.springframework.boot.actuate.autoconfigure.TraceRepositoryAutoConfiguration' to allow for resolving potential circular references
00:19:46.959 [Test worker] DEBUG o.s.b.f.s.DefaultListableBeanFactory - Finished creating instance of bean 'org.springframework.boot.actuate.autoconfigure.TraceRepositoryAutoConfiguration'
00:19:46.959 [Test worker] DEBUG o.s.b.f.s.DefaultListableBeanFactory - Eagerly caching bean 'traceRepository' to allow for resolving potential circular references
00:19:46.960 [Test worker] DEBUG o.s.b.f.s.DefaultListableBeanFactory - Finished creating instance of bean 'traceRepository'
00:19:46.960 [Test worker] DEBUG o.s.b.f.a.AutowiredAnnotationBeanPostProcessor - Autowiring by type from bean name 'org.springframework.boot.actuate.autoconfigure.EndpointAutoConfiguration' to bean named 'traceRepository'
00:19:46.960 [Test worker] DEBUG o.s.b.f.annotation.InjectionMetadata - Processing injected method of bean 'org.springframework.boot.actuate.autoconfigure.EndpointAutoConfiguration': AutowiredFieldElement for private org.springframework.boot.context.properties.ConfigurationBeanFactoryMetaData org.springframework.boot.actuate.autoconfigure.EndpointAutoConfiguration.beanFactoryMetaData
00:19:46.960 [Test worker] DEBUG o.s.b.f.s.DefaultListableBeanFactory - Returning cached instance of singleton bean 'org.springframework.boot.context.properties.ConfigurationPropertiesBindingPostProcessor.store'
00:19:46.960 [Test worker] DEBUG o.s.b.f.a.AutowiredAnnotationBeanPostProcessor - Autowiring by type from bean name 'org.springframework.boot.actuate.autoconfigure.EndpointAutoConfiguration' to bean named 'org.springframework.boot.context.properties.ConfigurationPropertiesBindingPostProcessor.store'
00:19:46.960 [Test worker] DEBUG o.s.b.f.s.DefaultListableBeanFactory - Finished creating instance of bean 'org.springframework.boot.actuate.autoconfigure.EndpointAutoConfiguration'
00:19:46.960 [Test worker] DEBUG o.s.b.f.s.DefaultListableBeanFactory - Creating shared instance of singleton bean 'environmentEndpoint'
00:19:46.960 [Test worker] DEBUG o.s.b.f.s.DefaultListableBeanFactory - Creating instance of bean 'environmentEndpoint'
00:19:46.960 [Test worker] DEBUG o.s.b.f.s.DefaultListableBeanFactory - Returning cached instance of singleton bean 'org.springframework.boot.actuate.autoconfigure.EndpointAutoConfiguration'
00:19:46.960 [Test worker] DEBUG o.s.b.f.s.DefaultListableBeanFactory - Eagerly caching bean 'environmentEndpoint' to allow for resolving potential circular references
00:19:46.961 [Test worker] DEBUG o.s.core.env.MutablePropertySources - Adding [systemProperties] PropertySource with lowest search precedence
00:19:46.961 [Test worker] DEBUG o.s.core.env.MutablePropertySources - Adding [systemEnvironment] PropertySource with lowest search precedence
00:19:46.961 [Test worker] DEBUG o.s.core.env.MutablePropertySources - Adding [localProperties] PropertySource with lowest search precedence
00:19:46.964 [Test worker] DEBUG o.s.b.f.s.DefaultListableBeanFactory - Finished creating instance of bean 'environmentEndpoint'
00:19:46.964 [Test worker] DEBUG o.s.b.f.s.DefaultListableBeanFactory - Creating shared instance of singleton bean 'healthEndpoint'
00:19:46.964 [Test worker] DEBUG o.s.b.f.s.DefaultListableBeanFactory - Creating instance of bean 'healthEndpoint'
00:19:46.964 [Test worker] DEBUG o.s.b.f.s.DefaultListableBeanFactory - Returning cached instance of singleton bean 'org.springframework.boot.actuate.autoconfigure.EndpointAutoConfiguration'
00:19:46.964 [Test worker] DEBUG o.s.b.f.s.DefaultListableBeanFactory - Eagerly caching bean 'healthEndpoint' to allow for resolving potential circular references
00:19:46.964 [Test worker] DEBUG o.s.core.env.MutablePropertySources - Adding [systemProperties] PropertySource with lowest search precedence
00:19:46.964 [Test worker] DEBUG o.s.core.env.MutablePropertySources - Adding [systemEnvironment] PropertySource with lowest search precedence
00:19:46.964 [Test worker] DEBUG o.s.core.env.MutablePropertySources - Adding [localProperties] PropertySource with lowest search precedence
00:19:46.978 [Test worker] DEBUG o.s.b.f.s.DefaultListableBeanFactory - Finished creating instance of bean 'healthEndpoint'
00:19:46.978 [Test worker] DEBUG o.s.b.f.s.DefaultListableBeanFactory - Creating shared instance of singleton bean 'beansEndpoint'
00:19:46.978 [Test worker] DEBUG o.s.b.f.s.DefaultListableBeanFactory - Creating instance of bean 'beansEndpoint'
00:19:46.978 [Test worker] DEBUG o.s.b.f.s.DefaultListableBeanFactory - Returning cached instance of singleton bean 'org.springframework.boot.actuate.autoconfigure.EndpointAutoConfiguration'
00:19:46.978 [Test worker] DEBUG o.s.b.f.s.DefaultListableBeanFactory - Eagerly caching bean 'beansEndpoint' to allow for resolving potential circular references
00:19:46.978 [Test worker] DEBUG o.s.c.e.PropertySourcesPropertyResolver - Searching for key 'spring.liveBeansView.mbeanDomain' in [systemProperties]
00:19:46.978 [Test worker] DEBUG o.s.c.e.PropertySourcesPropertyResolver - Searching for key 'spring.liveBeansView.mbeanDomain' in [systemEnvironment]
00:19:46.978 [Test worker] DEBUG o.s.c.e.PropertySourcesPropertyResolver - Could not find key 'spring.liveBeansView.mbeanDomain' in any property source. Returning [null]
00:19:46.979 [Test worker] DEBUG o.s.core.env.MutablePropertySources - Adding [systemProperties] PropertySource with lowest search precedence
00:19:46.979 [Test worker] DEBUG o.s.core.env.MutablePropertySources - Adding [systemEnvironment] PropertySource with lowest search precedence
00:19:46.979 [Test worker] DEBUG o.s.core.env.MutablePropertySources - Adding [localProperties] PropertySource with lowest search precedence
00:19:46.981 [Test worker] DEBUG o.s.b.f.s.DefaultListableBeanFactory - Finished creating instance of bean 'beansEndpoint'
00:19:46.981 [Test worker] DEBUG o.s.b.f.s.DefaultListableBeanFactory - Creating shared instance of singleton bean 'infoEndpoint'
00:19:46.981 [Test worker] DEBUG o.s.b.f.s.DefaultListableBeanFactory - Creating instance of bean 'infoEndpoint'
00:19:46.981 [Test worker] DEBUG o.s.b.f.s.DefaultListableBeanFactory - Returning cached instance of singleton bean 'org.springframework.boot.actuate.autoconfigure.EndpointAutoConfiguration'
00:19:46.981 [Test worker] DEBUG o.s.b.f.s.DefaultListableBeanFactory - Eagerly caching bean 'infoEndpoint' to allow for resolving potential circular references
00:19:46.982 [Test worker] DEBUG o.s.core.env.MutablePropertySources - Adding [systemProperties] PropertySource with lowest search precedence
00:19:46.982 [Test worker] DEBUG o.s.core.env.MutablePropertySources - Adding [systemEnvironment] PropertySource with lowest search precedence
00:19:46.982 [Test worker] DEBUG o.s.core.env.MutablePropertySources - Adding [localProperties] PropertySource with lowest search precedence
00:19:46.983 [Test worker] DEBUG o.s.b.f.s.DefaultListableBeanFactory - Finished creating instance of bean 'infoEndpoint'
00:19:46.984 [Test worker] DEBUG o.s.b.f.s.DefaultListableBeanFactory - Creating shared instance of singleton bean 'metricsEndpoint'
00:19:46.984 [Test worker] DEBUG o.s.b.f.s.DefaultListableBeanFactory - Creating instance of bean 'metricsEndpoint'
00:19:46.984 [Test worker] DEBUG o.s.b.f.s.DefaultListableBeanFactory - Returning cached instance of singleton bean 'org.springframework.boot.actuate.autoconfigure.EndpointAutoConfiguration'
00:19:46.984 [Test worker] DEBUG o.s.b.f.s.DefaultListableBeanFactory - Eagerly caching bean 'metricsEndpoint' to allow for resolving potential circular references
00:19:46.984 [Test worker] DEBUG o.s.core.env.MutablePropertySources - Adding [systemProperties] PropertySource with lowest search precedence
00:19:46.984 [Test worker] DEBUG o.s.core.env.MutablePropertySources - Adding [systemEnvironment] PropertySource with lowest search precedence
00:19:46.984 [Test worker] DEBUG o.s.core.env.MutablePropertySources - Adding [localProperties] PropertySource with lowest search precedence
00:19:46.990 [Test worker] DEBUG o.s.b.f.s.DefaultListableBeanFactory - Finished creating instance of bean 'metricsEndpoint'
00:19:46.990 [Test worker] DEBUG o.s.b.f.s.DefaultListableBeanFactory - Creating shared instance of singleton bean 'traceEndpoint'
00:19:46.990 [Test worker] DEBUG o.s.b.f.s.DefaultListableBeanFactory - Creating instance of bean 'traceEndpoint'
00:19:46.990 [Test worker] DEBUG o.s.b.f.s.DefaultListableBeanFactory - Returning cached instance of singleton bean 'org.springframework.boot.actuate.autoconfigure.EndpointAutoConfiguration'
00:19:46.990 [Test worker] DEBUG o.s.b.f.s.DefaultListableBeanFactory - Eagerly caching bean 'traceEndpoint' to allow for resolving potential circular references
00:19:46.991 [Test worker] DEBUG o.s.core.env.MutablePropertySources - Adding [systemProperties] PropertySource with lowest search precedence
00:19:46.991 [Test worker] DEBUG o.s.core.env.MutablePropertySources - Adding [systemEnvironment] PropertySource with lowest search precedence
00:19:46.991 [Test worker] DEBUG o.s.core.env.MutablePropertySources - Adding [localProperties] PropertySource with lowest search precedence
00:19:46.992 [Test worker] DEBUG o.s.b.f.s.DefaultListableBeanFactory - Finished creating instance of bean 'traceEndpoint'
00:19:46.992 [Test worker] DEBUG o.s.b.f.s.DefaultListableBeanFactory - Creating shared instance of singleton bean 'dumpEndpoint'
00:19:46.992 [Test worker] DEBUG o.s.b.f.s.DefaultListableBeanFactory - Creating instance of bean 'dumpEndpoint'
00:19:46.992 [Test worker] DEBUG o.s.b.f.s.DefaultListableBeanFactory - Returning cached instance of singleton bean 'org.springframework.boot.actuate.autoconfigure.EndpointAutoConfiguration'
00:19:46.993 [Test worker] DEBUG o.s.b.f.s.DefaultListableBeanFactory - Eagerly caching bean 'dumpEndpoint' to allow for resolving potential circular references
00:19:46.993 [Test worker] DEBUG o.s.core.env.MutablePropertySources - Adding [systemProperties] PropertySource with lowest search precedence
00:19:46.993 [Test worker] DEBUG o.s.core.env.MutablePropertySources - Adding [systemEnvironment] PropertySource with lowest search precedence
00:19:46.993 [Test worker] DEBUG o.s.core.env.MutablePropertySources - Adding [localProperties] PropertySource with lowest search precedence
00:19:46.994 [Test worker] DEBUG o.s.b.f.s.DefaultListableBeanFactory - Finished creating instance of bean 'dumpEndpoint'
00:19:46.994 [Test worker] DEBUG o.s.b.f.s.DefaultListableBeanFactory - Creating shared instance of singleton bean 'autoConfigurationAuditEndpoint'
00:19:46.994 [Test worker] DEBUG o.s.b.f.s.DefaultListableBeanFactory - Creating instance of bean 'autoConfigurationAuditEndpoint'
00:19:46.994 [Test worker] DEBUG o.s.b.f.s.DefaultListableBeanFactory - Returning cached instance of singleton bean 'org.springframework.boot.actuate.autoconfigure.EndpointAutoConfiguration'
00:19:46.995 [Test worker] DEBUG o.s.b.f.annotation.InjectionMetadata - Registered injected element on class [org.springframework.boot.actuate.endpoint.AutoConfigurationReportEndpoint]: AutowiredFieldElement for private org.springframework.boot.autoconfigure.condition.ConditionEvaluationReport org.springframework.boot.actuate.endpoint.AutoConfigurationReportEndpoint.autoConfigurationReport
00:19:46.995 [Test worker] DEBUG o.s.b.f.s.DefaultListableBeanFactory - Eagerly caching bean 'autoConfigurationAuditEndpoint' to allow for resolving potential circular references
00:19:46.995 [Test worker] DEBUG o.s.b.f.annotation.InjectionMetadata - Processing injected method of bean 'autoConfigurationAuditEndpoint': AutowiredFieldElement for private org.springframework.boot.autoconfigure.condition.ConditionEvaluationReport org.springframework.boot.actuate.endpoint.AutoConfigurationReportEndpoint.autoConfigurationReport
00:19:46.995 [Test worker] DEBUG o.s.b.f.s.DefaultListableBeanFactory - Returning cached instance of singleton bean 'autoConfigurationReport'
00:19:46.995 [Test worker] DEBUG o.s.b.f.a.AutowiredAnnotationBeanPostProcessor - Autowiring by type from bean name 'autoConfigurationAuditEndpoint' to bean named 'autoConfigurationReport'
00:19:46.995 [Test worker] DEBUG o.s.core.env.MutablePropertySources - Adding [systemProperties] PropertySource with lowest search precedence
00:19:46.996 [Test worker] DEBUG o.s.core.env.MutablePropertySources - Adding [systemEnvironment] PropertySource with lowest search precedence
00:19:46.996 [Test worker] DEBUG o.s.core.env.MutablePropertySources - Adding [localProperties] PropertySource with lowest search precedence
00:19:46.997 [Test worker] DEBUG o.s.b.f.s.DefaultListableBeanFactory - Finished creating instance of bean 'autoConfigurationAuditEndpoint'
00:19:46.997 [Test worker] DEBUG o.s.b.f.s.DefaultListableBeanFactory - Creating shared instance of singleton bean 'shutdownEndpoint'
00:19:46.997 [Test worker] DEBUG o.s.b.f.s.DefaultListableBeanFactory - Creating instance of bean 'shutdownEndpoint'
00:19:46.997 [Test worker] DEBUG o.s.b.f.s.DefaultListableBeanFactory - Returning cached instance of singleton bean 'org.springframework.boot.actuate.autoconfigure.EndpointAutoConfiguration'
00:19:46.997 [Test worker] DEBUG o.s.b.f.s.DefaultListableBeanFactory - Eagerly caching bean 'shutdownEndpoint' to allow for resolving potential circular references
00:19:46.997 [Test worker] DEBUG o.s.core.env.MutablePropertySources - Adding [systemProperties] PropertySource with lowest search precedence
00:19:46.998 [Test worker] DEBUG o.s.core.env.MutablePropertySources - Adding [systemEnvironment] PropertySource with lowest search precedence
00:19:46.998 [Test worker] DEBUG o.s.core.env.MutablePropertySources - Adding [localProperties] PropertySource with lowest search precedence
00:19:46.999 [Test worker] DEBUG o.s.b.f.s.DefaultListableBeanFactory - Finished creating instance of bean 'shutdownEndpoint'
00:19:46.999 [Test worker] DEBUG o.s.b.f.s.DefaultListableBeanFactory - Creating shared instance of singleton bean 'configurationPropertiesReportEndpoint'
00:19:46.999 [Test worker] DEBUG o.s.b.f.s.DefaultListableBeanFactory - Creating instance of bean 'configurationPropertiesReportEndpoint'
00:19:46.999 [Test worker] DEBUG o.s.b.f.s.DefaultListableBeanFactory - Returning cached instance of singleton bean 'org.springframework.boot.actuate.autoconfigure.EndpointAutoConfiguration'
00:19:46.999 [Test worker] DEBUG o.s.b.f.s.DefaultListableBeanFactory - Eagerly caching bean 'configurationPropertiesReportEndpoint' to allow for resolving potential circular references
00:19:47.000 [Test worker] DEBUG o.s.core.env.MutablePropertySources - Adding [systemProperties] PropertySource with lowest search precedence
00:19:47.000 [Test worker] DEBUG o.s.core.env.MutablePropertySources - Adding [systemEnvironment] PropertySource with lowest search precedence
00:19:47.000 [Test worker] DEBUG o.s.core.env.MutablePropertySources - Adding [localProperties] PropertySource with lowest search precedence
00:19:47.009 [Test worker] DEBUG o.s.b.f.s.DefaultListableBeanFactory - Finished creating instance of bean 'configurationPropertiesReportEndpoint'
00:19:47.009 [Test worker] DEBUG o.s.b.f.s.DefaultListableBeanFactory - Creating shared instance of singleton bean 'org.springframework.context.annotation.MBeanExportConfiguration'
00:19:47.009 [Test worker] DEBUG o.s.b.f.s.DefaultListableBeanFactory - Creating instance of bean 'org.springframework.context.annotation.MBeanExportConfiguration'
00:19:47.009 [Test worker] DEBUG o.s.b.f.s.DefaultListableBeanFactory - Eagerly caching bean 'org.springframework.context.annotation.MBeanExportConfiguration' to allow for resolving potential circular references
00:19:47.009 [Test worker] DEBUG o.s.b.f.s.DefaultListableBeanFactory - Returning cached instance of singleton bean 'org.springframework.context.annotation.ConfigurationClassPostProcessor.importRegistry'
00:19:47.009 [Test worker] DEBUG o.s.b.f.s.DefaultListableBeanFactory - Finished creating instance of bean 'org.springframework.context.annotation.MBeanExportConfiguration'
00:19:47.009 [Test worker] DEBUG o.s.b.f.s.DefaultListableBeanFactory - Creating shared instance of singleton bean 'mbeanExporter'
00:19:47.009 [Test worker] DEBUG o.s.b.f.s.DefaultListableBeanFactory - Creating instance of bean 'mbeanExporter'
00:19:47.009 [Test worker] DEBUG o.s.b.f.s.DefaultListableBeanFactory - Returning cached instance of singleton bean 'org.springframework.context.annotation.MBeanExportConfiguration'
00:19:47.009 [Test worker] DEBUG o.s.c.e.PropertySourcesPropertyResolver - Searching for key 'spring.jmx.default_domain:' in [systemProperties]
00:19:47.009 [Test worker] DEBUG o.s.c.e.PropertySourcesPropertyResolver - Searching for key 'spring.jmx.default_domain:' in [systemEnvironment]
00:19:47.010 [Test worker] DEBUG o.s.c.e.PropertySourcesPropertyResolver - Could not find key 'spring.jmx.default_domain:' in any property source. Returning [null]
00:19:47.010 [Test worker] DEBUG o.s.c.e.PropertySourcesPropertyResolver - Searching for key 'spring.jmx.default_domain' in [systemProperties]
00:19:47.010 [Test worker] DEBUG o.s.c.e.PropertySourcesPropertyResolver - Searching for key 'spring.jmx.default_domain' in [systemEnvironment]
00:19:47.010 [Test worker] DEBUG o.s.c.e.PropertySourcesPropertyResolver - Could not find key 'spring.jmx.default_domain' in any property source. Returning [null]
00:19:47.010 [Test worker] DEBUG o.s.c.e.PropertySourcesPropertyResolver - Searching for key 'spring.jmx.server:mbeanServer' in [systemProperties]
00:19:47.010 [Test worker] DEBUG o.s.c.e.PropertySourcesPropertyResolver - Searching for key 'spring.jmx.server:mbeanServer' in [systemEnvironment]
00:19:47.010 [Test worker] DEBUG o.s.c.e.PropertySourcesPropertyResolver - Could not find key 'spring.jmx.server:mbeanServer' in any property source. Returning [null]
00:19:47.010 [Test worker] DEBUG o.s.c.e.PropertySourcesPropertyResolver - Searching for key 'spring.jmx.server' in [systemProperties]
00:19:47.010 [Test worker] DEBUG o.s.c.e.PropertySourcesPropertyResolver - Searching for key 'spring.jmx.server' in [systemEnvironment]
00:19:47.010 [Test worker] DEBUG o.s.c.e.PropertySourcesPropertyResolver - Could not find key 'spring.jmx.server' in any property source. Returning [null]
00:19:47.010 [Test worker] DEBUG o.s.b.f.s.DefaultListableBeanFactory - Creating shared instance of singleton bean 'mbeanServer'
00:19:47.010 [Test worker] DEBUG o.s.b.f.s.DefaultListableBeanFactory - Creating instance of bean 'mbeanServer'
00:19:47.010 [Test worker] DEBUG o.s.b.f.s.DefaultListableBeanFactory - Creating shared instance of singleton bean 'org.springframework.boot.autoconfigure.jmx.JmxAutoConfiguration'
00:19:47.010 [Test worker] DEBUG o.s.b.f.s.DefaultListableBeanFactory - Creating instance of bean 'org.springframework.boot.autoconfigure.jmx.JmxAutoConfiguration'
00:19:47.010 [Test worker] DEBUG o.s.b.f.annotation.InjectionMetadata - Registered injected element on class [org.springframework.boot.autoconfigure.jmx.JmxAutoConfiguration$$EnhancerBySpringCGLIB$$e4eed476]: AutowiredFieldElement for private org.springframework.core.env.Environment org.springframework.boot.autoconfigure.jmx.JmxAutoConfiguration.environment
00:19:47.010 [Test worker] DEBUG o.s.b.f.annotation.InjectionMetadata - Registered injected element on class [org.springframework.boot.autoconfigure.jmx.JmxAutoConfiguration$$EnhancerBySpringCGLIB$$e4eed476]: AutowiredFieldElement for private org.springframework.beans.factory.BeanFactory org.springframework.boot.autoconfigure.jmx.JmxAutoConfiguration.beanFactory
00:19:47.010 [Test worker] DEBUG o.s.b.f.annotation.InjectionMetadata - Registered injected element on class [org.springframework.boot.autoconfigure.jmx.JmxAutoConfiguration$$EnhancerBySpringCGLIB$$e4eed476]: AutowiredFieldElement for private org.springframework.jmx.export.naming.ObjectNamingStrategy org.springframework.boot.autoconfigure.jmx.JmxAutoConfiguration.namingStrategy
00:19:47.010 [Test worker] DEBUG o.s.b.f.s.DefaultListableBeanFactory - Eagerly caching bean 'org.springframework.boot.autoconfigure.jmx.JmxAutoConfiguration' to allow for resolving potential circular references
00:19:47.010 [Test worker] DEBUG o.s.b.f.annotation.InjectionMetadata - Processing injected method of bean 'org.springframework.boot.autoconfigure.jmx.JmxAutoConfiguration': AutowiredFieldElement for private org.springframework.core.env.Environment org.springframework.boot.autoconfigure.jmx.JmxAutoConfiguration.environment
00:19:47.010 [Test worker] DEBUG o.s.b.f.s.DefaultListableBeanFactory - Returning cached instance of singleton bean 'environment'
00:19:47.010 [Test worker] DEBUG o.s.b.f.a.AutowiredAnnotationBeanPostProcessor - Autowiring by type from bean name 'org.springframework.boot.autoconfigure.jmx.JmxAutoConfiguration' to bean named 'environment'
00:19:47.010 [Test worker] DEBUG o.s.b.f.annotation.InjectionMetadata - Processing injected method of bean 'org.springframework.boot.autoconfigure.jmx.JmxAutoConfiguration': AutowiredFieldElement for private org.springframework.beans.factory.BeanFactory org.springframework.boot.autoconfigure.jmx.JmxAutoConfiguration.beanFactory
00:19:47.011 [Test worker] DEBUG o.s.b.f.a.AutowiredAnnotationBeanPostProcessor - Autowiring by type from bean name 'org.springframework.boot.autoconfigure.jmx.JmxAutoConfiguration' to bean named 'org.springframework.beans.factory.support.DefaultListableBeanFactory@60cef968'
00:19:47.011 [Test worker] DEBUG o.s.b.f.annotation.InjectionMetadata - Processing injected method of bean 'org.springframework.boot.autoconfigure.jmx.JmxAutoConfiguration': AutowiredFieldElement for private org.springframework.jmx.export.naming.ObjectNamingStrategy org.springframework.boot.autoconfigure.jmx.JmxAutoConfiguration.namingStrategy
00:19:47.011 [Test worker] DEBUG o.s.b.f.s.DefaultListableBeanFactory - Creating shared instance of singleton bean 'objectNamingStrategy'
00:19:47.011 [Test worker] DEBUG o.s.b.f.s.DefaultListableBeanFactory - Creating instance of bean 'objectNamingStrategy'
00:19:47.011 [Test worker] DEBUG o.s.b.f.s.DefaultListableBeanFactory - Returning eagerly cached instance of singleton bean 'org.springframework.boot.autoconfigure.jmx.JmxAutoConfiguration' that is not fully initialized yet - a consequence of a circular reference
00:19:47.011 [Test worker] DEBUG o.s.b.f.s.DefaultListableBeanFactory - Eagerly caching bean 'objectNamingStrategy' to allow for resolving potential circular references
00:19:47.011 [Test worker] DEBUG o.s.b.f.s.DefaultListableBeanFactory - Invoking afterPropertiesSet() on bean with name 'objectNamingStrategy'
00:19:47.011 [Test worker] DEBUG o.s.b.f.s.DefaultListableBeanFactory - Finished creating instance of bean 'objectNamingStrategy'
00:19:47.011 [Test worker] DEBUG o.s.b.f.a.AutowiredAnnotationBeanPostProcessor - Autowiring by type from bean name 'org.springframework.boot.autoconfigure.jmx.JmxAutoConfiguration' to bean named 'objectNamingStrategy'
00:19:47.011 [Test worker] DEBUG o.s.b.f.s.DefaultListableBeanFactory - Finished creating instance of bean 'org.springframework.boot.autoconfigure.jmx.JmxAutoConfiguration'
00:19:47.012 [Test worker] DEBUG o.s.jmx.support.JmxUtils - Found MBeanServer: com.sun.jmx.mbeanserver.JmxMBeanServer@5b937a2b
00:19:47.012 [Test worker] DEBUG o.s.b.f.s.DefaultListableBeanFactory - Eagerly caching bean 'mbeanServer' to allow for resolving potential circular references
00:19:47.012 [Test worker] DEBUG o.s.b.f.s.DefaultListableBeanFactory - Finished creating instance of bean 'mbeanServer'
00:19:47.012 [Test worker] DEBUG o.s.b.f.s.DefaultListableBeanFactory - Eagerly caching bean 'mbeanExporter' to allow for resolving potential circular references
00:19:47.013 [Test worker] DEBUG o.s.b.f.s.DefaultListableBeanFactory - Invoking afterPropertiesSet() on bean with name 'mbeanExporter'
00:19:47.013 [Test worker] INFO  o.s.j.e.a.AnnotationMBeanExporter - Registering beans for JMX exposure on startup
00:19:47.013 [Test worker] DEBUG o.s.j.e.a.AnnotationMBeanExporter - Autodetecting user-defined JMX MBeans
00:19:47.014 [Test worker] DEBUG o.s.b.f.s.DefaultListableBeanFactory - Finished creating instance of bean 'mbeanExporter'
00:19:47.014 [Test worker] DEBUG o.s.b.f.s.DefaultListableBeanFactory - Creating shared instance of singleton bean 'org.springframework.boot.autoconfigure.jmx.JmxAutoConfiguration$Empty'
00:19:47.014 [Test worker] DEBUG o.s.b.f.s.DefaultListableBeanFactory - Creating instance of bean 'org.springframework.boot.autoconfigure.jmx.JmxAutoConfiguration$Empty'
00:19:47.014 [Test worker] DEBUG o.s.b.f.s.DefaultListableBeanFactory - Eagerly caching bean 'org.springframework.boot.autoconfigure.jmx.JmxAutoConfiguration$Empty' to allow for resolving potential circular references
00:19:47.014 [Test worker] DEBUG o.s.b.f.s.DefaultListableBeanFactory - Finished creating instance of bean 'org.springframework.boot.autoconfigure.jmx.JmxAutoConfiguration$Empty'
00:19:47.014 [Test worker] DEBUG o.s.b.f.s.DefaultListableBeanFactory - Returning cached instance of singleton bean 'org.springframework.boot.autoconfigure.jmx.JmxAutoConfiguration'
00:19:47.014 [Test worker] DEBUG o.s.b.f.s.DefaultListableBeanFactory - Returning cached instance of singleton bean 'objectNamingStrategy'
00:19:47.014 [Test worker] DEBUG o.s.b.f.s.DefaultListableBeanFactory - Returning cached instance of singleton bean 'mbeanServer'
00:19:47.014 [Test worker] DEBUG o.s.b.f.s.DefaultListableBeanFactory - Creating shared instance of singleton bean 'org.springframework.boot.actuate.autoconfigure.EndpointMBeanExportAutoConfiguration'
00:19:47.014 [Test worker] DEBUG o.s.b.f.s.DefaultListableBeanFactory - Creating instance of bean 'org.springframework.boot.actuate.autoconfigure.EndpointMBeanExportAutoConfiguration'
00:19:47.014 [Test worker] DEBUG o.s.b.f.annotation.InjectionMetadata - Registered injected element on class [org.springframework.boot.actuate.autoconfigure.EndpointMBeanExportAutoConfiguration$$EnhancerBySpringCGLIB$$95904b95]: AutowiredFieldElement for org.springframework.boot.actuate.autoconfigure.EndpointMBeanExportProperties org.springframework.boot.actuate.autoconfigure.EndpointMBeanExportAutoConfiguration.properties
00:19:47.014 [Test worker] DEBUG o.s.b.f.s.DefaultListableBeanFactory - Eagerly caching bean 'org.springframework.boot.actuate.autoconfigure.EndpointMBeanExportAutoConfiguration' to allow for resolving potential circular references
00:19:47.014 [Test worker] DEBUG o.s.b.f.annotation.InjectionMetadata - Processing injected method of bean 'org.springframework.boot.actuate.autoconfigure.EndpointMBeanExportAutoConfiguration': AutowiredFieldElement for org.springframework.boot.actuate.autoconfigure.EndpointMBeanExportProperties org.springframework.boot.actuate.autoconfigure.EndpointMBeanExportAutoConfiguration.properties
00:19:47.014 [Test worker] DEBUG o.s.b.f.s.DefaultListableBeanFactory - Creating shared instance of singleton bean 'endpoints.jmx.CONFIGURATION_PROPERTIES'
00:19:47.014 [Test worker] DEBUG o.s.b.f.s.DefaultListableBeanFactory - Creating instance of bean 'endpoints.jmx.CONFIGURATION_PROPERTIES'
00:19:47.014 [Test worker] DEBUG o.s.b.f.annotation.InjectionMetadata - Registered injected element on class [org.springframework.boot.actuate.autoconfigure.EndpointMBeanExportProperties]: AutowiredFieldElement for private java.lang.String org.springframework.boot.actuate.autoconfigure.EndpointMBeanExportProperties.domain
00:19:47.015 [Test worker] DEBUG o.s.b.f.s.DefaultListableBeanFactory - Eagerly caching bean 'endpoints.jmx.CONFIGURATION_PROPERTIES' to allow for resolving potential circular references
00:19:47.015 [Test worker] DEBUG o.s.b.f.annotation.InjectionMetadata - Processing injected method of bean 'endpoints.jmx.CONFIGURATION_PROPERTIES': AutowiredFieldElement for private java.lang.String org.springframework.boot.actuate.autoconfigure.EndpointMBeanExportProperties.domain
00:19:47.015 [Test worker] DEBUG o.s.c.e.PropertySourcesPropertyResolver - Searching for key 'spring.jmx.default_domain:' in [environmentProperties]
00:19:47.015 [Test worker] DEBUG o.s.c.e.PropertySourcesPropertyResolver - Searching for key 'spring.jmx.default_domain:' in [systemProperties]
00:19:47.015 [Test worker] DEBUG o.s.c.e.PropertySourcesPropertyResolver - Searching for key 'spring.jmx.default_domain:' in [systemEnvironment]
00:19:47.015 [Test worker] DEBUG o.s.c.e.PropertySourcesPropertyResolver - Could not find key 'spring.jmx.default_domain:' in any property source. Returning [null]
00:19:47.015 [Test worker] DEBUG o.s.c.e.PropertySourcesPropertyResolver - Searching for key 'spring.jmx.default_domain:' in [localProperties]
00:19:47.015 [Test worker] DEBUG o.s.c.e.PropertySourcesPropertyResolver - Could not find key 'spring.jmx.default_domain:' in any property source. Returning [null]
00:19:47.015 [Test worker] DEBUG o.s.c.e.PropertySourcesPropertyResolver - Searching for key 'spring.jmx.default_domain' in [environmentProperties]
00:19:47.015 [Test worker] DEBUG o.s.c.e.PropertySourcesPropertyResolver - Searching for key 'spring.jmx.default_domain' in [systemProperties]
00:19:47.015 [Test worker] DEBUG o.s.c.e.PropertySourcesPropertyResolver - Searching for key 'spring.jmx.default_domain' in [systemEnvironment]
00:19:47.015 [Test worker] DEBUG o.s.c.e.PropertySourcesPropertyResolver - Could not find key 'spring.jmx.default_domain' in any property source. Returning [null]
00:19:47.015 [Test worker] DEBUG o.s.c.e.PropertySourcesPropertyResolver - Searching for key 'spring.jmx.default_domain' in [localProperties]
00:19:47.015 [Test worker] DEBUG o.s.c.e.PropertySourcesPropertyResolver - Could not find key 'spring.jmx.default_domain' in any property source. Returning [null]
00:19:47.015 [Test worker] DEBUG o.s.core.env.MutablePropertySources - Adding [systemProperties] PropertySource with lowest search precedence
00:19:47.015 [Test worker] DEBUG o.s.core.env.MutablePropertySources - Adding [systemEnvironment] PropertySource with lowest search precedence
00:19:47.015 [Test worker] DEBUG o.s.core.env.MutablePropertySources - Adding [localProperties] PropertySource with lowest search precedence
00:19:47.024 [Test worker] DEBUG o.s.b.f.s.DefaultListableBeanFactory - Finished creating instance of bean 'endpoints.jmx.CONFIGURATION_PROPERTIES'
00:19:47.024 [Test worker] DEBUG o.s.b.f.a.AutowiredAnnotationBeanPostProcessor - Autowiring by type from bean name 'org.springframework.boot.actuate.autoconfigure.EndpointMBeanExportAutoConfiguration' to bean named 'endpoints.jmx.CONFIGURATION_PROPERTIES'
00:19:47.024 [Test worker] DEBUG o.s.b.f.s.DefaultListableBeanFactory - Finished creating instance of bean 'org.springframework.boot.actuate.autoconfigure.EndpointMBeanExportAutoConfiguration'
00:19:47.024 [Test worker] DEBUG o.s.b.f.s.DefaultListableBeanFactory - Creating shared instance of singleton bean 'endpointMBeanExporter'
00:19:47.024 [Test worker] DEBUG o.s.b.f.s.DefaultListableBeanFactory - Creating instance of bean 'endpointMBeanExporter'
00:19:47.024 [Test worker] DEBUG o.s.b.f.s.DefaultListableBeanFactory - Returning cached instance of singleton bean 'org.springframework.boot.actuate.autoconfigure.EndpointMBeanExportAutoConfiguration'
00:19:47.025 [Test worker] DEBUG o.s.b.f.s.DefaultListableBeanFactory - Returning cached instance of singleton bean 'mbeanServer'
00:19:47.025 [Test worker] DEBUG o.s.b.f.s.DefaultListableBeanFactory - Autowiring by type from bean name 'endpointMBeanExporter' via factory method to bean named 'mbeanServer'
00:19:47.025 [Test worker] DEBUG o.s.b.f.s.DefaultListableBeanFactory - Eagerly caching bean 'endpointMBeanExporter' to allow for resolving potential circular references
00:19:47.026 [Test worker] DEBUG o.s.b.f.s.DefaultListableBeanFactory - Invoking afterPropertiesSet() on bean with name 'endpointMBeanExporter'
00:19:47.026 [Test worker] INFO  o.s.b.a.e.jmx.EndpointMBeanExporter - Registering beans for JMX exposure on startup
00:19:47.026 [Test worker] DEBUG o.s.b.f.s.DefaultListableBeanFactory - Finished creating instance of bean 'endpointMBeanExporter'
00:19:47.026 [Test worker] DEBUG o.s.b.f.s.DefaultListableBeanFactory - Returning cached instance of singleton bean 'endpoints.jmx.CONFIGURATION_PROPERTIES'
00:19:47.026 [Test worker] DEBUG o.s.b.f.s.DefaultListableBeanFactory - Creating shared instance of singleton bean 'org.springframework.boot.actuate.autoconfigure.ManagementServerPropertiesAutoConfiguration'
00:19:47.026 [Test worker] DEBUG o.s.b.f.s.DefaultListableBeanFactory - Creating instance of bean 'org.springframework.boot.actuate.autoconfigure.ManagementServerPropertiesAutoConfiguration'
00:19:47.026 [Test worker] DEBUG o.s.b.f.s.DefaultListableBeanFactory - Eagerly caching bean 'org.springframework.boot.actuate.autoconfigure.ManagementServerPropertiesAutoConfiguration' to allow for resolving potential circular references
00:19:47.026 [Test worker] DEBUG o.s.b.f.s.DefaultListableBeanFactory - Finished creating instance of bean 'org.springframework.boot.actuate.autoconfigure.ManagementServerPropertiesAutoConfiguration'
00:19:47.026 [Test worker] DEBUG o.s.b.f.s.DefaultListableBeanFactory - Creating shared instance of singleton bean 'managementServerProperties'
00:19:47.026 [Test worker] DEBUG o.s.b.f.s.DefaultListableBeanFactory - Creating instance of bean 'managementServerProperties'
00:19:47.026 [Test worker] DEBUG o.s.b.f.s.DefaultListableBeanFactory - Returning cached instance of singleton bean 'org.springframework.boot.actuate.autoconfigure.ManagementServerPropertiesAutoConfiguration'
00:19:47.027 [Test worker] DEBUG o.s.b.f.s.DefaultListableBeanFactory - Eagerly caching bean 'managementServerProperties' to allow for resolving potential circular references
00:19:47.027 [Test worker] DEBUG o.s.core.env.MutablePropertySources - Adding [systemProperties] PropertySource with lowest search precedence
00:19:47.027 [Test worker] DEBUG o.s.core.env.MutablePropertySources - Adding [systemEnvironment] PropertySource with lowest search precedence
00:19:47.027 [Test worker] DEBUG o.s.core.env.MutablePropertySources - Adding [localProperties] PropertySource with lowest search precedence
00:19:47.029 [Test worker] DEBUG o.s.b.f.s.DefaultListableBeanFactory - Finished creating instance of bean 'managementServerProperties'
00:19:47.029 [Test worker] DEBUG o.s.b.f.s.DefaultListableBeanFactory - Creating shared instance of singleton bean 'serverProperties'
00:19:47.029 [Test worker] DEBUG o.s.b.f.s.DefaultListableBeanFactory - Creating instance of bean 'serverProperties'
00:19:47.029 [Test worker] DEBUG o.s.b.f.s.DefaultListableBeanFactory - Returning cached instance of singleton bean 'org.springframework.boot.actuate.autoconfigure.ManagementServerPropertiesAutoConfiguration'
00:19:47.029 [Test worker] DEBUG o.s.b.f.s.DefaultListableBeanFactory - Eagerly caching bean 'serverProperties' to allow for resolving potential circular references
00:19:47.030 [Test worker] DEBUG o.s.core.env.MutablePropertySources - Adding [systemProperties] PropertySource with lowest search precedence
00:19:47.030 [Test worker] DEBUG o.s.core.env.MutablePropertySources - Adding [systemEnvironment] PropertySource with lowest search precedence
00:19:47.030 [Test worker] DEBUG o.s.core.env.MutablePropertySources - Adding [localProperties] PropertySource with lowest search precedence
00:19:47.033 [Test worker] DEBUG o.s.b.f.s.DefaultListableBeanFactory - Finished creating instance of bean 'serverProperties'
00:19:47.033 [Test worker] DEBUG o.s.b.f.s.DefaultListableBeanFactory - Creating shared instance of singleton bean 'org.springframework.boot.actuate.autoconfigure.MetricRepositoryAutoConfiguration$CodahaleMetricRegistryConfiguration'
00:19:47.033 [Test worker] DEBUG o.s.b.f.s.DefaultListableBeanFactory - Creating instance of bean 'org.springframework.boot.actuate.autoconfigure.MetricRepositoryAutoConfiguration$CodahaleMetricRegistryConfiguration'
00:19:47.033 [Test worker] DEBUG o.s.b.f.s.DefaultListableBeanFactory - Eagerly caching bean 'org.springframework.boot.actuate.autoconfigure.MetricRepositoryAutoConfiguration$CodahaleMetricRegistryConfiguration' to allow for resolving potential circular references
00:19:47.033 [Test worker] DEBUG o.s.b.f.s.DefaultListableBeanFactory - Finished creating instance of bean 'org.springframework.boot.actuate.autoconfigure.MetricRepositoryAutoConfiguration$CodahaleMetricRegistryConfiguration'
00:19:47.033 [Test worker] DEBUG o.s.b.f.s.DefaultListableBeanFactory - Creating shared instance of singleton bean 'metricRegistry'
00:19:47.033 [Test worker] DEBUG o.s.b.f.s.DefaultListableBeanFactory - Creating instance of bean 'metricRegistry'
00:19:47.033 [Test worker] DEBUG o.s.b.f.s.DefaultListableBeanFactory - Returning cached instance of singleton bean 'org.springframework.boot.actuate.autoconfigure.MetricRepositoryAutoConfiguration$CodahaleMetricRegistryConfiguration'
00:19:47.033 [Test worker] DEBUG o.s.b.f.s.DefaultListableBeanFactory - Eagerly caching bean 'metricRegistry' to allow for resolving potential circular references
00:19:47.033 [Test worker] DEBUG o.s.b.f.s.DefaultListableBeanFactory - Finished creating instance of bean 'metricRegistry'
00:19:47.033 [Test worker] DEBUG o.s.b.f.s.DefaultListableBeanFactory - Creating shared instance of singleton bean 'codahaleMetricWriter'
00:19:47.033 [Test worker] DEBUG o.s.b.f.s.DefaultListableBeanFactory - Creating instance of bean 'codahaleMetricWriter'
00:19:47.033 [Test worker] DEBUG o.s.b.f.s.DefaultListableBeanFactory - Returning cached instance of singleton bean 'org.springframework.boot.actuate.autoconfigure.MetricRepositoryAutoConfiguration$CodahaleMetricRegistryConfiguration'
00:19:47.034 [Test worker] DEBUG o.s.b.f.s.DefaultListableBeanFactory - Returning cached instance of singleton bean 'metricRegistry'
00:19:47.034 [Test worker] DEBUG o.s.b.f.s.DefaultListableBeanFactory - Autowiring by type from bean name 'codahaleMetricWriter' via factory method to bean named 'metricRegistry'
00:19:47.034 [Test worker] DEBUG o.s.b.f.s.DefaultListableBeanFactory - Eagerly caching bean 'codahaleMetricWriter' to allow for resolving potential circular references
00:19:47.034 [Test worker] DEBUG o.s.b.f.s.DefaultListableBeanFactory - Finished creating instance of bean 'codahaleMetricWriter'
00:19:47.034 [Test worker] DEBUG o.s.b.f.s.DefaultListableBeanFactory - Creating shared instance of singleton bean 'primaryMetricWriter'
00:19:47.034 [Test worker] DEBUG o.s.b.f.s.DefaultListableBeanFactory - Creating instance of bean 'primaryMetricWriter'
00:19:47.034 [Test worker] DEBUG o.s.b.f.s.DefaultListableBeanFactory - Returning cached instance of singleton bean 'org.springframework.boot.actuate.autoconfigure.MetricRepositoryAutoConfiguration$CodahaleMetricRegistryConfiguration'
00:19:47.038 [Test worker] DEBUG o.s.b.f.s.DefaultListableBeanFactory - Returning cached instance of singleton bean 'codahaleMetricWriter'
00:19:47.038 [Test worker] DEBUG o.s.b.f.s.DefaultListableBeanFactory - Returning cached instance of singleton bean 'metricRepository'
00:19:47.038 [Test worker] DEBUG o.s.b.f.s.DefaultListableBeanFactory - Autowiring by type from bean name 'primaryMetricWriter' via factory method to bean named 'codahaleMetricWriter'
00:19:47.038 [Test worker] DEBUG o.s.b.f.s.DefaultListableBeanFactory - Autowiring by type from bean name 'primaryMetricWriter' via factory method to bean named 'metricRepository'
00:19:47.038 [Test worker] DEBUG o.s.b.f.s.DefaultListableBeanFactory - Eagerly caching bean 'primaryMetricWriter' to allow for resolving potential circular references
00:19:47.038 [Test worker] DEBUG o.s.b.f.s.DefaultListableBeanFactory - Finished creating instance of bean 'primaryMetricWriter'
00:19:47.038 [Test worker] DEBUG o.s.b.f.s.DefaultListableBeanFactory - Returning cached instance of singleton bean 'org.springframework.boot.actuate.autoconfigure.MetricRepositoryAutoConfiguration$MetricRepositoryConfiguration'
00:19:47.038 [Test worker] DEBUG o.s.b.f.s.DefaultListableBeanFactory - Returning cached instance of singleton bean 'metricRepository'
00:19:47.038 [Test worker] DEBUG o.s.b.f.s.DefaultListableBeanFactory - Creating shared instance of singleton bean 'org.springframework.boot.actuate.autoconfigure.MetricRepositoryAutoConfiguration'
00:19:47.038 [Test worker] DEBUG o.s.b.f.s.DefaultListableBeanFactory - Creating instance of bean 'org.springframework.boot.actuate.autoconfigure.MetricRepositoryAutoConfiguration'
00:19:47.038 [Test worker] DEBUG o.s.b.f.annotation.InjectionMetadata - Registered injected element on class [org.springframework.boot.actuate.autoconfigure.MetricRepositoryAutoConfiguration$$EnhancerBySpringCGLIB$$1123e4c1]: AutowiredFieldElement for private org.springframework.boot.actuate.metrics.writer.MetricWriter org.springframework.boot.actuate.autoconfigure.MetricRepositoryAutoConfiguration.writer
00:19:47.038 [Test worker] DEBUG o.s.b.f.s.DefaultListableBeanFactory - Eagerly caching bean 'org.springframework.boot.actuate.autoconfigure.MetricRepositoryAutoConfiguration' to allow for resolving potential circular references
00:19:47.038 [Test worker] DEBUG o.s.b.f.annotation.InjectionMetadata - Processing injected method of bean 'org.springframework.boot.actuate.autoconfigure.MetricRepositoryAutoConfiguration': AutowiredFieldElement for private org.springframework.boot.actuate.metrics.writer.MetricWriter org.springframework.boot.actuate.autoconfigure.MetricRepositoryAutoConfiguration.writer
00:19:47.038 [Test worker] DEBUG o.s.b.f.s.DefaultListableBeanFactory - Returning cached instance of singleton bean 'codahaleMetricWriter'
00:19:47.038 [Test worker] DEBUG o.s.b.f.s.DefaultListableBeanFactory - Returning cached instance of singleton bean 'primaryMetricWriter'
00:19:47.038 [Test worker] DEBUG o.s.b.f.s.DefaultListableBeanFactory - Returning cached instance of singleton bean 'metricRepository'
00:19:47.038 [Test worker] DEBUG o.s.b.f.a.AutowiredAnnotationBeanPostProcessor - Autowiring by type from bean name 'org.springframework.boot.actuate.autoconfigure.MetricRepositoryAutoConfiguration' to bean named 'primaryMetricWriter'
00:19:47.038 [Test worker] DEBUG o.s.b.f.s.DefaultListableBeanFactory - Finished creating instance of bean 'org.springframework.boot.actuate.autoconfigure.MetricRepositoryAutoConfiguration'
00:19:47.039 [Test worker] DEBUG o.s.b.f.s.DefaultListableBeanFactory - Creating shared instance of singleton bean 'counterService'
00:19:47.039 [Test worker] DEBUG o.s.b.f.s.DefaultListableBeanFactory - Creating instance of bean 'counterService'
00:19:47.039 [Test worker] DEBUG o.s.b.f.s.DefaultListableBeanFactory - Returning cached instance of singleton bean 'org.springframework.boot.actuate.autoconfigure.MetricRepositoryAutoConfiguration'
00:19:47.039 [Test worker] DEBUG o.s.b.f.s.DefaultListableBeanFactory - Eagerly caching bean 'counterService' to allow for resolving potential circular references
00:19:47.039 [Test worker] DEBUG o.s.b.f.s.DefaultListableBeanFactory - Finished creating instance of bean 'counterService'
00:19:47.039 [Test worker] DEBUG o.s.b.f.s.DefaultListableBeanFactory - Creating shared instance of singleton bean 'gaugeService'
00:19:47.039 [Test worker] DEBUG o.s.b.f.s.DefaultListableBeanFactory - Creating instance of bean 'gaugeService'
00:19:47.039 [Test worker] DEBUG o.s.b.f.s.DefaultListableBeanFactory - Returning cached instance of singleton bean 'org.springframework.boot.actuate.autoconfigure.MetricRepositoryAutoConfiguration'
00:19:47.039 [Test worker] DEBUG o.s.b.f.s.DefaultListableBeanFactory - Eagerly caching bean 'gaugeService' to allow for resolving potential circular references
00:19:47.039 [Test worker] DEBUG o.s.b.f.s.DefaultListableBeanFactory - Finished creating instance of bean 'gaugeService'
00:19:47.039 [Test worker] DEBUG o.s.b.f.s.DefaultListableBeanFactory - Creating shared instance of singleton bean 'org.springframework.boot.actuate.autoconfigure.MetricFilterAutoConfiguration'
00:19:47.039 [Test worker] DEBUG o.s.b.f.s.DefaultListableBeanFactory - Creating instance of bean 'org.springframework.boot.actuate.autoconfigure.MetricFilterAutoConfiguration'
00:19:47.039 [Test worker] DEBUG o.s.b.f.annotation.InjectionMetadata - Registered injected element on class [org.springframework.boot.actuate.autoconfigure.MetricFilterAutoConfiguration$$EnhancerBySpringCGLIB$$e129c593]: AutowiredFieldElement for private org.springframework.boot.actuate.metrics.CounterService org.springframework.boot.actuate.autoconfigure.MetricFilterAutoConfiguration.counterService
00:19:47.039 [Test worker] DEBUG o.s.b.f.annotation.InjectionMetadata - Registered injected element on class [org.springframework.boot.actuate.autoconfigure.MetricFilterAutoConfiguration$$EnhancerBySpringCGLIB$$e129c593]: AutowiredFieldElement for private org.springframework.boot.actuate.metrics.GaugeService org.springframework.boot.actuate.autoconfigure.MetricFilterAutoConfiguration.gaugeService
00:19:47.039 [Test worker] DEBUG o.s.b.f.s.DefaultListableBeanFactory - Eagerly caching bean 'org.springframework.boot.actuate.autoconfigure.MetricFilterAutoConfiguration' to allow for resolving potential circular references
00:19:47.039 [Test worker] DEBUG o.s.b.f.annotation.InjectionMetadata - Processing injected method of bean 'org.springframework.boot.actuate.autoconfigure.MetricFilterAutoConfiguration': AutowiredFieldElement for private org.springframework.boot.actuate.metrics.CounterService org.springframework.boot.actuate.autoconfigure.MetricFilterAutoConfiguration.counterService
00:19:47.039 [Test worker] DEBUG o.s.b.f.s.DefaultListableBeanFactory - Returning cached instance of singleton bean 'counterService'
00:19:47.040 [Test worker] DEBUG o.s.b.f.a.AutowiredAnnotationBeanPostProcessor - Autowiring by type from bean name 'org.springframework.boot.actuate.autoconfigure.MetricFilterAutoConfiguration' to bean named 'counterService'
00:19:47.040 [Test worker] DEBUG o.s.b.f.annotation.InjectionMetadata - Processing injected method of bean 'org.springframework.boot.actuate.autoconfigure.MetricFilterAutoConfiguration': AutowiredFieldElement for private org.springframework.boot.actuate.metrics.GaugeService org.springframework.boot.actuate.autoconfigure.MetricFilterAutoConfiguration.gaugeService
00:19:47.040 [Test worker] DEBUG o.s.b.f.s.DefaultListableBeanFactory - Returning cached instance of singleton bean 'gaugeService'
00:19:47.040 [Test worker] DEBUG o.s.b.f.a.AutowiredAnnotationBeanPostProcessor - Autowiring by type from bean name 'org.springframework.boot.actuate.autoconfigure.MetricFilterAutoConfiguration' to bean named 'gaugeService'
00:19:47.040 [Test worker] DEBUG o.s.b.f.s.DefaultListableBeanFactory - Finished creating instance of bean 'org.springframework.boot.actuate.autoconfigure.MetricFilterAutoConfiguration'
00:19:47.040 [Test worker] DEBUG o.s.b.f.s.DefaultListableBeanFactory - Creating shared instance of singleton bean 'metricFilter'
00:19:47.040 [Test worker] DEBUG o.s.b.f.s.DefaultListableBeanFactory - Creating instance of bean 'metricFilter'
00:19:47.040 [Test worker] DEBUG o.s.b.f.s.DefaultListableBeanFactory - Returning cached instance of singleton bean 'org.springframework.boot.actuate.autoconfigure.MetricFilterAutoConfiguration'
00:19:47.040 [Test worker] DEBUG o.s.w.c.s.StandardServletEnvironment - Adding [servletConfigInitParams] PropertySource with lowest search precedence
00:19:47.040 [Test worker] DEBUG o.s.w.c.s.StandardServletEnvironment - Adding [servletContextInitParams] PropertySource with lowest search precedence
00:19:47.040 [Test worker] DEBUG o.s.w.c.s.StandardServletEnvironment - Adding [jndiProperties] PropertySource with lowest search precedence
00:19:47.040 [Test worker] DEBUG o.s.w.c.s.StandardServletEnvironment - Adding [systemProperties] PropertySource with lowest search precedence
00:19:47.040 [Test worker] DEBUG o.s.w.c.s.StandardServletEnvironment - Adding [systemEnvironment] PropertySource with lowest search precedence
00:19:47.040 [Test worker] DEBUG o.s.w.c.s.StandardServletEnvironment - Initialized StandardServletEnvironment with PropertySources [servletConfigInitParams,servletContextInitParams,jndiProperties,systemProperties,systemEnvironment]
00:19:47.040 [Test worker] DEBUG o.s.b.f.s.DefaultListableBeanFactory - Eagerly caching bean 'metricFilter' to allow for resolving potential circular references
00:19:47.040 [Test worker] DEBUG o.s.b.f.s.DefaultListableBeanFactory - Invoking afterPropertiesSet() on bean with name 'metricFilter'
00:19:47.040 [Test worker] DEBUG o.s.b.f.s.DefaultListableBeanFactory - Finished creating instance of bean 'metricFilter'
00:19:47.040 [Test worker] DEBUG o.s.b.f.s.DefaultListableBeanFactory - Returning cached instance of singleton bean 'org.springframework.boot.actuate.autoconfigure.TraceRepositoryAutoConfiguration'
00:19:47.040 [Test worker] DEBUG o.s.b.f.s.DefaultListableBeanFactory - Returning cached instance of singleton bean 'traceRepository'
00:19:47.040 [Test worker] DEBUG o.s.b.f.s.DefaultListableBeanFactory - Creating shared instance of singleton bean 'org.springframework.boot.actuate.autoconfigure.TraceWebFilterAutoConfiguration'
00:19:47.040 [Test worker] DEBUG o.s.b.f.s.DefaultListableBeanFactory - Creating instance of bean 'org.springframework.boot.actuate.autoconfigure.TraceWebFilterAutoConfiguration'
00:19:47.041 [Test worker] DEBUG o.s.b.f.annotation.InjectionMetadata - Registered injected element on class [org.springframework.boot.actuate.autoconfigure.TraceWebFilterAutoConfiguration]: AutowiredFieldElement for private org.springframework.boot.actuate.trace.TraceRepository org.springframework.boot.actuate.autoconfigure.TraceWebFilterAutoConfiguration.traceRepository
00:19:47.041 [Test worker] DEBUG o.s.b.f.annotation.InjectionMetadata - Registered injected element on class [org.springframework.boot.actuate.autoconfigure.TraceWebFilterAutoConfiguration]: AutowiredFieldElement for private org.springframework.boot.autoconfigure.web.ErrorAttributes org.springframework.boot.actuate.autoconfigure.TraceWebFilterAutoConfiguration.errorAttributes
00:19:47.041 [Test worker] DEBUG o.s.b.f.annotation.InjectionMetadata - Registered injected element on class [org.springframework.boot.actuate.autoconfigure.TraceWebFilterAutoConfiguration]: AutowiredFieldElement for private boolean org.springframework.boot.actuate.autoconfigure.TraceWebFilterAutoConfiguration.dumpRequests
00:19:47.041 [Test worker] DEBUG o.s.b.f.s.DefaultListableBeanFactory - Eagerly caching bean 'org.springframework.boot.actuate.autoconfigure.TraceWebFilterAutoConfiguration' to allow for resolving potential circular references
00:19:47.041 [Test worker] DEBUG o.s.b.f.annotation.InjectionMetadata - Processing injected method of bean 'org.springframework.boot.actuate.autoconfigure.TraceWebFilterAutoConfiguration': AutowiredFieldElement for private org.springframework.boot.actuate.trace.TraceRepository org.springframework.boot.actuate.autoconfigure.TraceWebFilterAutoConfiguration.traceRepository
00:19:47.041 [Test worker] DEBUG o.s.b.f.s.DefaultListableBeanFactory - Returning cached instance of singleton bean 'traceRepository'
00:19:47.041 [Test worker] DEBUG o.s.b.f.a.AutowiredAnnotationBeanPostProcessor - Autowiring by type from bean name 'org.springframework.boot.actuate.autoconfigure.TraceWebFilterAutoConfiguration' to bean named 'traceRepository'
00:19:47.041 [Test worker] DEBUG o.s.b.f.annotation.InjectionMetadata - Processing injected method of bean 'org.springframework.boot.actuate.autoconfigure.TraceWebFilterAutoConfiguration': AutowiredFieldElement for private org.springframework.boot.autoconfigure.web.ErrorAttributes org.springframework.boot.actuate.autoconfigure.TraceWebFilterAutoConfiguration.errorAttributes
00:19:47.041 [Test worker] DEBUG o.s.b.f.annotation.InjectionMetadata - Processing injected method of bean 'org.springframework.boot.actuate.autoconfigure.TraceWebFilterAutoConfiguration': AutowiredFieldElement for private boolean org.springframework.boot.actuate.autoconfigure.TraceWebFilterAutoConfiguration.dumpRequests
00:19:47.041 [Test worker] DEBUG o.s.c.e.PropertySourcesPropertyResolver - Searching for key 'management.dump_requests:false' in [environmentProperties]
00:19:47.041 [Test worker] DEBUG o.s.c.e.PropertySourcesPropertyResolver - Searching for key 'management.dump_requests:false' in [systemProperties]
00:19:47.041 [Test worker] DEBUG o.s.c.e.PropertySourcesPropertyResolver - Searching for key 'management.dump_requests:false' in [systemEnvironment]
00:19:47.041 [Test worker] DEBUG o.s.c.e.PropertySourcesPropertyResolver - Could not find key 'management.dump_requests:false' in any property source. Returning [null]
00:19:47.041 [Test worker] DEBUG o.s.c.e.PropertySourcesPropertyResolver - Searching for key 'management.dump_requests:false' in [localProperties]
00:19:47.041 [Test worker] DEBUG o.s.c.e.PropertySourcesPropertyResolver - Could not find key 'management.dump_requests:false' in any property source. Returning [null]
00:19:47.041 [Test worker] DEBUG o.s.c.e.PropertySourcesPropertyResolver - Searching for key 'management.dump_requests' in [environmentProperties]
00:19:47.041 [Test worker] DEBUG o.s.c.e.PropertySourcesPropertyResolver - Searching for key 'management.dump_requests' in [systemProperties]
00:19:47.041 [Test worker] DEBUG o.s.c.e.PropertySourcesPropertyResolver - Searching for key 'management.dump_requests' in [systemEnvironment]
00:19:47.041 [Test worker] DEBUG o.s.c.e.PropertySourcesPropertyResolver - Could not find key 'management.dump_requests' in any property source. Returning [null]
00:19:47.041 [Test worker] DEBUG o.s.c.e.PropertySourcesPropertyResolver - Searching for key 'management.dump_requests' in [localProperties]
00:19:47.041 [Test worker] DEBUG o.s.c.e.PropertySourcesPropertyResolver - Could not find key 'management.dump_requests' in any property source. Returning [null]
00:19:47.042 [Test worker] DEBUG o.s.b.f.s.DefaultListableBeanFactory - Finished creating instance of bean 'org.springframework.boot.actuate.autoconfigure.TraceWebFilterAutoConfiguration'
00:19:47.042 [Test worker] DEBUG o.s.b.f.s.DefaultListableBeanFactory - Creating shared instance of singleton bean 'webRequestLoggingFilter'
00:19:47.042 [Test worker] DEBUG o.s.b.f.s.DefaultListableBeanFactory - Creating instance of bean 'webRequestLoggingFilter'
00:19:47.042 [Test worker] DEBUG o.s.b.f.s.DefaultListableBeanFactory - Returning cached instance of singleton bean 'org.springframework.boot.actuate.autoconfigure.TraceWebFilterAutoConfiguration'
00:19:47.042 [Test worker] DEBUG o.s.b.f.s.DefaultListableBeanFactory - Autowiring by type from bean name 'webRequestLoggingFilter' via factory method to bean named 'org.springframework.beans.factory.support.DefaultListableBeanFactory@60cef968'
00:19:47.042 [Test worker] DEBUG o.s.w.c.s.StandardServletEnvironment - Adding [servletConfigInitParams] PropertySource with lowest search precedence
00:19:47.042 [Test worker] DEBUG o.s.w.c.s.StandardServletEnvironment - Adding [servletContextInitParams] PropertySource with lowest search precedence
00:19:47.042 [Test worker] DEBUG o.s.w.c.s.StandardServletEnvironment - Adding [jndiProperties] PropertySource with lowest search precedence
00:19:47.042 [Test worker] DEBUG o.s.w.c.s.StandardServletEnvironment - Adding [systemProperties] PropertySource with lowest search precedence
00:19:47.042 [Test worker] DEBUG o.s.w.c.s.StandardServletEnvironment - Adding [systemEnvironment] PropertySource with lowest search precedence
00:19:47.042 [Test worker] DEBUG o.s.w.c.s.StandardServletEnvironment - Initialized StandardServletEnvironment with PropertySources [servletConfigInitParams,servletContextInitParams,jndiProperties,systemProperties,systemEnvironment]
00:19:47.042 [Test worker] DEBUG o.s.b.f.s.DefaultListableBeanFactory - Eagerly caching bean 'webRequestLoggingFilter' to allow for resolving potential circular references
00:19:47.042 [Test worker] DEBUG o.s.b.f.s.DefaultListableBeanFactory - Invoking afterPropertiesSet() on bean with name 'webRequestLoggingFilter'
00:19:47.042 [Test worker] DEBUG o.s.b.f.s.DefaultListableBeanFactory - Finished creating instance of bean 'webRequestLoggingFilter'
00:19:47.043 [Test worker] DEBUG o.s.b.f.s.DefaultListableBeanFactory - Creating shared instance of singleton bean 'org.springframework.boot.autoconfigure.data.mongo.MongoRepositoriesAutoConfiguration'
00:19:47.043 [Test worker] DEBUG o.s.b.f.s.DefaultListableBeanFactory - Creating instance of bean 'org.springframework.boot.autoconfigure.data.mongo.MongoRepositoriesAutoConfiguration'
00:19:47.043 [Test worker] DEBUG o.s.b.f.s.DefaultListableBeanFactory - Eagerly caching bean 'org.springframework.boot.autoconfigure.data.mongo.MongoRepositoriesAutoConfiguration' to allow for resolving potential circular references
00:19:47.043 [Test worker] DEBUG o.s.b.f.s.DefaultListableBeanFactory - Finished creating instance of bean 'org.springframework.boot.autoconfigure.data.mongo.MongoRepositoriesAutoConfiguration'
00:19:47.043 [Test worker] DEBUG o.s.b.f.s.DefaultListableBeanFactory - Returning cached instance of singleton bean 'org.springframework.data.repository.core.support.RepositoryInterfaceAwareBeanPostProcessor#0'
00:19:47.043 [Test worker] DEBUG o.s.b.f.s.DefaultListableBeanFactory - Creating shared instance of singleton bean 'mongoMappingContext'
00:19:47.043 [Test worker] DEBUG o.s.b.f.s.DefaultListableBeanFactory - Creating instance of bean 'mongoMappingContext'
00:19:47.043 [Test worker] DEBUG o.s.b.f.s.DefaultListableBeanFactory - Eagerly caching bean 'mongoMappingContext' to allow for resolving potential circular references
00:19:47.044 [Test worker] DEBUG o.s.b.f.s.DefaultListableBeanFactory - Invoking afterPropertiesSet() on bean with name 'mongoMappingContext'
00:19:47.044 [Test worker] DEBUG o.s.b.f.s.DefaultListableBeanFactory - Finished creating instance of bean 'mongoMappingContext'
00:19:47.044 [Test worker] DEBUG o.s.b.f.s.DefaultListableBeanFactory - Creating shared instance of singleton bean 'org.springframework.boot.autoconfigure.web.HttpMessageConvertersAutoConfiguration$ObjectMappers'
00:19:47.044 [Test worker] DEBUG o.s.b.f.s.DefaultListableBeanFactory - Creating instance of bean 'org.springframework.boot.autoconfigure.web.HttpMessageConvertersAutoConfiguration$ObjectMappers'
00:19:47.044 [Test worker] DEBUG o.s.b.f.annotation.InjectionMetadata - Registered injected element on class [org.springframework.boot.autoconfigure.web.HttpMessageConvertersAutoConfiguration$ObjectMappers$$EnhancerBySpringCGLIB$$fefab469]: AutowiredFieldElement for private org.springframework.boot.autoconfigure.web.HttpMapperProperties org.springframework.boot.autoconfigure.web.HttpMessageConvertersAutoConfiguration$ObjectMappers.properties
00:19:47.044 [Test worker] DEBUG o.s.b.f.s.DefaultListableBeanFactory - Eagerly caching bean 'org.springframework.boot.autoconfigure.web.HttpMessageConvertersAutoConfiguration$ObjectMappers' to allow for resolving potential circular references
00:19:47.044 [Test worker] DEBUG o.s.b.f.annotation.InjectionMetadata - Processing injected method of bean 'org.springframework.boot.autoconfigure.web.HttpMessageConvertersAutoConfiguration$ObjectMappers': AutowiredFieldElement for private org.springframework.boot.autoconfigure.web.HttpMapperProperties org.springframework.boot.autoconfigure.web.HttpMessageConvertersAutoConfiguration$ObjectMappers.properties
00:19:47.044 [Test worker] DEBUG o.s.b.f.s.DefaultListableBeanFactory - Creating shared instance of singleton bean 'http.mappers.CONFIGURATION_PROPERTIES'
00:19:47.044 [Test worker] DEBUG o.s.b.f.s.DefaultListableBeanFactory - Creating instance of bean 'http.mappers.CONFIGURATION_PROPERTIES'
00:19:47.044 [Test worker] DEBUG o.s.b.f.s.DefaultListableBeanFactory - Eagerly caching bean 'http.mappers.CONFIGURATION_PROPERTIES' to allow for resolving potential circular references
00:19:47.045 [Test worker] DEBUG o.s.core.env.MutablePropertySources - Adding [systemProperties] PropertySource with lowest search precedence
00:19:47.045 [Test worker] DEBUG o.s.core.env.MutablePropertySources - Adding [systemEnvironment] PropertySource with lowest search precedence
00:19:47.045 [Test worker] DEBUG o.s.core.env.MutablePropertySources - Adding [localProperties] PropertySource with lowest search precedence
00:19:47.046 [Test worker] DEBUG o.s.b.f.s.DefaultListableBeanFactory - Finished creating instance of bean 'http.mappers.CONFIGURATION_PROPERTIES'
00:19:47.046 [Test worker] DEBUG o.s.b.f.a.AutowiredAnnotationBeanPostProcessor - Autowiring by type from bean name 'org.springframework.boot.autoconfigure.web.HttpMessageConvertersAutoConfiguration$ObjectMappers' to bean named 'http.mappers.CONFIGURATION_PROPERTIES'
00:19:47.046 [Test worker] DEBUG o.s.b.f.s.DefaultListableBeanFactory - Finished creating instance of bean 'org.springframework.boot.autoconfigure.web.HttpMessageConvertersAutoConfiguration$ObjectMappers'
00:19:47.046 [Test worker] DEBUG o.s.b.f.s.DefaultListableBeanFactory - Creating shared instance of singleton bean 'mappingJackson2HttpMessageConverter'
00:19:47.046 [Test worker] DEBUG o.s.b.f.s.DefaultListableBeanFactory - Creating instance of bean 'mappingJackson2HttpMessageConverter'
00:19:47.046 [Test worker] DEBUG o.s.b.f.s.DefaultListableBeanFactory - Returning cached instance of singleton bean 'org.springframework.boot.autoconfigure.web.HttpMessageConvertersAutoConfiguration$ObjectMappers'
00:19:47.046 [Test worker] DEBUG o.s.b.f.s.DefaultListableBeanFactory - Creating shared instance of singleton bean 'jacksonObjectMapper'
00:19:47.046 [Test worker] DEBUG o.s.b.f.s.DefaultListableBeanFactory - Creating instance of bean 'jacksonObjectMapper'
00:19:47.046 [Test worker] DEBUG o.s.b.f.s.DefaultListableBeanFactory - Creating shared instance of singleton bean 'org.springframework.boot.autoconfigure.jackson.JacksonAutoConfiguration$JacksonObjectMapperAutoConfiguration'
00:19:47.046 [Test worker] DEBUG o.s.b.f.s.DefaultListableBeanFactory - Creating instance of bean 'org.springframework.boot.autoconfigure.jackson.JacksonAutoConfiguration$JacksonObjectMapperAutoConfiguration'
00:19:47.046 [Test worker] DEBUG o.s.b.f.annotation.InjectionMetadata - Registered injected element on class [org.springframework.boot.autoconfigure.jackson.JacksonAutoConfiguration$JacksonObjectMapperAutoConfiguration$$EnhancerBySpringCGLIB$$c179c71c]: AutowiredFieldElement for private org.springframework.boot.autoconfigure.web.HttpMapperProperties org.springframework.boot.autoconfigure.jackson.JacksonAutoConfiguration$JacksonObjectMapperAutoConfiguration.properties
00:19:47.046 [Test worker] DEBUG o.s.b.f.s.DefaultListableBeanFactory - Eagerly caching bean 'org.springframework.boot.autoconfigure.jackson.JacksonAutoConfiguration$JacksonObjectMapperAutoConfiguration' to allow for resolving potential circular references
00:19:47.046 [Test worker] DEBUG o.s.b.f.annotation.InjectionMetadata - Processing injected method of bean 'org.springframework.boot.autoconfigure.jackson.JacksonAutoConfiguration$JacksonObjectMapperAutoConfiguration': AutowiredFieldElement for private org.springframework.boot.autoconfigure.web.HttpMapperProperties org.springframework.boot.autoconfigure.jackson.JacksonAutoConfiguration$JacksonObjectMapperAutoConfiguration.properties
00:19:47.047 [Test worker] DEBUG o.s.b.f.s.DefaultListableBeanFactory - Returning cached instance of singleton bean 'http.mappers.CONFIGURATION_PROPERTIES'
00:19:47.047 [Test worker] DEBUG o.s.b.f.a.AutowiredAnnotationBeanPostProcessor - Autowiring by type from bean name 'org.springframework.boot.autoconfigure.jackson.JacksonAutoConfiguration$JacksonObjectMapperAutoConfiguration' to bean named 'http.mappers.CONFIGURATION_PROPERTIES'
00:19:47.047 [Test worker] DEBUG o.s.b.f.s.DefaultListableBeanFactory - Finished creating instance of bean 'org.springframework.boot.autoconfigure.jackson.JacksonAutoConfiguration$JacksonObjectMapperAutoConfiguration'
00:19:47.048 [Test worker] DEBUG o.s.b.f.s.DefaultListableBeanFactory - Eagerly caching bean 'jacksonObjectMapper' to allow for resolving potential circular references
00:19:47.048 [Test worker] DEBUG o.s.b.f.s.DefaultListableBeanFactory - Finished creating instance of bean 'jacksonObjectMapper'
00:19:47.048 [Test worker] DEBUG o.s.b.f.s.DefaultListableBeanFactory - Autowiring by type from bean name 'mappingJackson2HttpMessageConverter' via factory method to bean named 'jacksonObjectMapper'
00:19:47.048 [Test worker] DEBUG o.s.b.f.s.DefaultListableBeanFactory - Eagerly caching bean 'mappingJackson2HttpMessageConverter' to allow for resolving potential circular references
00:19:47.048 [Test worker] DEBUG o.s.b.f.s.DefaultListableBeanFactory - Finished creating instance of bean 'mappingJackson2HttpMessageConverter'
00:19:47.048 [Test worker] DEBUG o.s.b.f.s.DefaultListableBeanFactory - Returning cached instance of singleton bean 'http.mappers.CONFIGURATION_PROPERTIES'
00:19:47.048 [Test worker] DEBUG o.s.b.f.s.DefaultListableBeanFactory - Returning cached instance of singleton bean 'org.springframework.boot.autoconfigure.jackson.JacksonAutoConfiguration$JacksonObjectMapperAutoConfiguration'
00:19:47.048 [Test worker] DEBUG o.s.b.f.s.DefaultListableBeanFactory - Returning cached instance of singleton bean 'jacksonObjectMapper'
00:19:47.051 [Test worker] DEBUG o.s.b.f.s.DefaultListableBeanFactory - Creating shared instance of singleton bean 'org.springframework.boot.autoconfigure.jackson.JacksonAutoConfiguration'
00:19:47.051 [Test worker] DEBUG o.s.b.f.s.DefaultListableBeanFactory - Creating instance of bean 'org.springframework.boot.autoconfigure.jackson.JacksonAutoConfiguration'
00:19:47.051 [Test worker] DEBUG o.s.c.a.CommonAnnotationBeanPostProcessor - Found init method on class [org.springframework.boot.autoconfigure.jackson.JacksonAutoConfiguration$$EnhancerBySpringCGLIB$$1de4937a]: private void org.springframework.boot.autoconfigure.jackson.JacksonAutoConfiguration.registerModulesWithObjectMappers()
00:19:47.051 [Test worker] DEBUG o.s.c.a.CommonAnnotationBeanPostProcessor - Registered init method on class [org.springframework.boot.autoconfigure.jackson.JacksonAutoConfiguration$$EnhancerBySpringCGLIB$$1de4937a]: org.springframework.beans.factory.annotation.InitDestroyAnnotationBeanPostProcessor$LifecycleElement@927d7c4
00:19:47.051 [Test worker] DEBUG o.s.b.f.annotation.InjectionMetadata - Registered injected element on class [org.springframework.boot.autoconfigure.jackson.JacksonAutoConfiguration$$EnhancerBySpringCGLIB$$1de4937a]: AutowiredFieldElement for private org.springframework.beans.factory.ListableBeanFactory org.springframework.boot.autoconfigure.jackson.JacksonAutoConfiguration.beanFactory
00:19:47.051 [Test worker] DEBUG o.s.b.f.s.DefaultListableBeanFactory - Eagerly caching bean 'org.springframework.boot.autoconfigure.jackson.JacksonAutoConfiguration' to allow for resolving potential circular references
00:19:47.051 [Test worker] DEBUG o.s.b.f.annotation.InjectionMetadata - Processing injected method of bean 'org.springframework.boot.autoconfigure.jackson.JacksonAutoConfiguration': AutowiredFieldElement for private org.springframework.beans.factory.ListableBeanFactory org.springframework.boot.autoconfigure.jackson.JacksonAutoConfiguration.beanFactory
00:19:47.052 [Test worker] DEBUG o.s.b.f.a.AutowiredAnnotationBeanPostProcessor - Autowiring by type from bean name 'org.springframework.boot.autoconfigure.jackson.JacksonAutoConfiguration' to bean named 'org.springframework.beans.factory.support.DefaultListableBeanFactory@60cef968'
00:19:47.052 [Test worker] DEBUG o.s.c.a.CommonAnnotationBeanPostProcessor - Invoking init method on bean 'org.springframework.boot.autoconfigure.jackson.JacksonAutoConfiguration': private void org.springframework.boot.autoconfigure.jackson.JacksonAutoConfiguration.registerModulesWithObjectMappers()
00:19:47.052 [Test worker] DEBUG o.s.b.f.s.DefaultListableBeanFactory - Returning cached instance of singleton bean 'jacksonObjectMapper'
00:19:47.052 [Test worker] DEBUG o.s.b.f.s.DefaultListableBeanFactory - Finished creating instance of bean 'org.springframework.boot.autoconfigure.jackson.JacksonAutoConfiguration'
00:19:47.052 [Test worker] DEBUG o.s.b.f.s.DefaultListableBeanFactory - Creating shared instance of singleton bean 'org.springframework.boot.autoconfigure.web.HttpMessageConvertersAutoConfiguration'
00:19:47.052 [Test worker] DEBUG o.s.b.f.s.DefaultListableBeanFactory - Creating instance of bean 'org.springframework.boot.autoconfigure.web.HttpMessageConvertersAutoConfiguration'
00:19:47.052 [Test worker] DEBUG o.s.b.f.annotation.InjectionMetadata - Registered injected element on class [org.springframework.boot.autoconfigure.web.HttpMessageConvertersAutoConfiguration$$EnhancerBySpringCGLIB$$58cae4ba]: AutowiredFieldElement for private final java.util.List org.springframework.boot.autoconfigure.web.HttpMessageConvertersAutoConfiguration.converters
00:19:47.052 [Test worker] DEBUG o.s.b.f.s.DefaultListableBeanFactory - Eagerly caching bean 'org.springframework.boot.autoconfigure.web.HttpMessageConvertersAutoConfiguration' to allow for resolving potential circular references
00:19:47.052 [Test worker] DEBUG o.s.b.f.annotation.InjectionMetadata - Processing injected method of bean 'org.springframework.boot.autoconfigure.web.HttpMessageConvertersAutoConfiguration': AutowiredFieldElement for private final java.util.List org.springframework.boot.autoconfigure.web.HttpMessageConvertersAutoConfiguration.converters
00:19:47.052 [Test worker] DEBUG o.s.b.f.s.DefaultListableBeanFactory - Returning cached instance of singleton bean 'mappingJackson2HttpMessageConverter'
00:19:47.053 [Test worker] DEBUG o.s.b.f.a.AutowiredAnnotationBeanPostProcessor - Autowiring by type from bean name 'org.springframework.boot.autoconfigure.web.HttpMessageConvertersAutoConfiguration' to bean named 'mappingJackson2HttpMessageConverter'
00:19:47.053 [Test worker] DEBUG o.s.b.f.s.DefaultListableBeanFactory - Finished creating instance of bean 'org.springframework.boot.autoconfigure.web.HttpMessageConvertersAutoConfiguration'
00:19:47.053 [Test worker] DEBUG o.s.b.f.s.DefaultListableBeanFactory - Creating shared instance of singleton bean 'messageConverters'
00:19:47.053 [Test worker] DEBUG o.s.b.f.s.DefaultListableBeanFactory - Creating instance of bean 'messageConverters'
00:19:47.053 [Test worker] DEBUG o.s.b.f.s.DefaultListableBeanFactory - Returning cached instance of singleton bean 'org.springframework.boot.autoconfigure.web.HttpMessageConvertersAutoConfiguration'
00:19:47.055 [Test worker] DEBUG o.s.b.f.s.DefaultListableBeanFactory - Eagerly caching bean 'messageConverters' to allow for resolving potential circular references
00:19:47.055 [Test worker] DEBUG o.s.b.f.s.DefaultListableBeanFactory - Finished creating instance of bean 'messageConverters'
00:19:47.055 [Test worker] DEBUG o.s.b.f.s.DefaultListableBeanFactory - Creating shared instance of singleton bean 'org.springframework.boot.autoconfigure.web.MultipartAutoConfiguration'
00:19:47.055 [Test worker] DEBUG o.s.b.f.s.DefaultListableBeanFactory - Creating instance of bean 'org.springframework.boot.autoconfigure.web.MultipartAutoConfiguration'
00:19:47.056 [Test worker] DEBUG o.s.b.f.annotation.InjectionMetadata - Registered injected element on class [org.springframework.boot.autoconfigure.web.MultipartAutoConfiguration$$EnhancerBySpringCGLIB$$7c330b20]: AutowiredFieldElement for private org.springframework.boot.autoconfigure.web.MultipartProperties org.springframework.boot.autoconfigure.web.MultipartAutoConfiguration.multipartProperties
00:19:47.056 [Test worker] DEBUG o.s.b.f.s.DefaultListableBeanFactory - Eagerly caching bean 'org.springframework.boot.autoconfigure.web.MultipartAutoConfiguration' to allow for resolving potential circular references
00:19:47.056 [Test worker] DEBUG o.s.b.f.annotation.InjectionMetadata - Processing injected method of bean 'org.springframework.boot.autoconfigure.web.MultipartAutoConfiguration': AutowiredFieldElement for private org.springframework.boot.autoconfigure.web.MultipartProperties org.springframework.boot.autoconfigure.web.MultipartAutoConfiguration.multipartProperties
00:19:47.056 [Test worker] DEBUG o.s.b.f.s.DefaultListableBeanFactory - Creating shared instance of singleton bean 'multipart.CONFIGURATION_PROPERTIES'
00:19:47.056 [Test worker] DEBUG o.s.b.f.s.DefaultListableBeanFactory - Creating instance of bean 'multipart.CONFIGURATION_PROPERTIES'
00:19:47.056 [Test worker] DEBUG o.s.b.f.s.DefaultListableBeanFactory - Eagerly caching bean 'multipart.CONFIGURATION_PROPERTIES' to allow for resolving potential circular references
00:19:47.057 [Test worker] DEBUG o.s.core.env.MutablePropertySources - Adding [systemProperties] PropertySource with lowest search precedence
00:19:47.057 [Test worker] DEBUG o.s.core.env.MutablePropertySources - Adding [systemEnvironment] PropertySource with lowest search precedence
00:19:47.057 [Test worker] DEBUG o.s.core.env.MutablePropertySources - Adding [localProperties] PropertySource with lowest search precedence
00:19:47.058 [Test worker] DEBUG o.s.b.f.s.DefaultListableBeanFactory - Finished creating instance of bean 'multipart.CONFIGURATION_PROPERTIES'
00:19:47.058 [Test worker] DEBUG o.s.b.f.a.AutowiredAnnotationBeanPostProcessor - Autowiring by type from bean name 'org.springframework.boot.autoconfigure.web.MultipartAutoConfiguration' to bean named 'multipart.CONFIGURATION_PROPERTIES'
00:19:47.058 [Test worker] DEBUG o.s.b.f.s.DefaultListableBeanFactory - Finished creating instance of bean 'org.springframework.boot.autoconfigure.web.MultipartAutoConfiguration'
00:19:47.058 [Test worker] DEBUG o.s.b.f.s.DefaultListableBeanFactory - Creating shared instance of singleton bean 'multipartConfigElement'
00:19:47.058 [Test worker] DEBUG o.s.b.f.s.DefaultListableBeanFactory - Creating instance of bean 'multipartConfigElement'
00:19:47.058 [Test worker] DEBUG o.s.b.f.s.DefaultListableBeanFactory - Returning cached instance of singleton bean 'org.springframework.boot.autoconfigure.web.MultipartAutoConfiguration'
00:19:47.058 [Test worker] DEBUG o.s.b.f.s.DefaultListableBeanFactory - Eagerly caching bean 'multipartConfigElement' to allow for resolving potential circular references
00:19:47.058 [Test worker] DEBUG o.s.b.f.s.DefaultListableBeanFactory - Finished creating instance of bean 'multipartConfigElement'
00:19:47.058 [Test worker] DEBUG o.s.b.f.s.DefaultListableBeanFactory - Creating shared instance of singleton bean 'multipartResolver'
00:19:47.058 [Test worker] DEBUG o.s.b.f.s.DefaultListableBeanFactory - Creating instance of bean 'multipartResolver'
00:19:47.058 [Test worker] DEBUG o.s.b.f.s.DefaultListableBeanFactory - Returning cached instance of singleton bean 'org.springframework.boot.autoconfigure.web.MultipartAutoConfiguration'
00:19:47.058 [Test worker] DEBUG o.s.b.f.s.DefaultListableBeanFactory - Eagerly caching bean 'multipartResolver' to allow for resolving potential circular references
00:19:47.059 [Test worker] DEBUG o.s.b.f.s.DefaultListableBeanFactory - Finished creating instance of bean 'multipartResolver'
00:19:47.059 [Test worker] DEBUG o.s.b.f.s.DefaultListableBeanFactory - Returning cached instance of singleton bean 'multipart.CONFIGURATION_PROPERTIES'
00:19:47.059 [Test worker] DEBUG o.s.c.a.AnnotationConfigApplicationContext - Unable to locate LifecycleProcessor with name 'lifecycleProcessor': using default [org.springframework.context.support.DefaultLifecycleProcessor@75d514e7]
00:19:47.059 [Test worker] DEBUG o.s.b.f.s.DefaultListableBeanFactory - Returning cached instance of singleton bean 'endpointMBeanExporter'
00:19:47.059 [Test worker] DEBUG o.s.b.f.s.DefaultListableBeanFactory - Returning cached instance of singleton bean 'lifecycleProcessor'
00:19:47.059 [Test worker] INFO  o.s.c.s.DefaultLifecycleProcessor - Starting beans in phase 0
00:19:47.059 [Test worker] DEBUG o.s.c.s.DefaultLifecycleProcessor - Starting bean 'endpointMBeanExporter' of type [class org.springframework.boot.actuate.endpoint.jmx.EndpointMBeanExporter]
00:19:47.059 [Test worker] DEBUG o.s.b.f.s.DefaultListableBeanFactory - Returning cached instance of singleton bean 'requestMappingEndpoint'
00:19:47.059 [Test worker] DEBUG o.s.b.f.s.DefaultListableBeanFactory - Returning cached instance of singleton bean 'environmentEndpoint'
00:19:47.059 [Test worker] DEBUG o.s.b.f.s.DefaultListableBeanFactory - Returning cached instance of singleton bean 'healthEndpoint'
00:19:47.059 [Test worker] DEBUG o.s.b.f.s.DefaultListableBeanFactory - Returning cached instance of singleton bean 'beansEndpoint'
00:19:47.059 [Test worker] DEBUG o.s.b.f.s.DefaultListableBeanFactory - Returning cached instance of singleton bean 'infoEndpoint'
00:19:47.059 [Test worker] DEBUG o.s.b.f.s.DefaultListableBeanFactory - Returning cached instance of singleton bean 'metricsEndpoint'
00:19:47.059 [Test worker] DEBUG o.s.b.f.s.DefaultListableBeanFactory - Returning cached instance of singleton bean 'traceEndpoint'
00:19:47.059 [Test worker] DEBUG o.s.b.f.s.DefaultListableBeanFactory - Returning cached instance of singleton bean 'dumpEndpoint'
00:19:47.059 [Test worker] DEBUG o.s.b.f.s.DefaultListableBeanFactory - Returning cached instance of singleton bean 'autoConfigurationAuditEndpoint'
00:19:47.059 [Test worker] DEBUG o.s.b.f.s.DefaultListableBeanFactory - Returning cached instance of singleton bean 'shutdownEndpoint'
00:19:47.059 [Test worker] DEBUG o.s.b.f.s.DefaultListableBeanFactory - Returning cached instance of singleton bean 'configurationPropertiesReportEndpoint'
00:19:47.059 [Test worker] INFO  o.s.b.a.e.jmx.EndpointMBeanExporter - Located managed bean 'requestMappingEndpoint': registering with JMX server as MBean [org.springframework.boot:type=Endpoint,name=requestMappingEndpoint]
00:19:47.067 [Test worker] ERROR o.s.b.a.e.jmx.EndpointMBeanExporter - Could not register MBean for endpoint [requestMappingEndpoint]
org.springframework.jmx.export.UnableToRegisterMBeanException: Unable to register MBean [org.springframework.boot.actuate.endpoint.jmx.DataEndpointMBean@51bdcc64] with key 'requestMappingEndpoint'; nested exception is javax.management.InstanceAlreadyExistsException: org.springframework.boot:type=Endpoint,name=requestMappingEndpoint
	at org.springframework.jmx.export.MBeanExporter.registerBeanNameOrInstance(MBeanExporter.java:609) ~[spring-context-4.0.7.RELEASE.jar:4.0.7.RELEASE]
	at org.springframework.boot.actuate.endpoint.jmx.EndpointMBeanExporter.registerEndpoint(EndpointMBeanExporter.java:162) [spring-boot-actuator-1.1.7.RELEASE.jar:1.1.7.RELEASE]
	at org.springframework.boot.actuate.endpoint.jmx.EndpointMBeanExporter.locateAndRegisterEndpoints(EndpointMBeanExporter.java:142) [spring-boot-actuator-1.1.7.RELEASE.jar:1.1.7.RELEASE]
	at org.springframework.boot.actuate.endpoint.jmx.EndpointMBeanExporter.doStart(EndpointMBeanExporter.java:134) [spring-boot-actuator-1.1.7.RELEASE.jar:1.1.7.RELEASE]
	at org.springframework.boot.actuate.endpoint.jmx.EndpointMBeanExporter.start(EndpointMBeanExporter.java:257) [spring-boot-actuator-1.1.7.RELEASE.jar:1.1.7.RELEASE]
	at org.springframework.context.support.DefaultLifecycleProcessor.doStart(DefaultLifecycleProcessor.java:173) [spring-context-4.0.7.RELEASE.jar:4.0.7.RELEASE]
	at org.springframework.context.support.DefaultLifecycleProcessor.access$200(DefaultLifecycleProcessor.java:51) [spring-context-4.0.7.RELEASE.jar:4.0.7.RELEASE]
	at org.springframework.context.support.DefaultLifecycleProcessor$LifecycleGroup.start(DefaultLifecycleProcessor.java:346) [spring-context-4.0.7.RELEASE.jar:4.0.7.RELEASE]
	at org.springframework.context.support.DefaultLifecycleProcessor.startBeans(DefaultLifecycleProcessor.java:149) [spring-context-4.0.7.RELEASE.jar:4.0.7.RELEASE]
	at org.springframework.context.support.DefaultLifecycleProcessor.onRefresh(DefaultLifecycleProcessor.java:112) [spring-context-4.0.7.RELEASE.jar:4.0.7.RELEASE]
	at org.springframework.context.support.AbstractApplicationContext.finishRefresh(AbstractApplicationContext.java:775) [spring-context-4.0.7.RELEASE.jar:4.0.7.RELEASE]
	at org.springframework.context.support.AbstractApplicationContext.refresh(AbstractApplicationContext.java:485) [spring-context-4.0.7.RELEASE.jar:4.0.7.RELEASE]
	at org.springframework.context.annotation.AnnotationConfigApplicationContext.<init>(AnnotationConfigApplicationContext.java:84) [spring-context-4.0.7.RELEASE.jar:4.0.7.RELEASE]
	at smpl.ordering.ConfigurationRule.apply(ConfigurationRule.java:18) [test/:na]
	at org.junit.rules.RunRules.applyAll(RunRules.java:26) [junit-4.11.jar:na]
	at org.junit.rules.RunRules.<init>(RunRules.java:15) [junit-4.11.jar:na]
	at org.junit.runners.BlockJUnit4ClassRunner.withTestRules(BlockJUnit4ClassRunner.java:379) [junit-4.11.jar:na]
	at org.junit.runners.BlockJUnit4ClassRunner.withRules(BlockJUnit4ClassRunner.java:340) [junit-4.11.jar:na]
	at org.junit.runners.BlockJUnit4ClassRunner.methodBlock(BlockJUnit4ClassRunner.java:256) [junit-4.11.jar:na]
	at org.junit.runners.BlockJUnit4ClassRunner.runChild(BlockJUnit4ClassRunner.java:70) [junit-4.11.jar:na]
	at org.junit.runners.BlockJUnit4ClassRunner.runChild(BlockJUnit4ClassRunner.java:50) [junit-4.11.jar:na]
	at org.junit.runners.ParentRunner$3.run(ParentRunner.java:238) [junit-4.11.jar:na]
	at org.junit.runners.ParentRunner$1.schedule(ParentRunner.java:63) [junit-4.11.jar:na]
	at org.junit.runners.ParentRunner.runChildren(ParentRunner.java:236) [junit-4.11.jar:na]
	at org.junit.runners.ParentRunner.access$000(ParentRunner.java:53) [junit-4.11.jar:na]
	at org.junit.runners.ParentRunner$2.evaluate(ParentRunner.java:229) [junit-4.11.jar:na]
	at org.junit.runners.ParentRunner.run(ParentRunner.java:309) [junit-4.11.jar:na]
	at org.gradle.api.internal.tasks.testing.junit.JUnitTestClassExecuter.runTestClass(JUnitTestClassExecuter.java:86) [gradle-plugins-2.1.jar:2.1]
	at org.gradle.api.internal.tasks.testing.junit.JUnitTestClassExecuter.execute(JUnitTestClassExecuter.java:49) [gradle-plugins-2.1.jar:2.1]
	at org.gradle.api.internal.tasks.testing.junit.JUnitTestClassProcessor.processTestClass(JUnitTestClassProcessor.java:69) [gradle-plugins-2.1.jar:2.1]
	at org.gradle.api.internal.tasks.testing.SuiteTestClassProcessor.processTestClass(SuiteTestClassProcessor.java:48) [gradle-plugins-2.1.jar:2.1]
	at sun.reflect.NativeMethodAccessorImpl.invoke0(Native Method) ~[na:1.8.0_181]
	at sun.reflect.NativeMethodAccessorImpl.invoke(NativeMethodAccessorImpl.java:62) ~[na:1.8.0_181]
	at sun.reflect.DelegatingMethodAccessorImpl.invoke(DelegatingMethodAccessorImpl.java:43) ~[na:1.8.0_181]
	at java.lang.reflect.Method.invoke(Method.java:498) ~[na:1.8.0_181]
	at org.gradle.messaging.dispatch.ReflectionDispatch.dispatch(ReflectionDispatch.java:35) [gradle-messaging-2.1.jar:2.1]
	at org.gradle.messaging.dispatch.ReflectionDispatch.dispatch(ReflectionDispatch.java:24) [gradle-messaging-2.1.jar:2.1]
	at org.gradle.messaging.dispatch.ContextClassLoaderDispatch.dispatch(ContextClassLoaderDispatch.java:32) [gradle-messaging-2.1.jar:2.1]
	at org.gradle.messaging.dispatch.ProxyDispatchAdapter$DispatchingInvocationHandler.invoke(ProxyDispatchAdapter.java:93) [gradle-messaging-2.1.jar:2.1]
	at com.sun.proxy.$Proxy2.processTestClass(Unknown Source) [na:na]
	at org.gradle.api.internal.tasks.testing.worker.TestWorker.processTestClass(TestWorker.java:105) [gradle-plugins-2.1.jar:2.1]
	at sun.reflect.NativeMethodAccessorImpl.invoke0(Native Method) ~[na:1.8.0_181]
	at sun.reflect.NativeMethodAccessorImpl.invoke(NativeMethodAccessorImpl.java:62) ~[na:1.8.0_181]
	at sun.reflect.DelegatingMethodAccessorImpl.invoke(DelegatingMethodAccessorImpl.java:43) ~[na:1.8.0_181]
	at java.lang.reflect.Method.invoke(Method.java:498) ~[na:1.8.0_181]
	at org.gradle.messaging.dispatch.ReflectionDispatch.dispatch(ReflectionDispatch.java:35) [gradle-messaging-2.1.jar:2.1]
	at org.gradle.messaging.dispatch.ReflectionDispatch.dispatch(ReflectionDispatch.java:24) [gradle-messaging-2.1.jar:2.1]
	at org.gradle.messaging.remote.internal.hub.MessageHub$Handler.run(MessageHub.java:355) [gradle-messaging-2.1.jar:2.1]
	at org.gradle.internal.concurrent.DefaultExecutorFactory$StoppableExecutorImpl$1.run(DefaultExecutorFactory.java:64) [gradle-base-services-2.1.jar:2.1]
	at java.util.concurrent.ThreadPoolExecutor.runWorker(ThreadPoolExecutor.java:1149) [na:1.8.0_181]
	at java.util.concurrent.ThreadPoolExecutor$Worker.run(ThreadPoolExecutor.java:624) [na:1.8.0_181]
	at java.lang.Thread.run(Thread.java:748) [na:1.8.0_181]
Caused by: javax.management.InstanceAlreadyExistsException: org.springframework.boot:type=Endpoint,name=requestMappingEndpoint
	at com.sun.jmx.mbeanserver.Repository.addMBean(Repository.java:437) ~[na:1.8.0_181]
	at com.sun.jmx.interceptor.DefaultMBeanServerInterceptor.registerWithRepository(DefaultMBeanServerInterceptor.java:1898) ~[na:1.8.0_181]
	at com.sun.jmx.interceptor.DefaultMBeanServerInterceptor.registerDynamicMBean(DefaultMBeanServerInterceptor.java:966) ~[na:1.8.0_181]
	at com.sun.jmx.interceptor.DefaultMBeanServerInterceptor.registerObject(DefaultMBeanServerInterceptor.java:900) ~[na:1.8.0_181]
	at com.sun.jmx.interceptor.DefaultMBeanServerInterceptor.registerMBean(DefaultMBeanServerInterceptor.java:324) ~[na:1.8.0_181]
	at com.sun.jmx.mbeanserver.JmxMBeanServer.registerMBean(JmxMBeanServer.java:522) ~[na:1.8.0_181]
	at org.springframework.jmx.support.MBeanRegistrationSupport.doRegister(MBeanRegistrationSupport.java:195) ~[spring-context-4.0.7.RELEASE.jar:4.0.7.RELEASE]
	at org.springframework.jmx.export.MBeanExporter.registerBeanInstance(MBeanExporter.java:662) ~[spring-context-4.0.7.RELEASE.jar:4.0.7.RELEASE]
	at org.springframework.jmx.export.MBeanExporter.registerBeanNameOrInstance(MBeanExporter.java:605) ~[spring-context-4.0.7.RELEASE.jar:4.0.7.RELEASE]
	... 51 common frames omitted
00:19:47.068 [Test worker] INFO  o.s.b.a.e.jmx.EndpointMBeanExporter - Located managed bean 'environmentEndpoint': registering with JMX server as MBean [org.springframework.boot:type=Endpoint,name=environmentEndpoint]
00:19:47.070 [Test worker] ERROR o.s.b.a.e.jmx.EndpointMBeanExporter - Could not register MBean for endpoint [environmentEndpoint]
org.springframework.jmx.export.UnableToRegisterMBeanException: Unable to register MBean [org.springframework.boot.actuate.endpoint.jmx.DataEndpointMBean@5f5e16a5] with key 'environmentEndpoint'; nested exception is javax.management.InstanceAlreadyExistsException: org.springframework.boot:type=Endpoint,name=environmentEndpoint
	at org.springframework.jmx.export.MBeanExporter.registerBeanNameOrInstance(MBeanExporter.java:609) ~[spring-context-4.0.7.RELEASE.jar:4.0.7.RELEASE]
	at org.springframework.boot.actuate.endpoint.jmx.EndpointMBeanExporter.registerEndpoint(EndpointMBeanExporter.java:162) [spring-boot-actuator-1.1.7.RELEASE.jar:1.1.7.RELEASE]
	at org.springframework.boot.actuate.endpoint.jmx.EndpointMBeanExporter.locateAndRegisterEndpoints(EndpointMBeanExporter.java:142) [spring-boot-actuator-1.1.7.RELEASE.jar:1.1.7.RELEASE]
	at org.springframework.boot.actuate.endpoint.jmx.EndpointMBeanExporter.doStart(EndpointMBeanExporter.java:134) [spring-boot-actuator-1.1.7.RELEASE.jar:1.1.7.RELEASE]
	at org.springframework.boot.actuate.endpoint.jmx.EndpointMBeanExporter.start(EndpointMBeanExporter.java:257) [spring-boot-actuator-1.1.7.RELEASE.jar:1.1.7.RELEASE]
	at org.springframework.context.support.DefaultLifecycleProcessor.doStart(DefaultLifecycleProcessor.java:173) [spring-context-4.0.7.RELEASE.jar:4.0.7.RELEASE]
	at org.springframework.context.support.DefaultLifecycleProcessor.access$200(DefaultLifecycleProcessor.java:51) [spring-context-4.0.7.RELEASE.jar:4.0.7.RELEASE]
	at org.springframework.context.support.DefaultLifecycleProcessor$LifecycleGroup.start(DefaultLifecycleProcessor.java:346) [spring-context-4.0.7.RELEASE.jar:4.0.7.RELEASE]
	at org.springframework.context.support.DefaultLifecycleProcessor.startBeans(DefaultLifecycleProcessor.java:149) [spring-context-4.0.7.RELEASE.jar:4.0.7.RELEASE]
	at org.springframework.context.support.DefaultLifecycleProcessor.onRefresh(DefaultLifecycleProcessor.java:112) [spring-context-4.0.7.RELEASE.jar:4.0.7.RELEASE]
	at org.springframework.context.support.AbstractApplicationContext.finishRefresh(AbstractApplicationContext.java:775) [spring-context-4.0.7.RELEASE.jar:4.0.7.RELEASE]
	at org.springframework.context.support.AbstractApplicationContext.refresh(AbstractApplicationContext.java:485) [spring-context-4.0.7.RELEASE.jar:4.0.7.RELEASE]
	at org.springframework.context.annotation.AnnotationConfigApplicationContext.<init>(AnnotationConfigApplicationContext.java:84) [spring-context-4.0.7.RELEASE.jar:4.0.7.RELEASE]
	at smpl.ordering.ConfigurationRule.apply(ConfigurationRule.java:18) [test/:na]
	at org.junit.rules.RunRules.applyAll(RunRules.java:26) [junit-4.11.jar:na]
	at org.junit.rules.RunRules.<init>(RunRules.java:15) [junit-4.11.jar:na]
	at org.junit.runners.BlockJUnit4ClassRunner.withTestRules(BlockJUnit4ClassRunner.java:379) [junit-4.11.jar:na]
	at org.junit.runners.BlockJUnit4ClassRunner.withRules(BlockJUnit4ClassRunner.java:340) [junit-4.11.jar:na]
	at org.junit.runners.BlockJUnit4ClassRunner.methodBlock(BlockJUnit4ClassRunner.java:256) [junit-4.11.jar:na]
	at org.junit.runners.BlockJUnit4ClassRunner.runChild(BlockJUnit4ClassRunner.java:70) [junit-4.11.jar:na]
	at org.junit.runners.BlockJUnit4ClassRunner.runChild(BlockJUnit4ClassRunner.java:50) [junit-4.11.jar:na]
	at org.junit.runners.ParentRunner$3.run(ParentRunner.java:238) [junit-4.11.jar:na]
	at org.junit.runners.ParentRunner$1.schedule(ParentRunner.java:63) [junit-4.11.jar:na]
	at org.junit.runners.ParentRunner.runChildren(ParentRunner.java:236) [junit-4.11.jar:na]
	at org.junit.runners.ParentRunner.access$000(ParentRunner.java:53) [junit-4.11.jar:na]
	at org.junit.runners.ParentRunner$2.evaluate(ParentRunner.java:229) [junit-4.11.jar:na]
	at org.junit.runners.ParentRunner.run(ParentRunner.java:309) [junit-4.11.jar:na]
	at org.gradle.api.internal.tasks.testing.junit.JUnitTestClassExecuter.runTestClass(JUnitTestClassExecuter.java:86) [gradle-plugins-2.1.jar:2.1]
	at org.gradle.api.internal.tasks.testing.junit.JUnitTestClassExecuter.execute(JUnitTestClassExecuter.java:49) [gradle-plugins-2.1.jar:2.1]
	at org.gradle.api.internal.tasks.testing.junit.JUnitTestClassProcessor.processTestClass(JUnitTestClassProcessor.java:69) [gradle-plugins-2.1.jar:2.1]
	at org.gradle.api.internal.tasks.testing.SuiteTestClassProcessor.processTestClass(SuiteTestClassProcessor.java:48) [gradle-plugins-2.1.jar:2.1]
	at sun.reflect.NativeMethodAccessorImpl.invoke0(Native Method) ~[na:1.8.0_181]
	at sun.reflect.NativeMethodAccessorImpl.invoke(NativeMethodAccessorImpl.java:62) ~[na:1.8.0_181]
	at sun.reflect.DelegatingMethodAccessorImpl.invoke(DelegatingMethodAccessorImpl.java:43) ~[na:1.8.0_181]
	at java.lang.reflect.Method.invoke(Method.java:498) ~[na:1.8.0_181]
	at org.gradle.messaging.dispatch.ReflectionDispatch.dispatch(ReflectionDispatch.java:35) [gradle-messaging-2.1.jar:2.1]
	at org.gradle.messaging.dispatch.ReflectionDispatch.dispatch(ReflectionDispatch.java:24) [gradle-messaging-2.1.jar:2.1]
	at org.gradle.messaging.dispatch.ContextClassLoaderDispatch.dispatch(ContextClassLoaderDispatch.java:32) [gradle-messaging-2.1.jar:2.1]
	at org.gradle.messaging.dispatch.ProxyDispatchAdapter$DispatchingInvocationHandler.invoke(ProxyDispatchAdapter.java:93) [gradle-messaging-2.1.jar:2.1]
	at com.sun.proxy.$Proxy2.processTestClass(Unknown Source) [na:na]
	at org.gradle.api.internal.tasks.testing.worker.TestWorker.processTestClass(TestWorker.java:105) [gradle-plugins-2.1.jar:2.1]
	at sun.reflect.NativeMethodAccessorImpl.invoke0(Native Method) ~[na:1.8.0_181]
	at sun.reflect.NativeMethodAccessorImpl.invoke(NativeMethodAccessorImpl.java:62) ~[na:1.8.0_181]
	at sun.reflect.DelegatingMethodAccessorImpl.invoke(DelegatingMethodAccessorImpl.java:43) ~[na:1.8.0_181]
	at java.lang.reflect.Method.invoke(Method.java:498) ~[na:1.8.0_181]
	at org.gradle.messaging.dispatch.ReflectionDispatch.dispatch(ReflectionDispatch.java:35) [gradle-messaging-2.1.jar:2.1]
	at org.gradle.messaging.dispatch.ReflectionDispatch.dispatch(ReflectionDispatch.java:24) [gradle-messaging-2.1.jar:2.1]
	at org.gradle.messaging.remote.internal.hub.MessageHub$Handler.run(MessageHub.java:355) [gradle-messaging-2.1.jar:2.1]
	at org.gradle.internal.concurrent.DefaultExecutorFactory$StoppableExecutorImpl$1.run(DefaultExecutorFactory.java:64) [gradle-base-services-2.1.jar:2.1]
	at java.util.concurrent.ThreadPoolExecutor.runWorker(ThreadPoolExecutor.java:1149) [na:1.8.0_181]
	at java.util.concurrent.ThreadPoolExecutor$Worker.run(ThreadPoolExecutor.java:624) [na:1.8.0_181]
	at java.lang.Thread.run(Thread.java:748) [na:1.8.0_181]
Caused by: javax.management.InstanceAlreadyExistsException: org.springframework.boot:type=Endpoint,name=environmentEndpoint
	at com.sun.jmx.mbeanserver.Repository.addMBean(Repository.java:437) ~[na:1.8.0_181]
	at com.sun.jmx.interceptor.DefaultMBeanServerInterceptor.registerWithRepository(DefaultMBeanServerInterceptor.java:1898) ~[na:1.8.0_181]
	at com.sun.jmx.interceptor.DefaultMBeanServerInterceptor.registerDynamicMBean(DefaultMBeanServerInterceptor.java:966) ~[na:1.8.0_181]
	at com.sun.jmx.interceptor.DefaultMBeanServerInterceptor.registerObject(DefaultMBeanServerInterceptor.java:900) ~[na:1.8.0_181]
	at com.sun.jmx.interceptor.DefaultMBeanServerInterceptor.registerMBean(DefaultMBeanServerInterceptor.java:324) ~[na:1.8.0_181]
	at com.sun.jmx.mbeanserver.JmxMBeanServer.registerMBean(JmxMBeanServer.java:522) ~[na:1.8.0_181]
	at org.springframework.jmx.support.MBeanRegistrationSupport.doRegister(MBeanRegistrationSupport.java:195) ~[spring-context-4.0.7.RELEASE.jar:4.0.7.RELEASE]
	at org.springframework.jmx.export.MBeanExporter.registerBeanInstance(MBeanExporter.java:662) ~[spring-context-4.0.7.RELEASE.jar:4.0.7.RELEASE]
	at org.springframework.jmx.export.MBeanExporter.registerBeanNameOrInstance(MBeanExporter.java:605) ~[spring-context-4.0.7.RELEASE.jar:4.0.7.RELEASE]
	... 51 common frames omitted
00:19:47.070 [Test worker] INFO  o.s.b.a.e.jmx.EndpointMBeanExporter - Located managed bean 'healthEndpoint': registering with JMX server as MBean [org.springframework.boot:type=Endpoint,name=healthEndpoint]
00:19:47.073 [Test worker] ERROR o.s.b.a.e.jmx.EndpointMBeanExporter - Could not register MBean for endpoint [healthEndpoint]
org.springframework.jmx.export.UnableToRegisterMBeanException: Unable to register MBean [org.springframework.boot.actuate.endpoint.jmx.DataEndpointMBean@4b251550] with key 'healthEndpoint'; nested exception is javax.management.InstanceAlreadyExistsException: org.springframework.boot:type=Endpoint,name=healthEndpoint
	at org.springframework.jmx.export.MBeanExporter.registerBeanNameOrInstance(MBeanExporter.java:609) ~[spring-context-4.0.7.RELEASE.jar:4.0.7.RELEASE]
	at org.springframework.boot.actuate.endpoint.jmx.EndpointMBeanExporter.registerEndpoint(EndpointMBeanExporter.java:162) [spring-boot-actuator-1.1.7.RELEASE.jar:1.1.7.RELEASE]
	at org.springframework.boot.actuate.endpoint.jmx.EndpointMBeanExporter.locateAndRegisterEndpoints(EndpointMBeanExporter.java:142) [spring-boot-actuator-1.1.7.RELEASE.jar:1.1.7.RELEASE]
	at org.springframework.boot.actuate.endpoint.jmx.EndpointMBeanExporter.doStart(EndpointMBeanExporter.java:134) [spring-boot-actuator-1.1.7.RELEASE.jar:1.1.7.RELEASE]
	at org.springframework.boot.actuate.endpoint.jmx.EndpointMBeanExporter.start(EndpointMBeanExporter.java:257) [spring-boot-actuator-1.1.7.RELEASE.jar:1.1.7.RELEASE]
	at org.springframework.context.support.DefaultLifecycleProcessor.doStart(DefaultLifecycleProcessor.java:173) [spring-context-4.0.7.RELEASE.jar:4.0.7.RELEASE]
	at org.springframework.context.support.DefaultLifecycleProcessor.access$200(DefaultLifecycleProcessor.java:51) [spring-context-4.0.7.RELEASE.jar:4.0.7.RELEASE]
	at org.springframework.context.support.DefaultLifecycleProcessor$LifecycleGroup.start(DefaultLifecycleProcessor.java:346) [spring-context-4.0.7.RELEASE.jar:4.0.7.RELEASE]
	at org.springframework.context.support.DefaultLifecycleProcessor.startBeans(DefaultLifecycleProcessor.java:149) [spring-context-4.0.7.RELEASE.jar:4.0.7.RELEASE]
	at org.springframework.context.support.DefaultLifecycleProcessor.onRefresh(DefaultLifecycleProcessor.java:112) [spring-context-4.0.7.RELEASE.jar:4.0.7.RELEASE]
	at org.springframework.context.support.AbstractApplicationContext.finishRefresh(AbstractApplicationContext.java:775) [spring-context-4.0.7.RELEASE.jar:4.0.7.RELEASE]
	at org.springframework.context.support.AbstractApplicationContext.refresh(AbstractApplicationContext.java:485) [spring-context-4.0.7.RELEASE.jar:4.0.7.RELEASE]
	at org.springframework.context.annotation.AnnotationConfigApplicationContext.<init>(AnnotationConfigApplicationContext.java:84) [spring-context-4.0.7.RELEASE.jar:4.0.7.RELEASE]
	at smpl.ordering.ConfigurationRule.apply(ConfigurationRule.java:18) [test/:na]
	at org.junit.rules.RunRules.applyAll(RunRules.java:26) [junit-4.11.jar:na]
	at org.junit.rules.RunRules.<init>(RunRules.java:15) [junit-4.11.jar:na]
	at org.junit.runners.BlockJUnit4ClassRunner.withTestRules(BlockJUnit4ClassRunner.java:379) [junit-4.11.jar:na]
	at org.junit.runners.BlockJUnit4ClassRunner.withRules(BlockJUnit4ClassRunner.java:340) [junit-4.11.jar:na]
	at org.junit.runners.BlockJUnit4ClassRunner.methodBlock(BlockJUnit4ClassRunner.java:256) [junit-4.11.jar:na]
	at org.junit.runners.BlockJUnit4ClassRunner.runChild(BlockJUnit4ClassRunner.java:70) [junit-4.11.jar:na]
	at org.junit.runners.BlockJUnit4ClassRunner.runChild(BlockJUnit4ClassRunner.java:50) [junit-4.11.jar:na]
	at org.junit.runners.ParentRunner$3.run(ParentRunner.java:238) [junit-4.11.jar:na]
	at org.junit.runners.ParentRunner$1.schedule(ParentRunner.java:63) [junit-4.11.jar:na]
	at org.junit.runners.ParentRunner.runChildren(ParentRunner.java:236) [junit-4.11.jar:na]
	at org.junit.runners.ParentRunner.access$000(ParentRunner.java:53) [junit-4.11.jar:na]
	at org.junit.runners.ParentRunner$2.evaluate(ParentRunner.java:229) [junit-4.11.jar:na]
	at org.junit.runners.ParentRunner.run(ParentRunner.java:309) [junit-4.11.jar:na]
	at org.gradle.api.internal.tasks.testing.junit.JUnitTestClassExecuter.runTestClass(JUnitTestClassExecuter.java:86) [gradle-plugins-2.1.jar:2.1]
	at org.gradle.api.internal.tasks.testing.junit.JUnitTestClassExecuter.execute(JUnitTestClassExecuter.java:49) [gradle-plugins-2.1.jar:2.1]
	at org.gradle.api.internal.tasks.testing.junit.JUnitTestClassProcessor.processTestClass(JUnitTestClassProcessor.java:69) [gradle-plugins-2.1.jar:2.1]
	at org.gradle.api.internal.tasks.testing.SuiteTestClassProcessor.processTestClass(SuiteTestClassProcessor.java:48) [gradle-plugins-2.1.jar:2.1]
	at sun.reflect.NativeMethodAccessorImpl.invoke0(Native Method) ~[na:1.8.0_181]
	at sun.reflect.NativeMethodAccessorImpl.invoke(NativeMethodAccessorImpl.java:62) ~[na:1.8.0_181]
	at sun.reflect.DelegatingMethodAccessorImpl.invoke(DelegatingMethodAccessorImpl.java:43) ~[na:1.8.0_181]
	at java.lang.reflect.Method.invoke(Method.java:498) ~[na:1.8.0_181]
	at org.gradle.messaging.dispatch.ReflectionDispatch.dispatch(ReflectionDispatch.java:35) [gradle-messaging-2.1.jar:2.1]
	at org.gradle.messaging.dispatch.ReflectionDispatch.dispatch(ReflectionDispatch.java:24) [gradle-messaging-2.1.jar:2.1]
	at org.gradle.messaging.dispatch.ContextClassLoaderDispatch.dispatch(ContextClassLoaderDispatch.java:32) [gradle-messaging-2.1.jar:2.1]
	at org.gradle.messaging.dispatch.ProxyDispatchAdapter$DispatchingInvocationHandler.invoke(ProxyDispatchAdapter.java:93) [gradle-messaging-2.1.jar:2.1]
	at com.sun.proxy.$Proxy2.processTestClass(Unknown Source) [na:na]
	at org.gradle.api.internal.tasks.testing.worker.TestWorker.processTestClass(TestWorker.java:105) [gradle-plugins-2.1.jar:2.1]
	at sun.reflect.NativeMethodAccessorImpl.invoke0(Native Method) ~[na:1.8.0_181]
	at sun.reflect.NativeMethodAccessorImpl.invoke(NativeMethodAccessorImpl.java:62) ~[na:1.8.0_181]
	at sun.reflect.DelegatingMethodAccessorImpl.invoke(DelegatingMethodAccessorImpl.java:43) ~[na:1.8.0_181]
	at java.lang.reflect.Method.invoke(Method.java:498) ~[na:1.8.0_181]
	at org.gradle.messaging.dispatch.ReflectionDispatch.dispatch(ReflectionDispatch.java:35) [gradle-messaging-2.1.jar:2.1]
	at org.gradle.messaging.dispatch.ReflectionDispatch.dispatch(ReflectionDispatch.java:24) [gradle-messaging-2.1.jar:2.1]
	at org.gradle.messaging.remote.internal.hub.MessageHub$Handler.run(MessageHub.java:355) [gradle-messaging-2.1.jar:2.1]
	at org.gradle.internal.concurrent.DefaultExecutorFactory$StoppableExecutorImpl$1.run(DefaultExecutorFactory.java:64) [gradle-base-services-2.1.jar:2.1]
	at java.util.concurrent.ThreadPoolExecutor.runWorker(ThreadPoolExecutor.java:1149) [na:1.8.0_181]
	at java.util.concurrent.ThreadPoolExecutor$Worker.run(ThreadPoolExecutor.java:624) [na:1.8.0_181]
	at java.lang.Thread.run(Thread.java:748) [na:1.8.0_181]
Caused by: javax.management.InstanceAlreadyExistsException: org.springframework.boot:type=Endpoint,name=healthEndpoint
	at com.sun.jmx.mbeanserver.Repository.addMBean(Repository.java:437) ~[na:1.8.0_181]
	at com.sun.jmx.interceptor.DefaultMBeanServerInterceptor.registerWithRepository(DefaultMBeanServerInterceptor.java:1898) ~[na:1.8.0_181]
	at com.sun.jmx.interceptor.DefaultMBeanServerInterceptor.registerDynamicMBean(DefaultMBeanServerInterceptor.java:966) ~[na:1.8.0_181]
	at com.sun.jmx.interceptor.DefaultMBeanServerInterceptor.registerObject(DefaultMBeanServerInterceptor.java:900) ~[na:1.8.0_181]
	at com.sun.jmx.interceptor.DefaultMBeanServerInterceptor.registerMBean(DefaultMBeanServerInterceptor.java:324) ~[na:1.8.0_181]
	at com.sun.jmx.mbeanserver.JmxMBeanServer.registerMBean(JmxMBeanServer.java:522) ~[na:1.8.0_181]
	at org.springframework.jmx.support.MBeanRegistrationSupport.doRegister(MBeanRegistrationSupport.java:195) ~[spring-context-4.0.7.RELEASE.jar:4.0.7.RELEASE]
	at org.springframework.jmx.export.MBeanExporter.registerBeanInstance(MBeanExporter.java:662) ~[spring-context-4.0.7.RELEASE.jar:4.0.7.RELEASE]
	at org.springframework.jmx.export.MBeanExporter.registerBeanNameOrInstance(MBeanExporter.java:605) ~[spring-context-4.0.7.RELEASE.jar:4.0.7.RELEASE]
	... 51 common frames omitted
00:19:47.073 [Test worker] INFO  o.s.b.a.e.jmx.EndpointMBeanExporter - Located managed bean 'beansEndpoint': registering with JMX server as MBean [org.springframework.boot:type=Endpoint,name=beansEndpoint]
00:19:47.075 [Test worker] ERROR o.s.b.a.e.jmx.EndpointMBeanExporter - Could not register MBean for endpoint [beansEndpoint]
org.springframework.jmx.export.UnableToRegisterMBeanException: Unable to register MBean [org.springframework.boot.actuate.endpoint.jmx.DataEndpointMBean@168a42ff] with key 'beansEndpoint'; nested exception is javax.management.InstanceAlreadyExistsException: org.springframework.boot:type=Endpoint,name=beansEndpoint
	at org.springframework.jmx.export.MBeanExporter.registerBeanNameOrInstance(MBeanExporter.java:609) ~[spring-context-4.0.7.RELEASE.jar:4.0.7.RELEASE]
	at org.springframework.boot.actuate.endpoint.jmx.EndpointMBeanExporter.registerEndpoint(EndpointMBeanExporter.java:162) [spring-boot-actuator-1.1.7.RELEASE.jar:1.1.7.RELEASE]
	at org.springframework.boot.actuate.endpoint.jmx.EndpointMBeanExporter.locateAndRegisterEndpoints(EndpointMBeanExporter.java:142) [spring-boot-actuator-1.1.7.RELEASE.jar:1.1.7.RELEASE]
	at org.springframework.boot.actuate.endpoint.jmx.EndpointMBeanExporter.doStart(EndpointMBeanExporter.java:134) [spring-boot-actuator-1.1.7.RELEASE.jar:1.1.7.RELEASE]
	at org.springframework.boot.actuate.endpoint.jmx.EndpointMBeanExporter.start(EndpointMBeanExporter.java:257) [spring-boot-actuator-1.1.7.RELEASE.jar:1.1.7.RELEASE]
	at org.springframework.context.support.DefaultLifecycleProcessor.doStart(DefaultLifecycleProcessor.java:173) [spring-context-4.0.7.RELEASE.jar:4.0.7.RELEASE]
	at org.springframework.context.support.DefaultLifecycleProcessor.access$200(DefaultLifecycleProcessor.java:51) [spring-context-4.0.7.RELEASE.jar:4.0.7.RELEASE]
	at org.springframework.context.support.DefaultLifecycleProcessor$LifecycleGroup.start(DefaultLifecycleProcessor.java:346) [spring-context-4.0.7.RELEASE.jar:4.0.7.RELEASE]
	at org.springframework.context.support.DefaultLifecycleProcessor.startBeans(DefaultLifecycleProcessor.java:149) [spring-context-4.0.7.RELEASE.jar:4.0.7.RELEASE]
	at org.springframework.context.support.DefaultLifecycleProcessor.onRefresh(DefaultLifecycleProcessor.java:112) [spring-context-4.0.7.RELEASE.jar:4.0.7.RELEASE]
	at org.springframework.context.support.AbstractApplicationContext.finishRefresh(AbstractApplicationContext.java:775) [spring-context-4.0.7.RELEASE.jar:4.0.7.RELEASE]
	at org.springframework.context.support.AbstractApplicationContext.refresh(AbstractApplicationContext.java:485) [spring-context-4.0.7.RELEASE.jar:4.0.7.RELEASE]
	at org.springframework.context.annotation.AnnotationConfigApplicationContext.<init>(AnnotationConfigApplicationContext.java:84) [spring-context-4.0.7.RELEASE.jar:4.0.7.RELEASE]
	at smpl.ordering.ConfigurationRule.apply(ConfigurationRule.java:18) [test/:na]
	at org.junit.rules.RunRules.applyAll(RunRules.java:26) [junit-4.11.jar:na]
	at org.junit.rules.RunRules.<init>(RunRules.java:15) [junit-4.11.jar:na]
	at org.junit.runners.BlockJUnit4ClassRunner.withTestRules(BlockJUnit4ClassRunner.java:379) [junit-4.11.jar:na]
	at org.junit.runners.BlockJUnit4ClassRunner.withRules(BlockJUnit4ClassRunner.java:340) [junit-4.11.jar:na]
	at org.junit.runners.BlockJUnit4ClassRunner.methodBlock(BlockJUnit4ClassRunner.java:256) [junit-4.11.jar:na]
	at org.junit.runners.BlockJUnit4ClassRunner.runChild(BlockJUnit4ClassRunner.java:70) [junit-4.11.jar:na]
	at org.junit.runners.BlockJUnit4ClassRunner.runChild(BlockJUnit4ClassRunner.java:50) [junit-4.11.jar:na]
	at org.junit.runners.ParentRunner$3.run(ParentRunner.java:238) [junit-4.11.jar:na]
	at org.junit.runners.ParentRunner$1.schedule(ParentRunner.java:63) [junit-4.11.jar:na]
	at org.junit.runners.ParentRunner.runChildren(ParentRunner.java:236) [junit-4.11.jar:na]
	at org.junit.runners.ParentRunner.access$000(ParentRunner.java:53) [junit-4.11.jar:na]
	at org.junit.runners.ParentRunner$2.evaluate(ParentRunner.java:229) [junit-4.11.jar:na]
	at org.junit.runners.ParentRunner.run(ParentRunner.java:309) [junit-4.11.jar:na]
	at org.gradle.api.internal.tasks.testing.junit.JUnitTestClassExecuter.runTestClass(JUnitTestClassExecuter.java:86) [gradle-plugins-2.1.jar:2.1]
	at org.gradle.api.internal.tasks.testing.junit.JUnitTestClassExecuter.execute(JUnitTestClassExecuter.java:49) [gradle-plugins-2.1.jar:2.1]
	at org.gradle.api.internal.tasks.testing.junit.JUnitTestClassProcessor.processTestClass(JUnitTestClassProcessor.java:69) [gradle-plugins-2.1.jar:2.1]
	at org.gradle.api.internal.tasks.testing.SuiteTestClassProcessor.processTestClass(SuiteTestClassProcessor.java:48) [gradle-plugins-2.1.jar:2.1]
	at sun.reflect.NativeMethodAccessorImpl.invoke0(Native Method) ~[na:1.8.0_181]
	at sun.reflect.NativeMethodAccessorImpl.invoke(NativeMethodAccessorImpl.java:62) ~[na:1.8.0_181]
	at sun.reflect.DelegatingMethodAccessorImpl.invoke(DelegatingMethodAccessorImpl.java:43) ~[na:1.8.0_181]
	at java.lang.reflect.Method.invoke(Method.java:498) ~[na:1.8.0_181]
	at org.gradle.messaging.dispatch.ReflectionDispatch.dispatch(ReflectionDispatch.java:35) [gradle-messaging-2.1.jar:2.1]
	at org.gradle.messaging.dispatch.ReflectionDispatch.dispatch(ReflectionDispatch.java:24) [gradle-messaging-2.1.jar:2.1]
	at org.gradle.messaging.dispatch.ContextClassLoaderDispatch.dispatch(ContextClassLoaderDispatch.java:32) [gradle-messaging-2.1.jar:2.1]
	at org.gradle.messaging.dispatch.ProxyDispatchAdapter$DispatchingInvocationHandler.invoke(ProxyDispatchAdapter.java:93) [gradle-messaging-2.1.jar:2.1]
	at com.sun.proxy.$Proxy2.processTestClass(Unknown Source) [na:na]
	at org.gradle.api.internal.tasks.testing.worker.TestWorker.processTestClass(TestWorker.java:105) [gradle-plugins-2.1.jar:2.1]
	at sun.reflect.NativeMethodAccessorImpl.invoke0(Native Method) ~[na:1.8.0_181]
	at sun.reflect.NativeMethodAccessorImpl.invoke(NativeMethodAccessorImpl.java:62) ~[na:1.8.0_181]
	at sun.reflect.DelegatingMethodAccessorImpl.invoke(DelegatingMethodAccessorImpl.java:43) ~[na:1.8.0_181]
	at java.lang.reflect.Method.invoke(Method.java:498) ~[na:1.8.0_181]
	at org.gradle.messaging.dispatch.ReflectionDispatch.dispatch(ReflectionDispatch.java:35) [gradle-messaging-2.1.jar:2.1]
	at org.gradle.messaging.dispatch.ReflectionDispatch.dispatch(ReflectionDispatch.java:24) [gradle-messaging-2.1.jar:2.1]
	at org.gradle.messaging.remote.internal.hub.MessageHub$Handler.run(MessageHub.java:355) [gradle-messaging-2.1.jar:2.1]
	at org.gradle.internal.concurrent.DefaultExecutorFactory$StoppableExecutorImpl$1.run(DefaultExecutorFactory.java:64) [gradle-base-services-2.1.jar:2.1]
	at java.util.concurrent.ThreadPoolExecutor.runWorker(ThreadPoolExecutor.java:1149) [na:1.8.0_181]
	at java.util.concurrent.ThreadPoolExecutor$Worker.run(ThreadPoolExecutor.java:624) [na:1.8.0_181]
	at java.lang.Thread.run(Thread.java:748) [na:1.8.0_181]
Caused by: javax.management.InstanceAlreadyExistsException: org.springframework.boot:type=Endpoint,name=beansEndpoint
	at com.sun.jmx.mbeanserver.Repository.addMBean(Repository.java:437) ~[na:1.8.0_181]
	at com.sun.jmx.interceptor.DefaultMBeanServerInterceptor.registerWithRepository(DefaultMBeanServerInterceptor.java:1898) ~[na:1.8.0_181]
	at com.sun.jmx.interceptor.DefaultMBeanServerInterceptor.registerDynamicMBean(DefaultMBeanServerInterceptor.java:966) ~[na:1.8.0_181]
	at com.sun.jmx.interceptor.DefaultMBeanServerInterceptor.registerObject(DefaultMBeanServerInterceptor.java:900) ~[na:1.8.0_181]
	at com.sun.jmx.interceptor.DefaultMBeanServerInterceptor.registerMBean(DefaultMBeanServerInterceptor.java:324) ~[na:1.8.0_181]
	at com.sun.jmx.mbeanserver.JmxMBeanServer.registerMBean(JmxMBeanServer.java:522) ~[na:1.8.0_181]
	at org.springframework.jmx.support.MBeanRegistrationSupport.doRegister(MBeanRegistrationSupport.java:195) ~[spring-context-4.0.7.RELEASE.jar:4.0.7.RELEASE]
	at org.springframework.jmx.export.MBeanExporter.registerBeanInstance(MBeanExporter.java:662) ~[spring-context-4.0.7.RELEASE.jar:4.0.7.RELEASE]
	at org.springframework.jmx.export.MBeanExporter.registerBeanNameOrInstance(MBeanExporter.java:605) ~[spring-context-4.0.7.RELEASE.jar:4.0.7.RELEASE]
	... 51 common frames omitted
00:19:47.076 [Test worker] INFO  o.s.b.a.e.jmx.EndpointMBeanExporter - Located managed bean 'infoEndpoint': registering with JMX server as MBean [org.springframework.boot:type=Endpoint,name=infoEndpoint]
00:19:47.083 [Test worker] ERROR o.s.b.a.e.jmx.EndpointMBeanExporter - Could not register MBean for endpoint [infoEndpoint]
org.springframework.jmx.export.UnableToRegisterMBeanException: Unable to register MBean [org.springframework.boot.actuate.endpoint.jmx.DataEndpointMBean@29eb62a6] with key 'infoEndpoint'; nested exception is javax.management.InstanceAlreadyExistsException: org.springframework.boot:type=Endpoint,name=infoEndpoint
	at org.springframework.jmx.export.MBeanExporter.registerBeanNameOrInstance(MBeanExporter.java:609) ~[spring-context-4.0.7.RELEASE.jar:4.0.7.RELEASE]
	at org.springframework.boot.actuate.endpoint.jmx.EndpointMBeanExporter.registerEndpoint(EndpointMBeanExporter.java:162) [spring-boot-actuator-1.1.7.RELEASE.jar:1.1.7.RELEASE]
	at org.springframework.boot.actuate.endpoint.jmx.EndpointMBeanExporter.locateAndRegisterEndpoints(EndpointMBeanExporter.java:142) [spring-boot-actuator-1.1.7.RELEASE.jar:1.1.7.RELEASE]
	at org.springframework.boot.actuate.endpoint.jmx.EndpointMBeanExporter.doStart(EndpointMBeanExporter.java:134) [spring-boot-actuator-1.1.7.RELEASE.jar:1.1.7.RELEASE]
	at org.springframework.boot.actuate.endpoint.jmx.EndpointMBeanExporter.start(EndpointMBeanExporter.java:257) [spring-boot-actuator-1.1.7.RELEASE.jar:1.1.7.RELEASE]
	at org.springframework.context.support.DefaultLifecycleProcessor.doStart(DefaultLifecycleProcessor.java:173) [spring-context-4.0.7.RELEASE.jar:4.0.7.RELEASE]
	at org.springframework.context.support.DefaultLifecycleProcessor.access$200(DefaultLifecycleProcessor.java:51) [spring-context-4.0.7.RELEASE.jar:4.0.7.RELEASE]
	at org.springframework.context.support.DefaultLifecycleProcessor$LifecycleGroup.start(DefaultLifecycleProcessor.java:346) [spring-context-4.0.7.RELEASE.jar:4.0.7.RELEASE]
	at org.springframework.context.support.DefaultLifecycleProcessor.startBeans(DefaultLifecycleProcessor.java:149) [spring-context-4.0.7.RELEASE.jar:4.0.7.RELEASE]
	at org.springframework.context.support.DefaultLifecycleProcessor.onRefresh(DefaultLifecycleProcessor.java:112) [spring-context-4.0.7.RELEASE.jar:4.0.7.RELEASE]
	at org.springframework.context.support.AbstractApplicationContext.finishRefresh(AbstractApplicationContext.java:775) [spring-context-4.0.7.RELEASE.jar:4.0.7.RELEASE]
	at org.springframework.context.support.AbstractApplicationContext.refresh(AbstractApplicationContext.java:485) [spring-context-4.0.7.RELEASE.jar:4.0.7.RELEASE]
	at org.springframework.context.annotation.AnnotationConfigApplicationContext.<init>(AnnotationConfigApplicationContext.java:84) [spring-context-4.0.7.RELEASE.jar:4.0.7.RELEASE]
	at smpl.ordering.ConfigurationRule.apply(ConfigurationRule.java:18) [test/:na]
	at org.junit.rules.RunRules.applyAll(RunRules.java:26) [junit-4.11.jar:na]
	at org.junit.rules.RunRules.<init>(RunRules.java:15) [junit-4.11.jar:na]
	at org.junit.runners.BlockJUnit4ClassRunner.withTestRules(BlockJUnit4ClassRunner.java:379) [junit-4.11.jar:na]
	at org.junit.runners.BlockJUnit4ClassRunner.withRules(BlockJUnit4ClassRunner.java:340) [junit-4.11.jar:na]
	at org.junit.runners.BlockJUnit4ClassRunner.methodBlock(BlockJUnit4ClassRunner.java:256) [junit-4.11.jar:na]
	at org.junit.runners.BlockJUnit4ClassRunner.runChild(BlockJUnit4ClassRunner.java:70) [junit-4.11.jar:na]
	at org.junit.runners.BlockJUnit4ClassRunner.runChild(BlockJUnit4ClassRunner.java:50) [junit-4.11.jar:na]
	at org.junit.runners.ParentRunner$3.run(ParentRunner.java:238) [junit-4.11.jar:na]
	at org.junit.runners.ParentRunner$1.schedule(ParentRunner.java:63) [junit-4.11.jar:na]
	at org.junit.runners.ParentRunner.runChildren(ParentRunner.java:236) [junit-4.11.jar:na]
	at org.junit.runners.ParentRunner.access$000(ParentRunner.java:53) [junit-4.11.jar:na]
	at org.junit.runners.ParentRunner$2.evaluate(ParentRunner.java:229) [junit-4.11.jar:na]
	at org.junit.runners.ParentRunner.run(ParentRunner.java:309) [junit-4.11.jar:na]
	at org.gradle.api.internal.tasks.testing.junit.JUnitTestClassExecuter.runTestClass(JUnitTestClassExecuter.java:86) [gradle-plugins-2.1.jar:2.1]
	at org.gradle.api.internal.tasks.testing.junit.JUnitTestClassExecuter.execute(JUnitTestClassExecuter.java:49) [gradle-plugins-2.1.jar:2.1]
	at org.gradle.api.internal.tasks.testing.junit.JUnitTestClassProcessor.processTestClass(JUnitTestClassProcessor.java:69) [gradle-plugins-2.1.jar:2.1]
	at org.gradle.api.internal.tasks.testing.SuiteTestClassProcessor.processTestClass(SuiteTestClassProcessor.java:48) [gradle-plugins-2.1.jar:2.1]
	at sun.reflect.NativeMethodAccessorImpl.invoke0(Native Method) ~[na:1.8.0_181]
	at sun.reflect.NativeMethodAccessorImpl.invoke(NativeMethodAccessorImpl.java:62) ~[na:1.8.0_181]
	at sun.reflect.DelegatingMethodAccessorImpl.invoke(DelegatingMethodAccessorImpl.java:43) ~[na:1.8.0_181]
	at java.lang.reflect.Method.invoke(Method.java:498) ~[na:1.8.0_181]
	at org.gradle.messaging.dispatch.ReflectionDispatch.dispatch(ReflectionDispatch.java:35) [gradle-messaging-2.1.jar:2.1]
	at org.gradle.messaging.dispatch.ReflectionDispatch.dispatch(ReflectionDispatch.java:24) [gradle-messaging-2.1.jar:2.1]
	at org.gradle.messaging.dispatch.ContextClassLoaderDispatch.dispatch(ContextClassLoaderDispatch.java:32) [gradle-messaging-2.1.jar:2.1]
	at org.gradle.messaging.dispatch.ProxyDispatchAdapter$DispatchingInvocationHandler.invoke(ProxyDispatchAdapter.java:93) [gradle-messaging-2.1.jar:2.1]
	at com.sun.proxy.$Proxy2.processTestClass(Unknown Source) [na:na]
	at org.gradle.api.internal.tasks.testing.worker.TestWorker.processTestClass(TestWorker.java:105) [gradle-plugins-2.1.jar:2.1]
	at sun.reflect.NativeMethodAccessorImpl.invoke0(Native Method) ~[na:1.8.0_181]
	at sun.reflect.NativeMethodAccessorImpl.invoke(NativeMethodAccessorImpl.java:62) ~[na:1.8.0_181]
	at sun.reflect.DelegatingMethodAccessorImpl.invoke(DelegatingMethodAccessorImpl.java:43) ~[na:1.8.0_181]
	at java.lang.reflect.Method.invoke(Method.java:498) ~[na:1.8.0_181]
	at org.gradle.messaging.dispatch.ReflectionDispatch.dispatch(ReflectionDispatch.java:35) [gradle-messaging-2.1.jar:2.1]
	at org.gradle.messaging.dispatch.ReflectionDispatch.dispatch(ReflectionDispatch.java:24) [gradle-messaging-2.1.jar:2.1]
	at org.gradle.messaging.remote.internal.hub.MessageHub$Handler.run(MessageHub.java:355) [gradle-messaging-2.1.jar:2.1]
	at org.gradle.internal.concurrent.DefaultExecutorFactory$StoppableExecutorImpl$1.run(DefaultExecutorFactory.java:64) [gradle-base-services-2.1.jar:2.1]
	at java.util.concurrent.ThreadPoolExecutor.runWorker(ThreadPoolExecutor.java:1149) [na:1.8.0_181]
	at java.util.concurrent.ThreadPoolExecutor$Worker.run(ThreadPoolExecutor.java:624) [na:1.8.0_181]
	at java.lang.Thread.run(Thread.java:748) [na:1.8.0_181]
Caused by: javax.management.InstanceAlreadyExistsException: org.springframework.boot:type=Endpoint,name=infoEndpoint
	at com.sun.jmx.mbeanserver.Repository.addMBean(Repository.java:437) ~[na:1.8.0_181]
	at com.sun.jmx.interceptor.DefaultMBeanServerInterceptor.registerWithRepository(DefaultMBeanServerInterceptor.java:1898) ~[na:1.8.0_181]
	at com.sun.jmx.interceptor.DefaultMBeanServerInterceptor.registerDynamicMBean(DefaultMBeanServerInterceptor.java:966) ~[na:1.8.0_181]
	at com.sun.jmx.interceptor.DefaultMBeanServerInterceptor.registerObject(DefaultMBeanServerInterceptor.java:900) ~[na:1.8.0_181]
	at com.sun.jmx.interceptor.DefaultMBeanServerInterceptor.registerMBean(DefaultMBeanServerInterceptor.java:324) ~[na:1.8.0_181]
	at com.sun.jmx.mbeanserver.JmxMBeanServer.registerMBean(JmxMBeanServer.java:522) ~[na:1.8.0_181]
	at org.springframework.jmx.support.MBeanRegistrationSupport.doRegister(MBeanRegistrationSupport.java:195) ~[spring-context-4.0.7.RELEASE.jar:4.0.7.RELEASE]
	at org.springframework.jmx.export.MBeanExporter.registerBeanInstance(MBeanExporter.java:662) ~[spring-context-4.0.7.RELEASE.jar:4.0.7.RELEASE]
	at org.springframework.jmx.export.MBeanExporter.registerBeanNameOrInstance(MBeanExporter.java:605) ~[spring-context-4.0.7.RELEASE.jar:4.0.7.RELEASE]
	... 51 common frames omitted
00:19:47.083 [Test worker] INFO  o.s.b.a.e.jmx.EndpointMBeanExporter - Located managed bean 'metricsEndpoint': registering with JMX server as MBean [org.springframework.boot:type=Endpoint,name=metricsEndpoint]
00:19:47.085 [Test worker] ERROR o.s.b.a.e.jmx.EndpointMBeanExporter - Could not register MBean for endpoint [metricsEndpoint]
org.springframework.jmx.export.UnableToRegisterMBeanException: Unable to register MBean [org.springframework.boot.actuate.endpoint.jmx.DataEndpointMBean@65c3a800] with key 'metricsEndpoint'; nested exception is javax.management.InstanceAlreadyExistsException: org.springframework.boot:type=Endpoint,name=metricsEndpoint
	at org.springframework.jmx.export.MBeanExporter.registerBeanNameOrInstance(MBeanExporter.java:609) ~[spring-context-4.0.7.RELEASE.jar:4.0.7.RELEASE]
	at org.springframework.boot.actuate.endpoint.jmx.EndpointMBeanExporter.registerEndpoint(EndpointMBeanExporter.java:162) [spring-boot-actuator-1.1.7.RELEASE.jar:1.1.7.RELEASE]
	at org.springframework.boot.actuate.endpoint.jmx.EndpointMBeanExporter.locateAndRegisterEndpoints(EndpointMBeanExporter.java:142) [spring-boot-actuator-1.1.7.RELEASE.jar:1.1.7.RELEASE]
	at org.springframework.boot.actuate.endpoint.jmx.EndpointMBeanExporter.doStart(EndpointMBeanExporter.java:134) [spring-boot-actuator-1.1.7.RELEASE.jar:1.1.7.RELEASE]
	at org.springframework.boot.actuate.endpoint.jmx.EndpointMBeanExporter.start(EndpointMBeanExporter.java:257) [spring-boot-actuator-1.1.7.RELEASE.jar:1.1.7.RELEASE]
	at org.springframework.context.support.DefaultLifecycleProcessor.doStart(DefaultLifecycleProcessor.java:173) [spring-context-4.0.7.RELEASE.jar:4.0.7.RELEASE]
	at org.springframework.context.support.DefaultLifecycleProcessor.access$200(DefaultLifecycleProcessor.java:51) [spring-context-4.0.7.RELEASE.jar:4.0.7.RELEASE]
	at org.springframework.context.support.DefaultLifecycleProcessor$LifecycleGroup.start(DefaultLifecycleProcessor.java:346) [spring-context-4.0.7.RELEASE.jar:4.0.7.RELEASE]
	at org.springframework.context.support.DefaultLifecycleProcessor.startBeans(DefaultLifecycleProcessor.java:149) [spring-context-4.0.7.RELEASE.jar:4.0.7.RELEASE]
	at org.springframework.context.support.DefaultLifecycleProcessor.onRefresh(DefaultLifecycleProcessor.java:112) [spring-context-4.0.7.RELEASE.jar:4.0.7.RELEASE]
	at org.springframework.context.support.AbstractApplicationContext.finishRefresh(AbstractApplicationContext.java:775) [spring-context-4.0.7.RELEASE.jar:4.0.7.RELEASE]
	at org.springframework.context.support.AbstractApplicationContext.refresh(AbstractApplicationContext.java:485) [spring-context-4.0.7.RELEASE.jar:4.0.7.RELEASE]
	at org.springframework.context.annotation.AnnotationConfigApplicationContext.<init>(AnnotationConfigApplicationContext.java:84) [spring-context-4.0.7.RELEASE.jar:4.0.7.RELEASE]
	at smpl.ordering.ConfigurationRule.apply(ConfigurationRule.java:18) [test/:na]
	at org.junit.rules.RunRules.applyAll(RunRules.java:26) [junit-4.11.jar:na]
	at org.junit.rules.RunRules.<init>(RunRules.java:15) [junit-4.11.jar:na]
	at org.junit.runners.BlockJUnit4ClassRunner.withTestRules(BlockJUnit4ClassRunner.java:379) [junit-4.11.jar:na]
	at org.junit.runners.BlockJUnit4ClassRunner.withRules(BlockJUnit4ClassRunner.java:340) [junit-4.11.jar:na]
	at org.junit.runners.BlockJUnit4ClassRunner.methodBlock(BlockJUnit4ClassRunner.java:256) [junit-4.11.jar:na]
	at org.junit.runners.BlockJUnit4ClassRunner.runChild(BlockJUnit4ClassRunner.java:70) [junit-4.11.jar:na]
	at org.junit.runners.BlockJUnit4ClassRunner.runChild(BlockJUnit4ClassRunner.java:50) [junit-4.11.jar:na]
	at org.junit.runners.ParentRunner$3.run(ParentRunner.java:238) [junit-4.11.jar:na]
	at org.junit.runners.ParentRunner$1.schedule(ParentRunner.java:63) [junit-4.11.jar:na]
	at org.junit.runners.ParentRunner.runChildren(ParentRunner.java:236) [junit-4.11.jar:na]
	at org.junit.runners.ParentRunner.access$000(ParentRunner.java:53) [junit-4.11.jar:na]
	at org.junit.runners.ParentRunner$2.evaluate(ParentRunner.java:229) [junit-4.11.jar:na]
	at org.junit.runners.ParentRunner.run(ParentRunner.java:309) [junit-4.11.jar:na]
	at org.gradle.api.internal.tasks.testing.junit.JUnitTestClassExecuter.runTestClass(JUnitTestClassExecuter.java:86) [gradle-plugins-2.1.jar:2.1]
	at org.gradle.api.internal.tasks.testing.junit.JUnitTestClassExecuter.execute(JUnitTestClassExecuter.java:49) [gradle-plugins-2.1.jar:2.1]
	at org.gradle.api.internal.tasks.testing.junit.JUnitTestClassProcessor.processTestClass(JUnitTestClassProcessor.java:69) [gradle-plugins-2.1.jar:2.1]
	at org.gradle.api.internal.tasks.testing.SuiteTestClassProcessor.processTestClass(SuiteTestClassProcessor.java:48) [gradle-plugins-2.1.jar:2.1]
	at sun.reflect.NativeMethodAccessorImpl.invoke0(Native Method) ~[na:1.8.0_181]
	at sun.reflect.NativeMethodAccessorImpl.invoke(NativeMethodAccessorImpl.java:62) ~[na:1.8.0_181]
	at sun.reflect.DelegatingMethodAccessorImpl.invoke(DelegatingMethodAccessorImpl.java:43) ~[na:1.8.0_181]
	at java.lang.reflect.Method.invoke(Method.java:498) ~[na:1.8.0_181]
	at org.gradle.messaging.dispatch.ReflectionDispatch.dispatch(ReflectionDispatch.java:35) [gradle-messaging-2.1.jar:2.1]
	at org.gradle.messaging.dispatch.ReflectionDispatch.dispatch(ReflectionDispatch.java:24) [gradle-messaging-2.1.jar:2.1]
	at org.gradle.messaging.dispatch.ContextClassLoaderDispatch.dispatch(ContextClassLoaderDispatch.java:32) [gradle-messaging-2.1.jar:2.1]
	at org.gradle.messaging.dispatch.ProxyDispatchAdapter$DispatchingInvocationHandler.invoke(ProxyDispatchAdapter.java:93) [gradle-messaging-2.1.jar:2.1]
	at com.sun.proxy.$Proxy2.processTestClass(Unknown Source) [na:na]
	at org.gradle.api.internal.tasks.testing.worker.TestWorker.processTestClass(TestWorker.java:105) [gradle-plugins-2.1.jar:2.1]
	at sun.reflect.NativeMethodAccessorImpl.invoke0(Native Method) ~[na:1.8.0_181]
	at sun.reflect.NativeMethodAccessorImpl.invoke(NativeMethodAccessorImpl.java:62) ~[na:1.8.0_181]
	at sun.reflect.DelegatingMethodAccessorImpl.invoke(DelegatingMethodAccessorImpl.java:43) ~[na:1.8.0_181]
	at java.lang.reflect.Method.invoke(Method.java:498) ~[na:1.8.0_181]
	at org.gradle.messaging.dispatch.ReflectionDispatch.dispatch(ReflectionDispatch.java:35) [gradle-messaging-2.1.jar:2.1]
	at org.gradle.messaging.dispatch.ReflectionDispatch.dispatch(ReflectionDispatch.java:24) [gradle-messaging-2.1.jar:2.1]
	at org.gradle.messaging.remote.internal.hub.MessageHub$Handler.run(MessageHub.java:355) [gradle-messaging-2.1.jar:2.1]
	at org.gradle.internal.concurrent.DefaultExecutorFactory$StoppableExecutorImpl$1.run(DefaultExecutorFactory.java:64) [gradle-base-services-2.1.jar:2.1]
	at java.util.concurrent.ThreadPoolExecutor.runWorker(ThreadPoolExecutor.java:1149) [na:1.8.0_181]
	at java.util.concurrent.ThreadPoolExecutor$Worker.run(ThreadPoolExecutor.java:624) [na:1.8.0_181]
	at java.lang.Thread.run(Thread.java:748) [na:1.8.0_181]
Caused by: javax.management.InstanceAlreadyExistsException: org.springframework.boot:type=Endpoint,name=metricsEndpoint
	at com.sun.jmx.mbeanserver.Repository.addMBean(Repository.java:437) ~[na:1.8.0_181]
	at com.sun.jmx.interceptor.DefaultMBeanServerInterceptor.registerWithRepository(DefaultMBeanServerInterceptor.java:1898) ~[na:1.8.0_181]
	at com.sun.jmx.interceptor.DefaultMBeanServerInterceptor.registerDynamicMBean(DefaultMBeanServerInterceptor.java:966) ~[na:1.8.0_181]
	at com.sun.jmx.interceptor.DefaultMBeanServerInterceptor.registerObject(DefaultMBeanServerInterceptor.java:900) ~[na:1.8.0_181]
	at com.sun.jmx.interceptor.DefaultMBeanServerInterceptor.registerMBean(DefaultMBeanServerInterceptor.java:324) ~[na:1.8.0_181]
	at com.sun.jmx.mbeanserver.JmxMBeanServer.registerMBean(JmxMBeanServer.java:522) ~[na:1.8.0_181]
	at org.springframework.jmx.support.MBeanRegistrationSupport.doRegister(MBeanRegistrationSupport.java:195) ~[spring-context-4.0.7.RELEASE.jar:4.0.7.RELEASE]
	at org.springframework.jmx.export.MBeanExporter.registerBeanInstance(MBeanExporter.java:662) ~[spring-context-4.0.7.RELEASE.jar:4.0.7.RELEASE]
	at org.springframework.jmx.export.MBeanExporter.registerBeanNameOrInstance(MBeanExporter.java:605) ~[spring-context-4.0.7.RELEASE.jar:4.0.7.RELEASE]
	... 51 common frames omitted
00:19:47.086 [Test worker] INFO  o.s.b.a.e.jmx.EndpointMBeanExporter - Located managed bean 'traceEndpoint': registering with JMX server as MBean [org.springframework.boot:type=Endpoint,name=traceEndpoint]
00:19:47.088 [Test worker] ERROR o.s.b.a.e.jmx.EndpointMBeanExporter - Could not register MBean for endpoint [traceEndpoint]
org.springframework.jmx.export.UnableToRegisterMBeanException: Unable to register MBean [org.springframework.boot.actuate.endpoint.jmx.DataEndpointMBean@219a83fd] with key 'traceEndpoint'; nested exception is javax.management.InstanceAlreadyExistsException: org.springframework.boot:type=Endpoint,name=traceEndpoint
	at org.springframework.jmx.export.MBeanExporter.registerBeanNameOrInstance(MBeanExporter.java:609) ~[spring-context-4.0.7.RELEASE.jar:4.0.7.RELEASE]
	at org.springframework.boot.actuate.endpoint.jmx.EndpointMBeanExporter.registerEndpoint(EndpointMBeanExporter.java:162) [spring-boot-actuator-1.1.7.RELEASE.jar:1.1.7.RELEASE]
	at org.springframework.boot.actuate.endpoint.jmx.EndpointMBeanExporter.locateAndRegisterEndpoints(EndpointMBeanExporter.java:142) [spring-boot-actuator-1.1.7.RELEASE.jar:1.1.7.RELEASE]
	at org.springframework.boot.actuate.endpoint.jmx.EndpointMBeanExporter.doStart(EndpointMBeanExporter.java:134) [spring-boot-actuator-1.1.7.RELEASE.jar:1.1.7.RELEASE]
	at org.springframework.boot.actuate.endpoint.jmx.EndpointMBeanExporter.start(EndpointMBeanExporter.java:257) [spring-boot-actuator-1.1.7.RELEASE.jar:1.1.7.RELEASE]
	at org.springframework.context.support.DefaultLifecycleProcessor.doStart(DefaultLifecycleProcessor.java:173) [spring-context-4.0.7.RELEASE.jar:4.0.7.RELEASE]
	at org.springframework.context.support.DefaultLifecycleProcessor.access$200(DefaultLifecycleProcessor.java:51) [spring-context-4.0.7.RELEASE.jar:4.0.7.RELEASE]
	at org.springframework.context.support.DefaultLifecycleProcessor$LifecycleGroup.start(DefaultLifecycleProcessor.java:346) [spring-context-4.0.7.RELEASE.jar:4.0.7.RELEASE]
	at org.springframework.context.support.DefaultLifecycleProcessor.startBeans(DefaultLifecycleProcessor.java:149) [spring-context-4.0.7.RELEASE.jar:4.0.7.RELEASE]
	at org.springframework.context.support.DefaultLifecycleProcessor.onRefresh(DefaultLifecycleProcessor.java:112) [spring-context-4.0.7.RELEASE.jar:4.0.7.RELEASE]
	at org.springframework.context.support.AbstractApplicationContext.finishRefresh(AbstractApplicationContext.java:775) [spring-context-4.0.7.RELEASE.jar:4.0.7.RELEASE]
	at org.springframework.context.support.AbstractApplicationContext.refresh(AbstractApplicationContext.java:485) [spring-context-4.0.7.RELEASE.jar:4.0.7.RELEASE]
	at org.springframework.context.annotation.AnnotationConfigApplicationContext.<init>(AnnotationConfigApplicationContext.java:84) [spring-context-4.0.7.RELEASE.jar:4.0.7.RELEASE]
	at smpl.ordering.ConfigurationRule.apply(ConfigurationRule.java:18) [test/:na]
	at org.junit.rules.RunRules.applyAll(RunRules.java:26) [junit-4.11.jar:na]
	at org.junit.rules.RunRules.<init>(RunRules.java:15) [junit-4.11.jar:na]
	at org.junit.runners.BlockJUnit4ClassRunner.withTestRules(BlockJUnit4ClassRunner.java:379) [junit-4.11.jar:na]
	at org.junit.runners.BlockJUnit4ClassRunner.withRules(BlockJUnit4ClassRunner.java:340) [junit-4.11.jar:na]
	at org.junit.runners.BlockJUnit4ClassRunner.methodBlock(BlockJUnit4ClassRunner.java:256) [junit-4.11.jar:na]
	at org.junit.runners.BlockJUnit4ClassRunner.runChild(BlockJUnit4ClassRunner.java:70) [junit-4.11.jar:na]
	at org.junit.runners.BlockJUnit4ClassRunner.runChild(BlockJUnit4ClassRunner.java:50) [junit-4.11.jar:na]
	at org.junit.runners.ParentRunner$3.run(ParentRunner.java:238) [junit-4.11.jar:na]
	at org.junit.runners.ParentRunner$1.schedule(ParentRunner.java:63) [junit-4.11.jar:na]
	at org.junit.runners.ParentRunner.runChildren(ParentRunner.java:236) [junit-4.11.jar:na]
	at org.junit.runners.ParentRunner.access$000(ParentRunner.java:53) [junit-4.11.jar:na]
	at org.junit.runners.ParentRunner$2.evaluate(ParentRunner.java:229) [junit-4.11.jar:na]
	at org.junit.runners.ParentRunner.run(ParentRunner.java:309) [junit-4.11.jar:na]
	at org.gradle.api.internal.tasks.testing.junit.JUnitTestClassExecuter.runTestClass(JUnitTestClassExecuter.java:86) [gradle-plugins-2.1.jar:2.1]
	at org.gradle.api.internal.tasks.testing.junit.JUnitTestClassExecuter.execute(JUnitTestClassExecuter.java:49) [gradle-plugins-2.1.jar:2.1]
	at org.gradle.api.internal.tasks.testing.junit.JUnitTestClassProcessor.processTestClass(JUnitTestClassProcessor.java:69) [gradle-plugins-2.1.jar:2.1]
	at org.gradle.api.internal.tasks.testing.SuiteTestClassProcessor.processTestClass(SuiteTestClassProcessor.java:48) [gradle-plugins-2.1.jar:2.1]
	at sun.reflect.NativeMethodAccessorImpl.invoke0(Native Method) ~[na:1.8.0_181]
	at sun.reflect.NativeMethodAccessorImpl.invoke(NativeMethodAccessorImpl.java:62) ~[na:1.8.0_181]
	at sun.reflect.DelegatingMethodAccessorImpl.invoke(DelegatingMethodAccessorImpl.java:43) ~[na:1.8.0_181]
	at java.lang.reflect.Method.invoke(Method.java:498) ~[na:1.8.0_181]
	at org.gradle.messaging.dispatch.ReflectionDispatch.dispatch(ReflectionDispatch.java:35) [gradle-messaging-2.1.jar:2.1]
	at org.gradle.messaging.dispatch.ReflectionDispatch.dispatch(ReflectionDispatch.java:24) [gradle-messaging-2.1.jar:2.1]
	at org.gradle.messaging.dispatch.ContextClassLoaderDispatch.dispatch(ContextClassLoaderDispatch.java:32) [gradle-messaging-2.1.jar:2.1]
	at org.gradle.messaging.dispatch.ProxyDispatchAdapter$DispatchingInvocationHandler.invoke(ProxyDispatchAdapter.java:93) [gradle-messaging-2.1.jar:2.1]
	at com.sun.proxy.$Proxy2.processTestClass(Unknown Source) [na:na]
	at org.gradle.api.internal.tasks.testing.worker.TestWorker.processTestClass(TestWorker.java:105) [gradle-plugins-2.1.jar:2.1]
	at sun.reflect.NativeMethodAccessorImpl.invoke0(Native Method) ~[na:1.8.0_181]
	at sun.reflect.NativeMethodAccessorImpl.invoke(NativeMethodAccessorImpl.java:62) ~[na:1.8.0_181]
	at sun.reflect.DelegatingMethodAccessorImpl.invoke(DelegatingMethodAccessorImpl.java:43) ~[na:1.8.0_181]
	at java.lang.reflect.Method.invoke(Method.java:498) ~[na:1.8.0_181]
	at org.gradle.messaging.dispatch.ReflectionDispatch.dispatch(ReflectionDispatch.java:35) [gradle-messaging-2.1.jar:2.1]
	at org.gradle.messaging.dispatch.ReflectionDispatch.dispatch(ReflectionDispatch.java:24) [gradle-messaging-2.1.jar:2.1]
	at org.gradle.messaging.remote.internal.hub.MessageHub$Handler.run(MessageHub.java:355) [gradle-messaging-2.1.jar:2.1]
	at org.gradle.internal.concurrent.DefaultExecutorFactory$StoppableExecutorImpl$1.run(DefaultExecutorFactory.java:64) [gradle-base-services-2.1.jar:2.1]
	at java.util.concurrent.ThreadPoolExecutor.runWorker(ThreadPoolExecutor.java:1149) [na:1.8.0_181]
	at java.util.concurrent.ThreadPoolExecutor$Worker.run(ThreadPoolExecutor.java:624) [na:1.8.0_181]
	at java.lang.Thread.run(Thread.java:748) [na:1.8.0_181]
Caused by: javax.management.InstanceAlreadyExistsException: org.springframework.boot:type=Endpoint,name=traceEndpoint
	at com.sun.jmx.mbeanserver.Repository.addMBean(Repository.java:437) ~[na:1.8.0_181]
	at com.sun.jmx.interceptor.DefaultMBeanServerInterceptor.registerWithRepository(DefaultMBeanServerInterceptor.java:1898) ~[na:1.8.0_181]
	at com.sun.jmx.interceptor.DefaultMBeanServerInterceptor.registerDynamicMBean(DefaultMBeanServerInterceptor.java:966) ~[na:1.8.0_181]
	at com.sun.jmx.interceptor.DefaultMBeanServerInterceptor.registerObject(DefaultMBeanServerInterceptor.java:900) ~[na:1.8.0_181]
	at com.sun.jmx.interceptor.DefaultMBeanServerInterceptor.registerMBean(DefaultMBeanServerInterceptor.java:324) ~[na:1.8.0_181]
	at com.sun.jmx.mbeanserver.JmxMBeanServer.registerMBean(JmxMBeanServer.java:522) ~[na:1.8.0_181]
	at org.springframework.jmx.support.MBeanRegistrationSupport.doRegister(MBeanRegistrationSupport.java:195) ~[spring-context-4.0.7.RELEASE.jar:4.0.7.RELEASE]
	at org.springframework.jmx.export.MBeanExporter.registerBeanInstance(MBeanExporter.java:662) ~[spring-context-4.0.7.RELEASE.jar:4.0.7.RELEASE]
	at org.springframework.jmx.export.MBeanExporter.registerBeanNameOrInstance(MBeanExporter.java:605) ~[spring-context-4.0.7.RELEASE.jar:4.0.7.RELEASE]
	... 51 common frames omitted
00:19:47.088 [Test worker] INFO  o.s.b.a.e.jmx.EndpointMBeanExporter - Located managed bean 'dumpEndpoint': registering with JMX server as MBean [org.springframework.boot:type=Endpoint,name=dumpEndpoint]
00:19:47.090 [Test worker] ERROR o.s.b.a.e.jmx.EndpointMBeanExporter - Could not register MBean for endpoint [dumpEndpoint]
org.springframework.jmx.export.UnableToRegisterMBeanException: Unable to register MBean [org.springframework.boot.actuate.endpoint.jmx.DataEndpointMBean@53163b3a] with key 'dumpEndpoint'; nested exception is javax.management.InstanceAlreadyExistsException: org.springframework.boot:type=Endpoint,name=dumpEndpoint
	at org.springframework.jmx.export.MBeanExporter.registerBeanNameOrInstance(MBeanExporter.java:609) ~[spring-context-4.0.7.RELEASE.jar:4.0.7.RELEASE]
	at org.springframework.boot.actuate.endpoint.jmx.EndpointMBeanExporter.registerEndpoint(EndpointMBeanExporter.java:162) [spring-boot-actuator-1.1.7.RELEASE.jar:1.1.7.RELEASE]
	at org.springframework.boot.actuate.endpoint.jmx.EndpointMBeanExporter.locateAndRegisterEndpoints(EndpointMBeanExporter.java:142) [spring-boot-actuator-1.1.7.RELEASE.jar:1.1.7.RELEASE]
	at org.springframework.boot.actuate.endpoint.jmx.EndpointMBeanExporter.doStart(EndpointMBeanExporter.java:134) [spring-boot-actuator-1.1.7.RELEASE.jar:1.1.7.RELEASE]
	at org.springframework.boot.actuate.endpoint.jmx.EndpointMBeanExporter.start(EndpointMBeanExporter.java:257) [spring-boot-actuator-1.1.7.RELEASE.jar:1.1.7.RELEASE]
	at org.springframework.context.support.DefaultLifecycleProcessor.doStart(DefaultLifecycleProcessor.java:173) [spring-context-4.0.7.RELEASE.jar:4.0.7.RELEASE]
	at org.springframework.context.support.DefaultLifecycleProcessor.access$200(DefaultLifecycleProcessor.java:51) [spring-context-4.0.7.RELEASE.jar:4.0.7.RELEASE]
	at org.springframework.context.support.DefaultLifecycleProcessor$LifecycleGroup.start(DefaultLifecycleProcessor.java:346) [spring-context-4.0.7.RELEASE.jar:4.0.7.RELEASE]
	at org.springframework.context.support.DefaultLifecycleProcessor.startBeans(DefaultLifecycleProcessor.java:149) [spring-context-4.0.7.RELEASE.jar:4.0.7.RELEASE]
	at org.springframework.context.support.DefaultLifecycleProcessor.onRefresh(DefaultLifecycleProcessor.java:112) [spring-context-4.0.7.RELEASE.jar:4.0.7.RELEASE]
	at org.springframework.context.support.AbstractApplicationContext.finishRefresh(AbstractApplicationContext.java:775) [spring-context-4.0.7.RELEASE.jar:4.0.7.RELEASE]
	at org.springframework.context.support.AbstractApplicationContext.refresh(AbstractApplicationContext.java:485) [spring-context-4.0.7.RELEASE.jar:4.0.7.RELEASE]
	at org.springframework.context.annotation.AnnotationConfigApplicationContext.<init>(AnnotationConfigApplicationContext.java:84) [spring-context-4.0.7.RELEASE.jar:4.0.7.RELEASE]
	at smpl.ordering.ConfigurationRule.apply(ConfigurationRule.java:18) [test/:na]
	at org.junit.rules.RunRules.applyAll(RunRules.java:26) [junit-4.11.jar:na]
	at org.junit.rules.RunRules.<init>(RunRules.java:15) [junit-4.11.jar:na]
	at org.junit.runners.BlockJUnit4ClassRunner.withTestRules(BlockJUnit4ClassRunner.java:379) [junit-4.11.jar:na]
	at org.junit.runners.BlockJUnit4ClassRunner.withRules(BlockJUnit4ClassRunner.java:340) [junit-4.11.jar:na]
	at org.junit.runners.BlockJUnit4ClassRunner.methodBlock(BlockJUnit4ClassRunner.java:256) [junit-4.11.jar:na]
	at org.junit.runners.BlockJUnit4ClassRunner.runChild(BlockJUnit4ClassRunner.java:70) [junit-4.11.jar:na]
	at org.junit.runners.BlockJUnit4ClassRunner.runChild(BlockJUnit4ClassRunner.java:50) [junit-4.11.jar:na]
	at org.junit.runners.ParentRunner$3.run(ParentRunner.java:238) [junit-4.11.jar:na]
	at org.junit.runners.ParentRunner$1.schedule(ParentRunner.java:63) [junit-4.11.jar:na]
	at org.junit.runners.ParentRunner.runChildren(ParentRunner.java:236) [junit-4.11.jar:na]
	at org.junit.runners.ParentRunner.access$000(ParentRunner.java:53) [junit-4.11.jar:na]
	at org.junit.runners.ParentRunner$2.evaluate(ParentRunner.java:229) [junit-4.11.jar:na]
	at org.junit.runners.ParentRunner.run(ParentRunner.java:309) [junit-4.11.jar:na]
	at org.gradle.api.internal.tasks.testing.junit.JUnitTestClassExecuter.runTestClass(JUnitTestClassExecuter.java:86) [gradle-plugins-2.1.jar:2.1]
	at org.gradle.api.internal.tasks.testing.junit.JUnitTestClassExecuter.execute(JUnitTestClassExecuter.java:49) [gradle-plugins-2.1.jar:2.1]
	at org.gradle.api.internal.tasks.testing.junit.JUnitTestClassProcessor.processTestClass(JUnitTestClassProcessor.java:69) [gradle-plugins-2.1.jar:2.1]
	at org.gradle.api.internal.tasks.testing.SuiteTestClassProcessor.processTestClass(SuiteTestClassProcessor.java:48) [gradle-plugins-2.1.jar:2.1]
	at sun.reflect.NativeMethodAccessorImpl.invoke0(Native Method) ~[na:1.8.0_181]
	at sun.reflect.NativeMethodAccessorImpl.invoke(NativeMethodAccessorImpl.java:62) ~[na:1.8.0_181]
	at sun.reflect.DelegatingMethodAccessorImpl.invoke(DelegatingMethodAccessorImpl.java:43) ~[na:1.8.0_181]
	at java.lang.reflect.Method.invoke(Method.java:498) ~[na:1.8.0_181]
	at org.gradle.messaging.dispatch.ReflectionDispatch.dispatch(ReflectionDispatch.java:35) [gradle-messaging-2.1.jar:2.1]
	at org.gradle.messaging.dispatch.ReflectionDispatch.dispatch(ReflectionDispatch.java:24) [gradle-messaging-2.1.jar:2.1]
	at org.gradle.messaging.dispatch.ContextClassLoaderDispatch.dispatch(ContextClassLoaderDispatch.java:32) [gradle-messaging-2.1.jar:2.1]
	at org.gradle.messaging.dispatch.ProxyDispatchAdapter$DispatchingInvocationHandler.invoke(ProxyDispatchAdapter.java:93) [gradle-messaging-2.1.jar:2.1]
	at com.sun.proxy.$Proxy2.processTestClass(Unknown Source) [na:na]
	at org.gradle.api.internal.tasks.testing.worker.TestWorker.processTestClass(TestWorker.java:105) [gradle-plugins-2.1.jar:2.1]
	at sun.reflect.NativeMethodAccessorImpl.invoke0(Native Method) ~[na:1.8.0_181]
	at sun.reflect.NativeMethodAccessorImpl.invoke(NativeMethodAccessorImpl.java:62) ~[na:1.8.0_181]
	at sun.reflect.DelegatingMethodAccessorImpl.invoke(DelegatingMethodAccessorImpl.java:43) ~[na:1.8.0_181]
	at java.lang.reflect.Method.invoke(Method.java:498) ~[na:1.8.0_181]
	at org.gradle.messaging.dispatch.ReflectionDispatch.dispatch(ReflectionDispatch.java:35) [gradle-messaging-2.1.jar:2.1]
	at org.gradle.messaging.dispatch.ReflectionDispatch.dispatch(ReflectionDispatch.java:24) [gradle-messaging-2.1.jar:2.1]
	at org.gradle.messaging.remote.internal.hub.MessageHub$Handler.run(MessageHub.java:355) [gradle-messaging-2.1.jar:2.1]
	at org.gradle.internal.concurrent.DefaultExecutorFactory$StoppableExecutorImpl$1.run(DefaultExecutorFactory.java:64) [gradle-base-services-2.1.jar:2.1]
	at java.util.concurrent.ThreadPoolExecutor.runWorker(ThreadPoolExecutor.java:1149) [na:1.8.0_181]
	at java.util.concurrent.ThreadPoolExecutor$Worker.run(ThreadPoolExecutor.java:624) [na:1.8.0_181]
	at java.lang.Thread.run(Thread.java:748) [na:1.8.0_181]
Caused by: javax.management.InstanceAlreadyExistsException: org.springframework.boot:type=Endpoint,name=dumpEndpoint
	at com.sun.jmx.mbeanserver.Repository.addMBean(Repository.java:437) ~[na:1.8.0_181]
	at com.sun.jmx.interceptor.DefaultMBeanServerInterceptor.registerWithRepository(DefaultMBeanServerInterceptor.java:1898) ~[na:1.8.0_181]
	at com.sun.jmx.interceptor.DefaultMBeanServerInterceptor.registerDynamicMBean(DefaultMBeanServerInterceptor.java:966) ~[na:1.8.0_181]
	at com.sun.jmx.interceptor.DefaultMBeanServerInterceptor.registerObject(DefaultMBeanServerInterceptor.java:900) ~[na:1.8.0_181]
	at com.sun.jmx.interceptor.DefaultMBeanServerInterceptor.registerMBean(DefaultMBeanServerInterceptor.java:324) ~[na:1.8.0_181]
	at com.sun.jmx.mbeanserver.JmxMBeanServer.registerMBean(JmxMBeanServer.java:522) ~[na:1.8.0_181]
	at org.springframework.jmx.support.MBeanRegistrationSupport.doRegister(MBeanRegistrationSupport.java:195) ~[spring-context-4.0.7.RELEASE.jar:4.0.7.RELEASE]
	at org.springframework.jmx.export.MBeanExporter.registerBeanInstance(MBeanExporter.java:662) ~[spring-context-4.0.7.RELEASE.jar:4.0.7.RELEASE]
	at org.springframework.jmx.export.MBeanExporter.registerBeanNameOrInstance(MBeanExporter.java:605) ~[spring-context-4.0.7.RELEASE.jar:4.0.7.RELEASE]
	... 51 common frames omitted
00:19:47.091 [Test worker] INFO  o.s.b.a.e.jmx.EndpointMBeanExporter - Located managed bean 'autoConfigurationAuditEndpoint': registering with JMX server as MBean [org.springframework.boot:type=Endpoint,name=autoConfigurationAuditEndpoint]
00:19:47.097 [Test worker] ERROR o.s.b.a.e.jmx.EndpointMBeanExporter - Could not register MBean for endpoint [autoConfigurationAuditEndpoint]
org.springframework.jmx.export.UnableToRegisterMBeanException: Unable to register MBean [org.springframework.boot.actuate.endpoint.jmx.DataEndpointMBean@28d22cea] with key 'autoConfigurationAuditEndpoint'; nested exception is javax.management.InstanceAlreadyExistsException: org.springframework.boot:type=Endpoint,name=autoConfigurationAuditEndpoint
	at org.springframework.jmx.export.MBeanExporter.registerBeanNameOrInstance(MBeanExporter.java:609) ~[spring-context-4.0.7.RELEASE.jar:4.0.7.RELEASE]
	at org.springframework.boot.actuate.endpoint.jmx.EndpointMBeanExporter.registerEndpoint(EndpointMBeanExporter.java:162) [spring-boot-actuator-1.1.7.RELEASE.jar:1.1.7.RELEASE]
	at org.springframework.boot.actuate.endpoint.jmx.EndpointMBeanExporter.locateAndRegisterEndpoints(EndpointMBeanExporter.java:142) [spring-boot-actuator-1.1.7.RELEASE.jar:1.1.7.RELEASE]
	at org.springframework.boot.actuate.endpoint.jmx.EndpointMBeanExporter.doStart(EndpointMBeanExporter.java:134) [spring-boot-actuator-1.1.7.RELEASE.jar:1.1.7.RELEASE]
	at org.springframework.boot.actuate.endpoint.jmx.EndpointMBeanExporter.start(EndpointMBeanExporter.java:257) [spring-boot-actuator-1.1.7.RELEASE.jar:1.1.7.RELEASE]
	at org.springframework.context.support.DefaultLifecycleProcessor.doStart(DefaultLifecycleProcessor.java:173) [spring-context-4.0.7.RELEASE.jar:4.0.7.RELEASE]
	at org.springframework.context.support.DefaultLifecycleProcessor.access$200(DefaultLifecycleProcessor.java:51) [spring-context-4.0.7.RELEASE.jar:4.0.7.RELEASE]
	at org.springframework.context.support.DefaultLifecycleProcessor$LifecycleGroup.start(DefaultLifecycleProcessor.java:346) [spring-context-4.0.7.RELEASE.jar:4.0.7.RELEASE]
	at org.springframework.context.support.DefaultLifecycleProcessor.startBeans(DefaultLifecycleProcessor.java:149) [spring-context-4.0.7.RELEASE.jar:4.0.7.RELEASE]
	at org.springframework.context.support.DefaultLifecycleProcessor.onRefresh(DefaultLifecycleProcessor.java:112) [spring-context-4.0.7.RELEASE.jar:4.0.7.RELEASE]
	at org.springframework.context.support.AbstractApplicationContext.finishRefresh(AbstractApplicationContext.java:775) [spring-context-4.0.7.RELEASE.jar:4.0.7.RELEASE]
	at org.springframework.context.support.AbstractApplicationContext.refresh(AbstractApplicationContext.java:485) [spring-context-4.0.7.RELEASE.jar:4.0.7.RELEASE]
	at org.springframework.context.annotation.AnnotationConfigApplicationContext.<init>(AnnotationConfigApplicationContext.java:84) [spring-context-4.0.7.RELEASE.jar:4.0.7.RELEASE]
	at smpl.ordering.ConfigurationRule.apply(ConfigurationRule.java:18) [test/:na]
	at org.junit.rules.RunRules.applyAll(RunRules.java:26) [junit-4.11.jar:na]
	at org.junit.rules.RunRules.<init>(RunRules.java:15) [junit-4.11.jar:na]
	at org.junit.runners.BlockJUnit4ClassRunner.withTestRules(BlockJUnit4ClassRunner.java:379) [junit-4.11.jar:na]
	at org.junit.runners.BlockJUnit4ClassRunner.withRules(BlockJUnit4ClassRunner.java:340) [junit-4.11.jar:na]
	at org.junit.runners.BlockJUnit4ClassRunner.methodBlock(BlockJUnit4ClassRunner.java:256) [junit-4.11.jar:na]
	at org.junit.runners.BlockJUnit4ClassRunner.runChild(BlockJUnit4ClassRunner.java:70) [junit-4.11.jar:na]
	at org.junit.runners.BlockJUnit4ClassRunner.runChild(BlockJUnit4ClassRunner.java:50) [junit-4.11.jar:na]
	at org.junit.runners.ParentRunner$3.run(ParentRunner.java:238) [junit-4.11.jar:na]
	at org.junit.runners.ParentRunner$1.schedule(ParentRunner.java:63) [junit-4.11.jar:na]
	at org.junit.runners.ParentRunner.runChildren(ParentRunner.java:236) [junit-4.11.jar:na]
	at org.junit.runners.ParentRunner.access$000(ParentRunner.java:53) [junit-4.11.jar:na]
	at org.junit.runners.ParentRunner$2.evaluate(ParentRunner.java:229) [junit-4.11.jar:na]
	at org.junit.runners.ParentRunner.run(ParentRunner.java:309) [junit-4.11.jar:na]
	at org.gradle.api.internal.tasks.testing.junit.JUnitTestClassExecuter.runTestClass(JUnitTestClassExecuter.java:86) [gradle-plugins-2.1.jar:2.1]
	at org.gradle.api.internal.tasks.testing.junit.JUnitTestClassExecuter.execute(JUnitTestClassExecuter.java:49) [gradle-plugins-2.1.jar:2.1]
	at org.gradle.api.internal.tasks.testing.junit.JUnitTestClassProcessor.processTestClass(JUnitTestClassProcessor.java:69) [gradle-plugins-2.1.jar:2.1]
	at org.gradle.api.internal.tasks.testing.SuiteTestClassProcessor.processTestClass(SuiteTestClassProcessor.java:48) [gradle-plugins-2.1.jar:2.1]
	at sun.reflect.NativeMethodAccessorImpl.invoke0(Native Method) ~[na:1.8.0_181]
	at sun.reflect.NativeMethodAccessorImpl.invoke(NativeMethodAccessorImpl.java:62) ~[na:1.8.0_181]
	at sun.reflect.DelegatingMethodAccessorImpl.invoke(DelegatingMethodAccessorImpl.java:43) ~[na:1.8.0_181]
	at java.lang.reflect.Method.invoke(Method.java:498) ~[na:1.8.0_181]
	at org.gradle.messaging.dispatch.ReflectionDispatch.dispatch(ReflectionDispatch.java:35) [gradle-messaging-2.1.jar:2.1]
	at org.gradle.messaging.dispatch.ReflectionDispatch.dispatch(ReflectionDispatch.java:24) [gradle-messaging-2.1.jar:2.1]
	at org.gradle.messaging.dispatch.ContextClassLoaderDispatch.dispatch(ContextClassLoaderDispatch.java:32) [gradle-messaging-2.1.jar:2.1]
	at org.gradle.messaging.dispatch.ProxyDispatchAdapter$DispatchingInvocationHandler.invoke(ProxyDispatchAdapter.java:93) [gradle-messaging-2.1.jar:2.1]
	at com.sun.proxy.$Proxy2.processTestClass(Unknown Source) [na:na]
	at org.gradle.api.internal.tasks.testing.worker.TestWorker.processTestClass(TestWorker.java:105) [gradle-plugins-2.1.jar:2.1]
	at sun.reflect.NativeMethodAccessorImpl.invoke0(Native Method) ~[na:1.8.0_181]
	at sun.reflect.NativeMethodAccessorImpl.invoke(NativeMethodAccessorImpl.java:62) ~[na:1.8.0_181]
	at sun.reflect.DelegatingMethodAccessorImpl.invoke(DelegatingMethodAccessorImpl.java:43) ~[na:1.8.0_181]
	at java.lang.reflect.Method.invoke(Method.java:498) ~[na:1.8.0_181]
	at org.gradle.messaging.dispatch.ReflectionDispatch.dispatch(ReflectionDispatch.java:35) [gradle-messaging-2.1.jar:2.1]
	at org.gradle.messaging.dispatch.ReflectionDispatch.dispatch(ReflectionDispatch.java:24) [gradle-messaging-2.1.jar:2.1]
	at org.gradle.messaging.remote.internal.hub.MessageHub$Handler.run(MessageHub.java:355) [gradle-messaging-2.1.jar:2.1]
	at org.gradle.internal.concurrent.DefaultExecutorFactory$StoppableExecutorImpl$1.run(DefaultExecutorFactory.java:64) [gradle-base-services-2.1.jar:2.1]
	at java.util.concurrent.ThreadPoolExecutor.runWorker(ThreadPoolExecutor.java:1149) [na:1.8.0_181]
	at java.util.concurrent.ThreadPoolExecutor$Worker.run(ThreadPoolExecutor.java:624) [na:1.8.0_181]
	at java.lang.Thread.run(Thread.java:748) [na:1.8.0_181]
Caused by: javax.management.InstanceAlreadyExistsException: org.springframework.boot:type=Endpoint,name=autoConfigurationAuditEndpoint
	at com.sun.jmx.mbeanserver.Repository.addMBean(Repository.java:437) ~[na:1.8.0_181]
	at com.sun.jmx.interceptor.DefaultMBeanServerInterceptor.registerWithRepository(DefaultMBeanServerInterceptor.java:1898) ~[na:1.8.0_181]
	at com.sun.jmx.interceptor.DefaultMBeanServerInterceptor.registerDynamicMBean(DefaultMBeanServerInterceptor.java:966) ~[na:1.8.0_181]
	at com.sun.jmx.interceptor.DefaultMBeanServerInterceptor.registerObject(DefaultMBeanServerInterceptor.java:900) ~[na:1.8.0_181]
	at com.sun.jmx.interceptor.DefaultMBeanServerInterceptor.registerMBean(DefaultMBeanServerInterceptor.java:324) ~[na:1.8.0_181]
	at com.sun.jmx.mbeanserver.JmxMBeanServer.registerMBean(JmxMBeanServer.java:522) ~[na:1.8.0_181]
	at org.springframework.jmx.support.MBeanRegistrationSupport.doRegister(MBeanRegistrationSupport.java:195) ~[spring-context-4.0.7.RELEASE.jar:4.0.7.RELEASE]
	at org.springframework.jmx.export.MBeanExporter.registerBeanInstance(MBeanExporter.java:662) ~[spring-context-4.0.7.RELEASE.jar:4.0.7.RELEASE]
	at org.springframework.jmx.export.MBeanExporter.registerBeanNameOrInstance(MBeanExporter.java:605) ~[spring-context-4.0.7.RELEASE.jar:4.0.7.RELEASE]
	... 51 common frames omitted
00:19:47.098 [Test worker] INFO  o.s.b.a.e.jmx.EndpointMBeanExporter - Located managed bean 'shutdownEndpoint': registering with JMX server as MBean [org.springframework.boot:type=Endpoint,name=shutdownEndpoint]
00:19:47.100 [Test worker] ERROR o.s.b.a.e.jmx.EndpointMBeanExporter - Could not register MBean for endpoint [shutdownEndpoint]
org.springframework.jmx.export.UnableToRegisterMBeanException: Unable to register MBean [org.springframework.boot.actuate.endpoint.jmx.ShutdownEndpointMBean@50291258] with key 'shutdownEndpoint'; nested exception is javax.management.InstanceAlreadyExistsException: org.springframework.boot:type=Endpoint,name=shutdownEndpoint
	at org.springframework.jmx.export.MBeanExporter.registerBeanNameOrInstance(MBeanExporter.java:609) ~[spring-context-4.0.7.RELEASE.jar:4.0.7.RELEASE]
	at org.springframework.boot.actuate.endpoint.jmx.EndpointMBeanExporter.registerEndpoint(EndpointMBeanExporter.java:162) [spring-boot-actuator-1.1.7.RELEASE.jar:1.1.7.RELEASE]
	at org.springframework.boot.actuate.endpoint.jmx.EndpointMBeanExporter.locateAndRegisterEndpoints(EndpointMBeanExporter.java:142) [spring-boot-actuator-1.1.7.RELEASE.jar:1.1.7.RELEASE]
	at org.springframework.boot.actuate.endpoint.jmx.EndpointMBeanExporter.doStart(EndpointMBeanExporter.java:134) [spring-boot-actuator-1.1.7.RELEASE.jar:1.1.7.RELEASE]
	at org.springframework.boot.actuate.endpoint.jmx.EndpointMBeanExporter.start(EndpointMBeanExporter.java:257) [spring-boot-actuator-1.1.7.RELEASE.jar:1.1.7.RELEASE]
	at org.springframework.context.support.DefaultLifecycleProcessor.doStart(DefaultLifecycleProcessor.java:173) [spring-context-4.0.7.RELEASE.jar:4.0.7.RELEASE]
	at org.springframework.context.support.DefaultLifecycleProcessor.access$200(DefaultLifecycleProcessor.java:51) [spring-context-4.0.7.RELEASE.jar:4.0.7.RELEASE]
	at org.springframework.context.support.DefaultLifecycleProcessor$LifecycleGroup.start(DefaultLifecycleProcessor.java:346) [spring-context-4.0.7.RELEASE.jar:4.0.7.RELEASE]
	at org.springframework.context.support.DefaultLifecycleProcessor.startBeans(DefaultLifecycleProcessor.java:149) [spring-context-4.0.7.RELEASE.jar:4.0.7.RELEASE]
	at org.springframework.context.support.DefaultLifecycleProcessor.onRefresh(DefaultLifecycleProcessor.java:112) [spring-context-4.0.7.RELEASE.jar:4.0.7.RELEASE]
	at org.springframework.context.support.AbstractApplicationContext.finishRefresh(AbstractApplicationContext.java:775) [spring-context-4.0.7.RELEASE.jar:4.0.7.RELEASE]
	at org.springframework.context.support.AbstractApplicationContext.refresh(AbstractApplicationContext.java:485) [spring-context-4.0.7.RELEASE.jar:4.0.7.RELEASE]
	at org.springframework.context.annotation.AnnotationConfigApplicationContext.<init>(AnnotationConfigApplicationContext.java:84) [spring-context-4.0.7.RELEASE.jar:4.0.7.RELEASE]
	at smpl.ordering.ConfigurationRule.apply(ConfigurationRule.java:18) [test/:na]
	at org.junit.rules.RunRules.applyAll(RunRules.java:26) [junit-4.11.jar:na]
	at org.junit.rules.RunRules.<init>(RunRules.java:15) [junit-4.11.jar:na]
	at org.junit.runners.BlockJUnit4ClassRunner.withTestRules(BlockJUnit4ClassRunner.java:379) [junit-4.11.jar:na]
	at org.junit.runners.BlockJUnit4ClassRunner.withRules(BlockJUnit4ClassRunner.java:340) [junit-4.11.jar:na]
	at org.junit.runners.BlockJUnit4ClassRunner.methodBlock(BlockJUnit4ClassRunner.java:256) [junit-4.11.jar:na]
	at org.junit.runners.BlockJUnit4ClassRunner.runChild(BlockJUnit4ClassRunner.java:70) [junit-4.11.jar:na]
	at org.junit.runners.BlockJUnit4ClassRunner.runChild(BlockJUnit4ClassRunner.java:50) [junit-4.11.jar:na]
	at org.junit.runners.ParentRunner$3.run(ParentRunner.java:238) [junit-4.11.jar:na]
	at org.junit.runners.ParentRunner$1.schedule(ParentRunner.java:63) [junit-4.11.jar:na]
	at org.junit.runners.ParentRunner.runChildren(ParentRunner.java:236) [junit-4.11.jar:na]
	at org.junit.runners.ParentRunner.access$000(ParentRunner.java:53) [junit-4.11.jar:na]
	at org.junit.runners.ParentRunner$2.evaluate(ParentRunner.java:229) [junit-4.11.jar:na]
	at org.junit.runners.ParentRunner.run(ParentRunner.java:309) [junit-4.11.jar:na]
	at org.gradle.api.internal.tasks.testing.junit.JUnitTestClassExecuter.runTestClass(JUnitTestClassExecuter.java:86) [gradle-plugins-2.1.jar:2.1]
	at org.gradle.api.internal.tasks.testing.junit.JUnitTestClassExecuter.execute(JUnitTestClassExecuter.java:49) [gradle-plugins-2.1.jar:2.1]
	at org.gradle.api.internal.tasks.testing.junit.JUnitTestClassProcessor.processTestClass(JUnitTestClassProcessor.java:69) [gradle-plugins-2.1.jar:2.1]
	at org.gradle.api.internal.tasks.testing.SuiteTestClassProcessor.processTestClass(SuiteTestClassProcessor.java:48) [gradle-plugins-2.1.jar:2.1]
	at sun.reflect.NativeMethodAccessorImpl.invoke0(Native Method) ~[na:1.8.0_181]
	at sun.reflect.NativeMethodAccessorImpl.invoke(NativeMethodAccessorImpl.java:62) ~[na:1.8.0_181]
	at sun.reflect.DelegatingMethodAccessorImpl.invoke(DelegatingMethodAccessorImpl.java:43) ~[na:1.8.0_181]
	at java.lang.reflect.Method.invoke(Method.java:498) ~[na:1.8.0_181]
	at org.gradle.messaging.dispatch.ReflectionDispatch.dispatch(ReflectionDispatch.java:35) [gradle-messaging-2.1.jar:2.1]
	at org.gradle.messaging.dispatch.ReflectionDispatch.dispatch(ReflectionDispatch.java:24) [gradle-messaging-2.1.jar:2.1]
	at org.gradle.messaging.dispatch.ContextClassLoaderDispatch.dispatch(ContextClassLoaderDispatch.java:32) [gradle-messaging-2.1.jar:2.1]
	at org.gradle.messaging.dispatch.ProxyDispatchAdapter$DispatchingInvocationHandler.invoke(ProxyDispatchAdapter.java:93) [gradle-messaging-2.1.jar:2.1]
	at com.sun.proxy.$Proxy2.processTestClass(Unknown Source) [na:na]
	at org.gradle.api.internal.tasks.testing.worker.TestWorker.processTestClass(TestWorker.java:105) [gradle-plugins-2.1.jar:2.1]
	at sun.reflect.NativeMethodAccessorImpl.invoke0(Native Method) ~[na:1.8.0_181]
	at sun.reflect.NativeMethodAccessorImpl.invoke(NativeMethodAccessorImpl.java:62) ~[na:1.8.0_181]
	at sun.reflect.DelegatingMethodAccessorImpl.invoke(DelegatingMethodAccessorImpl.java:43) ~[na:1.8.0_181]
	at java.lang.reflect.Method.invoke(Method.java:498) ~[na:1.8.0_181]
	at org.gradle.messaging.dispatch.ReflectionDispatch.dispatch(ReflectionDispatch.java:35) [gradle-messaging-2.1.jar:2.1]
	at org.gradle.messaging.dispatch.ReflectionDispatch.dispatch(ReflectionDispatch.java:24) [gradle-messaging-2.1.jar:2.1]
	at org.gradle.messaging.remote.internal.hub.MessageHub$Handler.run(MessageHub.java:355) [gradle-messaging-2.1.jar:2.1]
	at org.gradle.internal.concurrent.DefaultExecutorFactory$StoppableExecutorImpl$1.run(DefaultExecutorFactory.java:64) [gradle-base-services-2.1.jar:2.1]
	at java.util.concurrent.ThreadPoolExecutor.runWorker(ThreadPoolExecutor.java:1149) [na:1.8.0_181]
	at java.util.concurrent.ThreadPoolExecutor$Worker.run(ThreadPoolExecutor.java:624) [na:1.8.0_181]
	at java.lang.Thread.run(Thread.java:748) [na:1.8.0_181]
Caused by: javax.management.InstanceAlreadyExistsException: org.springframework.boot:type=Endpoint,name=shutdownEndpoint
	at com.sun.jmx.mbeanserver.Repository.addMBean(Repository.java:437) ~[na:1.8.0_181]
	at com.sun.jmx.interceptor.DefaultMBeanServerInterceptor.registerWithRepository(DefaultMBeanServerInterceptor.java:1898) ~[na:1.8.0_181]
	at com.sun.jmx.interceptor.DefaultMBeanServerInterceptor.registerDynamicMBean(DefaultMBeanServerInterceptor.java:966) ~[na:1.8.0_181]
	at com.sun.jmx.interceptor.DefaultMBeanServerInterceptor.registerObject(DefaultMBeanServerInterceptor.java:900) ~[na:1.8.0_181]
	at com.sun.jmx.interceptor.DefaultMBeanServerInterceptor.registerMBean(DefaultMBeanServerInterceptor.java:324) ~[na:1.8.0_181]
	at com.sun.jmx.mbeanserver.JmxMBeanServer.registerMBean(JmxMBeanServer.java:522) ~[na:1.8.0_181]
	at org.springframework.jmx.support.MBeanRegistrationSupport.doRegister(MBeanRegistrationSupport.java:195) ~[spring-context-4.0.7.RELEASE.jar:4.0.7.RELEASE]
	at org.springframework.jmx.export.MBeanExporter.registerBeanInstance(MBeanExporter.java:662) ~[spring-context-4.0.7.RELEASE.jar:4.0.7.RELEASE]
	at org.springframework.jmx.export.MBeanExporter.registerBeanNameOrInstance(MBeanExporter.java:605) ~[spring-context-4.0.7.RELEASE.jar:4.0.7.RELEASE]
	... 51 common frames omitted
00:19:47.100 [Test worker] INFO  o.s.b.a.e.jmx.EndpointMBeanExporter - Located managed bean 'configurationPropertiesReportEndpoint': registering with JMX server as MBean [org.springframework.boot:type=Endpoint,name=configurationPropertiesReportEndpoint]
00:19:47.102 [Test worker] ERROR o.s.b.a.e.jmx.EndpointMBeanExporter - Could not register MBean for endpoint [configurationPropertiesReportEndpoint]
org.springframework.jmx.export.UnableToRegisterMBeanException: Unable to register MBean [org.springframework.boot.actuate.endpoint.jmx.DataEndpointMBean@25d9e6cb] with key 'configurationPropertiesReportEndpoint'; nested exception is javax.management.InstanceAlreadyExistsException: org.springframework.boot:type=Endpoint,name=configurationPropertiesReportEndpoint
	at org.springframework.jmx.export.MBeanExporter.registerBeanNameOrInstance(MBeanExporter.java:609) ~[spring-context-4.0.7.RELEASE.jar:4.0.7.RELEASE]
	at org.springframework.boot.actuate.endpoint.jmx.EndpointMBeanExporter.registerEndpoint(EndpointMBeanExporter.java:162) [spring-boot-actuator-1.1.7.RELEASE.jar:1.1.7.RELEASE]
	at org.springframework.boot.actuate.endpoint.jmx.EndpointMBeanExporter.locateAndRegisterEndpoints(EndpointMBeanExporter.java:142) [spring-boot-actuator-1.1.7.RELEASE.jar:1.1.7.RELEASE]
	at org.springframework.boot.actuate.endpoint.jmx.EndpointMBeanExporter.doStart(EndpointMBeanExporter.java:134) [spring-boot-actuator-1.1.7.RELEASE.jar:1.1.7.RELEASE]
	at org.springframework.boot.actuate.endpoint.jmx.EndpointMBeanExporter.start(EndpointMBeanExporter.java:257) [spring-boot-actuator-1.1.7.RELEASE.jar:1.1.7.RELEASE]
	at org.springframework.context.support.DefaultLifecycleProcessor.doStart(DefaultLifecycleProcessor.java:173) [spring-context-4.0.7.RELEASE.jar:4.0.7.RELEASE]
	at org.springframework.context.support.DefaultLifecycleProcessor.access$200(DefaultLifecycleProcessor.java:51) [spring-context-4.0.7.RELEASE.jar:4.0.7.RELEASE]
	at org.springframework.context.support.DefaultLifecycleProcessor$LifecycleGroup.start(DefaultLifecycleProcessor.java:346) [spring-context-4.0.7.RELEASE.jar:4.0.7.RELEASE]
	at org.springframework.context.support.DefaultLifecycleProcessor.startBeans(DefaultLifecycleProcessor.java:149) [spring-context-4.0.7.RELEASE.jar:4.0.7.RELEASE]
	at org.springframework.context.support.DefaultLifecycleProcessor.onRefresh(DefaultLifecycleProcessor.java:112) [spring-context-4.0.7.RELEASE.jar:4.0.7.RELEASE]
	at org.springframework.context.support.AbstractApplicationContext.finishRefresh(AbstractApplicationContext.java:775) [spring-context-4.0.7.RELEASE.jar:4.0.7.RELEASE]
	at org.springframework.context.support.AbstractApplicationContext.refresh(AbstractApplicationContext.java:485) [spring-context-4.0.7.RELEASE.jar:4.0.7.RELEASE]
	at org.springframework.context.annotation.AnnotationConfigApplicationContext.<init>(AnnotationConfigApplicationContext.java:84) [spring-context-4.0.7.RELEASE.jar:4.0.7.RELEASE]
	at smpl.ordering.ConfigurationRule.apply(ConfigurationRule.java:18) [test/:na]
	at org.junit.rules.RunRules.applyAll(RunRules.java:26) [junit-4.11.jar:na]
	at org.junit.rules.RunRules.<init>(RunRules.java:15) [junit-4.11.jar:na]
	at org.junit.runners.BlockJUnit4ClassRunner.withTestRules(BlockJUnit4ClassRunner.java:379) [junit-4.11.jar:na]
	at org.junit.runners.BlockJUnit4ClassRunner.withRules(BlockJUnit4ClassRunner.java:340) [junit-4.11.jar:na]
	at org.junit.runners.BlockJUnit4ClassRunner.methodBlock(BlockJUnit4ClassRunner.java:256) [junit-4.11.jar:na]
	at org.junit.runners.BlockJUnit4ClassRunner.runChild(BlockJUnit4ClassRunner.java:70) [junit-4.11.jar:na]
	at org.junit.runners.BlockJUnit4ClassRunner.runChild(BlockJUnit4ClassRunner.java:50) [junit-4.11.jar:na]
	at org.junit.runners.ParentRunner$3.run(ParentRunner.java:238) [junit-4.11.jar:na]
	at org.junit.runners.ParentRunner$1.schedule(ParentRunner.java:63) [junit-4.11.jar:na]
	at org.junit.runners.ParentRunner.runChildren(ParentRunner.java:236) [junit-4.11.jar:na]
	at org.junit.runners.ParentRunner.access$000(ParentRunner.java:53) [junit-4.11.jar:na]
	at org.junit.runners.ParentRunner$2.evaluate(ParentRunner.java:229) [junit-4.11.jar:na]
	at org.junit.runners.ParentRunner.run(ParentRunner.java:309) [junit-4.11.jar:na]
	at org.gradle.api.internal.tasks.testing.junit.JUnitTestClassExecuter.runTestClass(JUnitTestClassExecuter.java:86) [gradle-plugins-2.1.jar:2.1]
	at org.gradle.api.internal.tasks.testing.junit.JUnitTestClassExecuter.execute(JUnitTestClassExecuter.java:49) [gradle-plugins-2.1.jar:2.1]
	at org.gradle.api.internal.tasks.testing.junit.JUnitTestClassProcessor.processTestClass(JUnitTestClassProcessor.java:69) [gradle-plugins-2.1.jar:2.1]
	at org.gradle.api.internal.tasks.testing.SuiteTestClassProcessor.processTestClass(SuiteTestClassProcessor.java:48) [gradle-plugins-2.1.jar:2.1]
	at sun.reflect.NativeMethodAccessorImpl.invoke0(Native Method) ~[na:1.8.0_181]
	at sun.reflect.NativeMethodAccessorImpl.invoke(NativeMethodAccessorImpl.java:62) ~[na:1.8.0_181]
	at sun.reflect.DelegatingMethodAccessorImpl.invoke(DelegatingMethodAccessorImpl.java:43) ~[na:1.8.0_181]
	at java.lang.reflect.Method.invoke(Method.java:498) ~[na:1.8.0_181]
	at org.gradle.messaging.dispatch.ReflectionDispatch.dispatch(ReflectionDispatch.java:35) [gradle-messaging-2.1.jar:2.1]
	at org.gradle.messaging.dispatch.ReflectionDispatch.dispatch(ReflectionDispatch.java:24) [gradle-messaging-2.1.jar:2.1]
	at org.gradle.messaging.dispatch.ContextClassLoaderDispatch.dispatch(ContextClassLoaderDispatch.java:32) [gradle-messaging-2.1.jar:2.1]
	at org.gradle.messaging.dispatch.ProxyDispatchAdapter$DispatchingInvocationHandler.invoke(ProxyDispatchAdapter.java:93) [gradle-messaging-2.1.jar:2.1]
	at com.sun.proxy.$Proxy2.processTestClass(Unknown Source) [na:na]
	at org.gradle.api.internal.tasks.testing.worker.TestWorker.processTestClass(TestWorker.java:105) [gradle-plugins-2.1.jar:2.1]
	at sun.reflect.NativeMethodAccessorImpl.invoke0(Native Method) ~[na:1.8.0_181]
	at sun.reflect.NativeMethodAccessorImpl.invoke(NativeMethodAccessorImpl.java:62) ~[na:1.8.0_181]
	at sun.reflect.DelegatingMethodAccessorImpl.invoke(DelegatingMethodAccessorImpl.java:43) ~[na:1.8.0_181]
	at java.lang.reflect.Method.invoke(Method.java:498) ~[na:1.8.0_181]
	at org.gradle.messaging.dispatch.ReflectionDispatch.dispatch(ReflectionDispatch.java:35) [gradle-messaging-2.1.jar:2.1]
	at org.gradle.messaging.dispatch.ReflectionDispatch.dispatch(ReflectionDispatch.java:24) [gradle-messaging-2.1.jar:2.1]
	at org.gradle.messaging.remote.internal.hub.MessageHub$Handler.run(MessageHub.java:355) [gradle-messaging-2.1.jar:2.1]
	at org.gradle.internal.concurrent.DefaultExecutorFactory$StoppableExecutorImpl$1.run(DefaultExecutorFactory.java:64) [gradle-base-services-2.1.jar:2.1]
	at java.util.concurrent.ThreadPoolExecutor.runWorker(ThreadPoolExecutor.java:1149) [na:1.8.0_181]
	at java.util.concurrent.ThreadPoolExecutor$Worker.run(ThreadPoolExecutor.java:624) [na:1.8.0_181]
	at java.lang.Thread.run(Thread.java:748) [na:1.8.0_181]
Caused by: javax.management.InstanceAlreadyExistsException: org.springframework.boot:type=Endpoint,name=configurationPropertiesReportEndpoint
	at com.sun.jmx.mbeanserver.Repository.addMBean(Repository.java:437) ~[na:1.8.0_181]
	at com.sun.jmx.interceptor.DefaultMBeanServerInterceptor.registerWithRepository(DefaultMBeanServerInterceptor.java:1898) ~[na:1.8.0_181]
	at com.sun.jmx.interceptor.DefaultMBeanServerInterceptor.registerDynamicMBean(DefaultMBeanServerInterceptor.java:966) ~[na:1.8.0_181]
	at com.sun.jmx.interceptor.DefaultMBeanServerInterceptor.registerObject(DefaultMBeanServerInterceptor.java:900) ~[na:1.8.0_181]
	at com.sun.jmx.interceptor.DefaultMBeanServerInterceptor.registerMBean(DefaultMBeanServerInterceptor.java:324) ~[na:1.8.0_181]
	at com.sun.jmx.mbeanserver.JmxMBeanServer.registerMBean(JmxMBeanServer.java:522) ~[na:1.8.0_181]
	at org.springframework.jmx.support.MBeanRegistrationSupport.doRegister(MBeanRegistrationSupport.java:195) ~[spring-context-4.0.7.RELEASE.jar:4.0.7.RELEASE]
	at org.springframework.jmx.export.MBeanExporter.registerBeanInstance(MBeanExporter.java:662) ~[spring-context-4.0.7.RELEASE.jar:4.0.7.RELEASE]
	at org.springframework.jmx.export.MBeanExporter.registerBeanNameOrInstance(MBeanExporter.java:605) ~[spring-context-4.0.7.RELEASE.jar:4.0.7.RELEASE]
	... 51 common frames omitted
00:19:47.103 [Test worker] DEBUG o.s.c.s.DefaultLifecycleProcessor - Successfully started bean 'endpointMBeanExporter'
00:19:47.103 [Test worker] DEBUG o.s.c.e.PropertySourcesPropertyResolver - Searching for key 'spring.liveBeansView.mbeanDomain' in [systemProperties]
00:19:47.103 [Test worker] DEBUG o.s.c.e.PropertySourcesPropertyResolver - Searching for key 'spring.liveBeansView.mbeanDomain' in [systemEnvironment]
00:19:47.103 [Test worker] DEBUG o.s.c.e.PropertySourcesPropertyResolver - Could not find key 'spring.liveBeansView.mbeanDomain' in any property source. Returning [null]
]]></system-out>
  <system-err><![CDATA[log4j:WARN No appenders could be found for logger (org.jboss.logging).
log4j:WARN Please initialize the log4j system properly.
AI: INFO 17-10-2018 00:19, 9: Configuration file has been successfully found as resource
AI: ERROR 17-10-2018 00:19, 9: Failed to create com.microsoft.applicationinsights.web.extensibility.initializers.WebOperationIdTelemetryInitializer, com.microsoft.applicationinsights.web.extensibility.initializers.WebOperationIdTelemetryInitializer
AI: ERROR 17-10-2018 00:19, 9: Failed to create com.microsoft.applicationinsights.web.extensibility.initializers.WebOperationNameTelemetryInitializer, com.microsoft.applicationinsights.web.extensibility.initializers.WebOperationNameTelemetryInitializer
AI: ERROR 17-10-2018 00:19, 9: Failed to create com.microsoft.applicationinsights.web.extensibility.initializers.WebSessionTelemetryInitializer, com.microsoft.applicationinsights.web.extensibility.initializers.WebSessionTelemetryInitializer
AI: ERROR 17-10-2018 00:19, 9: Failed to create com.microsoft.applicationinsights.web.extensibility.initializers.WebUserTelemetryInitializer, com.microsoft.applicationinsights.web.extensibility.initializers.WebUserTelemetryInitializer
AI: ERROR 17-10-2018 00:19, 9: Failed to create com.microsoft.applicationinsights.web.extensibility.initializers.WebUserAgentTelemetryInitializer, com.microsoft.applicationinsights.web.extensibility.initializers.WebUserAgentTelemetryInitializer
AI: ERROR 17-10-2018 00:19, 9: Failed to create com.microsoft.applicationinsights.web.extensibility.modules.WebRequestTrackingTelemetryModule, com.microsoft.applicationinsights.web.extensibility.modules.WebRequestTrackingTelemetryModule
AI: ERROR 17-10-2018 00:19, 9: Failed to create com.microsoft.applicationinsights.web.extensibility.modules.WebSessionTrackingTelemetryModule, com.microsoft.applicationinsights.web.extensibility.modules.WebSessionTrackingTelemetryModule
AI: ERROR 17-10-2018 00:19, 9: Failed to create com.microsoft.applicationinsights.web.extensibility.modules.WebUserTrackingTelemetryModule, com.microsoft.applicationinsights.web.extensibility.modules.WebUserTrackingTelemetryModule
AI: INFO 17-10-2018 00:19, 9: Configuration file has been successfully found as resource
AI: ERROR 17-10-2018 00:19, 9: Failed to create com.microsoft.applicationinsights.web.extensibility.initializers.WebOperationIdTelemetryInitializer, com.microsoft.applicationinsights.web.extensibility.initializers.WebOperationIdTelemetryInitializer
AI: ERROR 17-10-2018 00:19, 9: Failed to create com.microsoft.applicationinsights.web.extensibility.initializers.WebOperationNameTelemetryInitializer, com.microsoft.applicationinsights.web.extensibility.initializers.WebOperationNameTelemetryInitializer
AI: ERROR 17-10-2018 00:19, 9: Failed to create com.microsoft.applicationinsights.web.extensibility.initializers.WebSessionTelemetryInitializer, com.microsoft.applicationinsights.web.extensibility.initializers.WebSessionTelemetryInitializer
AI: ERROR 17-10-2018 00:19, 9: Failed to create com.microsoft.applicationinsights.web.extensibility.initializers.WebUserTelemetryInitializer, com.microsoft.applicationinsights.web.extensibility.initializers.WebUserTelemetryInitializer
AI: ERROR 17-10-2018 00:19, 9: Failed to create com.microsoft.applicationinsights.web.extensibility.initializers.WebUserAgentTelemetryInitializer, com.microsoft.applicationinsights.web.extensibility.initializers.WebUserAgentTelemetryInitializer
AI: ERROR 17-10-2018 00:19, 9: Failed to create com.microsoft.applicationinsights.web.extensibility.modules.WebRequestTrackingTelemetryModule, com.microsoft.applicationinsights.web.extensibility.modules.WebRequestTrackingTelemetryModule
AI: ERROR 17-10-2018 00:19, 9: Failed to create com.microsoft.applicationinsights.web.extensibility.modules.WebSessionTrackingTelemetryModule, com.microsoft.applicationinsights.web.extensibility.modules.WebSessionTrackingTelemetryModule
AI: ERROR 17-10-2018 00:19, 9: Failed to create com.microsoft.applicationinsights.web.extensibility.modules.WebUserTrackingTelemetryModule, com.microsoft.applicationinsights.web.extensibility.modules.WebUserTrackingTelemetryModule
]]></system-err>
</testsuite>
